 
Ansoft HFSS Version 14.0.0, Build: 2011-10-22 21:03:32
Location: C:\Program Files\Ansoft\HFSS14.0\Win64\hfss.exe
Batch Script: F:/Dropbox/ANTLR/HFSS_API/examples/T65_SYM_CCT_ANTLR/SYM_cct_vbs/SYM_CCT-D65W3S2.01.vbs
Starting Batch Run: 12:38:19 上午  十一月 26, 2012
Running as user: michael-PC\michael2
Temp directory: C:\Users\michael\AppData\Local\Temp
Project directory: C:\Users\michael2\Documents\Ansoft
-- Message Window --
      SYM_CCT-D65W3S2.01 (G:/HFSS_SIMULATIONS/T65_SYM_CCT/)
        BEOL_6X1Z1U (DrivenTerminal)
          [warning] 'Solve inside' for object 'Metal9' is unset, due to material assignment change. (12:38:21 上午  十一月 26, 2012)
          [warning] Part Attributes: Name "Metal9" is already used, use name "Metal9_1". (12:38:21 上午  十一月 26, 2012)
          [warning] 'Solve inside' for object 'Metal9_1' is unset, due to material assignment change. (12:38:21 上午  十一月 26, 2012)
          [warning] 'Solve inside' for object 'Metal8' is unset, due to material assignment change. (12:38:21 上午  十一月 26, 2012)
          [warning] Part Attributes: Name "Metal8" is already used, use name "Metal8_1". (12:38:21 上午  十一月 26, 2012)
          [warning] Part Attributes: Name "Metal9" is already used, use name "Metal9_2". (12:38:22 上午  十一月 26, 2012)
          [warning] Part Attributes: Name "Metal8" is already used, use name "Metal8_2". (12:38:22 上午  十一月 26, 2012)
          [warning] Part Attributes: Name "Metal8" is already used, use name "Metal8_3". (12:38:22 上午  十一月 26, 2012)
          [warning] Part Attributes: Name "Metal9" is already used, use name "Metal9_3". (12:38:22 上午  十一月 26, 2012)
          [warning] Part Attributes: Name "Metal8" is already used, use name "Metal8_4". (12:38:22 上午  十一月 26, 2012)
          [warning] Part Attributes: Name "Via8" is already used, use name "Via8_1". (12:38:22 上午  十一月 26, 2012)
          [warning] Part Attributes: Name "Metal9" is already used, use name "Metal9_4". (12:38:22 上午  十一月 26, 2012)
          [warning] 'Solve inside' for object 'Metal9_4' is unset, due to material assignment change. (12:38:22 上午  十一月 26, 2012)
          [warning] Part Attributes: Name "Metal9" is already used, use name "Metal9_5". (12:38:22 上午  十一月 26, 2012)
          [warning] 'Solve inside' for object 'Metal9_5' is unset, due to material assignment change. (12:38:22 上午  十一月 26, 2012)
          [warning] Part Attributes: Name "Metal9" is already used, use name "Metal9_6". (12:38:22 上午  十一月 26, 2012)
          [warning] 'Solve inside' for object 'Metal9_6' is unset, due to material assignment change. (12:38:23 上午  十一月 26, 2012)
          [warning] Part Attributes: Name "Metal9" is already used, use name "Metal9_7". (12:38:23 上午  十一月 26, 2012)
          [warning] Part Attributes: Name "Metal9" is already used, use name "Metal9_8". (12:38:23 上午  十一月 26, 2012)
          [warning] Part Attributes: Name "Metal9" is already used, use name "Metal9_9". (12:38:23 上午  十一月 26, 2012)
          [warning] Part Attributes: Name "Metal9" is already used, use name "Metal9_10". (12:38:23 上午  十一月 26, 2012)
          [warning] Part Attributes: Name "Metal9" is already used, use name "Metal9_11". (12:38:23 上午  十一月 26, 2012)
          [warning] Part Attributes: Name "Metal9" is already used, use name "Metal9_12". (12:38:23 上午  十一月 26, 2012)
          [warning] Part Attributes: Name "Metal9" is already used, use name "Metal9_13". (12:38:23 上午  十一月 26, 2012)
          [warning] Part Attributes: Name "Metal9" is already used, use name "Metal9_14". (12:38:23 上午  十一月 26, 2012)
-- Message Window --
Stopping Batch Run: 12:38:26 上午  十一月 26, 2012
