 
Ansoft HFSS Version 14.0.0, Build: 2011-10-22 21:03:32
Location: C:\Program Files\Ansoft\HFSS14.0\Win64\hfss.exe
Batch Script: F:/Dropbox/ANTLR/HFSS_API/examples/T65_SYM_2T/SYM_ct/SYM-D80W4S3.vbs
Starting Batch Run: 6:26:19 上午  十二月 01, 2012
Running as user: michael-PC\michael2
Temp directory: C:\Users\michael\AppData\Local\Temp
Project directory: C:\Users\michael2\Documents\Ansoft
-- Message Window --
      SYM-D80W4S3 (G:/HFSS_SIMULATIONS/T65_SYM_2T/)
        BEOL_6X1Z1U (DrivenTerminal)
          [warning] 'Solve inside' for object 'Metal9' is unset, due to material assignment change. (6:26:20 上午  十二月 01, 2012)
          [warning] Part Attributes: Name "Metal9" is already used, use name "Metal9_1". (6:26:20 上午  十二月 01, 2012)
          [warning] 'Solve inside' for object 'Metal9_1' is unset, due to material assignment change. (6:26:21 上午  十二月 01, 2012)
          [warning] 'Solve inside' for object 'Metal8' is unset, due to material assignment change. (6:26:21 上午  十二月 01, 2012)
          [warning] Part Attributes: Name "Metal8" is already used, use name "Metal8_1". (6:26:21 上午  十二月 01, 2012)
          [warning] Part Attributes: Name "Metal9" is already used, use name "Metal9_2". (6:26:21 上午  十二月 01, 2012)
          [warning] Part Attributes: Name "Metal8" is already used, use name "Metal8_2". (6:26:21 上午  十二月 01, 2012)
          [warning] Part Attributes: Name "Metal8" is already used, use name "Metal8_3". (6:26:21 上午  十二月 01, 2012)
          [warning] Part Attributes: Name "Metal9" is already used, use name "Metal9_3". (6:26:21 上午  十二月 01, 2012)
          [warning] Part Attributes: Name "Metal8" is already used, use name "Metal8_4". (6:26:21 上午  十二月 01, 2012)
          [warning] Part Attributes: Name "Via8" is already used, use name "Via8_1". (6:26:21 上午  十二月 01, 2012)
          [warning] Part Attributes: Name "Metal9" is already used, use name "Metal9_4". (6:26:21 上午  十二月 01, 2012)
          [warning] 'Solve inside' for object 'Metal9_4' is unset, due to material assignment change. (6:26:21 上午  十二月 01, 2012)
          [warning] Part Attributes: Name "Metal9" is already used, use name "Metal9_5". (6:26:21 上午  十二月 01, 2012)
          [warning] Part Attributes: Name "Metal9" is already used, use name "Metal9_6". (6:26:21 上午  十二月 01, 2012)
          [warning] Part Attributes: Name "Metal9" is already used, use name "Metal9_7". (6:26:22 上午  十二月 01, 2012)
          [warning] Part Attributes: Name "Metal9" is already used, use name "Metal9_8". (6:26:22 上午  十二月 01, 2012)
          [warning] Part Attributes: Name "Metal9" is already used, use name "Metal9_9". (6:26:22 上午  十二月 01, 2012)
          [warning] 'Solve inside' for object 'Metal9_9' is unset, due to material assignment change. (6:26:22 上午  十二月 01, 2012)
          [warning] Part Attributes: Name "Metal9" is already used, use name "Metal9_10". (6:26:22 上午  十二月 01, 2012)
          [warning] 'Solve inside' for object 'Metal9_10' is unset, due to material assignment change. (6:26:22 上午  十二月 01, 2012)
          [warning] Part Attributes: Name "Metal9" is already used, use name "Metal9_11". (6:26:22 上午  十二月 01, 2012)
          [warning] Part Attributes: Name "Metal9" is already used, use name "Metal9_12". (6:26:22 上午  十二月 01, 2012)
          [warning] Part Attributes: Name "Metal9" is already used, use name "Metal9_13". (6:26:22 上午  十二月 01, 2012)
          [warning] Part Attributes: Name "Metal9" is already used, use name "Metal9_14". (6:26:22 上午  十二月 01, 2012)
-- Message Window --
Stopping Batch Run: 6:26:24 上午  十二月 01, 2012
