 
Ansoft HFSS Version 14.0.0, Build: 2011-10-22 21:03:32
Location: C:\Program Files\Ansoft\HFSS14.0\Win64\hfss.exe
Batch Script: F:/Dropbox/ANTLR/HFSS_API/examples/T65_XFM_ANTLR/./XFM-D155I5O3S2.vbs
Starting Batch Run: 5:19:34 下午  十月 20, 2012
Running as user: michael-PC\michael2
Temp directory: C:\Users\michael\AppData\Local\Temp
Project directory: C:\Users\michael2\Documents\Ansoft
-- Message Window --
      XFM-D155I5O3S2 (G:/HFSS_SIMULATIONS/T65_XFM/)
        BEOL_6X1Z1U (DrivenTerminal)
          [warning] 'Solve inside' for object 'Metal8' is unset, due to material assignment change. (5:19:35 下午  十月 20, 2012)
          [warning] 'Solve inside' for object 'Metal9' is unset, due to material assignment change. (5:19:36 下午  十月 20, 2012)
          [warning] Part Attributes: Name "Metal8" is already used, use name "Metal8_1". (5:19:36 下午  十月 20, 2012)
          [warning] Part Attributes: Name "Metal9" is already used, use name "Metal9_1". (5:19:36 下午  十月 20, 2012)
          [warning] Part Attributes: Name "Metal8" is already used, use name "Metal8_2". (5:19:36 下午  十月 20, 2012)
          [warning] Part Attributes: Name "Metal8" is already used, use name "Metal8_3". (5:19:36 下午  十月 20, 2012)
          [warning] Part Attributes: Name "Metal9" is already used, use name "Metal9_2". (5:19:36 下午  十月 20, 2012)
          [warning] Part Attributes: Name "Metal8" is already used, use name "Metal8_4". (5:19:36 下午  十月 20, 2012)
          [warning] Part Attributes: Name "Via8" is already used, use name "Via8_1". (5:19:36 下午  十月 20, 2012)
          [warning] Part Attributes: Name "Metal8" is already used, use name "Metal8_5". (5:19:36 下午  十月 20, 2012)
          [warning] 'Solve inside' for object 'Metal8_5' is unset, due to material assignment change. (5:19:36 下午  十月 20, 2012)
          [warning] Part Attributes: Name "Metal9" is already used, use name "Metal9_3". (5:19:36 下午  十月 20, 2012)
          [warning] 'Solve inside' for object 'Metal9_3' is unset, due to material assignment change. (5:19:36 下午  十月 20, 2012)
          [warning] Part Attributes: Name "Via8" is already used, use name "Via8_2". (5:19:37 下午  十月 20, 2012)
          [warning] 'Solve inside' for object 'Via8_2' is unset, due to material assignment change. (5:19:37 下午  十月 20, 2012)
          [warning] Part Attributes: Name "Metal8" is already used, use name "Metal8_6". (5:19:37 下午  十月 20, 2012)
          [warning] 'Solve inside' for object 'Metal8_6' is unset, due to material assignment change. (5:19:37 下午  十月 20, 2012)
          [warning] Part Attributes: Name "Metal9" is already used, use name "Metal9_4". (5:19:37 下午  十月 20, 2012)
          [warning] 'Solve inside' for object 'Metal9_4' is unset, due to material assignment change. (5:19:37 下午  十月 20, 2012)
          [warning] Part Attributes: Name "Via8" is already used, use name "Via8_3". (5:19:37 下午  十月 20, 2012)
          [warning] 'Solve inside' for object 'Via8_3' is unset, due to material assignment change. (5:19:37 下午  十月 20, 2012)
          [warning] Part Attributes: Name "Metal8" is already used, use name "Metal8_7". (5:19:37 下午  十月 20, 2012)
          [warning] 'Solve inside' for object 'Metal8_7' is unset, due to material assignment change. (5:19:37 下午  十月 20, 2012)
          [warning] Part Attributes: Name "Metal8" is already used, use name "Metal8_8". (5:19:37 下午  十月 20, 2012)
          [warning] Part Attributes: Name "Metal9" is already used, use name "Metal9_5". (5:19:37 下午  十月 20, 2012)
          [warning] Part Attributes: Name "Metal8" is already used, use name "Metal8_9". (5:19:37 下午  十月 20, 2012)
          [warning] Part Attributes: Name "Via8" is already used, use name "Via8_4". (5:19:38 下午  十月 20, 2012)
          [warning] Part Attributes: Name "Metal8" is already used, use name "Metal8_10". (5:19:38 下午  十月 20, 2012)
          [warning] Part Attributes: Name "Metal9" is already used, use name "Metal9_6". (5:19:38 下午  十月 20, 2012)
          [warning] Part Attributes: Name "Metal8" is already used, use name "Metal8_11". (5:19:38 下午  十月 20, 2012)
          [warning] Part Attributes: Name "Via8" is already used, use name "Via8_5". (5:19:38 下午  十月 20, 2012)
          [warning] Part Attributes: Name "Metal8" is already used, use name "Metal8_12". (5:19:38 下午  十月 20, 2012)
          [warning] 'Solve inside' for object 'Metal8_12' is unset, due to material assignment change. (5:19:38 下午  十月 20, 2012)
          [warning] Part Attributes: Name "Metal9" is already used, use name "Metal9_7". (5:19:38 下午  十月 20, 2012)
          [warning] 'Solve inside' for object 'Metal9_7' is unset, due to material assignment change. (5:19:38 下午  十月 20, 2012)
          [warning] Part Attributes: Name "Metal8" is already used, use name "Metal8_13". (5:19:38 下午  十月 20, 2012)
          [warning] Part Attributes: Name "Metal9" is already used, use name "Metal9_8". (5:19:38 下午  十月 20, 2012)
          [warning] Part Attributes: Name "Metal8" is already used, use name "Metal8_14". (5:19:38 下午  十月 20, 2012)
          [warning] Part Attributes: Name "Via8" is already used, use name "Via8_6". (5:19:38 下午  十月 20, 2012)
          [warning] Part Attributes: Name "Metal8" is already used, use name "Metal8_15". (5:19:38 下午  十月 20, 2012)
          [warning] Part Attributes: Name "Metal9" is already used, use name "Metal9_9". (5:19:39 下午  十月 20, 2012)
          [warning] Part Attributes: Name "Metal8" is already used, use name "Metal8_16". (5:19:39 下午  十月 20, 2012)
          [warning] Part Attributes: Name "Via8" is already used, use name "Via8_7". (5:19:39 下午  十月 20, 2012)
          [warning] Part Attributes: Name "Metal8" is already used, use name "Metal8_17". (5:19:39 下午  十月 20, 2012)
          [warning] 'Solve inside' for object 'Metal8_17' is unset, due to material assignment change. (5:19:39 下午  十月 20, 2012)
          [warning] Part Attributes: Name "Metal9" is already used, use name "Metal9_10". (5:19:39 下午  十月 20, 2012)
          [warning] 'Solve inside' for object 'Metal9_10' is unset, due to material assignment change. (5:19:39 下午  十月 20, 2012)
          [warning] Part Attributes: Name "Via8" is already used, use name "Via8_8". (5:19:39 下午  十月 20, 2012)
          [warning] 'Solve inside' for object 'Via8_8' is unset, due to material assignment change. (5:19:39 下午  十月 20, 2012)
          [warning] Part Attributes: Name "Metal8" is already used, use name "Metal8_18". (5:19:39 下午  十月 20, 2012)
          [warning] 'Solve inside' for object 'Metal8_18' is unset, due to material assignment change. (5:19:39 下午  十月 20, 2012)
          [warning] Part Attributes: Name "Metal9" is already used, use name "Metal9_11". (5:19:39 下午  十月 20, 2012)
          [warning] 'Solve inside' for object 'Metal9_11' is unset, due to material assignment change. (5:19:40 下午  十月 20, 2012)
          [warning] Part Attributes: Name "Via8" is already used, use name "Via8_9". (5:19:40 下午  十月 20, 2012)
          [warning] 'Solve inside' for object 'Via8_9' is unset, due to material assignment change. (5:19:40 下午  十月 20, 2012)
          [warning] Part Attributes: Name "Metal8" is already used, use name "Metal8_19". (5:19:40 下午  十月 20, 2012)
          [warning] 'Solve inside' for object 'Metal8_19' is unset, due to material assignment change. (5:19:40 下午  十月 20, 2012)
          [warning] Part Attributes: Name "Metal8" is already used, use name "Metal8_20". (5:19:40 下午  十月 20, 2012)
          [warning] Part Attributes: Name "Metal9" is already used, use name "Metal9_12". (5:19:40 下午  十月 20, 2012)
          [warning] Part Attributes: Name "Metal8" is already used, use name "Metal8_21". (5:19:40 下午  十月 20, 2012)
          [warning] Part Attributes: Name "Via8" is already used, use name "Via8_10". (5:19:40 下午  十月 20, 2012)
          [warning] Part Attributes: Name "Metal8" is already used, use name "Metal8_22". (5:19:40 下午  十月 20, 2012)
          [warning] Part Attributes: Name "Metal9" is already used, use name "Metal9_13". (5:19:41 下午  十月 20, 2012)
          [warning] Part Attributes: Name "Metal8" is already used, use name "Metal8_23". (5:19:41 下午  十月 20, 2012)
          [warning] Part Attributes: Name "Via8" is already used, use name "Via8_11". (5:19:41 下午  十月 20, 2012)
          [warning] Part Attributes: Name "Metal8" is already used, use name "Metal8_24". (5:19:41 下午  十月 20, 2012)
          [warning] 'Solve inside' for object 'Metal8_24' is unset, due to material assignment change. (5:19:41 下午  十月 20, 2012)
          [warning] Part Attributes: Name "Metal9" is already used, use name "Metal9_14". (5:19:41 下午  十月 20, 2012)
          [warning] 'Solve inside' for object 'Metal9_14' is unset, due to material assignment change. (5:19:41 下午  十月 20, 2012)
          [warning] Part Attributes: Name "Metal8" is already used, use name "Metal8_25". (5:19:41 下午  十月 20, 2012)
          [warning] Part Attributes: Name "Metal9" is already used, use name "Metal9_15". (5:19:41 下午  十月 20, 2012)
          [warning] Part Attributes: Name "Metal8" is already used, use name "Metal8_26". (5:19:41 下午  十月 20, 2012)
          [warning] Part Attributes: Name "Via8" is already used, use name "Via8_12". (5:19:41 下午  十月 20, 2012)
          [warning] Part Attributes: Name "Metal8" is already used, use name "Metal8_27". (5:19:41 下午  十月 20, 2012)
          [warning] Part Attributes: Name "Metal9" is already used, use name "Metal9_16". (5:19:42 下午  十月 20, 2012)
          [warning] Part Attributes: Name "Metal8" is already used, use name "Metal8_28". (5:19:42 下午  十月 20, 2012)
          [warning] Part Attributes: Name "Via8" is already used, use name "Via8_13". (5:19:42 下午  十月 20, 2012)
          [warning] Part Attributes: Name "Metal8" is already used, use name "Metal8_29". (5:19:42 下午  十月 20, 2012)
          [warning] 'Solve inside' for object 'Metal8_29' is unset, due to material assignment change. (5:19:42 下午  十月 20, 2012)
          [warning] Part Attributes: Name "Metal9" is already used, use name "Metal9_17". (5:19:42 下午  十月 20, 2012)
          [warning] 'Solve inside' for object 'Metal9_17' is unset, due to material assignment change. (5:19:42 下午  十月 20, 2012)
          [warning] Part Attributes: Name "Via8" is already used, use name "Via8_14". (5:19:42 下午  十月 20, 2012)
          [warning] 'Solve inside' for object 'Via8_14' is unset, due to material assignment change. (5:19:42 下午  十月 20, 2012)
          [warning] Part Attributes: Name "Metal8" is already used, use name "Metal8_30". (5:19:42 下午  十月 20, 2012)
          [warning] 'Solve inside' for object 'Metal8_30' is unset, due to material assignment change. (5:19:43 下午  十月 20, 2012)
          [warning] Part Attributes: Name "Metal9" is already used, use name "Metal9_18". (5:19:43 下午  十月 20, 2012)
          [warning] 'Solve inside' for object 'Metal9_18' is unset, due to material assignment change. (5:19:43 下午  十月 20, 2012)
          [warning] Part Attributes: Name "Via8" is already used, use name "Via8_15". (5:19:43 下午  十月 20, 2012)
          [warning] 'Solve inside' for object 'Via8_15' is unset, due to material assignment change. (5:19:43 下午  十月 20, 2012)
          [warning] Part Attributes: Name "Metal8" is already used, use name "Metal8_31". (5:19:43 下午  十月 20, 2012)
          [warning] 'Solve inside' for object 'Metal8_31' is unset, due to material assignment change. (5:19:43 下午  十月 20, 2012)
          [warning] Part Attributes: Name "Metal8" is already used, use name "Metal8_32". (5:19:43 下午  十月 20, 2012)
          [warning] Part Attributes: Name "Metal9" is already used, use name "Metal9_19". (5:19:43 下午  十月 20, 2012)
          [warning] Part Attributes: Name "Metal8" is already used, use name "Metal8_33". (5:19:43 下午  十月 20, 2012)
          [warning] Part Attributes: Name "Via8" is already used, use name "Via8_16". (5:19:44 下午  十月 20, 2012)
          [warning] Part Attributes: Name "Metal8" is already used, use name "Metal8_34". (5:19:44 下午  十月 20, 2012)
          [warning] Part Attributes: Name "Metal9" is already used, use name "Metal9_20". (5:19:44 下午  十月 20, 2012)
          [warning] Part Attributes: Name "Metal8" is already used, use name "Metal8_35". (5:19:44 下午  十月 20, 2012)
          [warning] Part Attributes: Name "Via8" is already used, use name "Via8_17". (5:19:44 下午  十月 20, 2012)
          [warning] Part Attributes: Name "Metal8" is already used, use name "Metal8_36". (5:19:44 下午  十月 20, 2012)
          [warning] 'Solve inside' for object 'Metal8_36' is unset, due to material assignment change. (5:19:44 下午  十月 20, 2012)
          [warning] Part Attributes: Name "Metal9" is already used, use name "Metal9_21". (5:19:44 下午  十月 20, 2012)
          [warning] 'Solve inside' for object 'Metal9_21' is unset, due to material assignment change. (5:19:44 下午  十月 20, 2012)
          [warning] Part Attributes: Name "Metal8" is already used, use name "Metal8_37". (5:19:44 下午  十月 20, 2012)
          [warning] Part Attributes: Name "Metal9" is already used, use name "Metal9_22". (5:19:45 下午  十月 20, 2012)
          [warning] Part Attributes: Name "Metal8" is already used, use name "Metal8_38". (5:19:45 下午  十月 20, 2012)
          [warning] Part Attributes: Name "Via8" is already used, use name "Via8_18". (5:19:45 下午  十月 20, 2012)
          [warning] Part Attributes: Name "Metal8" is already used, use name "Metal8_39". (5:19:45 下午  十月 20, 2012)
          [warning] Part Attributes: Name "Metal9" is already used, use name "Metal9_23". (5:19:45 下午  十月 20, 2012)
          [warning] Part Attributes: Name "Metal8" is already used, use name "Metal8_40". (5:19:45 下午  十月 20, 2012)
          [warning] Part Attributes: Name "Via8" is already used, use name "Via8_19". (5:19:45 下午  十月 20, 2012)
          [warning] Part Attributes: Name "Metal8" is already used, use name "Metal8_41". (5:19:45 下午  十月 20, 2012)
          [warning] 'Solve inside' for object 'Metal8_41' is unset, due to material assignment change. (5:19:45 下午  十月 20, 2012)
          [warning] Part Attributes: Name "Metal9" is already used, use name "Metal9_24". (5:19:45 下午  十月 20, 2012)
          [warning] 'Solve inside' for object 'Metal9_24' is unset, due to material assignment change. (5:19:46 下午  十月 20, 2012)
          [warning] Part Attributes: Name "Via8" is already used, use name "Via8_20". (5:19:46 下午  十月 20, 2012)
          [warning] 'Solve inside' for object 'Via8_20' is unset, due to material assignment change. (5:19:46 下午  十月 20, 2012)
          [warning] Part Attributes: Name "Metal8" is already used, use name "Metal8_42". (5:19:46 下午  十月 20, 2012)
          [warning] 'Solve inside' for object 'Metal8_42' is unset, due to material assignment change. (5:19:46 下午  十月 20, 2012)
          [warning] Part Attributes: Name "Metal9" is already used, use name "Metal9_25". (5:19:46 下午  十月 20, 2012)
          [warning] 'Solve inside' for object 'Metal9_25' is unset, due to material assignment change. (5:19:46 下午  十月 20, 2012)
          [warning] Part Attributes: Name "Via8" is already used, use name "Via8_21". (5:19:46 下午  十月 20, 2012)
          [warning] 'Solve inside' for object 'Via8_21' is unset, due to material assignment change. (5:19:47 下午  十月 20, 2012)
          [warning] Part Attributes: Name "Metal8" is already used, use name "Metal8_43". (5:19:47 下午  十月 20, 2012)
          [warning] 'Solve inside' for object 'Metal8_43' is unset, due to material assignment change. (5:19:47 下午  十月 20, 2012)
          [warning] Part Attributes: Name "Metal8" is already used, use name "Metal8_44". (5:19:47 下午  十月 20, 2012)
          [warning] Part Attributes: Name "Metal9" is already used, use name "Metal9_26". (5:19:47 下午  十月 20, 2012)
          [warning] Part Attributes: Name "Metal8" is already used, use name "Metal8_45". (5:19:47 下午  十月 20, 2012)
          [warning] Part Attributes: Name "Via8" is already used, use name "Via8_22". (5:19:47 下午  十月 20, 2012)
          [warning] Part Attributes: Name "Metal8" is already used, use name "Metal8_46". (5:19:47 下午  十月 20, 2012)
          [warning] Part Attributes: Name "Metal9" is already used, use name "Metal9_27". (5:19:47 下午  十月 20, 2012)
          [warning] Part Attributes: Name "Metal8" is already used, use name "Metal8_47". (5:19:47 下午  十月 20, 2012)
          [warning] Part Attributes: Name "Via8" is already used, use name "Via8_23". (5:19:47 下午  十月 20, 2012)
          [warning] Part Attributes: Name "Metal9" is already used, use name "Metal9_28". (5:19:48 下午  十月 20, 2012)
          [warning] Part Attributes: Name "Metal9" is already used, use name "Metal9_29". (5:19:48 下午  十月 20, 2012)
          [warning] Part Attributes: Name "Metal9" is already used, use name "Metal9_30". (5:19:48 下午  十月 20, 2012)
          [warning] Part Attributes: Name "Metal9" is already used, use name "Metal9_31". (5:19:48 下午  十月 20, 2012)
          [warning] Part Attributes: Name "Metal9" is already used, use name "Metal9_32". (5:19:48 下午  十月 20, 2012)
          [warning] Part Attributes: Name "Metal9" is already used, use name "Metal9_33". (5:19:48 下午  十月 20, 2012)
          [warning] 'Solve inside' for object 'Metal9_33' is unset, due to material assignment change. (5:19:48 下午  十月 20, 2012)
          [warning] Part Attributes: Name "Metal9" is already used, use name "Metal9_34". (5:19:48 下午  十月 20, 2012)
          [warning] Part Attributes: Name "Metal9" is already used, use name "Metal9_35". (5:19:48 下午  十月 20, 2012)
          [warning] Part Attributes: Name "Metal9" is already used, use name "Metal9_36". (5:19:48 下午  十月 20, 2012)
          [warning] Part Attributes: Name "Metal9" is already used, use name "Metal9_37". (5:19:49 下午  十月 20, 2012)
          [warning] Part Attributes: Name "Metal8" is already used, use name "Metal8_48". (5:19:49 下午  十月 20, 2012)
          [warning] 'Solve inside' for object 'Metal8_48' is unset, due to material assignment change. (5:19:49 下午  十月 20, 2012)
          [warning] Part Attributes: Name "Metal8" is already used, use name "Metal8_49". (5:19:49 下午  十月 20, 2012)
          [warning] Part Attributes: Name "Metal9" is already used, use name "Metal9_38". (5:19:49 下午  十月 20, 2012)
          [warning] Part Attributes: Name "Metal8" is already used, use name "Metal8_50". (5:19:49 下午  十月 20, 2012)
          [warning] Part Attributes: Name "Via8" is already used, use name "Via8_24". (5:19:49 下午  十月 20, 2012)
          [warning] Part Attributes: Name "Metal8" is already used, use name "Metal8_51". (5:19:49 下午  十月 20, 2012)
          [warning] Part Attributes: Name "Metal9" is already used, use name "Metal9_39". (5:19:49 下午  十月 20, 2012)
          [warning] Part Attributes: Name "Metal8" is already used, use name "Metal8_52". (5:19:49 下午  十月 20, 2012)
          [warning] Part Attributes: Name "Via8" is already used, use name "Via8_25". (5:19:49 下午  十月 20, 2012)
          [warning] Part Attributes: Name "Metal9" is already used, use name "Metal9_40". (5:19:50 下午  十月 20, 2012)
          [warning] 'Solve inside' for object 'Metal9_40' is unset, due to material assignment change. (5:19:50 下午  十月 20, 2012)
          [warning] Part Attributes: Name "Metal9" is already used, use name "Metal9_41". (5:19:50 下午  十月 20, 2012)
          [warning] Part Attributes: Name "Metal9" is already used, use name "Metal9_42". (5:19:50 下午  十月 20, 2012)
          [warning] Part Attributes: Name "Metal9" is already used, use name "Metal9_43". (5:19:50 下午  十月 20, 2012)
          [warning] Part Attributes: Name "Metal9" is already used, use name "Metal9_44". (5:19:50 下午  十月 20, 2012)
          [warning] Part Attributes: Name "Metal9" is already used, use name "Metal9_45". (5:19:50 下午  十月 20, 2012)
          [warning] 'Solve inside' for object 'Metal9_45' is unset, due to material assignment change. (5:19:50 下午  十月 20, 2012)
          [warning] Part Attributes: Name "Metal9" is already used, use name "Metal9_46". (5:19:50 下午  十月 20, 2012)
          [warning] 'Solve inside' for object 'Metal9_46' is unset, due to material assignment change. (5:19:51 下午  十月 20, 2012)
          [warning] Part Attributes: Name "Metal9" is already used, use name "Metal9_47". (5:19:51 下午  十月 20, 2012)
          [warning] 'Solve inside' for object 'Metal9_47' is unset, due to material assignment change. (5:19:51 下午  十月 20, 2012)
          [warning] Part Attributes: Name "Metal9" is already used, use name "Metal9_48". (5:19:51 下午  十月 20, 2012)
          [warning] Part Attributes: Name "Metal9" is already used, use name "Metal9_49". (5:19:51 下午  十月 20, 2012)
          [warning] Part Attributes: Name "Metal9" is already used, use name "Metal9_50". (5:19:51 下午  十月 20, 2012)
          [warning] Part Attributes: Name "Metal9" is already used, use name "Metal9_51". (5:19:51 下午  十月 20, 2012)
          [warning] Part Attributes: Name "Metal9" is already used, use name "Metal9_52". (5:19:51 下午  十月 20, 2012)
          [warning] 'Solve inside' for object 'Metal9_52' is unset, due to material assignment change. (5:19:52 下午  十月 20, 2012)
          [warning] Part Attributes: Name "Metal9" is already used, use name "Metal9_53". (5:19:52 下午  十月 20, 2012)
          [warning] 'Solve inside' for object 'Metal9_53' is unset, due to material assignment change. (5:19:52 下午  十月 20, 2012)
          [warning] Part Attributes: Name "Metal9" is already used, use name "Metal9_54". (5:19:52 下午  十月 20, 2012)
          [warning] Part Attributes: Name "Metal9" is already used, use name "Metal9_55". (5:19:52 下午  十月 20, 2012)
          [warning] Part Attributes: Name "Metal9" is already used, use name "Metal9_56". (5:19:52 下午  十月 20, 2012)
          [warning] Part Attributes: Name "Metal9" is already used, use name "Metal9_57". (5:19:52 下午  十月 20, 2012)
          [warning] Part Attributes: Name "Metal8" is already used, use name "Metal8_53". (5:19:52 下午  十月 20, 2012)
          [warning] Part Attributes: Name "Metal8" is already used, use name "Metal8_54". (5:19:53 下午  十月 20, 2012)
          [warning] Part Attributes: Name "Metal9" is already used, use name "Metal9_58". (5:19:53 下午  十月 20, 2012)
          [warning] Part Attributes: Name "Metal8" is already used, use name "Metal8_55". (5:19:53 下午  十月 20, 2012)
          [warning] Part Attributes: Name "Via8" is already used, use name "Via8_26". (5:19:53 下午  十月 20, 2012)
          [warning] Part Attributes: Name "Metal8" is already used, use name "Metal8_56". (5:19:53 下午  十月 20, 2012)
          [warning] Part Attributes: Name "Metal9" is already used, use name "Metal9_59". (5:19:53 下午  十月 20, 2012)
          [warning] Part Attributes: Name "Metal8" is already used, use name "Metal8_57". (5:19:53 下午  十月 20, 2012)
          [warning] Part Attributes: Name "Via8" is already used, use name "Via8_27". (5:19:53 下午  十月 20, 2012)
          [warning] Part Attributes: Name "Metal8" is already used, use name "Metal8_58". (5:19:53 下午  十月 20, 2012)
          [warning] Part Attributes: Name "Metal8" is already used, use name "Metal8_59". (5:19:54 下午  十月 20, 2012)
          [warning] Part Attributes: Name "Metal9" is already used, use name "Metal9_60". (5:19:54 下午  十月 20, 2012)
          [warning] Part Attributes: Name "Metal8" is already used, use name "Metal8_60". (5:19:54 下午  十月 20, 2012)
          [warning] Part Attributes: Name "Via8" is already used, use name "Via8_28". (5:19:54 下午  十月 20, 2012)
          [warning] Part Attributes: Name "Metal8" is already used, use name "Metal8_61". (5:19:54 下午  十月 20, 2012)
          [warning] Part Attributes: Name "Metal9" is already used, use name "Metal9_61". (5:19:54 下午  十月 20, 2012)
          [warning] Part Attributes: Name "Metal8" is already used, use name "Metal8_62". (5:19:54 下午  十月 20, 2012)
          [warning] Part Attributes: Name "Via8" is already used, use name "Via8_29". (5:19:54 下午  十月 20, 2012)
          [warning] Part Attributes: Name "Metal8" is already used, use name "Metal8_63". (5:19:54 下午  十月 20, 2012)
          [warning] Part Attributes: Name "Metal9" is already used, use name "Metal9_62". (5:19:54 下午  十月 20, 2012)
          [warning] Part Attributes: Name "Metal8" is already used, use name "Metal8_64". (5:19:55 下午  十月 20, 2012)
          [warning] Part Attributes: Name "Via8" is already used, use name "Via8_30". (5:19:55 下午  十月 20, 2012)
          [warning] Part Attributes: Name "Metal8" is already used, use name "Metal8_65". (5:19:55 下午  十月 20, 2012)
          [warning] Part Attributes: Name "Metal9" is already used, use name "Metal9_63". (5:19:55 下午  十月 20, 2012)
          [warning] Part Attributes: Name "Metal8" is already used, use name "Metal8_66". (5:19:55 下午  十月 20, 2012)
          [warning] Part Attributes: Name "Via8" is already used, use name "Via8_31". (5:19:55 下午  十月 20, 2012)
-- Message Window --
Stopping Batch Run: 5:20:00 下午  十月 20, 2012
