 
Ansoft HFSS Version 14.0.0, Build: 2011-10-22 21:03:32
Location: C:\Program Files\Ansoft\HFSS14.0\Win64\hfss.exe
Batch Script: F:/Dropbox/ANTLR/HFSS_API/examples/T65_XFM_ANTLR/./XFM-D130I5O3S2.vbs
Starting Batch Run: 4:55:21 下午  十月 20, 2012
Running as user: michael-PC\michael2
Temp directory: C:\Users\michael\AppData\Local\Temp
Project directory: C:\Users\michael2\Documents\Ansoft
 
Ansoft HFSS Version 14.0.0, Build: 2011-10-22 21:03:32
Location: C:\Program Files\Ansoft\HFSS14.0\Win64\hfss.exe
Batch Script: F:/Dropbox/ANTLR/HFSS_API/examples/T65_XFM_ANTLR/./XFM-D130I5O3S2.vbs
Starting Batch Run: 4:59:09 下午  十月 20, 2012
Running as user: michael-PC\michael2
Temp directory: C:\Users\michael\AppData\Local\Temp
Project directory: C:\Users\michael2\Documents\Ansoft
-- Message Window --
      XFM-D130I5O3S2 (G:/HFSS_SIMULATIONS/T65_XFM/)
        BEOL_6X1Z1U (DrivenTerminal)
          [warning] 'Solve inside' for object 'Metal8' is unset, due to material assignment change. (4:59:13 下午  十月 20, 2012)
          [warning] 'Solve inside' for object 'Metal9' is unset, due to material assignment change. (4:59:13 下午  十月 20, 2012)
          [warning] Part Attributes: Name "Metal8" is already used, use name "Metal8_1". (4:59:13 下午  十月 20, 2012)
          [warning] Part Attributes: Name "Metal9" is already used, use name "Metal9_1". (4:59:13 下午  十月 20, 2012)
          [warning] Part Attributes: Name "Metal8" is already used, use name "Metal8_2". (4:59:13 下午  十月 20, 2012)
          [warning] Part Attributes: Name "Metal8" is already used, use name "Metal8_3". (4:59:13 下午  十月 20, 2012)
          [warning] Part Attributes: Name "Metal9" is already used, use name "Metal9_2". (4:59:14 下午  十月 20, 2012)
          [warning] Part Attributes: Name "Metal8" is already used, use name "Metal8_4". (4:59:14 下午  十月 20, 2012)
          [warning] Part Attributes: Name "Via8" is already used, use name "Via8_1". (4:59:14 下午  十月 20, 2012)
          [warning] Part Attributes: Name "Metal8" is already used, use name "Metal8_5". (4:59:14 下午  十月 20, 2012)
          [warning] 'Solve inside' for object 'Metal8_5' is unset, due to material assignment change. (4:59:14 下午  十月 20, 2012)
          [warning] Part Attributes: Name "Metal9" is already used, use name "Metal9_3". (4:59:14 下午  十月 20, 2012)
          [warning] 'Solve inside' for object 'Metal9_3' is unset, due to material assignment change. (4:59:14 下午  十月 20, 2012)
          [warning] Part Attributes: Name "Via8" is already used, use name "Via8_2". (4:59:14 下午  十月 20, 2012)
          [warning] 'Solve inside' for object 'Via8_2' is unset, due to material assignment change. (4:59:15 下午  十月 20, 2012)
          [warning] Part Attributes: Name "Metal8" is already used, use name "Metal8_6". (4:59:15 下午  十月 20, 2012)
          [warning] 'Solve inside' for object 'Metal8_6' is unset, due to material assignment change. (4:59:15 下午  十月 20, 2012)
          [warning] Part Attributes: Name "Metal9" is already used, use name "Metal9_4". (4:59:15 下午  十月 20, 2012)
          [warning] 'Solve inside' for object 'Metal9_4' is unset, due to material assignment change. (4:59:15 下午  十月 20, 2012)
          [warning] Part Attributes: Name "Via8" is already used, use name "Via8_3". (4:59:15 下午  十月 20, 2012)
          [warning] 'Solve inside' for object 'Via8_3' is unset, due to material assignment change. (4:59:15 下午  十月 20, 2012)
          [warning] Part Attributes: Name "Metal8" is already used, use name "Metal8_7". (4:59:15 下午  十月 20, 2012)
          [warning] 'Solve inside' for object 'Metal8_7' is unset, due to material assignment change. (4:59:16 下午  十月 20, 2012)
          [warning] Part Attributes: Name "Metal8" is already used, use name "Metal8_8". (4:59:16 下午  十月 20, 2012)
          [warning] Part Attributes: Name "Metal9" is already used, use name "Metal9_5". (4:59:16 下午  十月 20, 2012)
          [warning] Part Attributes: Name "Metal8" is already used, use name "Metal8_9". (4:59:16 下午  十月 20, 2012)
          [warning] Part Attributes: Name "Via8" is already used, use name "Via8_4". (4:59:16 下午  十月 20, 2012)
          [warning] Part Attributes: Name "Metal8" is already used, use name "Metal8_10". (4:59:16 下午  十月 20, 2012)
          [warning] Part Attributes: Name "Metal9" is already used, use name "Metal9_6". (4:59:16 下午  十月 20, 2012)
          [warning] Part Attributes: Name "Metal8" is already used, use name "Metal8_11". (4:59:16 下午  十月 20, 2012)
          [warning] Part Attributes: Name "Via8" is already used, use name "Via8_5". (4:59:16 下午  十月 20, 2012)
          [warning] Part Attributes: Name "Metal8" is already used, use name "Metal8_12". (4:59:17 下午  十月 20, 2012)
          [warning] 'Solve inside' for object 'Metal8_12' is unset, due to material assignment change. (4:59:17 下午  十月 20, 2012)
          [warning] Part Attributes: Name "Metal9" is already used, use name "Metal9_7". (4:59:17 下午  十月 20, 2012)
          [warning] 'Solve inside' for object 'Metal9_7' is unset, due to material assignment change. (4:59:17 下午  十月 20, 2012)
          [warning] Part Attributes: Name "Metal8" is already used, use name "Metal8_13". (4:59:17 下午  十月 20, 2012)
          [warning] Part Attributes: Name "Metal9" is already used, use name "Metal9_8". (4:59:17 下午  十月 20, 2012)
          [warning] Part Attributes: Name "Metal8" is already used, use name "Metal8_14". (4:59:17 下午  十月 20, 2012)
          [warning] Part Attributes: Name "Via8" is already used, use name "Via8_6". (4:59:17 下午  十月 20, 2012)
          [warning] Part Attributes: Name "Metal8" is already used, use name "Metal8_15". (4:59:18 下午  十月 20, 2012)
          [warning] Part Attributes: Name "Metal9" is already used, use name "Metal9_9". (4:59:18 下午  十月 20, 2012)
          [warning] Part Attributes: Name "Metal8" is already used, use name "Metal8_16". (4:59:18 下午  十月 20, 2012)
          [warning] Part Attributes: Name "Via8" is already used, use name "Via8_7". (4:59:18 下午  十月 20, 2012)
          [warning] Part Attributes: Name "Metal8" is already used, use name "Metal8_17". (4:59:18 下午  十月 20, 2012)
          [warning] 'Solve inside' for object 'Metal8_17' is unset, due to material assignment change. (4:59:18 下午  十月 20, 2012)
          [warning] Part Attributes: Name "Metal9" is already used, use name "Metal9_10". (4:59:18 下午  十月 20, 2012)
          [warning] 'Solve inside' for object 'Metal9_10' is unset, due to material assignment change. (4:59:19 下午  十月 20, 2012)
          [warning] Part Attributes: Name "Via8" is already used, use name "Via8_8". (4:59:19 下午  十月 20, 2012)
          [warning] 'Solve inside' for object 'Via8_8' is unset, due to material assignment change. (4:59:19 下午  十月 20, 2012)
          [warning] Part Attributes: Name "Metal8" is already used, use name "Metal8_18". (4:59:19 下午  十月 20, 2012)
          [warning] 'Solve inside' for object 'Metal8_18' is unset, due to material assignment change. (4:59:19 下午  十月 20, 2012)
          [warning] Part Attributes: Name "Metal9" is already used, use name "Metal9_11". (4:59:19 下午  十月 20, 2012)
          [warning] 'Solve inside' for object 'Metal9_11' is unset, due to material assignment change. (4:59:19 下午  十月 20, 2012)
          [warning] Part Attributes: Name "Via8" is already used, use name "Via8_9". (4:59:19 下午  十月 20, 2012)
          [warning] 'Solve inside' for object 'Via8_9' is unset, due to material assignment change. (4:59:20 下午  十月 20, 2012)
          [warning] Part Attributes: Name "Metal8" is already used, use name "Metal8_19". (4:59:20 下午  十月 20, 2012)
          [warning] 'Solve inside' for object 'Metal8_19' is unset, due to material assignment change. (4:59:20 下午  十月 20, 2012)
          [warning] Part Attributes: Name "Metal8" is already used, use name "Metal8_20". (4:59:20 下午  十月 20, 2012)
          [warning] Part Attributes: Name "Metal9" is already used, use name "Metal9_12". (4:59:20 下午  十月 20, 2012)
          [warning] Part Attributes: Name "Metal8" is already used, use name "Metal8_21". (4:59:20 下午  十月 20, 2012)
          [warning] Part Attributes: Name "Via8" is already used, use name "Via8_10". (4:59:20 下午  十月 20, 2012)
          [warning] Part Attributes: Name "Metal8" is already used, use name "Metal8_22". (4:59:20 下午  十月 20, 2012)
          [warning] Part Attributes: Name "Metal9" is already used, use name "Metal9_13". (4:59:21 下午  十月 20, 2012)
          [warning] Part Attributes: Name "Metal8" is already used, use name "Metal8_23". (4:59:21 下午  十月 20, 2012)
          [warning] Part Attributes: Name "Via8" is already used, use name "Via8_11". (4:59:21 下午  十月 20, 2012)
          [warning] Part Attributes: Name "Metal8" is already used, use name "Metal8_24". (4:59:21 下午  十月 20, 2012)
          [warning] 'Solve inside' for object 'Metal8_24' is unset, due to material assignment change. (4:59:21 下午  十月 20, 2012)
          [warning] Part Attributes: Name "Metal9" is already used, use name "Metal9_14". (4:59:21 下午  十月 20, 2012)
          [warning] 'Solve inside' for object 'Metal9_14' is unset, due to material assignment change. (4:59:21 下午  十月 20, 2012)
          [warning] Part Attributes: Name "Metal8" is already used, use name "Metal8_25". (4:59:21 下午  十月 20, 2012)
          [warning] Part Attributes: Name "Metal9" is already used, use name "Metal9_15". (4:59:21 下午  十月 20, 2012)
          [warning] Part Attributes: Name "Metal8" is already used, use name "Metal8_26". (4:59:22 下午  十月 20, 2012)
          [warning] Part Attributes: Name "Via8" is already used, use name "Via8_12". (4:59:22 下午  十月 20, 2012)
          [warning] Part Attributes: Name "Metal8" is already used, use name "Metal8_27". (4:59:22 下午  十月 20, 2012)
          [warning] Part Attributes: Name "Metal9" is already used, use name "Metal9_16". (4:59:22 下午  十月 20, 2012)
          [warning] Part Attributes: Name "Metal8" is already used, use name "Metal8_28". (4:59:22 下午  十月 20, 2012)
          [warning] Part Attributes: Name "Via8" is already used, use name "Via8_13". (4:59:22 下午  十月 20, 2012)
          [warning] Part Attributes: Name "Metal8" is already used, use name "Metal8_29". (4:59:22 下午  十月 20, 2012)
          [warning] 'Solve inside' for object 'Metal8_29' is unset, due to material assignment change. (4:59:23 下午  十月 20, 2012)
          [warning] Part Attributes: Name "Metal9" is already used, use name "Metal9_17". (4:59:23 下午  十月 20, 2012)
          [warning] 'Solve inside' for object 'Metal9_17' is unset, due to material assignment change. (4:59:23 下午  十月 20, 2012)
          [warning] Part Attributes: Name "Via8" is already used, use name "Via8_14". (4:59:23 下午  十月 20, 2012)
          [warning] 'Solve inside' for object 'Via8_14' is unset, due to material assignment change. (4:59:23 下午  十月 20, 2012)
          [warning] Part Attributes: Name "Metal8" is already used, use name "Metal8_30". (4:59:23 下午  十月 20, 2012)
          [warning] 'Solve inside' for object 'Metal8_30' is unset, due to material assignment change. (4:59:23 下午  十月 20, 2012)
          [warning] Part Attributes: Name "Metal9" is already used, use name "Metal9_18". (4:59:24 下午  十月 20, 2012)
          [warning] 'Solve inside' for object 'Metal9_18' is unset, due to material assignment change. (4:59:24 下午  十月 20, 2012)
          [warning] Part Attributes: Name "Via8" is already used, use name "Via8_15". (4:59:24 下午  十月 20, 2012)
          [warning] 'Solve inside' for object 'Via8_15' is unset, due to material assignment change. (4:59:24 下午  十月 20, 2012)
          [warning] Part Attributes: Name "Metal8" is already used, use name "Metal8_31". (4:59:24 下午  十月 20, 2012)
          [warning] 'Solve inside' for object 'Metal8_31' is unset, due to material assignment change. (4:59:24 下午  十月 20, 2012)
          [warning] Part Attributes: Name "Metal8" is already used, use name "Metal8_32". (4:59:24 下午  十月 20, 2012)
          [warning] Part Attributes: Name "Metal9" is already used, use name "Metal9_19". (4:59:25 下午  十月 20, 2012)
          [warning] Part Attributes: Name "Metal8" is already used, use name "Metal8_33". (4:59:25 下午  十月 20, 2012)
          [warning] Part Attributes: Name "Via8" is already used, use name "Via8_16". (4:59:25 下午  十月 20, 2012)
          [warning] Part Attributes: Name "Metal8" is already used, use name "Metal8_34". (4:59:25 下午  十月 20, 2012)
          [warning] Part Attributes: Name "Metal9" is already used, use name "Metal9_20". (4:59:25 下午  十月 20, 2012)
          [warning] Part Attributes: Name "Metal8" is already used, use name "Metal8_35". (4:59:25 下午  十月 20, 2012)
          [warning] Part Attributes: Name "Via8" is already used, use name "Via8_17". (4:59:25 下午  十月 20, 2012)
          [warning] Part Attributes: Name "Metal8" is already used, use name "Metal8_36". (4:59:25 下午  十月 20, 2012)
          [warning] 'Solve inside' for object 'Metal8_36' is unset, due to material assignment change. (4:59:26 下午  十月 20, 2012)
          [warning] Part Attributes: Name "Metal9" is already used, use name "Metal9_21". (4:59:26 下午  十月 20, 2012)
          [warning] 'Solve inside' for object 'Metal9_21' is unset, due to material assignment change. (4:59:26 下午  十月 20, 2012)
          [warning] Part Attributes: Name "Metal8" is already used, use name "Metal8_37". (4:59:26 下午  十月 20, 2012)
          [warning] Part Attributes: Name "Metal9" is already used, use name "Metal9_22". (4:59:26 下午  十月 20, 2012)
          [warning] Part Attributes: Name "Metal8" is already used, use name "Metal8_38". (4:59:26 下午  十月 20, 2012)
          [warning] Part Attributes: Name "Via8" is already used, use name "Via8_18". (4:59:26 下午  十月 20, 2012)
          [warning] Part Attributes: Name "Metal8" is already used, use name "Metal8_39". (4:59:26 下午  十月 20, 2012)
          [warning] Part Attributes: Name "Metal9" is already used, use name "Metal9_23". (4:59:27 下午  十月 20, 2012)
          [warning] Part Attributes: Name "Metal8" is already used, use name "Metal8_40". (4:59:27 下午  十月 20, 2012)
          [warning] Part Attributes: Name "Via8" is already used, use name "Via8_19". (4:59:27 下午  十月 20, 2012)
          [warning] Part Attributes: Name "Metal8" is already used, use name "Metal8_41". (4:59:27 下午  十月 20, 2012)
          [warning] 'Solve inside' for object 'Metal8_41' is unset, due to material assignment change. (4:59:27 下午  十月 20, 2012)
          [warning] Part Attributes: Name "Metal9" is already used, use name "Metal9_24". (4:59:27 下午  十月 20, 2012)
          [warning] 'Solve inside' for object 'Metal9_24' is unset, due to material assignment change. (4:59:28 下午  十月 20, 2012)
          [warning] Part Attributes: Name "Via8" is already used, use name "Via8_20". (4:59:28 下午  十月 20, 2012)
          [warning] 'Solve inside' for object 'Via8_20' is unset, due to material assignment change. (4:59:28 下午  十月 20, 2012)
          [warning] Part Attributes: Name "Metal8" is already used, use name "Metal8_42". (4:59:28 下午  十月 20, 2012)
          [warning] 'Solve inside' for object 'Metal8_42' is unset, due to material assignment change. (4:59:28 下午  十月 20, 2012)
          [warning] Part Attributes: Name "Metal9" is already used, use name "Metal9_25". (4:59:28 下午  十月 20, 2012)
          [warning] 'Solve inside' for object 'Metal9_25' is unset, due to material assignment change. (4:59:29 下午  十月 20, 2012)
          [warning] Part Attributes: Name "Via8" is already used, use name "Via8_21". (4:59:29 下午  十月 20, 2012)
          [warning] 'Solve inside' for object 'Via8_21' is unset, due to material assignment change. (4:59:29 下午  十月 20, 2012)
          [warning] Part Attributes: Name "Metal8" is already used, use name "Metal8_43". (4:59:29 下午  十月 20, 2012)
          [warning] 'Solve inside' for object 'Metal8_43' is unset, due to material assignment change. (4:59:29 下午  十月 20, 2012)
          [warning] Part Attributes: Name "Metal8" is already used, use name "Metal8_44". (4:59:29 下午  十月 20, 2012)
          [warning] Part Attributes: Name "Metal9" is already used, use name "Metal9_26". (4:59:29 下午  十月 20, 2012)
          [warning] Part Attributes: Name "Metal8" is already used, use name "Metal8_45". (4:59:30 下午  十月 20, 2012)
          [warning] Part Attributes: Name "Via8" is already used, use name "Via8_22". (4:59:30 下午  十月 20, 2012)
          [warning] Part Attributes: Name "Metal8" is already used, use name "Metal8_46". (4:59:30 下午  十月 20, 2012)
          [warning] Part Attributes: Name "Metal9" is already used, use name "Metal9_27". (4:59:30 下午  十月 20, 2012)
          [warning] Part Attributes: Name "Metal8" is already used, use name "Metal8_47". (4:59:30 下午  十月 20, 2012)
          [warning] Part Attributes: Name "Via8" is already used, use name "Via8_23". (4:59:30 下午  十月 20, 2012)
          [warning] Part Attributes: Name "Metal9" is already used, use name "Metal9_28". (4:59:30 下午  十月 20, 2012)
          [warning] Part Attributes: Name "Metal9" is already used, use name "Metal9_29". (4:59:31 下午  十月 20, 2012)
          [warning] Part Attributes: Name "Metal9" is already used, use name "Metal9_30". (4:59:31 下午  十月 20, 2012)
          [warning] Part Attributes: Name "Metal9" is already used, use name "Metal9_31". (4:59:31 下午  十月 20, 2012)
          [warning] Part Attributes: Name "Metal9" is already used, use name "Metal9_32". (4:59:31 下午  十月 20, 2012)
          [warning] Part Attributes: Name "Metal9" is already used, use name "Metal9_33". (4:59:31 下午  十月 20, 2012)
          [warning] 'Solve inside' for object 'Metal9_33' is unset, due to material assignment change. (4:59:31 下午  十月 20, 2012)
          [warning] Part Attributes: Name "Metal9" is already used, use name "Metal9_34". (4:59:31 下午  十月 20, 2012)
          [warning] Part Attributes: Name "Metal9" is already used, use name "Metal9_35". (4:59:32 下午  十月 20, 2012)
          [warning] Part Attributes: Name "Metal9" is already used, use name "Metal9_36". (4:59:32 下午  十月 20, 2012)
          [warning] Part Attributes: Name "Metal9" is already used, use name "Metal9_37". (4:59:32 下午  十月 20, 2012)
          [warning] Part Attributes: Name "Metal8" is already used, use name "Metal8_48". (4:59:32 下午  十月 20, 2012)
          [warning] 'Solve inside' for object 'Metal8_48' is unset, due to material assignment change. (4:59:32 下午  十月 20, 2012)
          [warning] Part Attributes: Name "Metal8" is already used, use name "Metal8_49". (4:59:32 下午  十月 20, 2012)
          [warning] Part Attributes: Name "Metal9" is already used, use name "Metal9_38". (4:59:32 下午  十月 20, 2012)
          [warning] Part Attributes: Name "Metal8" is already used, use name "Metal8_50". (4:59:33 下午  十月 20, 2012)
          [warning] Part Attributes: Name "Via8" is already used, use name "Via8_24". (4:59:33 下午  十月 20, 2012)
          [warning] Part Attributes: Name "Metal8" is already used, use name "Metal8_51". (4:59:33 下午  十月 20, 2012)
          [warning] Part Attributes: Name "Metal9" is already used, use name "Metal9_39". (4:59:33 下午  十月 20, 2012)
          [warning] Part Attributes: Name "Metal8" is already used, use name "Metal8_52". (4:59:33 下午  十月 20, 2012)
          [warning] Part Attributes: Name "Via8" is already used, use name "Via8_25". (4:59:33 下午  十月 20, 2012)
          [warning] Part Attributes: Name "Metal9" is already used, use name "Metal9_40". (4:59:33 下午  十月 20, 2012)
          [warning] 'Solve inside' for object 'Metal9_40' is unset, due to material assignment change. (4:59:34 下午  十月 20, 2012)
          [warning] Part Attributes: Name "Metal9" is already used, use name "Metal9_41". (4:59:34 下午  十月 20, 2012)
          [warning] Part Attributes: Name "Metal9" is already used, use name "Metal9_42". (4:59:34 下午  十月 20, 2012)
          [warning] Part Attributes: Name "Metal9" is already used, use name "Metal9_43". (4:59:34 下午  十月 20, 2012)
          [warning] Part Attributes: Name "Metal9" is already used, use name "Metal9_44". (4:59:34 下午  十月 20, 2012)
          [warning] Part Attributes: Name "Metal9" is already used, use name "Metal9_45". (4:59:34 下午  十月 20, 2012)
          [warning] 'Solve inside' for object 'Metal9_45' is unset, due to material assignment change. (4:59:35 下午  十月 20, 2012)
          [warning] Part Attributes: Name "Metal9" is already used, use name "Metal9_46". (4:59:35 下午  十月 20, 2012)
          [warning] 'Solve inside' for object 'Metal9_46' is unset, due to material assignment change. (4:59:35 下午  十月 20, 2012)
          [warning] Part Attributes: Name "Metal9" is already used, use name "Metal9_47". (4:59:35 下午  十月 20, 2012)
          [warning] 'Solve inside' for object 'Metal9_47' is unset, due to material assignment change. (4:59:35 下午  十月 20, 2012)
          [warning] Part Attributes: Name "Metal9" is already used, use name "Metal9_48". (4:59:36 下午  十月 20, 2012)
          [warning] Part Attributes: Name "Metal9" is already used, use name "Metal9_49". (4:59:36 下午  十月 20, 2012)
          [warning] Part Attributes: Name "Metal9" is already used, use name "Metal9_50". (4:59:36 下午  十月 20, 2012)
          [warning] Part Attributes: Name "Metal9" is already used, use name "Metal9_51". (4:59:36 下午  十月 20, 2012)
          [warning] Part Attributes: Name "Metal9" is already used, use name "Metal9_52". (4:59:36 下午  十月 20, 2012)
          [warning] 'Solve inside' for object 'Metal9_52' is unset, due to material assignment change. (4:59:36 下午  十月 20, 2012)
          [warning] Part Attributes: Name "Metal9" is already used, use name "Metal9_53". (4:59:37 下午  十月 20, 2012)
          [warning] 'Solve inside' for object 'Metal9_53' is unset, due to material assignment change. (4:59:37 下午  十月 20, 2012)
          [warning] Part Attributes: Name "Metal9" is already used, use name "Metal9_54". (4:59:37 下午  十月 20, 2012)
          [warning] Part Attributes: Name "Metal9" is already used, use name "Metal9_55". (4:59:37 下午  十月 20, 2012)
          [warning] Part Attributes: Name "Metal9" is already used, use name "Metal9_56". (4:59:37 下午  十月 20, 2012)
          [warning] Part Attributes: Name "Metal9" is already used, use name "Metal9_57". (4:59:37 下午  十月 20, 2012)
          [warning] Part Attributes: Name "Metal8" is already used, use name "Metal8_53". (4:59:38 下午  十月 20, 2012)
          [warning] Part Attributes: Name "Metal8" is already used, use name "Metal8_54". (4:59:38 下午  十月 20, 2012)
          [warning] Part Attributes: Name "Metal9" is already used, use name "Metal9_58". (4:59:38 下午  十月 20, 2012)
          [warning] Part Attributes: Name "Metal8" is already used, use name "Metal8_55". (4:59:38 下午  十月 20, 2012)
          [warning] Part Attributes: Name "Via8" is already used, use name "Via8_26". (4:59:38 下午  十月 20, 2012)
          [warning] Part Attributes: Name "Metal8" is already used, use name "Metal8_56". (4:59:38 下午  十月 20, 2012)
          [warning] Part Attributes: Name "Metal9" is already used, use name "Metal9_59". (4:59:38 下午  十月 20, 2012)
          [warning] Part Attributes: Name "Metal8" is already used, use name "Metal8_57". (4:59:38 下午  十月 20, 2012)
          [warning] Part Attributes: Name "Via8" is already used, use name "Via8_27". (4:59:39 下午  十月 20, 2012)
          [warning] Part Attributes: Name "Metal8" is already used, use name "Metal8_58". (4:59:39 下午  十月 20, 2012)
          [warning] Part Attributes: Name "Metal8" is already used, use name "Metal8_59". (4:59:39 下午  十月 20, 2012)
          [warning] Part Attributes: Name "Metal9" is already used, use name "Metal9_60". (4:59:39 下午  十月 20, 2012)
          [warning] Part Attributes: Name "Metal8" is already used, use name "Metal8_60". (4:59:39 下午  十月 20, 2012)
          [warning] Part Attributes: Name "Via8" is already used, use name "Via8_28". (4:59:39 下午  十月 20, 2012)
          [warning] Part Attributes: Name "Metal8" is already used, use name "Metal8_61". (4:59:40 下午  十月 20, 2012)
          [warning] Part Attributes: Name "Metal9" is already used, use name "Metal9_61". (4:59:40 下午  十月 20, 2012)
          [warning] Part Attributes: Name "Metal8" is already used, use name "Metal8_62". (4:59:40 下午  十月 20, 2012)
          [warning] Part Attributes: Name "Via8" is already used, use name "Via8_29". (4:59:40 下午  十月 20, 2012)
          [warning] Part Attributes: Name "Metal8" is already used, use name "Metal8_63". (4:59:40 下午  十月 20, 2012)
          [warning] Part Attributes: Name "Metal9" is already used, use name "Metal9_62". (4:59:40 下午  十月 20, 2012)
          [warning] Part Attributes: Name "Metal8" is already used, use name "Metal8_64". (4:59:40 下午  十月 20, 2012)
          [warning] Part Attributes: Name "Via8" is already used, use name "Via8_30". (4:59:41 下午  十月 20, 2012)
          [warning] Part Attributes: Name "Metal8" is already used, use name "Metal8_65". (4:59:41 下午  十月 20, 2012)
          [warning] Part Attributes: Name "Metal9" is already used, use name "Metal9_63". (4:59:41 下午  十月 20, 2012)
          [warning] Part Attributes: Name "Metal8" is already used, use name "Metal8_66". (4:59:41 下午  十月 20, 2012)
          [warning] Part Attributes: Name "Via8" is already used, use name "Via8_31". (4:59:41 下午  十月 20, 2012)
-- Message Window --
Stopping Batch Run: 4:59:48 下午  十月 20, 2012
 
Ansoft HFSS Version 14.0.0, Build: 2011-10-22 21:03:32
Location: C:\Program Files\Ansoft\HFSS14.0\Win64\hfss.exe
Batch Script: F:/Dropbox/ANTLR/HFSS_API/examples/T65_XFM_ANTLR/./XFM-D130I5O3S2.vbs
Starting Batch Run: 5:11:36 下午  十月 20, 2012
Running as user: michael-PC\michael2
Temp directory: C:\Users\michael\AppData\Local\Temp
Project directory: C:\Users\michael2\Documents\Ansoft
 
Ansoft HFSS Version 14.0.0, Build: 2011-10-22 21:03:32
Location: C:\Program Files\Ansoft\HFSS14.0\Win64\hfss.exe
Batch Script: F:/Dropbox/ANTLR/HFSS_API/examples/T65_XFM_ANTLR/./XFM-D130I5O3S2.vbs
Starting Batch Run: 5:16:04 下午  十月 20, 2012
Running as user: michael-PC\michael2
Temp directory: C:\Users\michael\AppData\Local\Temp
Project directory: C:\Users\michael2\Documents\Ansoft
-- Message Window --
      XFM-D130I5O3S2 (G:/HFSS_SIMULATIONS/T65_XFM/)
        BEOL_6X1Z1U (DrivenTerminal)
          [warning] 'Solve inside' for object 'Metal8' is unset, due to material assignment change. (5:16:06 下午  十月 20, 2012)
          [warning] 'Solve inside' for object 'Metal9' is unset, due to material assignment change. (5:16:06 下午  十月 20, 2012)
          [warning] Part Attributes: Name "Metal8" is already used, use name "Metal8_1". (5:16:06 下午  十月 20, 2012)
          [warning] Part Attributes: Name "Metal9" is already used, use name "Metal9_1". (5:16:06 下午  十月 20, 2012)
          [warning] Part Attributes: Name "Metal8" is already used, use name "Metal8_2". (5:16:06 下午  十月 20, 2012)
          [warning] Part Attributes: Name "Metal8" is already used, use name "Metal8_3". (5:16:06 下午  十月 20, 2012)
          [warning] Part Attributes: Name "Metal9" is already used, use name "Metal9_2". (5:16:06 下午  十月 20, 2012)
          [warning] Part Attributes: Name "Metal8" is already used, use name "Metal8_4". (5:16:06 下午  十月 20, 2012)
          [warning] Part Attributes: Name "Via8" is already used, use name "Via8_1". (5:16:07 下午  十月 20, 2012)
          [warning] Part Attributes: Name "Metal8" is already used, use name "Metal8_5". (5:16:07 下午  十月 20, 2012)
          [warning] 'Solve inside' for object 'Metal8_5' is unset, due to material assignment change. (5:16:07 下午  十月 20, 2012)
          [warning] Part Attributes: Name "Metal9" is already used, use name "Metal9_3". (5:16:07 下午  十月 20, 2012)
          [warning] 'Solve inside' for object 'Metal9_3' is unset, due to material assignment change. (5:16:07 下午  十月 20, 2012)
          [warning] Part Attributes: Name "Via8" is already used, use name "Via8_2". (5:16:07 下午  十月 20, 2012)
          [warning] 'Solve inside' for object 'Via8_2' is unset, due to material assignment change. (5:16:07 下午  十月 20, 2012)
          [warning] Part Attributes: Name "Metal8" is already used, use name "Metal8_6". (5:16:07 下午  十月 20, 2012)
          [warning] 'Solve inside' for object 'Metal8_6' is unset, due to material assignment change. (5:16:07 下午  十月 20, 2012)
          [warning] Part Attributes: Name "Metal9" is already used, use name "Metal9_4". (5:16:07 下午  十月 20, 2012)
          [warning] 'Solve inside' for object 'Metal9_4' is unset, due to material assignment change. (5:16:07 下午  十月 20, 2012)
          [warning] Part Attributes: Name "Via8" is already used, use name "Via8_3". (5:16:07 下午  十月 20, 2012)
          [warning] 'Solve inside' for object 'Via8_3' is unset, due to material assignment change. (5:16:08 下午  十月 20, 2012)
          [warning] Part Attributes: Name "Metal8" is already used, use name "Metal8_7". (5:16:08 下午  十月 20, 2012)
          [warning] 'Solve inside' for object 'Metal8_7' is unset, due to material assignment change. (5:16:08 下午  十月 20, 2012)
          [warning] Part Attributes: Name "Metal8" is already used, use name "Metal8_8". (5:16:08 下午  十月 20, 2012)
          [warning] Part Attributes: Name "Metal9" is already used, use name "Metal9_5". (5:16:08 下午  十月 20, 2012)
          [warning] Part Attributes: Name "Metal8" is already used, use name "Metal8_9". (5:16:08 下午  十月 20, 2012)
          [warning] Part Attributes: Name "Via8" is already used, use name "Via8_4". (5:16:08 下午  十月 20, 2012)
          [warning] Part Attributes: Name "Metal8" is already used, use name "Metal8_10". (5:16:08 下午  十月 20, 2012)
          [warning] Part Attributes: Name "Metal9" is already used, use name "Metal9_6". (5:16:08 下午  十月 20, 2012)
          [warning] Part Attributes: Name "Metal8" is already used, use name "Metal8_11". (5:16:08 下午  十月 20, 2012)
          [warning] Part Attributes: Name "Via8" is already used, use name "Via8_5". (5:16:08 下午  十月 20, 2012)
          [warning] Part Attributes: Name "Metal8" is already used, use name "Metal8_12". (5:16:08 下午  十月 20, 2012)
          [warning] 'Solve inside' for object 'Metal8_12' is unset, due to material assignment change. (5:16:09 下午  十月 20, 2012)
          [warning] Part Attributes: Name "Metal9" is already used, use name "Metal9_7". (5:16:09 下午  十月 20, 2012)
          [warning] 'Solve inside' for object 'Metal9_7' is unset, due to material assignment change. (5:16:09 下午  十月 20, 2012)
          [warning] Part Attributes: Name "Metal8" is already used, use name "Metal8_13". (5:16:09 下午  十月 20, 2012)
          [warning] Part Attributes: Name "Metal9" is already used, use name "Metal9_8". (5:16:09 下午  十月 20, 2012)
          [warning] Part Attributes: Name "Metal8" is already used, use name "Metal8_14". (5:16:09 下午  十月 20, 2012)
          [warning] Part Attributes: Name "Via8" is already used, use name "Via8_6". (5:16:09 下午  十月 20, 2012)
          [warning] Part Attributes: Name "Metal8" is already used, use name "Metal8_15". (5:16:09 下午  十月 20, 2012)
          [warning] Part Attributes: Name "Metal9" is already used, use name "Metal9_9". (5:16:09 下午  十月 20, 2012)
          [warning] Part Attributes: Name "Metal8" is already used, use name "Metal8_16". (5:16:09 下午  十月 20, 2012)
          [warning] Part Attributes: Name "Via8" is already used, use name "Via8_7". (5:16:09 下午  十月 20, 2012)
          [warning] Part Attributes: Name "Metal8" is already used, use name "Metal8_17". (5:16:09 下午  十月 20, 2012)
          [warning] 'Solve inside' for object 'Metal8_17' is unset, due to material assignment change. (5:16:09 下午  十月 20, 2012)
          [warning] Part Attributes: Name "Metal9" is already used, use name "Metal9_10". (5:16:09 下午  十月 20, 2012)
          [warning] 'Solve inside' for object 'Metal9_10' is unset, due to material assignment change. (5:16:10 下午  十月 20, 2012)
          [warning] Part Attributes: Name "Via8" is already used, use name "Via8_8". (5:16:10 下午  十月 20, 2012)
          [warning] 'Solve inside' for object 'Via8_8' is unset, due to material assignment change. (5:16:10 下午  十月 20, 2012)
          [warning] Part Attributes: Name "Metal8" is already used, use name "Metal8_18". (5:16:10 下午  十月 20, 2012)
          [warning] 'Solve inside' for object 'Metal8_18' is unset, due to material assignment change. (5:16:10 下午  十月 20, 2012)
          [warning] Part Attributes: Name "Metal9" is already used, use name "Metal9_11". (5:16:10 下午  十月 20, 2012)
          [warning] 'Solve inside' for object 'Metal9_11' is unset, due to material assignment change. (5:16:10 下午  十月 20, 2012)
          [warning] Part Attributes: Name "Via8" is already used, use name "Via8_9". (5:16:10 下午  十月 20, 2012)
          [warning] 'Solve inside' for object 'Via8_9' is unset, due to material assignment change. (5:16:10 下午  十月 20, 2012)
          [warning] Part Attributes: Name "Metal8" is already used, use name "Metal8_19". (5:16:10 下午  十月 20, 2012)
          [warning] 'Solve inside' for object 'Metal8_19' is unset, due to material assignment change. (5:16:11 下午  十月 20, 2012)
          [warning] Part Attributes: Name "Metal8" is already used, use name "Metal8_20". (5:16:11 下午  十月 20, 2012)
          [warning] Part Attributes: Name "Metal9" is already used, use name "Metal9_12". (5:16:11 下午  十月 20, 2012)
          [warning] Part Attributes: Name "Metal8" is already used, use name "Metal8_21". (5:16:11 下午  十月 20, 2012)
          [warning] Part Attributes: Name "Via8" is already used, use name "Via8_10". (5:16:11 下午  十月 20, 2012)
          [warning] Part Attributes: Name "Metal8" is already used, use name "Metal8_22". (5:16:11 下午  十月 20, 2012)
          [warning] Part Attributes: Name "Metal9" is already used, use name "Metal9_13". (5:16:11 下午  十月 20, 2012)
          [warning] Part Attributes: Name "Metal8" is already used, use name "Metal8_23". (5:16:11 下午  十月 20, 2012)
          [warning] Part Attributes: Name "Via8" is already used, use name "Via8_11". (5:16:11 下午  十月 20, 2012)
          [warning] Part Attributes: Name "Metal8" is already used, use name "Metal8_24". (5:16:11 下午  十月 20, 2012)
          [warning] 'Solve inside' for object 'Metal8_24' is unset, due to material assignment change. (5:16:11 下午  十月 20, 2012)
          [warning] Part Attributes: Name "Metal9" is already used, use name "Metal9_14". (5:16:11 下午  十月 20, 2012)
          [warning] 'Solve inside' for object 'Metal9_14' is unset, due to material assignment change. (5:16:11 下午  十月 20, 2012)
          [warning] Part Attributes: Name "Metal8" is already used, use name "Metal8_25". (5:16:11 下午  十月 20, 2012)
          [warning] Part Attributes: Name "Metal9" is already used, use name "Metal9_15". (5:16:12 下午  十月 20, 2012)
          [warning] Part Attributes: Name "Metal8" is already used, use name "Metal8_26". (5:16:12 下午  十月 20, 2012)
          [warning] Part Attributes: Name "Via8" is already used, use name "Via8_12". (5:16:12 下午  十月 20, 2012)
          [warning] Part Attributes: Name "Metal8" is already used, use name "Metal8_27". (5:16:12 下午  十月 20, 2012)
          [warning] Part Attributes: Name "Metal9" is already used, use name "Metal9_16". (5:16:12 下午  十月 20, 2012)
          [warning] Part Attributes: Name "Metal8" is already used, use name "Metal8_28". (5:16:12 下午  十月 20, 2012)
          [warning] Part Attributes: Name "Via8" is already used, use name "Via8_13". (5:16:12 下午  十月 20, 2012)
          [warning] Part Attributes: Name "Metal8" is already used, use name "Metal8_29". (5:16:12 下午  十月 20, 2012)
          [warning] 'Solve inside' for object 'Metal8_29' is unset, due to material assignment change. (5:16:12 下午  十月 20, 2012)
          [warning] Part Attributes: Name "Metal9" is already used, use name "Metal9_17". (5:16:12 下午  十月 20, 2012)
          [warning] 'Solve inside' for object 'Metal9_17' is unset, due to material assignment change. (5:16:12 下午  十月 20, 2012)
          [warning] Part Attributes: Name "Via8" is already used, use name "Via8_14". (5:16:12 下午  十月 20, 2012)
          [warning] 'Solve inside' for object 'Via8_14' is unset, due to material assignment change. (5:16:13 下午  十月 20, 2012)
          [warning] Part Attributes: Name "Metal8" is already used, use name "Metal8_30". (5:16:13 下午  十月 20, 2012)
          [warning] 'Solve inside' for object 'Metal8_30' is unset, due to material assignment change. (5:16:13 下午  十月 20, 2012)
          [warning] Part Attributes: Name "Metal9" is already used, use name "Metal9_18". (5:16:13 下午  十月 20, 2012)
          [warning] 'Solve inside' for object 'Metal9_18' is unset, due to material assignment change. (5:16:13 下午  十月 20, 2012)
          [warning] Part Attributes: Name "Via8" is already used, use name "Via8_15". (5:16:13 下午  十月 20, 2012)
          [warning] 'Solve inside' for object 'Via8_15' is unset, due to material assignment change. (5:16:13 下午  十月 20, 2012)
          [warning] Part Attributes: Name "Metal8" is already used, use name "Metal8_31". (5:16:13 下午  十月 20, 2012)
          [warning] 'Solve inside' for object 'Metal8_31' is unset, due to material assignment change. (5:16:14 下午  十月 20, 2012)
          [warning] Part Attributes: Name "Metal8" is already used, use name "Metal8_32". (5:16:14 下午  十月 20, 2012)
          [warning] Part Attributes: Name "Metal9" is already used, use name "Metal9_19". (5:16:14 下午  十月 20, 2012)
          [warning] Part Attributes: Name "Metal8" is already used, use name "Metal8_33". (5:16:14 下午  十月 20, 2012)
          [warning] Part Attributes: Name "Via8" is already used, use name "Via8_16". (5:16:14 下午  十月 20, 2012)
          [warning] Part Attributes: Name "Metal8" is already used, use name "Metal8_34". (5:16:14 下午  十月 20, 2012)
          [warning] Part Attributes: Name "Metal9" is already used, use name "Metal9_20". (5:16:14 下午  十月 20, 2012)
          [warning] Part Attributes: Name "Metal8" is already used, use name "Metal8_35". (5:16:14 下午  十月 20, 2012)
          [warning] Part Attributes: Name "Via8" is already used, use name "Via8_17". (5:16:14 下午  十月 20, 2012)
          [warning] Part Attributes: Name "Metal8" is already used, use name "Metal8_36". (5:16:14 下午  十月 20, 2012)
          [warning] 'Solve inside' for object 'Metal8_36' is unset, due to material assignment change. (5:16:14 下午  十月 20, 2012)
          [warning] Part Attributes: Name "Metal9" is already used, use name "Metal9_21". (5:16:15 下午  十月 20, 2012)
          [warning] 'Solve inside' for object 'Metal9_21' is unset, due to material assignment change. (5:16:15 下午  十月 20, 2012)
          [warning] Part Attributes: Name "Metal8" is already used, use name "Metal8_37". (5:16:15 下午  十月 20, 2012)
          [warning] Part Attributes: Name "Metal9" is already used, use name "Metal9_22". (5:16:15 下午  十月 20, 2012)
          [warning] Part Attributes: Name "Metal8" is already used, use name "Metal8_38". (5:16:15 下午  十月 20, 2012)
          [warning] Part Attributes: Name "Via8" is already used, use name "Via8_18". (5:16:15 下午  十月 20, 2012)
          [warning] Part Attributes: Name "Metal8" is already used, use name "Metal8_39". (5:16:15 下午  十月 20, 2012)
          [warning] Part Attributes: Name "Metal9" is already used, use name "Metal9_23". (5:16:15 下午  十月 20, 2012)
          [warning] Part Attributes: Name "Metal8" is already used, use name "Metal8_40". (5:16:15 下午  十月 20, 2012)
          [warning] Part Attributes: Name "Via8" is already used, use name "Via8_19". (5:16:15 下午  十月 20, 2012)
          [warning] Part Attributes: Name "Metal8" is already used, use name "Metal8_41". (5:16:15 下午  十月 20, 2012)
          [warning] 'Solve inside' for object 'Metal8_41' is unset, due to material assignment change. (5:16:16 下午  十月 20, 2012)
          [warning] Part Attributes: Name "Metal9" is already used, use name "Metal9_24". (5:16:16 下午  十月 20, 2012)
          [warning] 'Solve inside' for object 'Metal9_24' is unset, due to material assignment change. (5:16:16 下午  十月 20, 2012)
          [warning] Part Attributes: Name "Via8" is already used, use name "Via8_20". (5:16:16 下午  十月 20, 2012)
          [warning] 'Solve inside' for object 'Via8_20' is unset, due to material assignment change. (5:16:16 下午  十月 20, 2012)
          [warning] Part Attributes: Name "Metal8" is already used, use name "Metal8_42". (5:16:16 下午  十月 20, 2012)
          [warning] 'Solve inside' for object 'Metal8_42' is unset, due to material assignment change. (5:16:16 下午  十月 20, 2012)
          [warning] Part Attributes: Name "Metal9" is already used, use name "Metal9_25". (5:16:16 下午  十月 20, 2012)
          [warning] 'Solve inside' for object 'Metal9_25' is unset, due to material assignment change. (5:16:17 下午  十月 20, 2012)
          [warning] Part Attributes: Name "Via8" is already used, use name "Via8_21". (5:16:17 下午  十月 20, 2012)
          [warning] 'Solve inside' for object 'Via8_21' is unset, due to material assignment change. (5:16:17 下午  十月 20, 2012)
          [warning] Part Attributes: Name "Metal8" is already used, use name "Metal8_43". (5:16:17 下午  十月 20, 2012)
          [warning] 'Solve inside' for object 'Metal8_43' is unset, due to material assignment change. (5:16:17 下午  十月 20, 2012)
          [warning] Part Attributes: Name "Metal8" is already used, use name "Metal8_44". (5:16:17 下午  十月 20, 2012)
          [warning] Part Attributes: Name "Metal9" is already used, use name "Metal9_26". (5:16:17 下午  十月 20, 2012)
          [warning] Part Attributes: Name "Metal8" is already used, use name "Metal8_45". (5:16:17 下午  十月 20, 2012)
          [warning] Part Attributes: Name "Via8" is already used, use name "Via8_22". (5:16:17 下午  十月 20, 2012)
          [warning] Part Attributes: Name "Metal8" is already used, use name "Metal8_46". (5:16:17 下午  十月 20, 2012)
          [warning] Part Attributes: Name "Metal9" is already used, use name "Metal9_27". (5:16:18 下午  十月 20, 2012)
          [warning] Part Attributes: Name "Metal8" is already used, use name "Metal8_47". (5:16:18 下午  十月 20, 2012)
          [warning] Part Attributes: Name "Via8" is already used, use name "Via8_23". (5:16:18 下午  十月 20, 2012)
          [warning] Part Attributes: Name "Metal9" is already used, use name "Metal9_28". (5:16:18 下午  十月 20, 2012)
          [warning] Part Attributes: Name "Metal9" is already used, use name "Metal9_29". (5:16:18 下午  十月 20, 2012)
          [warning] Part Attributes: Name "Metal9" is already used, use name "Metal9_30". (5:16:18 下午  十月 20, 2012)
          [warning] Part Attributes: Name "Metal9" is already used, use name "Metal9_31". (5:16:18 下午  十月 20, 2012)
          [warning] Part Attributes: Name "Metal9" is already used, use name "Metal9_32". (5:16:18 下午  十月 20, 2012)
          [warning] Part Attributes: Name "Metal9" is already used, use name "Metal9_33". (5:16:18 下午  十月 20, 2012)
          [warning] 'Solve inside' for object 'Metal9_33' is unset, due to material assignment change. (5:16:18 下午  十月 20, 2012)
          [warning] Part Attributes: Name "Metal9" is already used, use name "Metal9_34". (5:16:18 下午  十月 20, 2012)
          [warning] Part Attributes: Name "Metal9" is already used, use name "Metal9_35". (5:16:19 下午  十月 20, 2012)
          [warning] Part Attributes: Name "Metal9" is already used, use name "Metal9_36". (5:16:19 下午  十月 20, 2012)
          [warning] Part Attributes: Name "Metal9" is already used, use name "Metal9_37". (5:16:19 下午  十月 20, 2012)
          [warning] Part Attributes: Name "Metal8" is already used, use name "Metal8_48". (5:16:19 下午  十月 20, 2012)
          [warning] 'Solve inside' for object 'Metal8_48' is unset, due to material assignment change. (5:16:19 下午  十月 20, 2012)
          [warning] Part Attributes: Name "Metal8" is already used, use name "Metal8_49". (5:16:19 下午  十月 20, 2012)
          [warning] Part Attributes: Name "Metal9" is already used, use name "Metal9_38". (5:16:19 下午  十月 20, 2012)
          [warning] Part Attributes: Name "Metal8" is already used, use name "Metal8_50". (5:16:19 下午  十月 20, 2012)
          [warning] Part Attributes: Name "Via8" is already used, use name "Via8_24". (5:16:19 下午  十月 20, 2012)
          [warning] Part Attributes: Name "Metal8" is already used, use name "Metal8_51". (5:16:19 下午  十月 20, 2012)
          [warning] Part Attributes: Name "Metal9" is already used, use name "Metal9_39". (5:16:20 下午  十月 20, 2012)
          [warning] Part Attributes: Name "Metal8" is already used, use name "Metal8_52". (5:16:20 下午  十月 20, 2012)
          [warning] Part Attributes: Name "Via8" is already used, use name "Via8_25". (5:16:20 下午  十月 20, 2012)
          [warning] Part Attributes: Name "Metal9" is already used, use name "Metal9_40". (5:16:20 下午  十月 20, 2012)
          [warning] 'Solve inside' for object 'Metal9_40' is unset, due to material assignment change. (5:16:20 下午  十月 20, 2012)
          [warning] Part Attributes: Name "Metal9" is already used, use name "Metal9_41". (5:16:20 下午  十月 20, 2012)
          [warning] Part Attributes: Name "Metal9" is already used, use name "Metal9_42". (5:16:20 下午  十月 20, 2012)
          [warning] Part Attributes: Name "Metal9" is already used, use name "Metal9_43". (5:16:20 下午  十月 20, 2012)
          [warning] Part Attributes: Name "Metal9" is already used, use name "Metal9_44". (5:16:20 下午  十月 20, 2012)
          [warning] Part Attributes: Name "Metal9" is already used, use name "Metal9_45". (5:16:20 下午  十月 20, 2012)
          [warning] 'Solve inside' for object 'Metal9_45' is unset, due to material assignment change. (5:16:21 下午  十月 20, 2012)
          [warning] Part Attributes: Name "Metal9" is already used, use name "Metal9_46". (5:16:21 下午  十月 20, 2012)
          [warning] 'Solve inside' for object 'Metal9_46' is unset, due to material assignment change. (5:16:21 下午  十月 20, 2012)
          [warning] Part Attributes: Name "Metal9" is already used, use name "Metal9_47". (5:16:21 下午  十月 20, 2012)
          [warning] 'Solve inside' for object 'Metal9_47' is unset, due to material assignment change. (5:16:21 下午  十月 20, 2012)
          [warning] Part Attributes: Name "Metal9" is already used, use name "Metal9_48". (5:16:21 下午  十月 20, 2012)
          [warning] Part Attributes: Name "Metal9" is already used, use name "Metal9_49". (5:16:21 下午  十月 20, 2012)
          [warning] Part Attributes: Name "Metal9" is already used, use name "Metal9_50". (5:16:21 下午  十月 20, 2012)
          [warning] Part Attributes: Name "Metal9" is already used, use name "Metal9_51". (5:16:22 下午  十月 20, 2012)
          [warning] Part Attributes: Name "Metal9" is already used, use name "Metal9_52". (5:16:22 下午  十月 20, 2012)
          [warning] 'Solve inside' for object 'Metal9_52' is unset, due to material assignment change. (5:16:22 下午  十月 20, 2012)
          [warning] Part Attributes: Name "Metal9" is already used, use name "Metal9_53". (5:16:22 下午  十月 20, 2012)
          [warning] 'Solve inside' for object 'Metal9_53' is unset, due to material assignment change. (5:16:22 下午  十月 20, 2012)
          [warning] Part Attributes: Name "Metal9" is already used, use name "Metal9_54". (5:16:22 下午  十月 20, 2012)
          [warning] Part Attributes: Name "Metal9" is already used, use name "Metal9_55". (5:16:22 下午  十月 20, 2012)
          [warning] Part Attributes: Name "Metal9" is already used, use name "Metal9_56". (5:16:22 下午  十月 20, 2012)
          [warning] Part Attributes: Name "Metal9" is already used, use name "Metal9_57". (5:16:23 下午  十月 20, 2012)
          [warning] Part Attributes: Name "Metal8" is already used, use name "Metal8_53". (5:16:23 下午  十月 20, 2012)
          [warning] Part Attributes: Name "Metal8" is already used, use name "Metal8_54". (5:16:23 下午  十月 20, 2012)
          [warning] Part Attributes: Name "Metal9" is already used, use name "Metal9_58". (5:16:23 下午  十月 20, 2012)
          [warning] Part Attributes: Name "Metal8" is already used, use name "Metal8_55". (5:16:23 下午  十月 20, 2012)
          [warning] Part Attributes: Name "Via8" is already used, use name "Via8_26". (5:16:23 下午  十月 20, 2012)
          [warning] Part Attributes: Name "Metal8" is already used, use name "Metal8_56". (5:16:23 下午  十月 20, 2012)
          [warning] Part Attributes: Name "Metal9" is already used, use name "Metal9_59". (5:16:23 下午  十月 20, 2012)
          [warning] Part Attributes: Name "Metal8" is already used, use name "Metal8_57". (5:16:23 下午  十月 20, 2012)
          [warning] Part Attributes: Name "Via8" is already used, use name "Via8_27". (5:16:24 下午  十月 20, 2012)
          [warning] Part Attributes: Name "Metal8" is already used, use name "Metal8_58". (5:16:24 下午  十月 20, 2012)
          [warning] Part Attributes: Name "Metal8" is already used, use name "Metal8_59". (5:16:24 下午  十月 20, 2012)
          [warning] Part Attributes: Name "Metal9" is already used, use name "Metal9_60". (5:16:24 下午  十月 20, 2012)
          [warning] Part Attributes: Name "Metal8" is already used, use name "Metal8_60". (5:16:24 下午  十月 20, 2012)
          [warning] Part Attributes: Name "Via8" is already used, use name "Via8_28". (5:16:24 下午  十月 20, 2012)
          [warning] Part Attributes: Name "Metal8" is already used, use name "Metal8_61". (5:16:24 下午  十月 20, 2012)
          [warning] Part Attributes: Name "Metal9" is already used, use name "Metal9_61". (5:16:24 下午  十月 20, 2012)
          [warning] Part Attributes: Name "Metal8" is already used, use name "Metal8_62". (5:16:24 下午  十月 20, 2012)
          [warning] Part Attributes: Name "Via8" is already used, use name "Via8_29". (5:16:24 下午  十月 20, 2012)
          [warning] Part Attributes: Name "Metal8" is already used, use name "Metal8_63". (5:16:25 下午  十月 20, 2012)
          [warning] Part Attributes: Name "Metal9" is already used, use name "Metal9_62". (5:16:25 下午  十月 20, 2012)
          [warning] Part Attributes: Name "Metal8" is already used, use name "Metal8_64". (5:16:25 下午  十月 20, 2012)
          [warning] Part Attributes: Name "Via8" is already used, use name "Via8_30". (5:16:25 下午  十月 20, 2012)
          [warning] Part Attributes: Name "Metal8" is already used, use name "Metal8_65". (5:16:25 下午  十月 20, 2012)
          [warning] Part Attributes: Name "Metal9" is already used, use name "Metal9_63". (5:16:25 下午  十月 20, 2012)
          [warning] Part Attributes: Name "Metal8" is already used, use name "Metal8_66". (5:16:25 下午  十月 20, 2012)
          [warning] Part Attributes: Name "Via8" is already used, use name "Via8_31". (5:16:25 下午  十月 20, 2012)
-- Message Window --
Stopping Batch Run: 5:16:30 下午  十月 20, 2012
