 
Ansoft HFSS Version 14.0.0, Build: 2011-10-22 21:03:32
Location: C:\Program Files\Ansoft\HFSS14.0\Win64\hfss.exe
Batch Script: F:/Dropbox/ANTLR/HFSS_API/examples/T65_XFM_ANTLR/./XFM-D120I5O3S2.vbs
Starting Batch Run: 4:54:41 下午  十月 20, 2012
Running as user: michael-PC\michael2
Temp directory: C:\Users\michael\AppData\Local\Temp
Project directory: C:\Users\michael2\Documents\Ansoft
-- Message Window --
      XFM-D120I5O3S2 (G:/HFSS_SIMULATIONS/T65_XFM/)
        BEOL_6X1Z1U (DrivenTerminal)
          [warning] 'Solve inside' for object 'Metal8' is unset, due to material assignment change. (4:54:45 下午  十月 20, 2012)
          [warning] 'Solve inside' for object 'Metal9' is unset, due to material assignment change. (4:54:45 下午  十月 20, 2012)
          [warning] Part Attributes: Name "Metal8" is already used, use name "Metal8_1". (4:54:45 下午  十月 20, 2012)
          [warning] Part Attributes: Name "Metal9" is already used, use name "Metal9_1". (4:54:45 下午  十月 20, 2012)
          [warning] Part Attributes: Name "Metal8" is already used, use name "Metal8_2". (4:54:45 下午  十月 20, 2012)
          [warning] Part Attributes: Name "Metal8" is already used, use name "Metal8_3". (4:54:45 下午  十月 20, 2012)
          [warning] Part Attributes: Name "Metal9" is already used, use name "Metal9_2". (4:54:45 下午  十月 20, 2012)
          [warning] Part Attributes: Name "Metal8" is already used, use name "Metal8_4". (4:54:45 下午  十月 20, 2012)
          [warning] Part Attributes: Name "Via8" is already used, use name "Via8_1". (4:54:45 下午  十月 20, 2012)
          [warning] Part Attributes: Name "Metal8" is already used, use name "Metal8_5". (4:54:46 下午  十月 20, 2012)
          [warning] 'Solve inside' for object 'Metal8_5' is unset, due to material assignment change. (4:54:46 下午  十月 20, 2012)
          [warning] Part Attributes: Name "Metal9" is already used, use name "Metal9_3". (4:54:46 下午  十月 20, 2012)
          [warning] 'Solve inside' for object 'Metal9_3' is unset, due to material assignment change. (4:54:46 下午  十月 20, 2012)
          [warning] Part Attributes: Name "Via8" is already used, use name "Via8_2". (4:54:47 下午  十月 20, 2012)
          [warning] 'Solve inside' for object 'Via8_2' is unset, due to material assignment change. (4:54:47 下午  十月 20, 2012)
          [warning] Part Attributes: Name "Metal8" is already used, use name "Metal8_6". (4:54:47 下午  十月 20, 2012)
          [warning] 'Solve inside' for object 'Metal8_6' is unset, due to material assignment change. (4:54:47 下午  十月 20, 2012)
          [warning] Part Attributes: Name "Metal9" is already used, use name "Metal9_4". (4:54:47 下午  十月 20, 2012)
          [warning] 'Solve inside' for object 'Metal9_4' is unset, due to material assignment change. (4:54:47 下午  十月 20, 2012)
          [warning] Part Attributes: Name "Via8" is already used, use name "Via8_3". (4:54:47 下午  十月 20, 2012)
          [warning] 'Solve inside' for object 'Via8_3' is unset, due to material assignment change. (4:54:48 下午  十月 20, 2012)
          [warning] Part Attributes: Name "Metal8" is already used, use name "Metal8_7". (4:54:48 下午  十月 20, 2012)
          [warning] 'Solve inside' for object 'Metal8_7' is unset, due to material assignment change. (4:54:48 下午  十月 20, 2012)
          [warning] Part Attributes: Name "Metal8" is already used, use name "Metal8_8". (4:54:48 下午  十月 20, 2012)
          [warning] Part Attributes: Name "Metal9" is already used, use name "Metal9_5". (4:54:48 下午  十月 20, 2012)
          [warning] Part Attributes: Name "Metal8" is already used, use name "Metal8_9". (4:54:48 下午  十月 20, 2012)
          [warning] Part Attributes: Name "Via8" is already used, use name "Via8_4". (4:54:48 下午  十月 20, 2012)
          [warning] Part Attributes: Name "Metal8" is already used, use name "Metal8_10". (4:54:48 下午  十月 20, 2012)
          [warning] Part Attributes: Name "Metal9" is already used, use name "Metal9_6". (4:54:48 下午  十月 20, 2012)
          [warning] Part Attributes: Name "Metal8" is already used, use name "Metal8_11". (4:54:48 下午  十月 20, 2012)
          [warning] Part Attributes: Name "Via8" is already used, use name "Via8_5". (4:54:49 下午  十月 20, 2012)
          [warning] Part Attributes: Name "Metal8" is already used, use name "Metal8_12". (4:54:49 下午  十月 20, 2012)
          [warning] 'Solve inside' for object 'Metal8_12' is unset, due to material assignment change. (4:54:49 下午  十月 20, 2012)
          [warning] Part Attributes: Name "Metal9" is already used, use name "Metal9_7". (4:54:49 下午  十月 20, 2012)
          [warning] 'Solve inside' for object 'Metal9_7' is unset, due to material assignment change. (4:54:49 下午  十月 20, 2012)
          [warning] Part Attributes: Name "Metal8" is already used, use name "Metal8_13". (4:54:49 下午  十月 20, 2012)
          [warning] Part Attributes: Name "Metal9" is already used, use name "Metal9_8". (4:54:49 下午  十月 20, 2012)
          [warning] Part Attributes: Name "Metal8" is already used, use name "Metal8_14". (4:54:49 下午  十月 20, 2012)
          [warning] Part Attributes: Name "Via8" is already used, use name "Via8_6". (4:54:50 下午  十月 20, 2012)
          [warning] Part Attributes: Name "Metal8" is already used, use name "Metal8_15". (4:54:50 下午  十月 20, 2012)
          [warning] Part Attributes: Name "Metal9" is already used, use name "Metal9_9". (4:54:50 下午  十月 20, 2012)
          [warning] Part Attributes: Name "Metal8" is already used, use name "Metal8_16". (4:54:50 下午  十月 20, 2012)
          [warning] Part Attributes: Name "Via8" is already used, use name "Via8_7". (4:54:50 下午  十月 20, 2012)
          [warning] Part Attributes: Name "Metal8" is already used, use name "Metal8_17". (4:54:50 下午  十月 20, 2012)
          [warning] 'Solve inside' for object 'Metal8_17' is unset, due to material assignment change. (4:54:50 下午  十月 20, 2012)
          [warning] Part Attributes: Name "Metal9" is already used, use name "Metal9_10". (4:54:50 下午  十月 20, 2012)
          [warning] 'Solve inside' for object 'Metal9_10' is unset, due to material assignment change. (4:54:51 下午  十月 20, 2012)
          [warning] Part Attributes: Name "Via8" is already used, use name "Via8_8". (4:54:51 下午  十月 20, 2012)
          [warning] 'Solve inside' for object 'Via8_8' is unset, due to material assignment change. (4:54:51 下午  十月 20, 2012)
          [warning] Part Attributes: Name "Metal8" is already used, use name "Metal8_18". (4:54:51 下午  十月 20, 2012)
          [warning] 'Solve inside' for object 'Metal8_18' is unset, due to material assignment change. (4:54:51 下午  十月 20, 2012)
          [warning] Part Attributes: Name "Metal9" is already used, use name "Metal9_11". (4:54:51 下午  十月 20, 2012)
          [warning] 'Solve inside' for object 'Metal9_11' is unset, due to material assignment change. (4:54:51 下午  十月 20, 2012)
          [warning] Part Attributes: Name "Via8" is already used, use name "Via8_9". (4:54:51 下午  十月 20, 2012)
          [warning] 'Solve inside' for object 'Via8_9' is unset, due to material assignment change. (4:54:52 下午  十月 20, 2012)
          [warning] Part Attributes: Name "Metal8" is already used, use name "Metal8_19". (4:54:52 下午  十月 20, 2012)
          [warning] 'Solve inside' for object 'Metal8_19' is unset, due to material assignment change. (4:54:52 下午  十月 20, 2012)
          [warning] Part Attributes: Name "Metal8" is already used, use name "Metal8_20". (4:54:52 下午  十月 20, 2012)
          [warning] Part Attributes: Name "Metal9" is already used, use name "Metal9_12". (4:54:52 下午  十月 20, 2012)
          [warning] Part Attributes: Name "Metal8" is already used, use name "Metal8_21". (4:54:52 下午  十月 20, 2012)
          [warning] Part Attributes: Name "Via8" is already used, use name "Via8_10". (4:54:52 下午  十月 20, 2012)
          [warning] Part Attributes: Name "Metal8" is already used, use name "Metal8_22". (4:54:53 下午  十月 20, 2012)
          [warning] Part Attributes: Name "Metal9" is already used, use name "Metal9_13". (4:54:53 下午  十月 20, 2012)
          [warning] Part Attributes: Name "Metal8" is already used, use name "Metal8_23". (4:54:53 下午  十月 20, 2012)
          [warning] Part Attributes: Name "Via8" is already used, use name "Via8_11". (4:54:53 下午  十月 20, 2012)
          [warning] Part Attributes: Name "Metal8" is already used, use name "Metal8_24". (4:54:53 下午  十月 20, 2012)
          [warning] 'Solve inside' for object 'Metal8_24' is unset, due to material assignment change. (4:54:53 下午  十月 20, 2012)
          [warning] Part Attributes: Name "Metal9" is already used, use name "Metal9_14". (4:54:53 下午  十月 20, 2012)
          [warning] 'Solve inside' for object 'Metal9_14' is unset, due to material assignment change. (4:54:54 下午  十月 20, 2012)
          [warning] Part Attributes: Name "Metal8" is already used, use name "Metal8_25". (4:54:54 下午  十月 20, 2012)
          [warning] Part Attributes: Name "Metal9" is already used, use name "Metal9_15". (4:54:54 下午  十月 20, 2012)
          [warning] Part Attributes: Name "Metal8" is already used, use name "Metal8_26". (4:54:54 下午  十月 20, 2012)
          [warning] Part Attributes: Name "Via8" is already used, use name "Via8_12". (4:54:54 下午  十月 20, 2012)
          [warning] Part Attributes: Name "Metal8" is already used, use name "Metal8_27". (4:54:54 下午  十月 20, 2012)
          [warning] Part Attributes: Name "Metal9" is already used, use name "Metal9_16". (4:54:54 下午  十月 20, 2012)
          [warning] Part Attributes: Name "Metal8" is already used, use name "Metal8_28". (4:54:54 下午  十月 20, 2012)
          [warning] Part Attributes: Name "Via8" is already used, use name "Via8_13". (4:54:54 下午  十月 20, 2012)
          [warning] Part Attributes: Name "Metal8" is already used, use name "Metal8_29". (4:54:55 下午  十月 20, 2012)
          [warning] 'Solve inside' for object 'Metal8_29' is unset, due to material assignment change. (4:54:55 下午  十月 20, 2012)
          [warning] Part Attributes: Name "Metal9" is already used, use name "Metal9_17". (4:54:55 下午  十月 20, 2012)
          [warning] 'Solve inside' for object 'Metal9_17' is unset, due to material assignment change. (4:54:55 下午  十月 20, 2012)
          [warning] Part Attributes: Name "Via8" is already used, use name "Via8_14". (4:54:55 下午  十月 20, 2012)
          [warning] 'Solve inside' for object 'Via8_14' is unset, due to material assignment change. (4:54:56 下午  十月 20, 2012)
          [warning] Part Attributes: Name "Metal8" is already used, use name "Metal8_30". (4:54:56 下午  十月 20, 2012)
          [warning] 'Solve inside' for object 'Metal8_30' is unset, due to material assignment change. (4:54:56 下午  十月 20, 2012)
          [warning] Part Attributes: Name "Metal9" is already used, use name "Metal9_18". (4:54:56 下午  十月 20, 2012)
          [warning] 'Solve inside' for object 'Metal9_18' is unset, due to material assignment change. (4:54:56 下午  十月 20, 2012)
          [warning] Part Attributes: Name "Via8" is already used, use name "Via8_15". (4:54:56 下午  十月 20, 2012)
          [warning] 'Solve inside' for object 'Via8_15' is unset, due to material assignment change. (4:54:56 下午  十月 20, 2012)
          [warning] Part Attributes: Name "Metal8" is already used, use name "Metal8_31". (4:54:56 下午  十月 20, 2012)
          [warning] 'Solve inside' for object 'Metal8_31' is unset, due to material assignment change. (4:54:57 下午  十月 20, 2012)
          [warning] Part Attributes: Name "Metal8" is already used, use name "Metal8_32". (4:54:57 下午  十月 20, 2012)
          [warning] Part Attributes: Name "Metal9" is already used, use name "Metal9_19". (4:54:57 下午  十月 20, 2012)
          [warning] Part Attributes: Name "Metal8" is already used, use name "Metal8_33". (4:54:57 下午  十月 20, 2012)
          [warning] Part Attributes: Name "Via8" is already used, use name "Via8_16". (4:54:57 下午  十月 20, 2012)
          [warning] Part Attributes: Name "Metal8" is already used, use name "Metal8_34". (4:54:57 下午  十月 20, 2012)
          [warning] Part Attributes: Name "Metal9" is already used, use name "Metal9_20". (4:54:57 下午  十月 20, 2012)
          [warning] Part Attributes: Name "Metal8" is already used, use name "Metal8_35". (4:54:58 下午  十月 20, 2012)
          [warning] Part Attributes: Name "Via8" is already used, use name "Via8_17". (4:54:58 下午  十月 20, 2012)
          [warning] Part Attributes: Name "Metal8" is already used, use name "Metal8_36". (4:54:58 下午  十月 20, 2012)
          [warning] 'Solve inside' for object 'Metal8_36' is unset, due to material assignment change. (4:54:58 下午  十月 20, 2012)
          [warning] Part Attributes: Name "Metal9" is already used, use name "Metal9_21". (4:54:58 下午  十月 20, 2012)
          [warning] 'Solve inside' for object 'Metal9_21' is unset, due to material assignment change. (4:54:58 下午  十月 20, 2012)
          [warning] Part Attributes: Name "Metal8" is already used, use name "Metal8_37". (4:54:59 下午  十月 20, 2012)
          [warning] Part Attributes: Name "Metal9" is already used, use name "Metal9_22". (4:54:59 下午  十月 20, 2012)
          [warning] Part Attributes: Name "Metal8" is already used, use name "Metal8_38". (4:54:59 下午  十月 20, 2012)
          [warning] Part Attributes: Name "Via8" is already used, use name "Via8_18". (4:54:59 下午  十月 20, 2012)
          [warning] Part Attributes: Name "Metal8" is already used, use name "Metal8_39". (4:54:59 下午  十月 20, 2012)
          [warning] Part Attributes: Name "Metal9" is already used, use name "Metal9_23". (4:54:59 下午  十月 20, 2012)
          [warning] Part Attributes: Name "Metal8" is already used, use name "Metal8_40". (4:54:59 下午  十月 20, 2012)
          [warning] Part Attributes: Name "Via8" is already used, use name "Via8_19". (4:54:59 下午  十月 20, 2012)
          [warning] Part Attributes: Name "Metal8" is already used, use name "Metal8_41". (4:55:00 下午  十月 20, 2012)
          [warning] 'Solve inside' for object 'Metal8_41' is unset, due to material assignment change. (4:55:00 下午  十月 20, 2012)
          [warning] Part Attributes: Name "Metal9" is already used, use name "Metal9_24". (4:55:00 下午  十月 20, 2012)
          [warning] 'Solve inside' for object 'Metal9_24' is unset, due to material assignment change. (4:55:00 下午  十月 20, 2012)
          [warning] Part Attributes: Name "Via8" is already used, use name "Via8_20". (4:55:00 下午  十月 20, 2012)
          [warning] 'Solve inside' for object 'Via8_20' is unset, due to material assignment change. (4:55:01 下午  十月 20, 2012)
          [warning] Part Attributes: Name "Metal8" is already used, use name "Metal8_42". (4:55:01 下午  十月 20, 2012)
          [warning] 'Solve inside' for object 'Metal8_42' is unset, due to material assignment change. (4:55:01 下午  十月 20, 2012)
          [warning] Part Attributes: Name "Metal9" is already used, use name "Metal9_25". (4:55:01 下午  十月 20, 2012)
          [warning] 'Solve inside' for object 'Metal9_25' is unset, due to material assignment change. (4:55:01 下午  十月 20, 2012)
          [warning] Part Attributes: Name "Via8" is already used, use name "Via8_21". (4:55:01 下午  十月 20, 2012)
          [warning] 'Solve inside' for object 'Via8_21' is unset, due to material assignment change. (4:55:02 下午  十月 20, 2012)
          [warning] Part Attributes: Name "Metal8" is already used, use name "Metal8_43". (4:55:02 下午  十月 20, 2012)
          [warning] 'Solve inside' for object 'Metal8_43' is unset, due to material assignment change. (4:55:02 下午  十月 20, 2012)
          [warning] Part Attributes: Name "Metal8" is already used, use name "Metal8_44". (4:55:02 下午  十月 20, 2012)
          [warning] Part Attributes: Name "Metal9" is already used, use name "Metal9_26". (4:55:02 下午  十月 20, 2012)
          [warning] Part Attributes: Name "Metal8" is already used, use name "Metal8_45". (4:55:02 下午  十月 20, 2012)
          [warning] Part Attributes: Name "Via8" is already used, use name "Via8_22". (4:55:02 下午  十月 20, 2012)
          [warning] Part Attributes: Name "Metal8" is already used, use name "Metal8_46". (4:55:02 下午  十月 20, 2012)
          [warning] Part Attributes: Name "Metal9" is already used, use name "Metal9_27". (4:55:02 下午  十月 20, 2012)
          [warning] Part Attributes: Name "Metal8" is already used, use name "Metal8_47". (4:55:03 下午  十月 20, 2012)
          [warning] Part Attributes: Name "Via8" is already used, use name "Via8_23". (4:55:03 下午  十月 20, 2012)
          [warning] Part Attributes: Name "Metal9" is already used, use name "Metal9_28". (4:55:03 下午  十月 20, 2012)
          [warning] Part Attributes: Name "Metal9" is already used, use name "Metal9_29". (4:55:03 下午  十月 20, 2012)
          [warning] Part Attributes: Name "Metal9" is already used, use name "Metal9_30". (4:55:03 下午  十月 20, 2012)
          [warning] Part Attributes: Name "Metal9" is already used, use name "Metal9_31". (4:55:03 下午  十月 20, 2012)
          [warning] Part Attributes: Name "Metal9" is already used, use name "Metal9_32". (4:55:03 下午  十月 20, 2012)
          [warning] Part Attributes: Name "Metal9" is already used, use name "Metal9_33". (4:55:04 下午  十月 20, 2012)
          [warning] 'Solve inside' for object 'Metal9_33' is unset, due to material assignment change. (4:55:04 下午  十月 20, 2012)
          [warning] Part Attributes: Name "Metal9" is already used, use name "Metal9_34". (4:55:04 下午  十月 20, 2012)
          [warning] Part Attributes: Name "Metal9" is already used, use name "Metal9_35". (4:55:04 下午  十月 20, 2012)
          [warning] Part Attributes: Name "Metal9" is already used, use name "Metal9_36". (4:55:04 下午  十月 20, 2012)
          [warning] Part Attributes: Name "Metal9" is already used, use name "Metal9_37". (4:55:04 下午  十月 20, 2012)
          [warning] Part Attributes: Name "Metal8" is already used, use name "Metal8_48". (4:55:05 下午  十月 20, 2012)
          [warning] 'Solve inside' for object 'Metal8_48' is unset, due to material assignment change. (4:55:05 下午  十月 20, 2012)
          [warning] Part Attributes: Name "Metal8" is already used, use name "Metal8_49". (4:55:05 下午  十月 20, 2012)
          [warning] Part Attributes: Name "Metal9" is already used, use name "Metal9_38". (4:55:05 下午  十月 20, 2012)
          [warning] Part Attributes: Name "Metal8" is already used, use name "Metal8_50". (4:55:05 下午  十月 20, 2012)
          [warning] Part Attributes: Name "Via8" is already used, use name "Via8_24". (4:55:05 下午  十月 20, 2012)
          [warning] Part Attributes: Name "Metal8" is already used, use name "Metal8_51". (4:55:05 下午  十月 20, 2012)
          [warning] Part Attributes: Name "Metal9" is already used, use name "Metal9_39". (4:55:06 下午  十月 20, 2012)
          [warning] Part Attributes: Name "Metal8" is already used, use name "Metal8_52". (4:55:06 下午  十月 20, 2012)
          [warning] Part Attributes: Name "Via8" is already used, use name "Via8_25". (4:55:06 下午  十月 20, 2012)
          [warning] Part Attributes: Name "Metal9" is already used, use name "Metal9_40". (4:55:06 下午  十月 20, 2012)
          [warning] 'Solve inside' for object 'Metal9_40' is unset, due to material assignment change. (4:55:06 下午  十月 20, 2012)
          [warning] Part Attributes: Name "Metal9" is already used, use name "Metal9_41". (4:55:06 下午  十月 20, 2012)
          [warning] Part Attributes: Name "Metal9" is already used, use name "Metal9_42". (4:55:06 下午  十月 20, 2012)
          [warning] Part Attributes: Name "Metal9" is already used, use name "Metal9_43". (4:55:07 下午  十月 20, 2012)
          [warning] Part Attributes: Name "Metal9" is already used, use name "Metal9_44". (4:55:07 下午  十月 20, 2012)
          [warning] Part Attributes: Name "Metal9" is already used, use name "Metal9_45". (4:55:07 下午  十月 20, 2012)
          [warning] 'Solve inside' for object 'Metal9_45' is unset, due to material assignment change. (4:55:07 下午  十月 20, 2012)
          [warning] Part Attributes: Name "Metal9" is already used, use name "Metal9_46". (4:55:07 下午  十月 20, 2012)
          [warning] 'Solve inside' for object 'Metal9_46' is unset, due to material assignment change. (4:55:08 下午  十月 20, 2012)
          [warning] Part Attributes: Name "Metal9" is already used, use name "Metal9_47". (4:55:08 下午  十月 20, 2012)
          [warning] 'Solve inside' for object 'Metal9_47' is unset, due to material assignment change. (4:55:08 下午  十月 20, 2012)
          [warning] Part Attributes: Name "Metal9" is already used, use name "Metal9_48". (4:55:08 下午  十月 20, 2012)
          [warning] Part Attributes: Name "Metal9" is already used, use name "Metal9_49". (4:55:09 下午  十月 20, 2012)
          [warning] Part Attributes: Name "Metal9" is already used, use name "Metal9_50". (4:55:09 下午  十月 20, 2012)
          [warning] Part Attributes: Name "Metal9" is already used, use name "Metal9_51". (4:55:09 下午  十月 20, 2012)
          [warning] Part Attributes: Name "Metal9" is already used, use name "Metal9_52". (4:55:09 下午  十月 20, 2012)
          [warning] 'Solve inside' for object 'Metal9_52' is unset, due to material assignment change. (4:55:09 下午  十月 20, 2012)
          [warning] Part Attributes: Name "Metal9" is already used, use name "Metal9_53". (4:55:09 下午  十月 20, 2012)
          [warning] 'Solve inside' for object 'Metal9_53' is unset, due to material assignment change. (4:55:10 下午  十月 20, 2012)
          [warning] Part Attributes: Name "Metal9" is already used, use name "Metal9_54". (4:55:10 下午  十月 20, 2012)
          [warning] Part Attributes: Name "Metal9" is already used, use name "Metal9_55". (4:55:10 下午  十月 20, 2012)
          [warning] Part Attributes: Name "Metal9" is already used, use name "Metal9_56". (4:55:10 下午  十月 20, 2012)
          [warning] Part Attributes: Name "Metal9" is already used, use name "Metal9_57". (4:55:10 下午  十月 20, 2012)
          [warning] Part Attributes: Name "Metal8" is already used, use name "Metal8_53". (4:55:10 下午  十月 20, 2012)
          [warning] Part Attributes: Name "Metal8" is already used, use name "Metal8_54". (4:55:10 下午  十月 20, 2012)
          [warning] Part Attributes: Name "Metal9" is already used, use name "Metal9_58". (4:55:11 下午  十月 20, 2012)
          [warning] Part Attributes: Name "Metal8" is already used, use name "Metal8_55". (4:55:11 下午  十月 20, 2012)
          [warning] Part Attributes: Name "Via8" is already used, use name "Via8_26". (4:55:11 下午  十月 20, 2012)
          [warning] Part Attributes: Name "Metal8" is already used, use name "Metal8_56". (4:55:11 下午  十月 20, 2012)
          [warning] Part Attributes: Name "Metal9" is already used, use name "Metal9_59". (4:55:11 下午  十月 20, 2012)
          [warning] Part Attributes: Name "Metal8" is already used, use name "Metal8_57". (4:55:11 下午  十月 20, 2012)
          [warning] Part Attributes: Name "Via8" is already used, use name "Via8_27". (4:55:11 下午  十月 20, 2012)
          [warning] Part Attributes: Name "Metal8" is already used, use name "Metal8_58". (4:55:12 下午  十月 20, 2012)
          [warning] Part Attributes: Name "Metal8" is already used, use name "Metal8_59". (4:55:12 下午  十月 20, 2012)
          [warning] Part Attributes: Name "Metal9" is already used, use name "Metal9_60". (4:55:12 下午  十月 20, 2012)
          [warning] Part Attributes: Name "Metal8" is already used, use name "Metal8_60". (4:55:12 下午  十月 20, 2012)
          [warning] Part Attributes: Name "Via8" is already used, use name "Via8_28". (4:55:12 下午  十月 20, 2012)
          [warning] Part Attributes: Name "Metal8" is already used, use name "Metal8_61". (4:55:12 下午  十月 20, 2012)
          [warning] Part Attributes: Name "Metal9" is already used, use name "Metal9_61". (4:55:12 下午  十月 20, 2012)
          [warning] Part Attributes: Name "Metal8" is already used, use name "Metal8_62". (4:55:13 下午  十月 20, 2012)
          [warning] Part Attributes: Name "Via8" is already used, use name "Via8_29". (4:55:13 下午  十月 20, 2012)
          [warning] Part Attributes: Name "Metal8" is already used, use name "Metal8_63". (4:55:13 下午  十月 20, 2012)
          [warning] Part Attributes: Name "Metal9" is already used, use name "Metal9_62". (4:55:13 下午  十月 20, 2012)
          [warning] Part Attributes: Name "Metal8" is already used, use name "Metal8_64". (4:55:13 下午  十月 20, 2012)
          [warning] Part Attributes: Name "Via8" is already used, use name "Via8_30". (4:55:13 下午  十月 20, 2012)
          [warning] Part Attributes: Name "Metal8" is already used, use name "Metal8_65". (4:55:14 下午  十月 20, 2012)
          [warning] Part Attributes: Name "Metal9" is already used, use name "Metal9_63". (4:55:14 下午  十月 20, 2012)
          [warning] Part Attributes: Name "Metal8" is already used, use name "Metal8_66". (4:55:14 下午  十月 20, 2012)
          [warning] Part Attributes: Name "Via8" is already used, use name "Via8_31". (4:55:14 下午  十月 20, 2012)
          [error] No conductors were found on port '1', so auto assignment of conductors on that port cannot proceed. (4:55:18 下午  十月 20, 2012)
          [error] No conductors were found on port '2', so auto assignment of conductors on that port cannot proceed. (4:55:18 下午  十月 20, 2012)
-- Message Window --
Stopping Batch Run: 4:55:21 下午  十月 20, 2012
 
Ansoft HFSS Version 14.0.0, Build: 2011-10-22 21:03:32
Location: C:\Program Files\Ansoft\HFSS14.0\Win64\hfss.exe
Batch Script: F:/Dropbox/ANTLR/HFSS_API/examples/T65_XFM_ANTLR/./XFM-D120I5O3S2.vbs
Starting Batch Run: 4:58:32 下午  十月 20, 2012
Running as user: michael-PC\michael2
Temp directory: C:\Users\michael\AppData\Local\Temp
Project directory: C:\Users\michael2\Documents\Ansoft
-- Message Window --
      XFM-D120I5O3S2 (G:/HFSS_SIMULATIONS/T65_XFM/)
        BEOL_6X1Z1U (DrivenTerminal)
          [warning] 'Solve inside' for object 'Metal8' is unset, due to material assignment change. (4:58:35 下午  十月 20, 2012)
          [warning] 'Solve inside' for object 'Metal9' is unset, due to material assignment change. (4:58:35 下午  十月 20, 2012)
          [warning] Part Attributes: Name "Metal8" is already used, use name "Metal8_1". (4:58:35 下午  十月 20, 2012)
          [warning] Part Attributes: Name "Metal9" is already used, use name "Metal9_1". (4:58:35 下午  十月 20, 2012)
          [warning] Part Attributes: Name "Metal8" is already used, use name "Metal8_2". (4:58:36 下午  十月 20, 2012)
          [warning] Part Attributes: Name "Metal8" is already used, use name "Metal8_3". (4:58:36 下午  十月 20, 2012)
          [warning] Part Attributes: Name "Metal9" is already used, use name "Metal9_2". (4:58:36 下午  十月 20, 2012)
          [warning] Part Attributes: Name "Metal8" is already used, use name "Metal8_4". (4:58:36 下午  十月 20, 2012)
          [warning] Part Attributes: Name "Via8" is already used, use name "Via8_1". (4:58:36 下午  十月 20, 2012)
          [warning] Part Attributes: Name "Metal8" is already used, use name "Metal8_5". (4:58:36 下午  十月 20, 2012)
          [warning] 'Solve inside' for object 'Metal8_5' is unset, due to material assignment change. (4:58:36 下午  十月 20, 2012)
          [warning] Part Attributes: Name "Metal9" is already used, use name "Metal9_3". (4:58:36 下午  十月 20, 2012)
          [warning] 'Solve inside' for object 'Metal9_3' is unset, due to material assignment change. (4:58:37 下午  十月 20, 2012)
          [warning] Part Attributes: Name "Via8" is already used, use name "Via8_2". (4:58:37 下午  十月 20, 2012)
          [warning] 'Solve inside' for object 'Via8_2' is unset, due to material assignment change. (4:58:37 下午  十月 20, 2012)
          [warning] Part Attributes: Name "Metal8" is already used, use name "Metal8_6". (4:58:37 下午  十月 20, 2012)
          [warning] 'Solve inside' for object 'Metal8_6' is unset, due to material assignment change. (4:58:37 下午  十月 20, 2012)
          [warning] Part Attributes: Name "Metal9" is already used, use name "Metal9_4". (4:58:37 下午  十月 20, 2012)
          [warning] 'Solve inside' for object 'Metal9_4' is unset, due to material assignment change. (4:58:37 下午  十月 20, 2012)
          [warning] Part Attributes: Name "Via8" is already used, use name "Via8_3". (4:58:38 下午  十月 20, 2012)
          [warning] 'Solve inside' for object 'Via8_3' is unset, due to material assignment change. (4:58:38 下午  十月 20, 2012)
          [warning] Part Attributes: Name "Metal8" is already used, use name "Metal8_7". (4:58:38 下午  十月 20, 2012)
          [warning] 'Solve inside' for object 'Metal8_7' is unset, due to material assignment change. (4:58:38 下午  十月 20, 2012)
          [warning] Part Attributes: Name "Metal8" is already used, use name "Metal8_8". (4:58:38 下午  十月 20, 2012)
          [warning] Part Attributes: Name "Metal9" is already used, use name "Metal9_5". (4:58:38 下午  十月 20, 2012)
          [warning] Part Attributes: Name "Metal8" is already used, use name "Metal8_9". (4:58:38 下午  十月 20, 2012)
          [warning] Part Attributes: Name "Via8" is already used, use name "Via8_4". (4:58:38 下午  十月 20, 2012)
          [warning] Part Attributes: Name "Metal8" is already used, use name "Metal8_10". (4:58:38 下午  十月 20, 2012)
          [warning] Part Attributes: Name "Metal9" is already used, use name "Metal9_6". (4:58:39 下午  十月 20, 2012)
          [warning] Part Attributes: Name "Metal8" is already used, use name "Metal8_11". (4:58:39 下午  十月 20, 2012)
          [warning] Part Attributes: Name "Via8" is already used, use name "Via8_5". (4:58:39 下午  十月 20, 2012)
          [warning] Part Attributes: Name "Metal8" is already used, use name "Metal8_12". (4:58:39 下午  十月 20, 2012)
          [warning] 'Solve inside' for object 'Metal8_12' is unset, due to material assignment change. (4:58:39 下午  十月 20, 2012)
          [warning] Part Attributes: Name "Metal9" is already used, use name "Metal9_7". (4:58:39 下午  十月 20, 2012)
          [warning] 'Solve inside' for object 'Metal9_7' is unset, due to material assignment change. (4:58:39 下午  十月 20, 2012)
          [warning] Part Attributes: Name "Metal8" is already used, use name "Metal8_13". (4:58:39 下午  十月 20, 2012)
          [warning] Part Attributes: Name "Metal9" is already used, use name "Metal9_8". (4:58:39 下午  十月 20, 2012)
          [warning] Part Attributes: Name "Metal8" is already used, use name "Metal8_14". (4:58:40 下午  十月 20, 2012)
          [warning] Part Attributes: Name "Via8" is already used, use name "Via8_6". (4:58:40 下午  十月 20, 2012)
          [warning] Part Attributes: Name "Metal8" is already used, use name "Metal8_15". (4:58:40 下午  十月 20, 2012)
          [warning] Part Attributes: Name "Metal9" is already used, use name "Metal9_9". (4:58:40 下午  十月 20, 2012)
          [warning] Part Attributes: Name "Metal8" is already used, use name "Metal8_16". (4:58:40 下午  十月 20, 2012)
          [warning] Part Attributes: Name "Via8" is already used, use name "Via8_7". (4:58:40 下午  十月 20, 2012)
          [warning] Part Attributes: Name "Metal8" is already used, use name "Metal8_17". (4:58:40 下午  十月 20, 2012)
          [warning] 'Solve inside' for object 'Metal8_17' is unset, due to material assignment change. (4:58:40 下午  十月 20, 2012)
          [warning] Part Attributes: Name "Metal9" is already used, use name "Metal9_10". (4:58:40 下午  十月 20, 2012)
          [warning] 'Solve inside' for object 'Metal9_10' is unset, due to material assignment change. (4:58:41 下午  十月 20, 2012)
          [warning] Part Attributes: Name "Via8" is already used, use name "Via8_8". (4:58:41 下午  十月 20, 2012)
          [warning] 'Solve inside' for object 'Via8_8' is unset, due to material assignment change. (4:58:41 下午  十月 20, 2012)
          [warning] Part Attributes: Name "Metal8" is already used, use name "Metal8_18". (4:58:41 下午  十月 20, 2012)
          [warning] 'Solve inside' for object 'Metal8_18' is unset, due to material assignment change. (4:58:41 下午  十月 20, 2012)
          [warning] Part Attributes: Name "Metal9" is already used, use name "Metal9_11". (4:58:41 下午  十月 20, 2012)
          [warning] 'Solve inside' for object 'Metal9_11' is unset, due to material assignment change. (4:58:41 下午  十月 20, 2012)
          [warning] Part Attributes: Name "Via8" is already used, use name "Via8_9". (4:58:41 下午  十月 20, 2012)
          [warning] 'Solve inside' for object 'Via8_9' is unset, due to material assignment change. (4:58:42 下午  十月 20, 2012)
          [warning] Part Attributes: Name "Metal8" is already used, use name "Metal8_19". (4:58:42 下午  十月 20, 2012)
          [warning] 'Solve inside' for object 'Metal8_19' is unset, due to material assignment change. (4:58:42 下午  十月 20, 2012)
          [warning] Part Attributes: Name "Metal8" is already used, use name "Metal8_20". (4:58:42 下午  十月 20, 2012)
          [warning] Part Attributes: Name "Metal9" is already used, use name "Metal9_12". (4:58:42 下午  十月 20, 2012)
          [warning] Part Attributes: Name "Metal8" is already used, use name "Metal8_21". (4:58:42 下午  十月 20, 2012)
          [warning] Part Attributes: Name "Via8" is already used, use name "Via8_10". (4:58:42 下午  十月 20, 2012)
          [warning] Part Attributes: Name "Metal8" is already used, use name "Metal8_22". (4:58:43 下午  十月 20, 2012)
          [warning] Part Attributes: Name "Metal9" is already used, use name "Metal9_13". (4:58:43 下午  十月 20, 2012)
          [warning] Part Attributes: Name "Metal8" is already used, use name "Metal8_23". (4:58:43 下午  十月 20, 2012)
          [warning] Part Attributes: Name "Via8" is already used, use name "Via8_11". (4:58:43 下午  十月 20, 2012)
          [warning] Part Attributes: Name "Metal8" is already used, use name "Metal8_24". (4:58:43 下午  十月 20, 2012)
          [warning] 'Solve inside' for object 'Metal8_24' is unset, due to material assignment change. (4:58:43 下午  十月 20, 2012)
          [warning] Part Attributes: Name "Metal9" is already used, use name "Metal9_14". (4:58:43 下午  十月 20, 2012)
          [warning] 'Solve inside' for object 'Metal9_14' is unset, due to material assignment change. (4:58:44 下午  十月 20, 2012)
          [warning] Part Attributes: Name "Metal8" is already used, use name "Metal8_25". (4:58:44 下午  十月 20, 2012)
          [warning] Part Attributes: Name "Metal9" is already used, use name "Metal9_15". (4:58:44 下午  十月 20, 2012)
          [warning] Part Attributes: Name "Metal8" is already used, use name "Metal8_26". (4:58:44 下午  十月 20, 2012)
          [warning] Part Attributes: Name "Via8" is already used, use name "Via8_12". (4:58:44 下午  十月 20, 2012)
          [warning] Part Attributes: Name "Metal8" is already used, use name "Metal8_27". (4:58:44 下午  十月 20, 2012)
          [warning] Part Attributes: Name "Metal9" is already used, use name "Metal9_16". (4:58:44 下午  十月 20, 2012)
          [warning] Part Attributes: Name "Metal8" is already used, use name "Metal8_28". (4:58:44 下午  十月 20, 2012)
          [warning] Part Attributes: Name "Via8" is already used, use name "Via8_13". (4:58:44 下午  十月 20, 2012)
          [warning] Part Attributes: Name "Metal8" is already used, use name "Metal8_29". (4:58:44 下午  十月 20, 2012)
          [warning] 'Solve inside' for object 'Metal8_29' is unset, due to material assignment change. (4:58:45 下午  十月 20, 2012)
          [warning] Part Attributes: Name "Metal9" is already used, use name "Metal9_17". (4:58:45 下午  十月 20, 2012)
          [warning] 'Solve inside' for object 'Metal9_17' is unset, due to material assignment change. (4:58:45 下午  十月 20, 2012)
          [warning] Part Attributes: Name "Via8" is already used, use name "Via8_14". (4:58:45 下午  十月 20, 2012)
          [warning] 'Solve inside' for object 'Via8_14' is unset, due to material assignment change. (4:58:45 下午  十月 20, 2012)
          [warning] Part Attributes: Name "Metal8" is already used, use name "Metal8_30". (4:58:45 下午  十月 20, 2012)
          [warning] 'Solve inside' for object 'Metal8_30' is unset, due to material assignment change. (4:58:46 下午  十月 20, 2012)
          [warning] Part Attributes: Name "Metal9" is already used, use name "Metal9_18". (4:58:46 下午  十月 20, 2012)
          [warning] 'Solve inside' for object 'Metal9_18' is unset, due to material assignment change. (4:58:46 下午  十月 20, 2012)
          [warning] Part Attributes: Name "Via8" is already used, use name "Via8_15". (4:58:46 下午  十月 20, 2012)
          [warning] 'Solve inside' for object 'Via8_15' is unset, due to material assignment change. (4:58:46 下午  十月 20, 2012)
          [warning] Part Attributes: Name "Metal8" is already used, use name "Metal8_31". (4:58:46 下午  十月 20, 2012)
          [warning] 'Solve inside' for object 'Metal8_31' is unset, due to material assignment change. (4:58:47 下午  十月 20, 2012)
          [warning] Part Attributes: Name "Metal8" is already used, use name "Metal8_32". (4:58:47 下午  十月 20, 2012)
          [warning] Part Attributes: Name "Metal9" is already used, use name "Metal9_19". (4:58:47 下午  十月 20, 2012)
          [warning] Part Attributes: Name "Metal8" is already used, use name "Metal8_33". (4:58:47 下午  十月 20, 2012)
          [warning] Part Attributes: Name "Via8" is already used, use name "Via8_16". (4:58:47 下午  十月 20, 2012)
          [warning] Part Attributes: Name "Metal8" is already used, use name "Metal8_34". (4:58:47 下午  十月 20, 2012)
          [warning] Part Attributes: Name "Metal9" is already used, use name "Metal9_20". (4:58:47 下午  十月 20, 2012)
          [warning] Part Attributes: Name "Metal8" is already used, use name "Metal8_35". (4:58:47 下午  十月 20, 2012)
          [warning] Part Attributes: Name "Via8" is already used, use name "Via8_17". (4:58:48 下午  十月 20, 2012)
          [warning] Part Attributes: Name "Metal8" is already used, use name "Metal8_36". (4:58:48 下午  十月 20, 2012)
          [warning] 'Solve inside' for object 'Metal8_36' is unset, due to material assignment change. (4:58:48 下午  十月 20, 2012)
          [warning] Part Attributes: Name "Metal9" is already used, use name "Metal9_21". (4:58:48 下午  十月 20, 2012)
          [warning] 'Solve inside' for object 'Metal9_21' is unset, due to material assignment change. (4:58:48 下午  十月 20, 2012)
          [warning] Part Attributes: Name "Metal8" is already used, use name "Metal8_37". (4:58:48 下午  十月 20, 2012)
          [warning] Part Attributes: Name "Metal9" is already used, use name "Metal9_22". (4:58:48 下午  十月 20, 2012)
          [warning] Part Attributes: Name "Metal8" is already used, use name "Metal8_38". (4:58:49 下午  十月 20, 2012)
          [warning] Part Attributes: Name "Via8" is already used, use name "Via8_18". (4:58:49 下午  十月 20, 2012)
          [warning] Part Attributes: Name "Metal8" is already used, use name "Metal8_39". (4:58:49 下午  十月 20, 2012)
          [warning] Part Attributes: Name "Metal9" is already used, use name "Metal9_23". (4:58:49 下午  十月 20, 2012)
          [warning] Part Attributes: Name "Metal8" is already used, use name "Metal8_40". (4:58:49 下午  十月 20, 2012)
          [warning] Part Attributes: Name "Via8" is already used, use name "Via8_19". (4:58:49 下午  十月 20, 2012)
          [warning] Part Attributes: Name "Metal8" is already used, use name "Metal8_41". (4:58:49 下午  十月 20, 2012)
          [warning] 'Solve inside' for object 'Metal8_41' is unset, due to material assignment change. (4:58:50 下午  十月 20, 2012)
          [warning] Part Attributes: Name "Metal9" is already used, use name "Metal9_24". (4:58:50 下午  十月 20, 2012)
          [warning] 'Solve inside' for object 'Metal9_24' is unset, due to material assignment change. (4:58:50 下午  十月 20, 2012)
          [warning] Part Attributes: Name "Via8" is already used, use name "Via8_20". (4:58:50 下午  十月 20, 2012)
          [warning] 'Solve inside' for object 'Via8_20' is unset, due to material assignment change. (4:58:50 下午  十月 20, 2012)
          [warning] Part Attributes: Name "Metal8" is already used, use name "Metal8_42". (4:58:50 下午  十月 20, 2012)
          [warning] 'Solve inside' for object 'Metal8_42' is unset, due to material assignment change. (4:58:50 下午  十月 20, 2012)
          [warning] Part Attributes: Name "Metal9" is already used, use name "Metal9_25". (4:58:50 下午  十月 20, 2012)
          [warning] 'Solve inside' for object 'Metal9_25' is unset, due to material assignment change. (4:58:51 下午  十月 20, 2012)
          [warning] Part Attributes: Name "Via8" is already used, use name "Via8_21". (4:58:51 下午  十月 20, 2012)
          [warning] 'Solve inside' for object 'Via8_21' is unset, due to material assignment change. (4:58:51 下午  十月 20, 2012)
          [warning] Part Attributes: Name "Metal8" is already used, use name "Metal8_43". (4:58:51 下午  十月 20, 2012)
          [warning] 'Solve inside' for object 'Metal8_43' is unset, due to material assignment change. (4:58:51 下午  十月 20, 2012)
          [warning] Part Attributes: Name "Metal8" is already used, use name "Metal8_44". (4:58:51 下午  十月 20, 2012)
          [warning] Part Attributes: Name "Metal9" is already used, use name "Metal9_26". (4:58:51 下午  十月 20, 2012)
          [warning] Part Attributes: Name "Metal8" is already used, use name "Metal8_45". (4:58:52 下午  十月 20, 2012)
          [warning] Part Attributes: Name "Via8" is already used, use name "Via8_22". (4:58:52 下午  十月 20, 2012)
          [warning] Part Attributes: Name "Metal8" is already used, use name "Metal8_46". (4:58:52 下午  十月 20, 2012)
          [warning] Part Attributes: Name "Metal9" is already used, use name "Metal9_27". (4:58:52 下午  十月 20, 2012)
          [warning] Part Attributes: Name "Metal8" is already used, use name "Metal8_47". (4:58:52 下午  十月 20, 2012)
          [warning] Part Attributes: Name "Via8" is already used, use name "Via8_23". (4:58:52 下午  十月 20, 2012)
          [warning] Part Attributes: Name "Metal9" is already used, use name "Metal9_28". (4:58:52 下午  十月 20, 2012)
          [warning] Part Attributes: Name "Metal9" is already used, use name "Metal9_29". (4:58:52 下午  十月 20, 2012)
          [warning] Part Attributes: Name "Metal9" is already used, use name "Metal9_30". (4:58:53 下午  十月 20, 2012)
          [warning] Part Attributes: Name "Metal9" is already used, use name "Metal9_31". (4:58:53 下午  十月 20, 2012)
          [warning] Part Attributes: Name "Metal9" is already used, use name "Metal9_32". (4:58:53 下午  十月 20, 2012)
          [warning] Part Attributes: Name "Metal9" is already used, use name "Metal9_33". (4:58:53 下午  十月 20, 2012)
          [warning] 'Solve inside' for object 'Metal9_33' is unset, due to material assignment change. (4:58:53 下午  十月 20, 2012)
          [warning] Part Attributes: Name "Metal9" is already used, use name "Metal9_34". (4:58:53 下午  十月 20, 2012)
          [warning] Part Attributes: Name "Metal9" is already used, use name "Metal9_35". (4:58:53 下午  十月 20, 2012)
          [warning] Part Attributes: Name "Metal9" is already used, use name "Metal9_36". (4:58:53 下午  十月 20, 2012)
          [warning] Part Attributes: Name "Metal9" is already used, use name "Metal9_37". (4:58:54 下午  十月 20, 2012)
          [warning] Part Attributes: Name "Metal8" is already used, use name "Metal8_48". (4:58:54 下午  十月 20, 2012)
          [warning] 'Solve inside' for object 'Metal8_48' is unset, due to material assignment change. (4:58:54 下午  十月 20, 2012)
          [warning] Part Attributes: Name "Metal8" is already used, use name "Metal8_49". (4:58:54 下午  十月 20, 2012)
          [warning] Part Attributes: Name "Metal9" is already used, use name "Metal9_38". (4:58:54 下午  十月 20, 2012)
          [warning] Part Attributes: Name "Metal8" is already used, use name "Metal8_50". (4:58:54 下午  十月 20, 2012)
          [warning] Part Attributes: Name "Via8" is already used, use name "Via8_24". (4:58:54 下午  十月 20, 2012)
          [warning] Part Attributes: Name "Metal8" is already used, use name "Metal8_51". (4:58:55 下午  十月 20, 2012)
          [warning] Part Attributes: Name "Metal9" is already used, use name "Metal9_39". (4:58:55 下午  十月 20, 2012)
          [warning] Part Attributes: Name "Metal8" is already used, use name "Metal8_52". (4:58:55 下午  十月 20, 2012)
          [warning] Part Attributes: Name "Via8" is already used, use name "Via8_25". (4:58:55 下午  十月 20, 2012)
          [warning] Part Attributes: Name "Metal9" is already used, use name "Metal9_40". (4:58:55 下午  十月 20, 2012)
          [warning] 'Solve inside' for object 'Metal9_40' is unset, due to material assignment change. (4:58:55 下午  十月 20, 2012)
          [warning] Part Attributes: Name "Metal9" is already used, use name "Metal9_41". (4:58:55 下午  十月 20, 2012)
          [warning] Part Attributes: Name "Metal9" is already used, use name "Metal9_42". (4:58:56 下午  十月 20, 2012)
          [warning] Part Attributes: Name "Metal9" is already used, use name "Metal9_43". (4:58:56 下午  十月 20, 2012)
          [warning] Part Attributes: Name "Metal9" is already used, use name "Metal9_44". (4:58:56 下午  十月 20, 2012)
          [warning] Part Attributes: Name "Metal9" is already used, use name "Metal9_45". (4:58:56 下午  十月 20, 2012)
          [warning] 'Solve inside' for object 'Metal9_45' is unset, due to material assignment change. (4:58:56 下午  十月 20, 2012)
          [warning] Part Attributes: Name "Metal9" is already used, use name "Metal9_46". (4:58:56 下午  十月 20, 2012)
          [warning] 'Solve inside' for object 'Metal9_46' is unset, due to material assignment change. (4:58:57 下午  十月 20, 2012)
          [warning] Part Attributes: Name "Metal9" is already used, use name "Metal9_47". (4:58:57 下午  十月 20, 2012)
          [warning] 'Solve inside' for object 'Metal9_47' is unset, due to material assignment change. (4:58:57 下午  十月 20, 2012)
          [warning] Part Attributes: Name "Metal9" is already used, use name "Metal9_48". (4:58:57 下午  十月 20, 2012)
          [warning] Part Attributes: Name "Metal9" is already used, use name "Metal9_49". (4:58:57 下午  十月 20, 2012)
          [warning] Part Attributes: Name "Metal9" is already used, use name "Metal9_50". (4:58:57 下午  十月 20, 2012)
          [warning] Part Attributes: Name "Metal9" is already used, use name "Metal9_51". (4:58:57 下午  十月 20, 2012)
          [warning] Part Attributes: Name "Metal9" is already used, use name "Metal9_52". (4:58:58 下午  十月 20, 2012)
          [warning] 'Solve inside' for object 'Metal9_52' is unset, due to material assignment change. (4:58:58 下午  十月 20, 2012)
          [warning] Part Attributes: Name "Metal9" is already used, use name "Metal9_53". (4:58:58 下午  十月 20, 2012)
          [warning] 'Solve inside' for object 'Metal9_53' is unset, due to material assignment change. (4:58:58 下午  十月 20, 2012)
          [warning] Part Attributes: Name "Metal9" is already used, use name "Metal9_54". (4:58:58 下午  十月 20, 2012)
          [warning] Part Attributes: Name "Metal9" is already used, use name "Metal9_55". (4:58:58 下午  十月 20, 2012)
          [warning] Part Attributes: Name "Metal9" is already used, use name "Metal9_56". (4:58:59 下午  十月 20, 2012)
          [warning] Part Attributes: Name "Metal9" is already used, use name "Metal9_57". (4:58:59 下午  十月 20, 2012)
          [warning] Part Attributes: Name "Metal8" is already used, use name "Metal8_53". (4:58:59 下午  十月 20, 2012)
          [warning] Part Attributes: Name "Metal8" is already used, use name "Metal8_54". (4:58:59 下午  十月 20, 2012)
          [warning] Part Attributes: Name "Metal9" is already used, use name "Metal9_58". (4:58:59 下午  十月 20, 2012)
          [warning] Part Attributes: Name "Metal8" is already used, use name "Metal8_55". (4:58:59 下午  十月 20, 2012)
          [warning] Part Attributes: Name "Via8" is already used, use name "Via8_26". (4:58:59 下午  十月 20, 2012)
          [warning] Part Attributes: Name "Metal8" is already used, use name "Metal8_56". (4:59:00 下午  十月 20, 2012)
          [warning] Part Attributes: Name "Metal9" is already used, use name "Metal9_59". (4:59:00 下午  十月 20, 2012)
          [warning] Part Attributes: Name "Metal8" is already used, use name "Metal8_57". (4:59:00 下午  十月 20, 2012)
          [warning] Part Attributes: Name "Via8" is already used, use name "Via8_27". (4:59:00 下午  十月 20, 2012)
          [warning] Part Attributes: Name "Metal8" is already used, use name "Metal8_58". (4:59:00 下午  十月 20, 2012)
          [warning] Part Attributes: Name "Metal8" is already used, use name "Metal8_59". (4:59:00 下午  十月 20, 2012)
          [warning] Part Attributes: Name "Metal9" is already used, use name "Metal9_60". (4:59:00 下午  十月 20, 2012)
          [warning] Part Attributes: Name "Metal8" is already used, use name "Metal8_60". (4:59:01 下午  十月 20, 2012)
          [warning] Part Attributes: Name "Via8" is already used, use name "Via8_28". (4:59:01 下午  十月 20, 2012)
          [warning] Part Attributes: Name "Metal8" is already used, use name "Metal8_61". (4:59:01 下午  十月 20, 2012)
          [warning] Part Attributes: Name "Metal9" is already used, use name "Metal9_61". (4:59:01 下午  十月 20, 2012)
          [warning] Part Attributes: Name "Metal8" is already used, use name "Metal8_62". (4:59:01 下午  十月 20, 2012)
          [warning] Part Attributes: Name "Via8" is already used, use name "Via8_29". (4:59:01 下午  十月 20, 2012)
          [warning] Part Attributes: Name "Metal8" is already used, use name "Metal8_63". (4:59:01 下午  十月 20, 2012)
          [warning] Part Attributes: Name "Metal9" is already used, use name "Metal9_62". (4:59:02 下午  十月 20, 2012)
          [warning] Part Attributes: Name "Metal8" is already used, use name "Metal8_64". (4:59:02 下午  十月 20, 2012)
          [warning] Part Attributes: Name "Via8" is already used, use name "Via8_30". (4:59:02 下午  十月 20, 2012)
          [warning] Part Attributes: Name "Metal8" is already used, use name "Metal8_65". (4:59:02 下午  十月 20, 2012)
          [warning] Part Attributes: Name "Metal9" is already used, use name "Metal9_63". (4:59:02 下午  十月 20, 2012)
          [warning] Part Attributes: Name "Metal8" is already used, use name "Metal8_66". (4:59:02 下午  十月 20, 2012)
          [warning] Part Attributes: Name "Via8" is already used, use name "Via8_31". (4:59:03 下午  十月 20, 2012)
-- Message Window --
Stopping Batch Run: 4:59:09 下午  十月 20, 2012
 
Ansoft HFSS Version 14.0.0, Build: 2011-10-22 21:03:32
Location: C:\Program Files\Ansoft\HFSS14.0\Win64\hfss.exe
Batch Script: F:/Dropbox/ANTLR/HFSS_API/examples/T65_XFM_ANTLR/./XFM-D120I5O3S2.vbs
Starting Batch Run: 5:11:10 下午  十月 20, 2012
Running as user: michael-PC\michael2
Temp directory: C:\Users\michael\AppData\Local\Temp
Project directory: C:\Users\michael2\Documents\Ansoft
-- Message Window --
      XFM-D120I5O3S2 (G:/HFSS_SIMULATIONS/T65_XFM/)
        BEOL_6X1Z1U (DrivenTerminal)
          [warning] 'Solve inside' for object 'Metal8' is unset, due to material assignment change. (5:11:12 下午  十月 20, 2012)
          [warning] 'Solve inside' for object 'Metal9' is unset, due to material assignment change. (5:11:12 下午  十月 20, 2012)
          [warning] Part Attributes: Name "Metal8" is already used, use name "Metal8_1". (5:11:12 下午  十月 20, 2012)
          [warning] Part Attributes: Name "Metal9" is already used, use name "Metal9_1". (5:11:12 下午  十月 20, 2012)
          [warning] Part Attributes: Name "Metal8" is already used, use name "Metal8_2". (5:11:12 下午  十月 20, 2012)
          [warning] Part Attributes: Name "Metal8" is already used, use name "Metal8_3". (5:11:12 下午  十月 20, 2012)
          [warning] Part Attributes: Name "Metal9" is already used, use name "Metal9_2". (5:11:12 下午  十月 20, 2012)
          [warning] Part Attributes: Name "Metal8" is already used, use name "Metal8_4". (5:11:12 下午  十月 20, 2012)
          [warning] Part Attributes: Name "Via8" is already used, use name "Via8_1". (5:11:12 下午  十月 20, 2012)
          [warning] Part Attributes: Name "Metal8" is already used, use name "Metal8_5". (5:11:12 下午  十月 20, 2012)
          [warning] 'Solve inside' for object 'Metal8_5' is unset, due to material assignment change. (5:11:12 下午  十月 20, 2012)
          [warning] Part Attributes: Name "Metal9" is already used, use name "Metal9_3". (5:11:12 下午  十月 20, 2012)
          [warning] 'Solve inside' for object 'Metal9_3' is unset, due to material assignment change. (5:11:13 下午  十月 20, 2012)
          [warning] Part Attributes: Name "Via8" is already used, use name "Via8_2". (5:11:13 下午  十月 20, 2012)
          [warning] 'Solve inside' for object 'Via8_2' is unset, due to material assignment change. (5:11:13 下午  十月 20, 2012)
          [warning] Part Attributes: Name "Metal8" is already used, use name "Metal8_6". (5:11:13 下午  十月 20, 2012)
          [warning] 'Solve inside' for object 'Metal8_6' is unset, due to material assignment change. (5:11:13 下午  十月 20, 2012)
          [warning] Part Attributes: Name "Metal9" is already used, use name "Metal9_4". (5:11:13 下午  十月 20, 2012)
          [warning] 'Solve inside' for object 'Metal9_4' is unset, due to material assignment change. (5:11:13 下午  十月 20, 2012)
          [warning] Part Attributes: Name "Via8" is already used, use name "Via8_3". (5:11:13 下午  十月 20, 2012)
          [warning] 'Solve inside' for object 'Via8_3' is unset, due to material assignment change. (5:11:13 下午  十月 20, 2012)
          [warning] Part Attributes: Name "Metal8" is already used, use name "Metal8_7". (5:11:13 下午  十月 20, 2012)
          [warning] 'Solve inside' for object 'Metal8_7' is unset, due to material assignment change. (5:11:13 下午  十月 20, 2012)
          [warning] Part Attributes: Name "Metal8" is already used, use name "Metal8_8". (5:11:13 下午  十月 20, 2012)
          [warning] Part Attributes: Name "Metal9" is already used, use name "Metal9_5". (5:11:14 下午  十月 20, 2012)
          [warning] Part Attributes: Name "Metal8" is already used, use name "Metal8_9". (5:11:14 下午  十月 20, 2012)
          [warning] Part Attributes: Name "Via8" is already used, use name "Via8_4". (5:11:14 下午  十月 20, 2012)
          [warning] Part Attributes: Name "Metal8" is already used, use name "Metal8_10". (5:11:14 下午  十月 20, 2012)
          [warning] Part Attributes: Name "Metal9" is already used, use name "Metal9_6". (5:11:14 下午  十月 20, 2012)
          [warning] Part Attributes: Name "Metal8" is already used, use name "Metal8_11". (5:11:14 下午  十月 20, 2012)
          [warning] Part Attributes: Name "Via8" is already used, use name "Via8_5". (5:11:14 下午  十月 20, 2012)
          [warning] Part Attributes: Name "Metal8" is already used, use name "Metal8_12". (5:11:14 下午  十月 20, 2012)
          [warning] 'Solve inside' for object 'Metal8_12' is unset, due to material assignment change. (5:11:14 下午  十月 20, 2012)
          [warning] Part Attributes: Name "Metal9" is already used, use name "Metal9_7". (5:11:14 下午  十月 20, 2012)
          [warning] 'Solve inside' for object 'Metal9_7' is unset, due to material assignment change. (5:11:14 下午  十月 20, 2012)
          [warning] Part Attributes: Name "Metal8" is already used, use name "Metal8_13". (5:11:14 下午  十月 20, 2012)
          [warning] Part Attributes: Name "Metal9" is already used, use name "Metal9_8". (5:11:14 下午  十月 20, 2012)
          [warning] Part Attributes: Name "Metal8" is already used, use name "Metal8_14". (5:11:15 下午  十月 20, 2012)
          [warning] Part Attributes: Name "Via8" is already used, use name "Via8_6". (5:11:15 下午  十月 20, 2012)
          [warning] Part Attributes: Name "Metal8" is already used, use name "Metal8_15". (5:11:15 下午  十月 20, 2012)
          [warning] Part Attributes: Name "Metal9" is already used, use name "Metal9_9". (5:11:15 下午  十月 20, 2012)
          [warning] Part Attributes: Name "Metal8" is already used, use name "Metal8_16". (5:11:15 下午  十月 20, 2012)
          [warning] Part Attributes: Name "Via8" is already used, use name "Via8_7". (5:11:15 下午  十月 20, 2012)
          [warning] Part Attributes: Name "Metal8" is already used, use name "Metal8_17". (5:11:15 下午  十月 20, 2012)
          [warning] 'Solve inside' for object 'Metal8_17' is unset, due to material assignment change. (5:11:15 下午  十月 20, 2012)
          [warning] Part Attributes: Name "Metal9" is already used, use name "Metal9_10". (5:11:15 下午  十月 20, 2012)
          [warning] 'Solve inside' for object 'Metal9_10' is unset, due to material assignment change. (5:11:15 下午  十月 20, 2012)
          [warning] Part Attributes: Name "Via8" is already used, use name "Via8_8". (5:11:15 下午  十月 20, 2012)
          [warning] 'Solve inside' for object 'Via8_8' is unset, due to material assignment change. (5:11:16 下午  十月 20, 2012)
          [warning] Part Attributes: Name "Metal8" is already used, use name "Metal8_18". (5:11:16 下午  十月 20, 2012)
          [warning] 'Solve inside' for object 'Metal8_18' is unset, due to material assignment change. (5:11:16 下午  十月 20, 2012)
          [warning] Part Attributes: Name "Metal9" is already used, use name "Metal9_11". (5:11:16 下午  十月 20, 2012)
          [warning] 'Solve inside' for object 'Metal9_11' is unset, due to material assignment change. (5:11:16 下午  十月 20, 2012)
          [warning] Part Attributes: Name "Via8" is already used, use name "Via8_9". (5:11:16 下午  十月 20, 2012)
          [warning] 'Solve inside' for object 'Via8_9' is unset, due to material assignment change. (5:11:16 下午  十月 20, 2012)
          [warning] Part Attributes: Name "Metal8" is already used, use name "Metal8_19". (5:11:16 下午  十月 20, 2012)
          [warning] 'Solve inside' for object 'Metal8_19' is unset, due to material assignment change. (5:11:16 下午  十月 20, 2012)
          [warning] Part Attributes: Name "Metal8" is already used, use name "Metal8_20". (5:11:16 下午  十月 20, 2012)
          [warning] Part Attributes: Name "Metal9" is already used, use name "Metal9_12". (5:11:16 下午  十月 20, 2012)
          [warning] Part Attributes: Name "Metal8" is already used, use name "Metal8_21". (5:11:16 下午  十月 20, 2012)
          [warning] Part Attributes: Name "Via8" is already used, use name "Via8_10". (5:11:17 下午  十月 20, 2012)
          [warning] Part Attributes: Name "Metal8" is already used, use name "Metal8_22". (5:11:17 下午  十月 20, 2012)
          [warning] Part Attributes: Name "Metal9" is already used, use name "Metal9_13". (5:11:17 下午  十月 20, 2012)
          [warning] Part Attributes: Name "Metal8" is already used, use name "Metal8_23". (5:11:17 下午  十月 20, 2012)
          [warning] Part Attributes: Name "Via8" is already used, use name "Via8_11". (5:11:17 下午  十月 20, 2012)
          [warning] Part Attributes: Name "Metal8" is already used, use name "Metal8_24". (5:11:17 下午  十月 20, 2012)
          [warning] 'Solve inside' for object 'Metal8_24' is unset, due to material assignment change. (5:11:17 下午  十月 20, 2012)
          [warning] Part Attributes: Name "Metal9" is already used, use name "Metal9_14". (5:11:17 下午  十月 20, 2012)
          [warning] 'Solve inside' for object 'Metal9_14' is unset, due to material assignment change. (5:11:17 下午  十月 20, 2012)
          [warning] Part Attributes: Name "Metal8" is already used, use name "Metal8_25". (5:11:17 下午  十月 20, 2012)
          [warning] Part Attributes: Name "Metal9" is already used, use name "Metal9_15". (5:11:17 下午  十月 20, 2012)
          [warning] Part Attributes: Name "Metal8" is already used, use name "Metal8_26". (5:11:18 下午  十月 20, 2012)
          [warning] Part Attributes: Name "Via8" is already used, use name "Via8_12". (5:11:18 下午  十月 20, 2012)
          [warning] Part Attributes: Name "Metal8" is already used, use name "Metal8_27". (5:11:18 下午  十月 20, 2012)
          [warning] Part Attributes: Name "Metal9" is already used, use name "Metal9_16". (5:11:18 下午  十月 20, 2012)
          [warning] Part Attributes: Name "Metal8" is already used, use name "Metal8_28". (5:11:18 下午  十月 20, 2012)
          [warning] Part Attributes: Name "Via8" is already used, use name "Via8_13". (5:11:18 下午  十月 20, 2012)
          [warning] Part Attributes: Name "Metal8" is already used, use name "Metal8_29". (5:11:18 下午  十月 20, 2012)
          [warning] 'Solve inside' for object 'Metal8_29' is unset, due to material assignment change. (5:11:18 下午  十月 20, 2012)
          [warning] Part Attributes: Name "Metal9" is already used, use name "Metal9_17". (5:11:18 下午  十月 20, 2012)
          [warning] 'Solve inside' for object 'Metal9_17' is unset, due to material assignment change. (5:11:18 下午  十月 20, 2012)
          [warning] Part Attributes: Name "Via8" is already used, use name "Via8_14". (5:11:18 下午  十月 20, 2012)
          [warning] 'Solve inside' for object 'Via8_14' is unset, due to material assignment change. (5:11:19 下午  十月 20, 2012)
          [warning] Part Attributes: Name "Metal8" is already used, use name "Metal8_30". (5:11:19 下午  十月 20, 2012)
          [warning] 'Solve inside' for object 'Metal8_30' is unset, due to material assignment change. (5:11:19 下午  十月 20, 2012)
          [warning] Part Attributes: Name "Metal9" is already used, use name "Metal9_18". (5:11:19 下午  十月 20, 2012)
          [warning] 'Solve inside' for object 'Metal9_18' is unset, due to material assignment change. (5:11:19 下午  十月 20, 2012)
          [warning] Part Attributes: Name "Via8" is already used, use name "Via8_15". (5:11:19 下午  十月 20, 2012)
          [warning] 'Solve inside' for object 'Via8_15' is unset, due to material assignment change. (5:11:19 下午  十月 20, 2012)
          [warning] Part Attributes: Name "Metal8" is already used, use name "Metal8_31". (5:11:19 下午  十月 20, 2012)
          [warning] 'Solve inside' for object 'Metal8_31' is unset, due to material assignment change. (5:11:19 下午  十月 20, 2012)
          [warning] Part Attributes: Name "Metal8" is already used, use name "Metal8_32". (5:11:20 下午  十月 20, 2012)
          [warning] Part Attributes: Name "Metal9" is already used, use name "Metal9_19". (5:11:20 下午  十月 20, 2012)
          [warning] Part Attributes: Name "Metal8" is already used, use name "Metal8_33". (5:11:20 下午  十月 20, 2012)
          [warning] Part Attributes: Name "Via8" is already used, use name "Via8_16". (5:11:20 下午  十月 20, 2012)
          [warning] Part Attributes: Name "Metal8" is already used, use name "Metal8_34". (5:11:20 下午  十月 20, 2012)
          [warning] Part Attributes: Name "Metal9" is already used, use name "Metal9_20". (5:11:20 下午  十月 20, 2012)
          [warning] Part Attributes: Name "Metal8" is already used, use name "Metal8_35". (5:11:20 下午  十月 20, 2012)
          [warning] Part Attributes: Name "Via8" is already used, use name "Via8_17". (5:11:20 下午  十月 20, 2012)
          [warning] Part Attributes: Name "Metal8" is already used, use name "Metal8_36". (5:11:20 下午  十月 20, 2012)
          [warning] 'Solve inside' for object 'Metal8_36' is unset, due to material assignment change. (5:11:20 下午  十月 20, 2012)
          [warning] Part Attributes: Name "Metal9" is already used, use name "Metal9_21". (5:11:20 下午  十月 20, 2012)
          [warning] 'Solve inside' for object 'Metal9_21' is unset, due to material assignment change. (5:11:21 下午  十月 20, 2012)
          [warning] Part Attributes: Name "Metal8" is already used, use name "Metal8_37". (5:11:21 下午  十月 20, 2012)
          [warning] Part Attributes: Name "Metal9" is already used, use name "Metal9_22". (5:11:21 下午  十月 20, 2012)
          [warning] Part Attributes: Name "Metal8" is already used, use name "Metal8_38". (5:11:21 下午  十月 20, 2012)
          [warning] Part Attributes: Name "Via8" is already used, use name "Via8_18". (5:11:21 下午  十月 20, 2012)
          [warning] Part Attributes: Name "Metal8" is already used, use name "Metal8_39". (5:11:21 下午  十月 20, 2012)
          [warning] Part Attributes: Name "Metal9" is already used, use name "Metal9_23". (5:11:21 下午  十月 20, 2012)
          [warning] Part Attributes: Name "Metal8" is already used, use name "Metal8_40". (5:11:21 下午  十月 20, 2012)
          [warning] Part Attributes: Name "Via8" is already used, use name "Via8_19". (5:11:21 下午  十月 20, 2012)
          [warning] Part Attributes: Name "Metal8" is already used, use name "Metal8_41". (5:11:21 下午  十月 20, 2012)
          [warning] 'Solve inside' for object 'Metal8_41' is unset, due to material assignment change. (5:11:21 下午  十月 20, 2012)
          [warning] Part Attributes: Name "Metal9" is already used, use name "Metal9_24". (5:11:22 下午  十月 20, 2012)
          [warning] 'Solve inside' for object 'Metal9_24' is unset, due to material assignment change. (5:11:22 下午  十月 20, 2012)
          [warning] Part Attributes: Name "Via8" is already used, use name "Via8_20". (5:11:22 下午  十月 20, 2012)
          [warning] 'Solve inside' for object 'Via8_20' is unset, due to material assignment change. (5:11:22 下午  十月 20, 2012)
          [warning] Part Attributes: Name "Metal8" is already used, use name "Metal8_42". (5:11:22 下午  十月 20, 2012)
          [warning] 'Solve inside' for object 'Metal8_42' is unset, due to material assignment change. (5:11:22 下午  十月 20, 2012)
          [warning] Part Attributes: Name "Metal9" is already used, use name "Metal9_25". (5:11:22 下午  十月 20, 2012)
          [warning] 'Solve inside' for object 'Metal9_25' is unset, due to material assignment change. (5:11:22 下午  十月 20, 2012)
          [warning] Part Attributes: Name "Via8" is already used, use name "Via8_21". (5:11:22 下午  十月 20, 2012)
          [warning] 'Solve inside' for object 'Via8_21' is unset, due to material assignment change. (5:11:23 下午  十月 20, 2012)
          [warning] Part Attributes: Name "Metal8" is already used, use name "Metal8_43". (5:11:23 下午  十月 20, 2012)
          [warning] 'Solve inside' for object 'Metal8_43' is unset, due to material assignment change. (5:11:23 下午  十月 20, 2012)
          [warning] Part Attributes: Name "Metal8" is already used, use name "Metal8_44". (5:11:23 下午  十月 20, 2012)
          [warning] Part Attributes: Name "Metal9" is already used, use name "Metal9_26". (5:11:23 下午  十月 20, 2012)
          [warning] Part Attributes: Name "Metal8" is already used, use name "Metal8_45". (5:11:23 下午  十月 20, 2012)
          [warning] Part Attributes: Name "Via8" is already used, use name "Via8_22". (5:11:23 下午  十月 20, 2012)
          [warning] Part Attributes: Name "Metal8" is already used, use name "Metal8_46". (5:11:23 下午  十月 20, 2012)
          [warning] Part Attributes: Name "Metal9" is already used, use name "Metal9_27". (5:11:23 下午  十月 20, 2012)
          [warning] Part Attributes: Name "Metal8" is already used, use name "Metal8_47". (5:11:23 下午  十月 20, 2012)
          [warning] Part Attributes: Name "Via8" is already used, use name "Via8_23". (5:11:24 下午  十月 20, 2012)
          [warning] Part Attributes: Name "Metal9" is already used, use name "Metal9_28". (5:11:24 下午  十月 20, 2012)
          [warning] Part Attributes: Name "Metal9" is already used, use name "Metal9_29". (5:11:24 下午  十月 20, 2012)
          [warning] Part Attributes: Name "Metal9" is already used, use name "Metal9_30". (5:11:24 下午  十月 20, 2012)
          [warning] Part Attributes: Name "Metal9" is already used, use name "Metal9_31". (5:11:24 下午  十月 20, 2012)
          [warning] Part Attributes: Name "Metal9" is already used, use name "Metal9_32". (5:11:24 下午  十月 20, 2012)
          [warning] Part Attributes: Name "Metal9" is already used, use name "Metal9_33". (5:11:24 下午  十月 20, 2012)
          [warning] 'Solve inside' for object 'Metal9_33' is unset, due to material assignment change. (5:11:24 下午  十月 20, 2012)
          [warning] Part Attributes: Name "Metal9" is already used, use name "Metal9_34". (5:11:24 下午  十月 20, 2012)
          [warning] Part Attributes: Name "Metal9" is already used, use name "Metal9_35". (5:11:24 下午  十月 20, 2012)
          [warning] Part Attributes: Name "Metal9" is already used, use name "Metal9_36". (5:11:25 下午  十月 20, 2012)
          [warning] Part Attributes: Name "Metal9" is already used, use name "Metal9_37". (5:11:25 下午  十月 20, 2012)
          [warning] Part Attributes: Name "Metal8" is already used, use name "Metal8_48". (5:11:25 下午  十月 20, 2012)
          [warning] 'Solve inside' for object 'Metal8_48' is unset, due to material assignment change. (5:11:25 下午  十月 20, 2012)
          [warning] Part Attributes: Name "Metal8" is already used, use name "Metal8_49". (5:11:25 下午  十月 20, 2012)
          [warning] Part Attributes: Name "Metal9" is already used, use name "Metal9_38". (5:11:25 下午  十月 20, 2012)
          [warning] Part Attributes: Name "Metal8" is already used, use name "Metal8_50". (5:11:25 下午  十月 20, 2012)
          [warning] Part Attributes: Name "Via8" is already used, use name "Via8_24". (5:11:25 下午  十月 20, 2012)
          [warning] Part Attributes: Name "Metal8" is already used, use name "Metal8_51". (5:11:25 下午  十月 20, 2012)
          [warning] Part Attributes: Name "Metal9" is already used, use name "Metal9_39". (5:11:25 下午  十月 20, 2012)
          [warning] Part Attributes: Name "Metal8" is already used, use name "Metal8_52". (5:11:26 下午  十月 20, 2012)
          [warning] Part Attributes: Name "Via8" is already used, use name "Via8_25". (5:11:26 下午  十月 20, 2012)
          [warning] Part Attributes: Name "Metal9" is already used, use name "Metal9_40". (5:11:26 下午  十月 20, 2012)
          [warning] 'Solve inside' for object 'Metal9_40' is unset, due to material assignment change. (5:11:26 下午  十月 20, 2012)
          [warning] Part Attributes: Name "Metal9" is already used, use name "Metal9_41". (5:11:26 下午  十月 20, 2012)
          [warning] Part Attributes: Name "Metal9" is already used, use name "Metal9_42". (5:11:26 下午  十月 20, 2012)
          [warning] Part Attributes: Name "Metal9" is already used, use name "Metal9_43". (5:11:26 下午  十月 20, 2012)
          [warning] Part Attributes: Name "Metal9" is already used, use name "Metal9_44". (5:11:26 下午  十月 20, 2012)
          [warning] Part Attributes: Name "Metal9" is already used, use name "Metal9_45". (5:11:26 下午  十月 20, 2012)
          [warning] 'Solve inside' for object 'Metal9_45' is unset, due to material assignment change. (5:11:27 下午  十月 20, 2012)
          [warning] Part Attributes: Name "Metal9" is already used, use name "Metal9_46". (5:11:27 下午  十月 20, 2012)
          [warning] 'Solve inside' for object 'Metal9_46' is unset, due to material assignment change. (5:11:27 下午  十月 20, 2012)
          [warning] Part Attributes: Name "Metal9" is already used, use name "Metal9_47". (5:11:27 下午  十月 20, 2012)
          [warning] 'Solve inside' for object 'Metal9_47' is unset, due to material assignment change. (5:11:27 下午  十月 20, 2012)
          [warning] Part Attributes: Name "Metal9" is already used, use name "Metal9_48". (5:11:27 下午  十月 20, 2012)
          [warning] Part Attributes: Name "Metal9" is already used, use name "Metal9_49". (5:11:27 下午  十月 20, 2012)
          [warning] Part Attributes: Name "Metal9" is already used, use name "Metal9_50". (5:11:27 下午  十月 20, 2012)
          [warning] Part Attributes: Name "Metal9" is already used, use name "Metal9_51". (5:11:28 下午  十月 20, 2012)
          [warning] Part Attributes: Name "Metal9" is already used, use name "Metal9_52". (5:11:28 下午  十月 20, 2012)
          [warning] 'Solve inside' for object 'Metal9_52' is unset, due to material assignment change. (5:11:28 下午  十月 20, 2012)
          [warning] Part Attributes: Name "Metal9" is already used, use name "Metal9_53". (5:11:28 下午  十月 20, 2012)
          [warning] 'Solve inside' for object 'Metal9_53' is unset, due to material assignment change. (5:11:28 下午  十月 20, 2012)
          [warning] Part Attributes: Name "Metal9" is already used, use name "Metal9_54". (5:11:28 下午  十月 20, 2012)
          [warning] Part Attributes: Name "Metal9" is already used, use name "Metal9_55". (5:11:28 下午  十月 20, 2012)
          [warning] Part Attributes: Name "Metal9" is already used, use name "Metal9_56". (5:11:28 下午  十月 20, 2012)
          [warning] Part Attributes: Name "Metal9" is already used, use name "Metal9_57". (5:11:29 下午  十月 20, 2012)
          [warning] Part Attributes: Name "Metal8" is already used, use name "Metal8_53". (5:11:29 下午  十月 20, 2012)
          [warning] Part Attributes: Name "Metal8" is already used, use name "Metal8_54". (5:11:29 下午  十月 20, 2012)
          [warning] Part Attributes: Name "Metal9" is already used, use name "Metal9_58". (5:11:29 下午  十月 20, 2012)
          [warning] Part Attributes: Name "Metal8" is already used, use name "Metal8_55". (5:11:29 下午  十月 20, 2012)
          [warning] Part Attributes: Name "Via8" is already used, use name "Via8_26". (5:11:29 下午  十月 20, 2012)
          [warning] Part Attributes: Name "Metal8" is already used, use name "Metal8_56". (5:11:29 下午  十月 20, 2012)
          [warning] Part Attributes: Name "Metal9" is already used, use name "Metal9_59". (5:11:29 下午  十月 20, 2012)
          [warning] Part Attributes: Name "Metal8" is already used, use name "Metal8_57". (5:11:29 下午  十月 20, 2012)
          [warning] Part Attributes: Name "Via8" is already used, use name "Via8_27". (5:11:29 下午  十月 20, 2012)
          [warning] Part Attributes: Name "Metal8" is already used, use name "Metal8_58". (5:11:30 下午  十月 20, 2012)
          [warning] Part Attributes: Name "Metal8" is already used, use name "Metal8_59". (5:11:30 下午  十月 20, 2012)
          [warning] Part Attributes: Name "Metal9" is already used, use name "Metal9_60". (5:11:30 下午  十月 20, 2012)
          [warning] Part Attributes: Name "Metal8" is already used, use name "Metal8_60". (5:11:30 下午  十月 20, 2012)
          [warning] Part Attributes: Name "Via8" is already used, use name "Via8_28". (5:11:30 下午  十月 20, 2012)
          [warning] Part Attributes: Name "Metal8" is already used, use name "Metal8_61". (5:11:30 下午  十月 20, 2012)
          [warning] Part Attributes: Name "Metal9" is already used, use name "Metal9_61". (5:11:30 下午  十月 20, 2012)
          [warning] Part Attributes: Name "Metal8" is already used, use name "Metal8_62". (5:11:30 下午  十月 20, 2012)
          [warning] Part Attributes: Name "Via8" is already used, use name "Via8_29". (5:11:30 下午  十月 20, 2012)
          [warning] Part Attributes: Name "Metal8" is already used, use name "Metal8_63". (5:11:30 下午  十月 20, 2012)
          [warning] Part Attributes: Name "Metal9" is already used, use name "Metal9_62". (5:11:31 下午  十月 20, 2012)
          [warning] Part Attributes: Name "Metal8" is already used, use name "Metal8_64". (5:11:31 下午  十月 20, 2012)
          [warning] Part Attributes: Name "Via8" is already used, use name "Via8_30". (5:11:31 下午  十月 20, 2012)
          [warning] Part Attributes: Name "Metal8" is already used, use name "Metal8_65". (5:11:31 下午  十月 20, 2012)
          [warning] Part Attributes: Name "Metal9" is already used, use name "Metal9_63". (5:11:31 下午  十月 20, 2012)
          [warning] Part Attributes: Name "Metal8" is already used, use name "Metal8_66". (5:11:31 下午  十月 20, 2012)
          [warning] Part Attributes: Name "Via8" is already used, use name "Via8_31". (5:11:31 下午  十月 20, 2012)
-- Message Window --
Stopping Batch Run: 5:11:36 下午  十月 20, 2012
