 
Ansoft HFSS Version 14.0.0, Build: 2011-10-22 21:03:32
Location: C:\Program Files\Ansoft\HFSS14.0\Win64\hfss.exe
Batch Script: F:/Dropbox/ANTLR/HFSS_API/examples/T65_XFM_ANTLR/./xfm_all.vbs
Starting Batch Run: 5:02:58 下午  十月 20, 2012
Running as user: michael-PC\michael2
Temp directory: C:\Users\michael\AppData\Local\Temp
Project directory: C:\Users\michael2\Documents\Ansoft
[warning] Script Error (Code 80070202) in file:  F:/Dropbox/ANTLR/HFSS_API/examples/T65_XFM_ANTLR/./xfm_all.vbs
Description: 'WI_VALum' is not a defined variable name in this context.
Line(22):  "oProject.ChangeProperty Array("NAME:AllTabs", Array("NAME:ProjectVariableTab", Array("NAME:PropServers",  _"

[warning] HFSS cannot be closed right now because it is being used by another application or a script.

 
Ansoft HFSS Version 14.0.0, Build: 2011-10-22 21:03:32
Location: C:\Program Files\Ansoft\HFSS14.0\Win64\hfss.exe
Batch Script: F:/Dropbox/ANTLR/HFSS_API/examples/T65_XFM_ANTLR/./xfm_all.vbs
Starting Batch Run: 5:25:45 下午  十月 20, 2012
Running as user: michael-PC\michael2
Temp directory: C:\Users\michael\AppData\Local\Temp
Project directory: C:\Users\michael2\Documents\Ansoft
[warning] Script Error (Code 80070202) in file:  F:/Dropbox/ANTLR/HFSS_API/examples/T65_XFM_ANTLR/./xfm_all.vbs
Description: 'WI_VALum' is not a defined variable name in this context.
Line(22):  "oProject.ChangeProperty Array("NAME:AllTabs", Array("NAME:ProjectVariableTab", Array("NAME:PropServers",  _"

[warning] HFSS cannot be closed right now because it is being used by another application or a script.

