 
Ansoft HFSS Version 14.0.0, Build: 2011-10-22 21:03:32
Location: C:\Program Files\Ansoft\HFSS14.0\Win64\hfss.exe
Batch Script: F:/Dropbox/ANTLR/HFSS_API/examples/T65_XFM_HK_ANTLR/vbs/XFM-D135I4O2S2.vbs
Starting Batch Run: 2:51:15 上午  十一月 28, 2012
Running as user: michael-PC\michael2
Temp directory: C:\Users\michael\AppData\Local\Temp
Project directory: C:\Users\michael2\Documents\Ansoft
-- Message Window --
      XFM-D135I4O2S2 (G:/HFSS_SIMULATIONS/T65_XFM_HK_ANTLR/)
        BEOL_6X1Z1U (DrivenTerminal)
          [warning] 'Solve inside' for object 'Metal8' is unset, due to material assignment change. (2:51:18 上午  十一月 28, 2012)
          [warning] 'Solve inside' for object 'Metal9' is unset, due to material assignment change. (2:51:18 上午  十一月 28, 2012)
          [warning] Part Attributes: Name "Metal8" is already used, use name "Metal8_1". (2:51:18 上午  十一月 28, 2012)
          [warning] Part Attributes: Name "Metal9" is already used, use name "Metal9_1". (2:51:18 上午  十一月 28, 2012)
          [warning] Part Attributes: Name "Metal8" is already used, use name "Metal8_2". (2:51:18 上午  十一月 28, 2012)
          [warning] Part Attributes: Name "Metal8" is already used, use name "Metal8_3". (2:51:18 上午  十一月 28, 2012)
          [warning] Part Attributes: Name "Metal9" is already used, use name "Metal9_2". (2:51:18 上午  十一月 28, 2012)
          [warning] Part Attributes: Name "Metal8" is already used, use name "Metal8_4". (2:51:18 上午  十一月 28, 2012)
          [warning] Part Attributes: Name "Via8" is already used, use name "Via8_1". (2:51:19 上午  十一月 28, 2012)
          [warning] Part Attributes: Name "Metal8" is already used, use name "Metal8_5". (2:51:19 上午  十一月 28, 2012)
          [warning] 'Solve inside' for object 'Metal8_5' is unset, due to material assignment change. (2:51:19 上午  十一月 28, 2012)
          [warning] Part Attributes: Name "Metal9" is already used, use name "Metal9_3". (2:51:19 上午  十一月 28, 2012)
          [warning] 'Solve inside' for object 'Metal9_3' is unset, due to material assignment change. (2:51:19 上午  十一月 28, 2012)
          [warning] Part Attributes: Name "Via8" is already used, use name "Via8_2". (2:51:19 上午  十一月 28, 2012)
          [warning] 'Solve inside' for object 'Via8_2' is unset, due to material assignment change. (2:51:19 上午  十一月 28, 2012)
          [warning] Part Attributes: Name "Metal8" is already used, use name "Metal8_6". (2:51:19 上午  十一月 28, 2012)
          [warning] 'Solve inside' for object 'Metal8_6' is unset, due to material assignment change. (2:51:20 上午  十一月 28, 2012)
          [warning] Part Attributes: Name "Metal9" is already used, use name "Metal9_4". (2:51:20 上午  十一月 28, 2012)
          [warning] 'Solve inside' for object 'Metal9_4' is unset, due to material assignment change. (2:51:20 上午  十一月 28, 2012)
          [warning] Part Attributes: Name "Via8" is already used, use name "Via8_3". (2:51:20 上午  十一月 28, 2012)
          [warning] 'Solve inside' for object 'Via8_3' is unset, due to material assignment change. (2:51:20 上午  十一月 28, 2012)
          [warning] Part Attributes: Name "Metal8" is already used, use name "Metal8_7". (2:51:20 上午  十一月 28, 2012)
          [warning] 'Solve inside' for object 'Metal8_7' is unset, due to material assignment change. (2:51:21 上午  十一月 28, 2012)
          [warning] Part Attributes: Name "Metal8" is already used, use name "Metal8_8". (2:51:21 上午  十一月 28, 2012)
          [warning] Part Attributes: Name "Metal9" is already used, use name "Metal9_5". (2:51:21 上午  十一月 28, 2012)
          [warning] Part Attributes: Name "Metal8" is already used, use name "Metal8_9". (2:51:21 上午  十一月 28, 2012)
          [warning] Part Attributes: Name "Via8" is already used, use name "Via8_4". (2:51:21 上午  十一月 28, 2012)
          [warning] Part Attributes: Name "Metal8" is already used, use name "Metal8_10". (2:51:21 上午  十一月 28, 2012)
          [warning] Part Attributes: Name "Metal9" is already used, use name "Metal9_6". (2:51:21 上午  十一月 28, 2012)
          [warning] Part Attributes: Name "Metal8" is already used, use name "Metal8_11". (2:51:21 上午  十一月 28, 2012)
          [warning] Part Attributes: Name "Via8" is already used, use name "Via8_5". (2:51:21 上午  十一月 28, 2012)
          [warning] Part Attributes: Name "Metal8" is already used, use name "Metal8_12". (2:51:21 上午  十一月 28, 2012)
          [warning] 'Solve inside' for object 'Metal8_12' is unset, due to material assignment change. (2:51:22 上午  十一月 28, 2012)
          [warning] Part Attributes: Name "Metal9" is already used, use name "Metal9_7". (2:51:22 上午  十一月 28, 2012)
          [warning] 'Solve inside' for object 'Metal9_7' is unset, due to material assignment change. (2:51:22 上午  十一月 28, 2012)
          [warning] Part Attributes: Name "Metal8" is already used, use name "Metal8_13". (2:51:22 上午  十一月 28, 2012)
          [warning] Part Attributes: Name "Metal9" is already used, use name "Metal9_8". (2:51:22 上午  十一月 28, 2012)
          [warning] Part Attributes: Name "Metal8" is already used, use name "Metal8_14". (2:51:22 上午  十一月 28, 2012)
          [warning] Part Attributes: Name "Via8" is already used, use name "Via8_6". (2:51:22 上午  十一月 28, 2012)
          [warning] Part Attributes: Name "Metal8" is already used, use name "Metal8_15". (2:51:23 上午  十一月 28, 2012)
          [warning] Part Attributes: Name "Metal9" is already used, use name "Metal9_9". (2:51:23 上午  十一月 28, 2012)
          [warning] Part Attributes: Name "Metal8" is already used, use name "Metal8_16". (2:51:23 上午  十一月 28, 2012)
          [warning] Part Attributes: Name "Via8" is already used, use name "Via8_7". (2:51:23 上午  十一月 28, 2012)
          [warning] Part Attributes: Name "Metal8" is already used, use name "Metal8_17". (2:51:23 上午  十一月 28, 2012)
          [warning] 'Solve inside' for object 'Metal8_17' is unset, due to material assignment change. (2:51:23 上午  十一月 28, 2012)
          [warning] Part Attributes: Name "Metal9" is already used, use name "Metal9_10". (2:51:23 上午  十一月 28, 2012)
          [warning] 'Solve inside' for object 'Metal9_10' is unset, due to material assignment change. (2:51:24 上午  十一月 28, 2012)
          [warning] Part Attributes: Name "Via8" is already used, use name "Via8_8". (2:51:24 上午  十一月 28, 2012)
          [warning] 'Solve inside' for object 'Via8_8' is unset, due to material assignment change. (2:51:24 上午  十一月 28, 2012)
          [warning] Part Attributes: Name "Metal8" is already used, use name "Metal8_18". (2:51:24 上午  十一月 28, 2012)
          [warning] 'Solve inside' for object 'Metal8_18' is unset, due to material assignment change. (2:51:24 上午  十一月 28, 2012)
          [warning] Part Attributes: Name "Metal9" is already used, use name "Metal9_11". (2:51:24 上午  十一月 28, 2012)
          [warning] 'Solve inside' for object 'Metal9_11' is unset, due to material assignment change. (2:51:25 上午  十一月 28, 2012)
          [warning] Part Attributes: Name "Via8" is already used, use name "Via8_9". (2:51:25 上午  十一月 28, 2012)
          [warning] 'Solve inside' for object 'Via8_9' is unset, due to material assignment change. (2:51:25 上午  十一月 28, 2012)
          [warning] Part Attributes: Name "Metal8" is already used, use name "Metal8_19". (2:51:25 上午  十一月 28, 2012)
          [warning] 'Solve inside' for object 'Metal8_19' is unset, due to material assignment change. (2:51:25 上午  十一月 28, 2012)
          [warning] Part Attributes: Name "Metal8" is already used, use name "Metal8_20". (2:51:25 上午  十一月 28, 2012)
          [warning] Part Attributes: Name "Metal9" is already used, use name "Metal9_12". (2:51:25 上午  十一月 28, 2012)
          [warning] Part Attributes: Name "Metal8" is already used, use name "Metal8_21". (2:51:26 上午  十一月 28, 2012)
          [warning] Part Attributes: Name "Via8" is already used, use name "Via8_10". (2:51:26 上午  十一月 28, 2012)
          [warning] Part Attributes: Name "Metal8" is already used, use name "Metal8_22". (2:51:26 上午  十一月 28, 2012)
          [warning] Part Attributes: Name "Metal9" is already used, use name "Metal9_13". (2:51:26 上午  十一月 28, 2012)
          [warning] Part Attributes: Name "Metal8" is already used, use name "Metal8_23". (2:51:26 上午  十一月 28, 2012)
          [warning] Part Attributes: Name "Via8" is already used, use name "Via8_11". (2:51:26 上午  十一月 28, 2012)
          [warning] Part Attributes: Name "Metal8" is already used, use name "Metal8_24". (2:51:26 上午  十一月 28, 2012)
          [warning] 'Solve inside' for object 'Metal8_24' is unset, due to material assignment change. (2:51:27 上午  十一月 28, 2012)
          [warning] Part Attributes: Name "Metal9" is already used, use name "Metal9_14". (2:51:27 上午  十一月 28, 2012)
          [warning] 'Solve inside' for object 'Metal9_14' is unset, due to material assignment change. (2:51:27 上午  十一月 28, 2012)
          [warning] Part Attributes: Name "Metal8" is already used, use name "Metal8_25". (2:51:27 上午  十一月 28, 2012)
          [warning] Part Attributes: Name "Metal9" is already used, use name "Metal9_15". (2:51:27 上午  十一月 28, 2012)
          [warning] Part Attributes: Name "Metal8" is already used, use name "Metal8_26". (2:51:27 上午  十一月 28, 2012)
          [warning] Part Attributes: Name "Via8" is already used, use name "Via8_12". (2:51:27 上午  十一月 28, 2012)
          [warning] Part Attributes: Name "Metal8" is already used, use name "Metal8_27". (2:51:28 上午  十一月 28, 2012)
          [warning] Part Attributes: Name "Metal9" is already used, use name "Metal9_16". (2:51:28 上午  十一月 28, 2012)
          [warning] Part Attributes: Name "Metal8" is already used, use name "Metal8_28". (2:51:28 上午  十一月 28, 2012)
          [warning] Part Attributes: Name "Via8" is already used, use name "Via8_13". (2:51:28 上午  十一月 28, 2012)
          [warning] Part Attributes: Name "Metal8" is already used, use name "Metal8_29". (2:51:28 上午  十一月 28, 2012)
          [warning] 'Solve inside' for object 'Metal8_29' is unset, due to material assignment change. (2:51:28 上午  十一月 28, 2012)
          [warning] Part Attributes: Name "Metal9" is already used, use name "Metal9_17". (2:51:28 上午  十一月 28, 2012)
          [warning] 'Solve inside' for object 'Metal9_17' is unset, due to material assignment change. (2:51:29 上午  十一月 28, 2012)
          [warning] Part Attributes: Name "Via8" is already used, use name "Via8_14". (2:51:29 上午  十一月 28, 2012)
          [warning] 'Solve inside' for object 'Via8_14' is unset, due to material assignment change. (2:51:29 上午  十一月 28, 2012)
          [warning] Part Attributes: Name "Metal8" is already used, use name "Metal8_30". (2:51:29 上午  十一月 28, 2012)
          [warning] 'Solve inside' for object 'Metal8_30' is unset, due to material assignment change. (2:51:29 上午  十一月 28, 2012)
          [warning] Part Attributes: Name "Metal9" is already used, use name "Metal9_18". (2:51:29 上午  十一月 28, 2012)
          [warning] 'Solve inside' for object 'Metal9_18' is unset, due to material assignment change. (2:51:30 上午  十一月 28, 2012)
          [warning] Part Attributes: Name "Via8" is already used, use name "Via8_15". (2:51:30 上午  十一月 28, 2012)
          [warning] 'Solve inside' for object 'Via8_15' is unset, due to material assignment change. (2:51:30 上午  十一月 28, 2012)
          [warning] Part Attributes: Name "Metal8" is already used, use name "Metal8_31". (2:51:30 上午  十一月 28, 2012)
          [warning] 'Solve inside' for object 'Metal8_31' is unset, due to material assignment change. (2:51:31 上午  十一月 28, 2012)
          [warning] Part Attributes: Name "Metal8" is already used, use name "Metal8_32". (2:51:31 上午  十一月 28, 2012)
          [warning] Part Attributes: Name "Metal9" is already used, use name "Metal9_19". (2:51:31 上午  十一月 28, 2012)
          [warning] Part Attributes: Name "Metal8" is already used, use name "Metal8_33". (2:51:31 上午  十一月 28, 2012)
          [warning] Part Attributes: Name "Via8" is already used, use name "Via8_16". (2:51:31 上午  十一月 28, 2012)
          [warning] Part Attributes: Name "Metal8" is already used, use name "Metal8_34". (2:51:31 上午  十一月 28, 2012)
          [warning] Part Attributes: Name "Metal9" is already used, use name "Metal9_20". (2:51:31 上午  十一月 28, 2012)
          [warning] Part Attributes: Name "Metal8" is already used, use name "Metal8_35". (2:51:32 上午  十一月 28, 2012)
          [warning] Part Attributes: Name "Via8" is already used, use name "Via8_17". (2:51:32 上午  十一月 28, 2012)
          [warning] Part Attributes: Name "Metal8" is already used, use name "Metal8_36". (2:51:32 上午  十一月 28, 2012)
          [warning] 'Solve inside' for object 'Metal8_36' is unset, due to material assignment change. (2:51:32 上午  十一月 28, 2012)
          [warning] Part Attributes: Name "Metal9" is already used, use name "Metal9_21". (2:51:32 上午  十一月 28, 2012)
          [warning] 'Solve inside' for object 'Metal9_21' is unset, due to material assignment change. (2:51:33 上午  十一月 28, 2012)
          [warning] Part Attributes: Name "Metal8" is already used, use name "Metal8_37". (2:51:33 上午  十一月 28, 2012)
          [warning] Part Attributes: Name "Metal9" is already used, use name "Metal9_22". (2:51:33 上午  十一月 28, 2012)
          [warning] Part Attributes: Name "Metal8" is already used, use name "Metal8_38". (2:51:33 上午  十一月 28, 2012)
          [warning] Part Attributes: Name "Via8" is already used, use name "Via8_18". (2:51:33 上午  十一月 28, 2012)
          [warning] Part Attributes: Name "Metal8" is already used, use name "Metal8_39". (2:51:33 上午  十一月 28, 2012)
          [warning] Part Attributes: Name "Metal9" is already used, use name "Metal9_23". (2:51:33 上午  十一月 28, 2012)
          [warning] Part Attributes: Name "Metal8" is already used, use name "Metal8_40". (2:51:33 上午  十一月 28, 2012)
          [warning] Part Attributes: Name "Via8" is already used, use name "Via8_19". (2:51:34 上午  十一月 28, 2012)
          [warning] Part Attributes: Name "Metal8" is already used, use name "Metal8_41". (2:51:34 上午  十一月 28, 2012)
          [warning] 'Solve inside' for object 'Metal8_41' is unset, due to material assignment change. (2:51:34 上午  十一月 28, 2012)
          [warning] Part Attributes: Name "Metal9" is already used, use name "Metal9_24". (2:51:34 上午  十一月 28, 2012)
          [warning] 'Solve inside' for object 'Metal9_24' is unset, due to material assignment change. (2:51:35 上午  十一月 28, 2012)
          [warning] Part Attributes: Name "Via8" is already used, use name "Via8_20". (2:51:35 上午  十一月 28, 2012)
          [warning] 'Solve inside' for object 'Via8_20' is unset, due to material assignment change. (2:51:35 上午  十一月 28, 2012)
          [warning] Part Attributes: Name "Metal8" is already used, use name "Metal8_42". (2:51:35 上午  十一月 28, 2012)
          [warning] 'Solve inside' for object 'Metal8_42' is unset, due to material assignment change. (2:51:36 上午  十一月 28, 2012)
          [warning] Part Attributes: Name "Metal9" is already used, use name "Metal9_25". (2:51:36 上午  十一月 28, 2012)
          [warning] 'Solve inside' for object 'Metal9_25' is unset, due to material assignment change. (2:51:36 上午  十一月 28, 2012)
          [warning] Part Attributes: Name "Via8" is already used, use name "Via8_21". (2:51:36 上午  十一月 28, 2012)
          [warning] 'Solve inside' for object 'Via8_21' is unset, due to material assignment change. (2:51:36 上午  十一月 28, 2012)
          [warning] Part Attributes: Name "Metal8" is already used, use name "Metal8_43". (2:51:36 上午  十一月 28, 2012)
          [warning] 'Solve inside' for object 'Metal8_43' is unset, due to material assignment change. (2:51:37 上午  十一月 28, 2012)
          [warning] Part Attributes: Name "Metal8" is already used, use name "Metal8_44". (2:51:37 上午  十一月 28, 2012)
          [warning] Part Attributes: Name "Metal9" is already used, use name "Metal9_26". (2:51:37 上午  十一月 28, 2012)
          [warning] Part Attributes: Name "Metal8" is already used, use name "Metal8_45". (2:51:37 上午  十一月 28, 2012)
          [warning] Part Attributes: Name "Via8" is already used, use name "Via8_22". (2:51:38 上午  十一月 28, 2012)
          [warning] Part Attributes: Name "Metal8" is already used, use name "Metal8_46". (2:51:38 上午  十一月 28, 2012)
          [warning] Part Attributes: Name "Metal9" is already used, use name "Metal9_27". (2:51:38 上午  十一月 28, 2012)
          [warning] Part Attributes: Name "Metal8" is already used, use name "Metal8_47". (2:51:38 上午  十一月 28, 2012)
          [warning] Part Attributes: Name "Via8" is already used, use name "Via8_23". (2:51:38 上午  十一月 28, 2012)
          [warning] Part Attributes: Name "Metal9" is already used, use name "Metal9_28". (2:51:38 上午  十一月 28, 2012)
          [warning] Part Attributes: Name "Metal9" is already used, use name "Metal9_29". (2:51:38 上午  十一月 28, 2012)
          [warning] Part Attributes: Name "Metal9" is already used, use name "Metal9_30". (2:51:39 上午  十一月 28, 2012)
          [warning] Part Attributes: Name "Metal9" is already used, use name "Metal9_31". (2:51:39 上午  十一月 28, 2012)
          [warning] Part Attributes: Name "Metal9" is already used, use name "Metal9_32". (2:51:39 上午  十一月 28, 2012)
          [warning] Part Attributes: Name "Metal9" is already used, use name "Metal9_33". (2:51:39 上午  十一月 28, 2012)
          [warning] 'Solve inside' for object 'Metal9_33' is unset, due to material assignment change. (2:51:39 上午  十一月 28, 2012)
          [warning] Part Attributes: Name "Metal9" is already used, use name "Metal9_34". (2:51:39 上午  十一月 28, 2012)
          [warning] Part Attributes: Name "Metal9" is already used, use name "Metal9_35". (2:51:40 上午  十一月 28, 2012)
          [warning] Part Attributes: Name "Metal9" is already used, use name "Metal9_36". (2:51:40 上午  十一月 28, 2012)
          [warning] Part Attributes: Name "Metal9" is already used, use name "Metal9_37". (2:51:40 上午  十一月 28, 2012)
          [warning] Part Attributes: Name "Metal8" is already used, use name "Metal8_48". (2:51:40 上午  十一月 28, 2012)
          [warning] 'Solve inside' for object 'Metal8_48' is unset, due to material assignment change. (2:51:41 上午  十一月 28, 2012)
          [warning] Part Attributes: Name "Metal8" is already used, use name "Metal8_49". (2:51:41 上午  十一月 28, 2012)
          [warning] Part Attributes: Name "Metal9" is already used, use name "Metal9_38". (2:51:41 上午  十一月 28, 2012)
          [warning] Part Attributes: Name "Metal8" is already used, use name "Metal8_50". (2:51:41 上午  十一月 28, 2012)
          [warning] Part Attributes: Name "Via8" is already used, use name "Via8_24". (2:51:41 上午  十一月 28, 2012)
          [warning] Part Attributes: Name "Metal8" is already used, use name "Metal8_51". (2:51:41 上午  十一月 28, 2012)
          [warning] Part Attributes: Name "Metal9" is already used, use name "Metal9_39". (2:51:41 上午  十一月 28, 2012)
          [warning] Part Attributes: Name "Metal8" is already used, use name "Metal8_52". (2:51:41 上午  十一月 28, 2012)
          [warning] Part Attributes: Name "Via8" is already used, use name "Via8_25". (2:51:42 上午  十一月 28, 2012)
          [warning] Part Attributes: Name "Metal9" is already used, use name "Metal9_40". (2:51:42 上午  十一月 28, 2012)
          [warning] 'Solve inside' for object 'Metal9_40' is unset, due to material assignment change. (2:51:42 上午  十一月 28, 2012)
          [warning] Part Attributes: Name "Metal9" is already used, use name "Metal9_41". (2:51:42 上午  十一月 28, 2012)
          [warning] Part Attributes: Name "Metal9" is already used, use name "Metal9_42". (2:51:43 上午  十一月 28, 2012)
          [warning] Part Attributes: Name "Metal9" is already used, use name "Metal9_43". (2:51:43 上午  十一月 28, 2012)
          [warning] Part Attributes: Name "Metal9" is already used, use name "Metal9_44". (2:51:43 上午  十一月 28, 2012)
          [warning] Part Attributes: Name "Metal9" is already used, use name "Metal9_45". (2:51:43 上午  十一月 28, 2012)
          [warning] 'Solve inside' for object 'Metal9_45' is unset, due to material assignment change. (2:51:44 上午  十一月 28, 2012)
          [warning] Part Attributes: Name "Metal9" is already used, use name "Metal9_46". (2:51:44 上午  十一月 28, 2012)
          [warning] 'Solve inside' for object 'Metal9_46' is unset, due to material assignment change. (2:51:44 上午  十一月 28, 2012)
          [warning] Part Attributes: Name "Metal9" is already used, use name "Metal9_47". (2:51:44 上午  十一月 28, 2012)
          [warning] 'Solve inside' for object 'Metal9_47' is unset, due to material assignment change. (2:51:44 上午  十一月 28, 2012)
          [warning] Part Attributes: Name "Metal9" is already used, use name "Metal9_48". (2:51:44 上午  十一月 28, 2012)
          [warning] Part Attributes: Name "Metal9" is already used, use name "Metal9_49". (2:51:45 上午  十一月 28, 2012)
          [warning] Part Attributes: Name "Metal9" is already used, use name "Metal9_50". (2:51:45 上午  十一月 28, 2012)
          [warning] Part Attributes: Name "Metal9" is already used, use name "Metal9_51". (2:51:45 上午  十一月 28, 2012)
          [warning] Part Attributes: Name "Metal9" is already used, use name "Metal9_52". (2:51:45 上午  十一月 28, 2012)
          [warning] 'Solve inside' for object 'Metal9_52' is unset, due to material assignment change. (2:51:46 上午  十一月 28, 2012)
          [warning] Part Attributes: Name "Metal9" is already used, use name "Metal9_53". (2:51:46 上午  十一月 28, 2012)
          [warning] 'Solve inside' for object 'Metal9_53' is unset, due to material assignment change. (2:51:46 上午  十一月 28, 2012)
          [warning] Part Attributes: Name "Metal8" is already used, use name "Metal8_53". (2:51:46 上午  十一月 28, 2012)
          [warning] Part Attributes: Name "Metal8" is already used, use name "Metal8_54". (2:51:46 上午  十一月 28, 2012)
          [warning] Part Attributes: Name "Metal9" is already used, use name "Metal9_54". (2:51:46 上午  十一月 28, 2012)
          [warning] Part Attributes: Name "Metal8" is already used, use name "Metal8_55". (2:51:47 上午  十一月 28, 2012)
          [warning] Part Attributes: Name "Via8" is already used, use name "Via8_26". (2:51:47 上午  十一月 28, 2012)
          [warning] Part Attributes: Name "Metal8" is already used, use name "Metal8_56". (2:51:47 上午  十一月 28, 2012)
          [warning] Part Attributes: Name "Metal9" is already used, use name "Metal9_55". (2:51:47 上午  十一月 28, 2012)
          [warning] Part Attributes: Name "Metal8" is already used, use name "Metal8_57". (2:51:48 上午  十一月 28, 2012)
          [warning] Part Attributes: Name "Via8" is already used, use name "Via8_27". (2:51:48 上午  十一月 28, 2012)
          [warning] Part Attributes: Name "Metal8" is already used, use name "Metal8_58". (2:51:48 上午  十一月 28, 2012)
          [warning] Part Attributes: Name "Metal8" is already used, use name "Metal8_59". (2:51:48 上午  十一月 28, 2012)
          [warning] Part Attributes: Name "Metal9" is already used, use name "Metal9_56". (2:51:48 上午  十一月 28, 2012)
          [warning] Part Attributes: Name "Metal8" is already used, use name "Metal8_60". (2:51:48 上午  十一月 28, 2012)
          [warning] Part Attributes: Name "Via8" is already used, use name "Via8_28". (2:51:49 上午  十一月 28, 2012)
          [warning] Part Attributes: Name "Metal8" is already used, use name "Metal8_61". (2:51:49 上午  十一月 28, 2012)
          [warning] Part Attributes: Name "Metal9" is already used, use name "Metal9_57". (2:51:49 上午  十一月 28, 2012)
          [warning] Part Attributes: Name "Metal8" is already used, use name "Metal8_62". (2:51:49 上午  十一月 28, 2012)
          [warning] Part Attributes: Name "Via8" is already used, use name "Via8_29". (2:51:49 上午  十一月 28, 2012)
          [warning] Part Attributes: Name "Metal9" is already used, use name "Metal9_58". (2:51:50 上午  十一月 28, 2012)
          [warning] Part Attributes: Name "Metal9" is already used, use name "Metal9_59". (2:51:50 上午  十一月 28, 2012)
          [warning] Part Attributes: Name "Metal9" is already used, use name "Metal9_60". (2:51:50 上午  十一月 28, 2012)
          [warning] Part Attributes: Name "Metal9" is already used, use name "Metal9_61". (2:51:50 上午  十一月 28, 2012)
          [warning] Part Attributes: Name "Metal9" is already used, use name "Metal9_62". (2:51:50 上午  十一月 28, 2012)
          [warning] Part Attributes: Name "Metal9" is already used, use name "Metal9_63". (2:51:51 上午  十一月 28, 2012)
          [warning] Part Attributes: Name "Metal9" is already used, use name "Metal9_64". (2:51:51 上午  十一月 28, 2012)
          [warning] Part Attributes: Name "Metal9" is already used, use name "Metal9_65". (2:51:51 上午  十一月 28, 2012)
-- Message Window --
Stopping Batch Run: 2:51:58 上午  十一月 28, 2012
