 
Ansoft HFSS Version 14.0.0, Build: 2011-10-22 21:03:32
Location: C:\Program Files\Ansoft\HFSS14.0\Win64\hfss.exe
Batch Script: F:/Dropbox/ANTLR/HFSS_API/examples/T65_SYM_CCT4T_ANTLR/SYM_cct_vbs/SYM_CCT4T-D85W2S2.vbs
Starting Batch Run: 3:22:08 下午  十一月 25, 2012
Running as user: michael-PC\michael2
Temp directory: C:\Users\michael\AppData\Local\Temp
Project directory: C:\Users\michael2\Documents\Ansoft
-- Message Window --
      SYM_CCT4T-D85W2S2 (G:/HFSS_SIMULATIONS/T65_SYM_CCT4T/)
        BEOL_6X1Z1U (DrivenTerminal)
          [warning] 'Solve inside' for object 'Metal9' is unset, due to material assignment change. (3:22:10 下午  十一月 25, 2012)
          [warning] Part Attributes: Name "Metal9" is already used, use name "Metal9_1". (3:22:10 下午  十一月 25, 2012)
          [warning] 'Solve inside' for object 'Metal9_1' is unset, due to material assignment change. (3:22:10 下午  十一月 25, 2012)
          [warning] Part Attributes: Name "Metal9" is already used, use name "Metal9_2". (3:22:10 下午  十一月 25, 2012)
          [warning] Part Attributes: Name "Metal8" is already used, use name "Metal8_1". (3:22:10 下午  十一月 25, 2012)
          [warning] Part Attributes: Name "Metal8" is already used, use name "Metal8_2". (3:22:10 下午  十一月 25, 2012)
          [warning] Part Attributes: Name "Metal9" is already used, use name "Metal9_3". (3:22:11 下午  十一月 25, 2012)
          [warning] Part Attributes: Name "Metal8" is already used, use name "Metal8_3". (3:22:11 下午  十一月 25, 2012)
          [warning] Part Attributes: Name "Via8" is already used, use name "Via8_1". (3:22:11 下午  十一月 25, 2012)
          [warning] Part Attributes: Name "Metal8" is already used, use name "Metal8_4". (3:22:11 下午  十一月 25, 2012)
          [warning] 'Solve inside' for object 'Metal8_4' is unset, due to material assignment change. (3:22:11 下午  十一月 25, 2012)
          [warning] Part Attributes: Name "Metal9" is already used, use name "Metal9_4". (3:22:11 下午  十一月 25, 2012)
          [warning] Part Attributes: Name "Metal9" is already used, use name "Metal9_5". (3:22:11 下午  十一月 25, 2012)
          [warning] Part Attributes: Name "Metal9" is already used, use name "Metal9_6". (3:22:11 下午  十一月 25, 2012)
          [warning] Part Attributes: Name "Metal9" is already used, use name "Metal9_7". (3:22:11 下午  十一月 25, 2012)
          [warning] Part Attributes: Name "Metal9" is already used, use name "Metal9_8". (3:22:11 下午  十一月 25, 2012)
          [warning] 'Solve inside' for object 'Metal9_8' is unset, due to material assignment change. (3:22:11 下午  十一月 25, 2012)
          [warning] Part Attributes: Name "Metal9" is already used, use name "Metal9_9". (3:22:11 下午  十一月 25, 2012)
          [warning] 'Solve inside' for object 'Metal9_9' is unset, due to material assignment change. (3:22:12 下午  十一月 25, 2012)
          [warning] Part Attributes: Name "Metal9" is already used, use name "Metal9_10". (3:22:12 下午  十一月 25, 2012)
          [warning] 'Solve inside' for object 'Metal9_10' is unset, due to material assignment change. (3:22:12 下午  十一月 25, 2012)
          [warning] Part Attributes: Name "Metal8" is already used, use name "Metal8_5". (3:22:12 下午  十一月 25, 2012)
          [warning] Part Attributes: Name "Metal9" is already used, use name "Metal9_11". (3:22:12 下午  十一月 25, 2012)
          [warning] Part Attributes: Name "Metal8" is already used, use name "Metal8_6". (3:22:12 下午  十一月 25, 2012)
          [warning] Part Attributes: Name "Via8" is already used, use name "Via8_2". (3:22:12 下午  十一月 25, 2012)
          [warning] Part Attributes: Name "Metal8" is already used, use name "Metal8_7". (3:22:12 下午  十一月 25, 2012)
          [warning] Part Attributes: Name "Metal9" is already used, use name "Metal9_12". (3:22:12 下午  十一月 25, 2012)
          [warning] Part Attributes: Name "Metal8" is already used, use name "Metal8_8". (3:22:12 下午  十一月 25, 2012)
          [warning] Part Attributes: Name "Via8" is already used, use name "Via8_3". (3:22:12 下午  十一月 25, 2012)
          [warning] Part Attributes: Name "Metal8" is already used, use name "Metal8_9". (3:22:13 下午  十一月 25, 2012)
          [warning] 'Solve inside' for object 'Metal8_9' is unset, due to material assignment change. (3:22:13 下午  十一月 25, 2012)
          [warning] Part Attributes: Name "Metal9" is already used, use name "Metal9_13". (3:22:13 下午  十一月 25, 2012)
          [warning] Part Attributes: Name "Metal9" is already used, use name "Metal9_14". (3:22:13 下午  十一月 25, 2012)
          [warning] Part Attributes: Name "Metal9" is already used, use name "Metal9_15". (3:22:13 下午  十一月 25, 2012)
          [warning] Part Attributes: Name "Metal9" is already used, use name "Metal9_16". (3:22:13 下午  十一月 25, 2012)
          [warning] Part Attributes: Name "Metal9" is already used, use name "Metal9_17". (3:22:13 下午  十一月 25, 2012)
          [warning] 'Solve inside' for object 'Metal9_17' is unset, due to material assignment change. (3:22:13 下午  十一月 25, 2012)
          [warning] Part Attributes: Name "Metal9" is already used, use name "Metal9_18". (3:22:13 下午  十一月 25, 2012)
          [warning] 'Solve inside' for object 'Metal9_18' is unset, due to material assignment change. (3:22:14 下午  十一月 25, 2012)
          [warning] Part Attributes: Name "Metal9" is already used, use name "Metal9_19". (3:22:14 下午  十一月 25, 2012)
          [warning] 'Solve inside' for object 'Metal9_19' is unset, due to material assignment change. (3:22:14 下午  十一月 25, 2012)
          [warning] Part Attributes: Name "Metal8" is already used, use name "Metal8_10". (3:22:14 下午  十一月 25, 2012)
          [warning] Part Attributes: Name "Metal9" is already used, use name "Metal9_20". (3:22:14 下午  十一月 25, 2012)
          [warning] Part Attributes: Name "Metal8" is already used, use name "Metal8_11". (3:22:14 下午  十一月 25, 2012)
          [warning] Part Attributes: Name "Via8" is already used, use name "Via8_4". (3:22:14 下午  十一月 25, 2012)
          [warning] Part Attributes: Name "Metal8" is already used, use name "Metal8_12". (3:22:14 下午  十一月 25, 2012)
          [warning] Part Attributes: Name "Metal9" is already used, use name "Metal9_21". (3:22:14 下午  十一月 25, 2012)
          [warning] Part Attributes: Name "Metal8" is already used, use name "Metal8_13". (3:22:14 下午  十一月 25, 2012)
          [warning] Part Attributes: Name "Via8" is already used, use name "Via8_5". (3:22:14 下午  十一月 25, 2012)
          [warning] Part Attributes: Name "Metal8" is already used, use name "Metal8_14". (3:22:15 下午  十一月 25, 2012)
          [warning] 'Solve inside' for object 'Metal8_14' is unset, due to material assignment change. (3:22:15 下午  十一月 25, 2012)
          [warning] Part Attributes: Name "Metal9" is already used, use name "Metal9_22". (3:22:15 下午  十一月 25, 2012)
          [warning] Part Attributes: Name "Metal9" is already used, use name "Metal9_23". (3:22:15 下午  十一月 25, 2012)
          [warning] Part Attributes: Name "Metal9" is already used, use name "Metal9_24". (3:22:15 下午  十一月 25, 2012)
          [warning] Part Attributes: Name "Metal9" is already used, use name "Metal9_25". (3:22:15 下午  十一月 25, 2012)
          [warning] Part Attributes: Name "Metal9" is already used, use name "Metal9_26". (3:22:15 下午  十一月 25, 2012)
          [warning] 'Solve inside' for object 'Metal9_26' is unset, due to material assignment change. (3:22:15 下午  十一月 25, 2012)
          [warning] Part Attributes: Name "Metal9" is already used, use name "Metal9_27". (3:22:16 下午  十一月 25, 2012)
          [warning] 'Solve inside' for object 'Metal9_27' is unset, due to material assignment change. (3:22:16 下午  十一月 25, 2012)
          [warning] Part Attributes: Name "Metal9" is already used, use name "Metal9_28". (3:22:16 下午  十一月 25, 2012)
          [warning] 'Solve inside' for object 'Metal9_28' is unset, due to material assignment change. (3:22:16 下午  十一月 25, 2012)
          [warning] Part Attributes: Name "Metal9" is already used, use name "Metal9_29". (3:22:16 下午  十一月 25, 2012)
          [warning] Part Attributes: Name "Metal9" is already used, use name "Metal9_30". (3:22:16 下午  十一月 25, 2012)
          [warning] Part Attributes: Name "Metal9" is already used, use name "Metal9_31". (3:22:16 下午  十一月 25, 2012)
          [warning] Part Attributes: Name "Metal9" is already used, use name "Metal9_32". (3:22:16 下午  十一月 25, 2012)
          [warning] Part Attributes: Name "Metal7" is already used, use name "Metal7_1". (3:22:16 下午  十一月 25, 2012)
          [warning] Part Attributes: Name "Metal7" is already used, use name "Metal7_2". (3:22:17 下午  十一月 25, 2012)
          [warning] Part Attributes: Name "Metal7" is already used, use name "Metal7_3". (3:22:17 下午  十一月 25, 2012)
          [warning] Part Attributes: Name "Metal7" is already used, use name "Metal7_4". (3:22:17 下午  十一月 25, 2012)
          [warning] Part Attributes: Name "Metal9" is already used, use name "Metal9_33". (3:22:17 下午  十一月 25, 2012)
          [warning] Part Attributes: Name "Metal7" is already used, use name "Metal7_5". (3:22:17 下午  十一月 25, 2012)
          [warning] Part Attributes: Name "Metal8" is already used, use name "Metal8_15". (3:22:17 下午  十一月 25, 2012)
          [warning] Part Attributes: Name "Via8" is already used, use name "Via8_6". (3:22:17 下午  十一月 25, 2012)
          [warning] Part Attributes: Name "Metal7" is already used, use name "Metal7_6". (3:22:17 下午  十一月 25, 2012)
          [warning] Part Attributes: Name "Metal9" is already used, use name "Metal9_34". (3:22:17 下午  十一月 25, 2012)
          [warning] Part Attributes: Name "Metal7" is already used, use name "Metal7_7". (3:22:18 下午  十一月 25, 2012)
          [warning] Part Attributes: Name "Via7" is already used, use name "Via7_1". (3:22:18 下午  十一月 25, 2012)
          [warning] Part Attributes: Name "Metal8" is already used, use name "Metal8_16". (3:22:18 下午  十一月 25, 2012)
          [warning] Part Attributes: Name "Via8" is already used, use name "Via8_7". (3:22:18 下午  十一月 25, 2012)
          [error] No conductors were found on port '2', so auto assignment of conductors on that port cannot proceed. (3:22:20 下午  十一月 25, 2012)
          [error] No conductors were found on port '3', so auto assignment of conductors on that port cannot proceed. (3:22:20 下午  十一月 25, 2012)
-- Message Window --
Stopping Batch Run: 3:22:21 下午  十一月 25, 2012
 
Ansoft HFSS Version 14.0.0, Build: 2011-10-22 21:03:32
Location: C:\Program Files\Ansoft\HFSS14.0\Win64\hfss.exe
Batch Script: F:/Dropbox/ANTLR/HFSS_API/examples/T65_SYM_CCT4T_ANTLR/SYM_cct_vbs/SYM_CCT4T-D85W2S2.vbs
Starting Batch Run: 3:23:13 下午  十一月 25, 2012
Running as user: michael-PC\michael2
Temp directory: C:\Users\michael\AppData\Local\Temp
Project directory: C:\Users\michael2\Documents\Ansoft
-- Message Window --
      SYM_CCT4T-D85W2S2 (G:/HFSS_SIMULATIONS/T65_SYM_CCT4T/)
        BEOL_6X1Z1U (DrivenTerminal)
          [warning] 'Solve inside' for object 'Metal9' is unset, due to material assignment change. (3:23:15 下午  十一月 25, 2012)
          [warning] Part Attributes: Name "Metal9" is already used, use name "Metal9_1". (3:23:15 下午  十一月 25, 2012)
          [warning] 'Solve inside' for object 'Metal9_1' is unset, due to material assignment change. (3:23:15 下午  十一月 25, 2012)
          [warning] Part Attributes: Name "Metal9" is already used, use name "Metal9_2". (3:23:16 下午  十一月 25, 2012)
          [warning] Part Attributes: Name "Metal8" is already used, use name "Metal8_1". (3:23:16 下午  十一月 25, 2012)
          [warning] Part Attributes: Name "Metal8" is already used, use name "Metal8_2". (3:23:16 下午  十一月 25, 2012)
          [warning] Part Attributes: Name "Metal9" is already used, use name "Metal9_3". (3:23:16 下午  十一月 25, 2012)
          [warning] Part Attributes: Name "Metal8" is already used, use name "Metal8_3". (3:23:16 下午  十一月 25, 2012)
          [warning] Part Attributes: Name "Via8" is already used, use name "Via8_1". (3:23:16 下午  十一月 25, 2012)
          [warning] Part Attributes: Name "Metal8" is already used, use name "Metal8_4". (3:23:16 下午  十一月 25, 2012)
          [warning] 'Solve inside' for object 'Metal8_4' is unset, due to material assignment change. (3:23:16 下午  十一月 25, 2012)
          [warning] Part Attributes: Name "Metal9" is already used, use name "Metal9_4". (3:23:16 下午  十一月 25, 2012)
          [warning] Part Attributes: Name "Metal9" is already used, use name "Metal9_5". (3:23:16 下午  十一月 25, 2012)
          [warning] Part Attributes: Name "Metal9" is already used, use name "Metal9_6". (3:23:16 下午  十一月 25, 2012)
          [warning] Part Attributes: Name "Metal9" is already used, use name "Metal9_7". (3:23:16 下午  十一月 25, 2012)
          [warning] Part Attributes: Name "Metal9" is already used, use name "Metal9_8". (3:23:16 下午  十一月 25, 2012)
          [warning] 'Solve inside' for object 'Metal9_8' is unset, due to material assignment change. (3:23:17 下午  十一月 25, 2012)
          [warning] Part Attributes: Name "Metal9" is already used, use name "Metal9_9". (3:23:17 下午  十一月 25, 2012)
          [warning] 'Solve inside' for object 'Metal9_9' is unset, due to material assignment change. (3:23:17 下午  十一月 25, 2012)
          [warning] Part Attributes: Name "Metal9" is already used, use name "Metal9_10". (3:23:17 下午  十一月 25, 2012)
          [warning] 'Solve inside' for object 'Metal9_10' is unset, due to material assignment change. (3:23:17 下午  十一月 25, 2012)
          [warning] Part Attributes: Name "Metal8" is already used, use name "Metal8_5". (3:23:17 下午  十一月 25, 2012)
          [warning] Part Attributes: Name "Metal9" is already used, use name "Metal9_11". (3:23:17 下午  十一月 25, 2012)
          [warning] Part Attributes: Name "Metal8" is already used, use name "Metal8_6". (3:23:17 下午  十一月 25, 2012)
          [warning] Part Attributes: Name "Via8" is already used, use name "Via8_2". (3:23:17 下午  十一月 25, 2012)
          [warning] Part Attributes: Name "Metal8" is already used, use name "Metal8_7". (3:23:17 下午  十一月 25, 2012)
          [warning] Part Attributes: Name "Metal9" is already used, use name "Metal9_12". (3:23:18 下午  十一月 25, 2012)
          [warning] Part Attributes: Name "Metal8" is already used, use name "Metal8_8". (3:23:18 下午  十一月 25, 2012)
          [warning] Part Attributes: Name "Via8" is already used, use name "Via8_3". (3:23:18 下午  十一月 25, 2012)
          [warning] Part Attributes: Name "Metal8" is already used, use name "Metal8_9". (3:23:18 下午  十一月 25, 2012)
          [warning] 'Solve inside' for object 'Metal8_9' is unset, due to material assignment change. (3:23:18 下午  十一月 25, 2012)
          [warning] Part Attributes: Name "Metal9" is already used, use name "Metal9_13". (3:23:18 下午  十一月 25, 2012)
          [warning] Part Attributes: Name "Metal9" is already used, use name "Metal9_14". (3:23:18 下午  十一月 25, 2012)
          [warning] Part Attributes: Name "Metal9" is already used, use name "Metal9_15". (3:23:18 下午  十一月 25, 2012)
          [warning] Part Attributes: Name "Metal9" is already used, use name "Metal9_16". (3:23:18 下午  十一月 25, 2012)
          [warning] Part Attributes: Name "Metal9" is already used, use name "Metal9_17". (3:23:18 下午  十一月 25, 2012)
          [warning] 'Solve inside' for object 'Metal9_17' is unset, due to material assignment change. (3:23:19 下午  十一月 25, 2012)
          [warning] Part Attributes: Name "Metal9" is already used, use name "Metal9_18". (3:23:19 下午  十一月 25, 2012)
          [warning] 'Solve inside' for object 'Metal9_18' is unset, due to material assignment change. (3:23:19 下午  十一月 25, 2012)
          [warning] Part Attributes: Name "Metal9" is already used, use name "Metal9_19". (3:23:19 下午  十一月 25, 2012)
          [warning] 'Solve inside' for object 'Metal9_19' is unset, due to material assignment change. (3:23:19 下午  十一月 25, 2012)
          [warning] Part Attributes: Name "Metal8" is already used, use name "Metal8_10". (3:23:19 下午  十一月 25, 2012)
          [warning] Part Attributes: Name "Metal9" is already used, use name "Metal9_20". (3:23:19 下午  十一月 25, 2012)
          [warning] Part Attributes: Name "Metal8" is already used, use name "Metal8_11". (3:23:19 下午  十一月 25, 2012)
          [warning] Part Attributes: Name "Via8" is already used, use name "Via8_4". (3:23:19 下午  十一月 25, 2012)
          [warning] Part Attributes: Name "Metal8" is already used, use name "Metal8_12". (3:23:20 下午  十一月 25, 2012)
          [warning] Part Attributes: Name "Metal9" is already used, use name "Metal9_21". (3:23:20 下午  十一月 25, 2012)
          [warning] Part Attributes: Name "Metal8" is already used, use name "Metal8_13". (3:23:20 下午  十一月 25, 2012)
          [warning] Part Attributes: Name "Via8" is already used, use name "Via8_5". (3:23:20 下午  十一月 25, 2012)
          [warning] Part Attributes: Name "Metal8" is already used, use name "Metal8_14". (3:23:20 下午  十一月 25, 2012)
          [warning] 'Solve inside' for object 'Metal8_14' is unset, due to material assignment change. (3:23:20 下午  十一月 25, 2012)
          [warning] Part Attributes: Name "Metal9" is already used, use name "Metal9_22". (3:23:20 下午  十一月 25, 2012)
          [warning] Part Attributes: Name "Metal9" is already used, use name "Metal9_23". (3:23:20 下午  十一月 25, 2012)
          [warning] Part Attributes: Name "Metal9" is already used, use name "Metal9_24". (3:23:20 下午  十一月 25, 2012)
          [warning] Part Attributes: Name "Metal9" is already used, use name "Metal9_25". (3:23:21 下午  十一月 25, 2012)
          [warning] Part Attributes: Name "Metal9" is already used, use name "Metal9_26". (3:23:21 下午  十一月 25, 2012)
          [warning] 'Solve inside' for object 'Metal9_26' is unset, due to material assignment change. (3:23:21 下午  十一月 25, 2012)
          [warning] Part Attributes: Name "Metal9" is already used, use name "Metal9_27". (3:23:21 下午  十一月 25, 2012)
          [warning] 'Solve inside' for object 'Metal9_27' is unset, due to material assignment change. (3:23:21 下午  十一月 25, 2012)
          [warning] Part Attributes: Name "Metal9" is already used, use name "Metal9_28". (3:23:21 下午  十一月 25, 2012)
          [warning] 'Solve inside' for object 'Metal9_28' is unset, due to material assignment change. (3:23:22 下午  十一月 25, 2012)
          [warning] Part Attributes: Name "Metal9" is already used, use name "Metal9_29". (3:23:22 下午  十一月 25, 2012)
          [warning] Part Attributes: Name "Metal9" is already used, use name "Metal9_30". (3:23:22 下午  十一月 25, 2012)
          [warning] Part Attributes: Name "Metal9" is already used, use name "Metal9_31". (3:23:22 下午  十一月 25, 2012)
          [warning] Part Attributes: Name "Metal9" is already used, use name "Metal9_32". (3:23:22 下午  十一月 25, 2012)
          [warning] Part Attributes: Name "Metal7" is already used, use name "Metal7_1". (3:23:22 下午  十一月 25, 2012)
          [warning] Part Attributes: Name "Metal7" is already used, use name "Metal7_2". (3:23:22 下午  十一月 25, 2012)
          [warning] Part Attributes: Name "Metal7" is already used, use name "Metal7_3". (3:23:22 下午  十一月 25, 2012)
          [warning] Part Attributes: Name "Metal7" is already used, use name "Metal7_4". (3:23:22 下午  十一月 25, 2012)
          [warning] Part Attributes: Name "Metal9" is already used, use name "Metal9_33". (3:23:22 下午  十一月 25, 2012)
          [warning] Part Attributes: Name "Metal7" is already used, use name "Metal7_5". (3:23:23 下午  十一月 25, 2012)
          [warning] Part Attributes: Name "Metal8" is already used, use name "Metal8_15". (3:23:23 下午  十一月 25, 2012)
          [warning] Part Attributes: Name "Via8" is already used, use name "Via8_6". (3:23:23 下午  十一月 25, 2012)
          [warning] Part Attributes: Name "Metal7" is already used, use name "Metal7_6". (3:23:23 下午  十一月 25, 2012)
          [warning] Part Attributes: Name "Metal9" is already used, use name "Metal9_34". (3:23:23 下午  十一月 25, 2012)
          [warning] Part Attributes: Name "Metal7" is already used, use name "Metal7_7". (3:23:23 下午  十一月 25, 2012)
          [warning] Part Attributes: Name "Via7" is already used, use name "Via7_1". (3:23:23 下午  十一月 25, 2012)
          [warning] Part Attributes: Name "Metal8" is already used, use name "Metal8_16". (3:23:23 下午  十一月 25, 2012)
          [warning] Part Attributes: Name "Via8" is already used, use name "Via8_7". (3:23:23 下午  十一月 25, 2012)
-- Message Window --
Stopping Batch Run: 3:23:27 下午  十一月 25, 2012
