 
Ansoft HFSS Version 14.0.0, Build: 2011-10-22 21:03:32
Location: C:\Program Files\Ansoft\HFSS14.0\Win64\hfss.exe
Batch Script: F:/Dropbox/ANTLR/HFSS_API/examples/T65_SYM_ANTLR/run_em1.vbs
Starting Batch Run: 7:06:03 下午  十一月 27, 2012
Running as user: michael-PC\michael2
Temp directory: C:\Users\michael\AppData\Local\Temp
Project directory: C:\Users\michael2\Documents\Ansoft
Stopping Batch Run: 7:06:06 下午  十一月 27, 2012
 
Ansoft HFSS Version 14.0.0, Build: 2011-10-22 21:03:32
Location: C:\Program Files\Ansoft\HFSS14.0\Win64\hfss.exe
Batch Script: F:/Dropbox/ANTLR/HFSS_API/examples/T65_SYM_ANTLR/run_em1.vbs
Starting Batch Run: 7:06:20 下午  十一月 27, 2012
Running as user: michael-PC\michael2
Temp directory: C:\Users\michael\AppData\Local\Temp
Project directory: C:\Users\michael2\Documents\Ansoft
Stopping Batch Run: 7:06:22 下午  十一月 27, 2012
 
Ansoft HFSS Version 14.0.0, Build: 2011-10-22 21:03:32
Location: C:\Program Files\Ansoft\HFSS14.0\Win64\hfss.exe
Batch Script: F:/Dropbox/ANTLR/HFSS_API/examples/T65_SYM_ANTLR/run_em1.vbs
Starting Batch Run: 7:06:22 下午  十一月 27, 2012
Running as user: michael-PC\michael2
Temp directory: C:\Users\michael\AppData\Local\Temp
Project directory: C:\Users\michael2\Documents\Ansoft
Stopping Batch Run: 7:06:25 下午  十一月 27, 2012
 
Ansoft HFSS Version 14.0.0, Build: 2011-10-22 21:03:32
Location: C:\Program Files\Ansoft\HFSS14.0\Win64\hfss.exe
Batch Script: F:/Dropbox/ANTLR/HFSS_API/examples/T65_SYM_ANTLR/run_em1.vbs
Starting Batch Run: 7:06:25 下午  十一月 27, 2012
Running as user: michael-PC\michael2
Temp directory: C:\Users\michael\AppData\Local\Temp
Project directory: C:\Users\michael2\Documents\Ansoft
Stopping Batch Run: 7:06:27 下午  十一月 27, 2012
 
Ansoft HFSS Version 14.0.0, Build: 2011-10-22 21:03:32
Location: C:\Program Files\Ansoft\HFSS14.0\Win64\hfss.exe
Batch Script: F:/Dropbox/ANTLR/HFSS_API/examples/T65_SYM_ANTLR/run_em1.vbs
Starting Batch Run: 7:06:28 下午  十一月 27, 2012
Running as user: michael-PC\michael2
Temp directory: C:\Users\michael\AppData\Local\Temp
Project directory: C:\Users\michael2\Documents\Ansoft
Stopping Batch Run: 7:06:30 下午  十一月 27, 2012
 
Ansoft HFSS Version 14.0.0, Build: 2011-10-22 21:03:32
Location: C:\Program Files\Ansoft\HFSS14.0\Win64\hfss.exe
Batch Script: F:/Dropbox/ANTLR/HFSS_API/examples/T65_SYM_ANTLR/run_em1.vbs
Starting Batch Run: 7:06:31 下午  十一月 27, 2012
Running as user: michael-PC\michael2
Temp directory: C:\Users\michael\AppData\Local\Temp
Project directory: C:\Users\michael2\Documents\Ansoft
Stopping Batch Run: 7:06:33 下午  十一月 27, 2012
 
Ansoft HFSS Version 14.0.0, Build: 2011-10-22 21:03:32
Location: C:\Program Files\Ansoft\HFSS14.0\Win64\hfss.exe
Batch Script: F:/Dropbox/ANTLR/HFSS_API/examples/T65_SYM_ANTLR/run_em1.vbs
Starting Batch Run: 7:06:33 下午  十一月 27, 2012
Running as user: michael-PC\michael2
Temp directory: C:\Users\michael\AppData\Local\Temp
Project directory: C:\Users\michael2\Documents\Ansoft
Stopping Batch Run: 7:06:35 下午  十一月 27, 2012
 
Ansoft HFSS Version 14.0.0, Build: 2011-10-22 21:03:32
Location: C:\Program Files\Ansoft\HFSS14.0\Win64\hfss.exe
Batch Script: F:/Dropbox/ANTLR/HFSS_API/examples/T65_SYM_ANTLR/run_em1.vbs
Starting Batch Run: 7:06:36 下午  十一月 27, 2012
Running as user: michael-PC\michael2
Temp directory: C:\Users\michael\AppData\Local\Temp
Project directory: C:\Users\michael2\Documents\Ansoft
Stopping Batch Run: 7:06:38 下午  十一月 27, 2012
 
Ansoft HFSS Version 14.0.0, Build: 2011-10-22 21:03:32
Location: C:\Program Files\Ansoft\HFSS14.0\Win64\hfss.exe
Batch Script: F:/Dropbox/ANTLR/HFSS_API/examples/T65_SYM_ANTLR/run_em1.vbs
Starting Batch Run: 7:06:39 下午  十一月 27, 2012
Running as user: michael-PC\michael2
Temp directory: C:\Users\michael\AppData\Local\Temp
Project directory: C:\Users\michael2\Documents\Ansoft
Stopping Batch Run: 7:06:41 下午  十一月 27, 2012
 
Ansoft HFSS Version 14.0.0, Build: 2011-10-22 21:03:32
Location: C:\Program Files\Ansoft\HFSS14.0\Win64\hfss.exe
Batch Script: F:/Dropbox/ANTLR/HFSS_API/examples/T65_SYM_ANTLR/run_em1.vbs
Starting Batch Run: 8:38:54 下午  十一月 27, 2012
Running as user: michael-PC\michael2
Temp directory: C:\Users\michael\AppData\Local\Temp
Project directory: C:\Users\michael2\Documents\Ansoft
Stopping Batch Run: 8:38:56 下午  十一月 27, 2012
 
Ansoft HFSS Version 14.0.0, Build: 2011-10-22 21:03:32
Location: C:\Program Files\Ansoft\HFSS14.0\Win64\hfss.exe
Batch Script: F:/Dropbox/ANTLR/HFSS_API/examples/T65_SYM_ANTLR/run_em1.vbs
Starting Batch Run: 8:38:56 下午  十一月 27, 2012
Running as user: michael-PC\michael2
Temp directory: C:\Users\michael\AppData\Local\Temp
Project directory: C:\Users\michael2\Documents\Ansoft
Stopping Batch Run: 8:38:58 下午  十一月 27, 2012
 
Ansoft HFSS Version 14.0.0, Build: 2011-10-22 21:03:32
Location: C:\Program Files\Ansoft\HFSS14.0\Win64\hfss.exe
Batch Script: F:/Dropbox/ANTLR/HFSS_API/examples/T65_SYM_ANTLR/run_em1.vbs
Starting Batch Run: 8:38:59 下午  十一月 27, 2012
Running as user: michael-PC\michael2
Temp directory: C:\Users\michael\AppData\Local\Temp
Project directory: C:\Users\michael2\Documents\Ansoft
Stopping Batch Run: 8:39:01 下午  十一月 27, 2012
 
Ansoft HFSS Version 14.0.0, Build: 2011-10-22 21:03:32
Location: C:\Program Files\Ansoft\HFSS14.0\Win64\hfss.exe
Batch Script: F:/Dropbox/ANTLR/HFSS_API/examples/T65_SYM_ANTLR/run_em1.vbs
Starting Batch Run: 8:39:01 下午  十一月 27, 2012
Running as user: michael-PC\michael2
Temp directory: C:\Users\michael\AppData\Local\Temp
Project directory: C:\Users\michael2\Documents\Ansoft
 
Ansoft HFSS Version 14.0.0, Build: 2011-10-22 21:03:32
Location: C:\Program Files\Ansoft\HFSS14.0\Win64\hfss.exe
Batch Script: F:/Dropbox/ANTLR/HFSS_API/examples/T65_SYM_ANTLR/run_em1.vbs
Starting Batch Run: 8:39:04 下午  十一月 27, 2012
Running as user: michael-PC\michael2
Temp directory: C:\Users\michael\AppData\Local\Temp
Project directory: C:\Users\michael2\Documents\Ansoft
Stopping Batch Run: 8:39:06 下午  十一月 27, 2012
 
Ansoft HFSS Version 14.0.0, Build: 2011-10-22 21:03:32
Location: C:\Program Files\Ansoft\HFSS14.0\Win64\hfss.exe
Batch Script: F:/Dropbox/ANTLR/HFSS_API/examples/T65_SYM_ANTLR/run_em1.vbs
Starting Batch Run: 8:40:04 下午  十一月 27, 2012
Running as user: michael-PC\michael2
Temp directory: C:\Users\michael\AppData\Local\Temp
Project directory: C:\Users\michael2\Documents\Ansoft
Stopping Batch Run: 8:40:06 下午  十一月 27, 2012
 
Ansoft HFSS Version 14.0.0, Build: 2011-10-22 21:03:32
Location: C:\Program Files\Ansoft\HFSS14.0\Win64\hfss.exe
Batch Script: F:/Dropbox/ANTLR/HFSS_API/examples/T65_XFM_ANTLR/run_em1.vbs
Starting Batch Run: 1:11:56 上午  十一月 28, 2012
Running as user: michael-PC\michael2
Temp directory: C:\Users\michael\AppData\Local\Temp
Project directory: C:\Users\michael2\Documents\Ansoft
Stopping Batch Run: 1:12:01 上午  十一月 28, 2012
 
Ansoft HFSS Version 14.0.0, Build: 2011-10-22 21:03:32
Location: C:\Program Files\Ansoft\HFSS14.0\Win64\hfss.exe
Batch Script: F:/Dropbox/ANTLR/HFSS_API/examples/T65_XFM_ANTLR/run_em1.vbs
Starting Batch Run: 1:12:01 上午  十一月 28, 2012
Running as user: michael-PC\michael2
Temp directory: C:\Users\michael\AppData\Local\Temp
Project directory: C:\Users\michael2\Documents\Ansoft
Stopping Batch Run: 1:12:06 上午  十一月 28, 2012
 
Ansoft HFSS Version 14.0.0, Build: 2011-10-22 21:03:32
Location: C:\Program Files\Ansoft\HFSS14.0\Win64\hfss.exe
Batch Script: F:/Dropbox/ANTLR/HFSS_API/examples/T65_XFM_ANTLR/run_em1.vbs
Starting Batch Run: 1:12:07 上午  十一月 28, 2012
Running as user: michael-PC\michael2
Temp directory: C:\Users\michael\AppData\Local\Temp
Project directory: C:\Users\michael2\Documents\Ansoft
Stopping Batch Run: 1:12:12 上午  十一月 28, 2012
 
Ansoft HFSS Version 14.0.0, Build: 2011-10-22 21:03:32
Location: C:\Program Files\Ansoft\HFSS14.0\Win64\hfss.exe
Batch Script: F:/Dropbox/ANTLR/HFSS_API/examples/T65_XFM_ANTLR/run_em1.vbs
Starting Batch Run: 1:12:12 上午  十一月 28, 2012
Running as user: michael-PC\michael2
Temp directory: C:\Users\michael\AppData\Local\Temp
Project directory: C:\Users\michael2\Documents\Ansoft
Stopping Batch Run: 1:12:17 上午  十一月 28, 2012
 
Ansoft HFSS Version 14.0.0, Build: 2011-10-22 21:03:32
Location: C:\Program Files\Ansoft\HFSS14.0\Win64\hfss.exe
Batch Script: F:/Dropbox/ANTLR/HFSS_API/examples/T65_XFM_ANTLR/run_em1.vbs
Starting Batch Run: 10:36:21 上午  十一月 28, 2012
Running as user: michael-PC\michael2
Temp directory: C:\Users\michael\AppData\Local\Temp
Project directory: C:\Users\michael2\Documents\Ansoft
[warning] Script Error (Code 80070212) in file:  F:/Dropbox/ANTLR/HFSS_API/examples/T65_XFM_ANTLR/run_em1.vbs
Description: Loading project failed: G:/HFSS_SIMULATIONS/T65_XFM_HK_ANTLR/EM0/XFM-D115I4O2S2.hfss.
Line(15):  "oDesktop.OpenProject "G:\HFSS_SIMULATIONS\T65_XFM_HK_ANTLR\EM0\XFM-D115I4O2S2.hfss""

[warning] HFSS cannot be closed right now because it is being used by another application or a script.

 
Ansoft HFSS Version 14.0.0, Build: 2011-10-22 21:03:32
Location: C:\Program Files\Ansoft\HFSS14.0\Win64\hfss.exe
Batch Script: F:/Dropbox/ANTLR/HFSS_API/examples/T65_XFM_ANTLR/run_em1.vbs
Starting Batch Run: 10:36:34 上午  十一月 28, 2012
Running as user: michael-PC\michael2
Temp directory: C:\Users\michael\AppData\Local\Temp
Project directory: C:\Users\michael2\Documents\Ansoft
[warning] Script Error (Code 80070212) in file:  F:/Dropbox/ANTLR/HFSS_API/examples/T65_XFM_ANTLR/run_em1.vbs
Description: Loading project failed: G:/HFSS_SIMULATIONS/T65_XFM_HK_ANTLR/EM0/XFM-D115I4O3S2.hfss.
Line(15):  "oDesktop.OpenProject "G:\HFSS_SIMULATIONS\T65_XFM_HK_ANTLR\EM0\XFM-D115I4O3S2.hfss""

[warning] HFSS cannot be closed right now because it is being used by another application or a script.

 
Ansoft HFSS Version 14.0.0, Build: 2011-10-22 21:03:32
Location: C:\Program Files\Ansoft\HFSS14.0\Win64\hfss.exe
Batch Script: F:/Dropbox/ANTLR/HFSS_API/examples/T65_XFM_ANTLR/run_em1.vbs
Starting Batch Run: 10:36:36 上午  十一月 28, 2012
Running as user: michael-PC\michael2
Temp directory: C:\Users\michael\AppData\Local\Temp
Project directory: C:\Users\michael2\Documents\Ansoft
[warning] Script Error (Code 80070212) in file:  F:/Dropbox/ANTLR/HFSS_API/examples/T65_XFM_ANTLR/run_em1.vbs
Description: Loading project failed: G:/HFSS_SIMULATIONS/T65_XFM_HK_ANTLR/EM0/XFM-D115I5O2S2.hfss.
Line(15):  "oDesktop.OpenProject "G:\HFSS_SIMULATIONS\T65_XFM_HK_ANTLR\EM0\XFM-D115I5O2S2.hfss""

[warning] HFSS cannot be closed right now because it is being used by another application or a script.

 
Ansoft HFSS Version 14.0.0, Build: 2011-10-22 21:03:32
Location: C:\Program Files\Ansoft\HFSS14.0\Win64\hfss.exe
Batch Script: F:/Dropbox/ANTLR/HFSS_API/examples/T65_XFM_ANTLR/run_em1.vbs
Starting Batch Run: 10:36:38 上午  十一月 28, 2012
Running as user: michael-PC\michael2
Temp directory: C:\Users\michael\AppData\Local\Temp
Project directory: C:\Users\michael2\Documents\Ansoft
[warning] Script Error (Code 80070212) in file:  F:/Dropbox/ANTLR/HFSS_API/examples/T65_XFM_ANTLR/run_em1.vbs
Description: Loading project failed: G:/HFSS_SIMULATIONS/T65_XFM_HK_ANTLR/EM0/XFM-D120I4O2S2.hfss.
Line(15):  "oDesktop.OpenProject "G:\HFSS_SIMULATIONS\T65_XFM_HK_ANTLR\EM0\XFM-D120I4O2S2.hfss""

[warning] HFSS cannot be closed right now because it is being used by another application or a script.

 
Ansoft HFSS Version 14.0.0, Build: 2011-10-22 21:03:32
Location: C:\Program Files\Ansoft\HFSS14.0\Win64\hfss.exe
Batch Script: F:/Dropbox/ANTLR/HFSS_API/examples/T65_XFM_ANTLR/run_em1.vbs
Starting Batch Run: 10:36:41 上午  十一月 28, 2012
Running as user: michael-PC\michael2
Temp directory: C:\Users\michael\AppData\Local\Temp
Project directory: C:\Users\michael2\Documents\Ansoft
[warning] Script Error (Code 80070212) in file:  F:/Dropbox/ANTLR/HFSS_API/examples/T65_XFM_ANTLR/run_em1.vbs
Description: Loading project failed: G:/HFSS_SIMULATIONS/T65_XFM_HK_ANTLR/EM0/XFM-D120I4O3S2.hfss.
Line(15):  "oDesktop.OpenProject "G:\HFSS_SIMULATIONS\T65_XFM_HK_ANTLR\EM0\XFM-D120I4O3S2.hfss""

[warning] HFSS cannot be closed right now because it is being used by another application or a script.

 
Ansoft HFSS Version 14.0.0, Build: 2011-10-22 21:03:32
Location: C:\Program Files\Ansoft\HFSS14.0\Win64\hfss.exe
Batch Script: F:/Dropbox/ANTLR/HFSS_API/examples/T65_XFM_ANTLR/run_em1.vbs
Starting Batch Run: 10:36:43 上午  十一月 28, 2012
Running as user: michael-PC\michael2
Temp directory: C:\Users\michael\AppData\Local\Temp
Project directory: C:\Users\michael2\Documents\Ansoft
[warning] Script Error (Code 80070212) in file:  F:/Dropbox/ANTLR/HFSS_API/examples/T65_XFM_ANTLR/run_em1.vbs
Description: Loading project failed: G:/HFSS_SIMULATIONS/T65_XFM_HK_ANTLR/EM0/XFM-D120I5O2S2.hfss.
Line(15):  "oDesktop.OpenProject "G:\HFSS_SIMULATIONS\T65_XFM_HK_ANTLR\EM0\XFM-D120I5O2S2.hfss""

[warning] HFSS cannot be closed right now because it is being used by another application or a script.

 
Ansoft HFSS Version 14.0.0, Build: 2011-10-22 21:03:32
Location: C:\Program Files\Ansoft\HFSS14.0\Win64\hfss.exe
Batch Script: F:/Dropbox/ANTLR/HFSS_API/examples/T65_XFM_ANTLR/run_em1.vbs
Starting Batch Run: 10:36:46 上午  十一月 28, 2012
Running as user: michael-PC\michael2
Temp directory: C:\Users\michael\AppData\Local\Temp
Project directory: C:\Users\michael2\Documents\Ansoft
[warning] Script Error (Code 80070212) in file:  F:/Dropbox/ANTLR/HFSS_API/examples/T65_XFM_ANTLR/run_em1.vbs
Description: Loading project failed: G:/HFSS_SIMULATIONS/T65_XFM_HK_ANTLR/EM0/XFM-D120I5O3S2.hfss.
Line(15):  "oDesktop.OpenProject "G:\HFSS_SIMULATIONS\T65_XFM_HK_ANTLR\EM0\XFM-D120I5O3S2.hfss""

[warning] HFSS cannot be closed right now because it is being used by another application or a script.

 
Ansoft HFSS Version 14.0.0, Build: 2011-10-22 21:03:32
Location: C:\Program Files\Ansoft\HFSS14.0\Win64\hfss.exe
Batch Script: F:/Dropbox/ANTLR/HFSS_API/examples/T65_XFM_ANTLR/run_em1.vbs
Starting Batch Run: 10:36:49 上午  十一月 28, 2012
Running as user: michael-PC\michael2
Temp directory: C:\Users\michael\AppData\Local\Temp
Project directory: C:\Users\michael2\Documents\Ansoft
[warning] Script Error (Code 80070212) in file:  F:/Dropbox/ANTLR/HFSS_API/examples/T65_XFM_ANTLR/run_em1.vbs
Description: Loading project failed: G:/HFSS_SIMULATIONS/T65_XFM_HK_ANTLR/EM0/XFM-D125I4O2S2.hfss.
Line(15):  "oDesktop.OpenProject "G:\HFSS_SIMULATIONS\T65_XFM_HK_ANTLR\EM0\XFM-D125I4O2S2.hfss""

[warning] HFSS cannot be closed right now because it is being used by another application or a script.

 
Ansoft HFSS Version 14.0.0, Build: 2011-10-22 21:03:32
Location: C:\Program Files\Ansoft\HFSS14.0\Win64\hfss.exe
Batch Script: F:/Dropbox/ANTLR/HFSS_API/examples/T65_XFM_ANTLR/run_em1.vbs
Starting Batch Run: 10:36:51 上午  十一月 28, 2012
Running as user: michael-PC\michael2
Temp directory: C:\Users\michael\AppData\Local\Temp
Project directory: C:\Users\michael2\Documents\Ansoft
[warning] Script Error (Code 80070212) in file:  F:/Dropbox/ANTLR/HFSS_API/examples/T65_XFM_ANTLR/run_em1.vbs
Description: Loading project failed: G:/HFSS_SIMULATIONS/T65_XFM_HK_ANTLR/EM0/XFM-D125I4O3S2.hfss.
Line(15):  "oDesktop.OpenProject "G:\HFSS_SIMULATIONS\T65_XFM_HK_ANTLR\EM0\XFM-D125I4O3S2.hfss""

[warning] HFSS cannot be closed right now because it is being used by another application or a script.

 
Ansoft HFSS Version 14.0.0, Build: 2011-10-22 21:03:32
Location: C:\Program Files\Ansoft\HFSS14.0\Win64\hfss.exe
Batch Script: F:/Dropbox/ANTLR/HFSS_API/examples/T65_XFM_ANTLR/run_em1.vbs
Starting Batch Run: 10:36:53 上午  十一月 28, 2012
Running as user: michael-PC\michael2
Temp directory: C:\Users\michael\AppData\Local\Temp
Project directory: C:\Users\michael2\Documents\Ansoft
[warning] Script Error (Code 80070212) in file:  F:/Dropbox/ANTLR/HFSS_API/examples/T65_XFM_ANTLR/run_em1.vbs
Description: Loading project failed: G:/HFSS_SIMULATIONS/T65_XFM_HK_ANTLR/EM0/XFM-D125I5O2S2.hfss.
Line(15):  "oDesktop.OpenProject "G:\HFSS_SIMULATIONS\T65_XFM_HK_ANTLR\EM0\XFM-D125I5O2S2.hfss""

[warning] HFSS cannot be closed right now because it is being used by another application or a script.

 
Ansoft HFSS Version 14.0.0, Build: 2011-10-22 21:03:32
Location: C:\Program Files\Ansoft\HFSS14.0\Win64\hfss.exe
Batch Script: F:/Dropbox/ANTLR/HFSS_API/examples/T65_XFM_ANTLR/run_em1.vbs
Starting Batch Run: 10:36:55 上午  十一月 28, 2012
Running as user: michael-PC\michael2
Temp directory: C:\Users\michael\AppData\Local\Temp
Project directory: C:\Users\michael2\Documents\Ansoft
[warning] Script Error (Code 80070212) in file:  F:/Dropbox/ANTLR/HFSS_API/examples/T65_XFM_ANTLR/run_em1.vbs
Description: Loading project failed: G:/HFSS_SIMULATIONS/T65_XFM_HK_ANTLR/EM0/XFM-D125I5O3S2.hfss.
Line(15):  "oDesktop.OpenProject "G:\HFSS_SIMULATIONS\T65_XFM_HK_ANTLR\EM0\XFM-D125I5O3S2.hfss""

[warning] HFSS cannot be closed right now because it is being used by another application or a script.

 
Ansoft HFSS Version 14.0.0, Build: 2011-10-22 21:03:32
Location: C:\Program Files\Ansoft\HFSS14.0\Win64\hfss.exe
Batch Script: F:/Dropbox/ANTLR/HFSS_API/examples/T65_XFM_ANTLR/run_em1.vbs
Starting Batch Run: 10:37:42 上午  十一月 28, 2012
Running as user: michael-PC\michael2
Temp directory: C:\Users\michael\AppData\Local\Temp
Project directory: C:\Users\michael2\Documents\Ansoft
[warning] Script Error (Code 80070203) in file:  F:/Dropbox/ANTLR/HFSS_API/examples/T65_XFM_ANTLR/run_em1.vbs
Description: Solution 'Setup24G:SWP40G' was not found.
Line(20):  "oModule.ExportNetworkData "", Array("Setup24G:SWP40G"), 3, "G:\HFSS_SIMULATIONS\T65_XFM_HK_ANTLR\EM1\XFM-D115I4O2S2.s4p", Array("all"), true, 50.0"

[warning] HFSS cannot be closed right now because it is being used by another application or a script.

 
Ansoft HFSS Version 14.0.0, Build: 2011-10-22 21:03:32
Location: C:\Program Files\Ansoft\HFSS14.0\Win64\hfss.exe
Batch Script: F:/Dropbox/ANTLR/HFSS_API/examples/T65_XFM_ANTLR/run_em1.vbs
Starting Batch Run: 10:37:46 上午  十一月 28, 2012
Running as user: michael-PC\michael2
Temp directory: C:\Users\michael\AppData\Local\Temp
Project directory: C:\Users\michael2\Documents\Ansoft
[warning] Script Error (Code 80070203) in file:  F:/Dropbox/ANTLR/HFSS_API/examples/T65_XFM_ANTLR/run_em1.vbs
Description: Solution 'Setup24G:SWP40G' was not found.
Line(20):  "oModule.ExportNetworkData "", Array("Setup24G:SWP40G"), 3, "G:\HFSS_SIMULATIONS\T65_XFM_HK_ANTLR\EM1\XFM-D115I4O3S2.s4p", Array("all"), true, 50.0"

[warning] HFSS cannot be closed right now because it is being used by another application or a script.

 
Ansoft HFSS Version 14.0.0, Build: 2011-10-22 21:03:32
Location: C:\Program Files\Ansoft\HFSS14.0\Win64\hfss.exe
Batch Script: F:/Dropbox/ANTLR/HFSS_API/examples/T65_XFM_ANTLR/run_em1.vbs
Starting Batch Run: 10:37:50 上午  十一月 28, 2012
Running as user: michael-PC\michael2
Temp directory: C:\Users\michael\AppData\Local\Temp
Project directory: C:\Users\michael2\Documents\Ansoft
 
Ansoft HFSS Version 14.0.0, Build: 2011-10-22 21:03:32
Location: C:\Program Files\Ansoft\HFSS14.0\Win64\hfss.exe
Batch Script: F:/Dropbox/ANTLR/HFSS_API/examples/T65_XFM_ANTLR/run_em1.vbs
Starting Batch Run: 10:38:38 上午  十一月 28, 2012
Running as user: michael-PC\michael2
Temp directory: C:\Users\michael\AppData\Local\Temp
Project directory: C:\Users\michael2\Documents\Ansoft
[warning] Script Error (Code 8007020b) in file:  F:/Dropbox/ANTLR/HFSS_API/examples/T65_XFM_ANTLR/run_em1.vbs
Description: Project G:/HFSS_SIMULATIONS/T65_XFM_HK_ANTLR/EM1/XFM-D115I4O2S2.hfss is locked and cannot be opened.
Line(15):  "oDesktop.OpenProject "G:\HFSS_SIMULATIONS\T65_XFM_HK_ANTLR\EM1\XFM-D115I4O2S2.hfss""

[warning] HFSS cannot be closed right now because it is being used by another application or a script.

 
Ansoft HFSS Version 14.0.0, Build: 2011-10-22 21:03:32
Location: C:\Program Files\Ansoft\HFSS14.0\Win64\hfss.exe
Batch Script: F:/Dropbox/ANTLR/HFSS_API/examples/T65_XFM_ANTLR/run_em1.vbs
Starting Batch Run: 10:38:40 上午  十一月 28, 2012
Running as user: michael-PC\michael2
Temp directory: C:\Users\michael\AppData\Local\Temp
Project directory: C:\Users\michael2\Documents\Ansoft
[warning] Script Error (Code 8007020b) in file:  F:/Dropbox/ANTLR/HFSS_API/examples/T65_XFM_ANTLR/run_em1.vbs
Description: Project G:/HFSS_SIMULATIONS/T65_XFM_HK_ANTLR/EM1/XFM-D115I4O3S2.hfss is locked and cannot be opened.
Line(15):  "oDesktop.OpenProject "G:\HFSS_SIMULATIONS\T65_XFM_HK_ANTLR\EM1\XFM-D115I4O3S2.hfss""

[warning] HFSS cannot be closed right now because it is being used by another application or a script.

 
Ansoft HFSS Version 14.0.0, Build: 2011-10-22 21:03:32
Location: C:\Program Files\Ansoft\HFSS14.0\Win64\hfss.exe
Batch Script: F:/Dropbox/ANTLR/HFSS_API/examples/T65_XFM_ANTLR/run_em1.vbs
Starting Batch Run: 10:38:42 上午  十一月 28, 2012
Running as user: michael-PC\michael2
Temp directory: C:\Users\michael\AppData\Local\Temp
Project directory: C:\Users\michael2\Documents\Ansoft
[warning] Script Error (Code 8007020b) in file:  F:/Dropbox/ANTLR/HFSS_API/examples/T65_XFM_ANTLR/run_em1.vbs
Description: Project G:/HFSS_SIMULATIONS/T65_XFM_HK_ANTLR/EM1/XFM-D115I5O2S2.hfss is locked and cannot be opened.
Line(15):  "oDesktop.OpenProject "G:\HFSS_SIMULATIONS\T65_XFM_HK_ANTLR\EM1\XFM-D115I5O2S2.hfss""

[warning] HFSS cannot be closed right now because it is being used by another application or a script.

 
Ansoft HFSS Version 14.0.0, Build: 2011-10-22 21:03:32
Location: C:\Program Files\Ansoft\HFSS14.0\Win64\hfss.exe
Batch Script: F:/Dropbox/ANTLR/HFSS_API/examples/T65_XFM_ANTLR/run_em1.vbs
Starting Batch Run: 10:38:45 上午  十一月 28, 2012
Running as user: michael-PC\michael2
Temp directory: C:\Users\michael\AppData\Local\Temp
Project directory: C:\Users\michael2\Documents\Ansoft
Stopping Batch Run: 10:38:49 上午  十一月 28, 2012
 
Ansoft HFSS Version 14.0.0, Build: 2011-10-22 21:03:32
Location: C:\Program Files\Ansoft\HFSS14.0\Win64\hfss.exe
Batch Script: F:/Dropbox/ANTLR/HFSS_API/examples/T65_XFM_ANTLR/run_em1.vbs
Starting Batch Run: 10:39:39 上午  十一月 28, 2012
Running as user: michael-PC\michael2
Temp directory: C:\Users\michael\AppData\Local\Temp
Project directory: C:\Users\michael2\Documents\Ansoft
Stopping Batch Run: 10:39:44 上午  十一月 28, 2012
 
Ansoft HFSS Version 14.0.0, Build: 2011-10-22 21:03:32
Location: C:\Program Files\Ansoft\HFSS14.0\Win64\hfss.exe
Batch Script: F:/Dropbox/ANTLR/HFSS_API/examples/T65_XFM_ANTLR/run_em1.vbs
Starting Batch Run: 10:39:44 上午  十一月 28, 2012
Running as user: michael-PC\michael2
Temp directory: C:\Users\michael\AppData\Local\Temp
Project directory: C:\Users\michael2\Documents\Ansoft
Stopping Batch Run: 10:39:49 上午  十一月 28, 2012
 
Ansoft HFSS Version 14.0.0, Build: 2011-10-22 21:03:32
Location: C:\Program Files\Ansoft\HFSS14.0\Win64\hfss.exe
Batch Script: F:/Dropbox/ANTLR/HFSS_API/examples/T65_XFM_ANTLR/run_em1.vbs
Starting Batch Run: 10:39:50 上午  十一月 28, 2012
Running as user: michael-PC\michael2
Temp directory: C:\Users\michael\AppData\Local\Temp
Project directory: C:\Users\michael2\Documents\Ansoft
Stopping Batch Run: 10:39:55 上午  十一月 28, 2012
 
Ansoft HFSS Version 14.0.0, Build: 2011-10-22 21:03:32
Location: C:\Program Files\Ansoft\HFSS14.0\Win64\hfss.exe
Batch Script: F:/Dropbox/ANTLR/HFSS_API/examples/T65_XFM_ANTLR/run_em1.vbs
Starting Batch Run: 10:39:55 上午  十一月 28, 2012
Running as user: michael-PC\michael2
Temp directory: C:\Users\michael\AppData\Local\Temp
Project directory: C:\Users\michael2\Documents\Ansoft
Stopping Batch Run: 10:40:00 上午  十一月 28, 2012
 
Ansoft HFSS Version 14.0.0, Build: 2011-10-22 21:03:32
Location: C:\Program Files\Ansoft\HFSS14.0\Win64\hfss.exe
Batch Script: F:/Dropbox/ANTLR/HFSS_API/examples/T65_XFM_ANTLR/run_em1.vbs
Starting Batch Run: 10:40:01 上午  十一月 28, 2012
Running as user: michael-PC\michael2
Temp directory: C:\Users\michael\AppData\Local\Temp
Project directory: C:\Users\michael2\Documents\Ansoft
Stopping Batch Run: 10:40:05 上午  十一月 28, 2012
 
Ansoft HFSS Version 14.0.0, Build: 2011-10-22 21:03:32
Location: C:\Program Files\Ansoft\HFSS14.0\Win64\hfss.exe
Batch Script: F:/Dropbox/ANTLR/HFSS_API/examples/T65_XFM_ANTLR/run_em1.vbs
Starting Batch Run: 10:40:06 上午  十一月 28, 2012
Running as user: michael-PC\michael2
Temp directory: C:\Users\michael\AppData\Local\Temp
Project directory: C:\Users\michael2\Documents\Ansoft
Stopping Batch Run: 10:40:11 上午  十一月 28, 2012
 
Ansoft HFSS Version 14.0.0, Build: 2011-10-22 21:03:32
Location: C:\Program Files\Ansoft\HFSS14.0\Win64\hfss.exe
Batch Script: F:/Dropbox/ANTLR/HFSS_API/examples/T65_XFM_ANTLR/run_em1.vbs
Starting Batch Run: 10:40:12 上午  十一月 28, 2012
Running as user: michael-PC\michael2
Temp directory: C:\Users\michael\AppData\Local\Temp
Project directory: C:\Users\michael2\Documents\Ansoft
Stopping Batch Run: 10:40:17 上午  十一月 28, 2012
 
Ansoft HFSS Version 14.0.0, Build: 2011-10-22 21:03:32
Location: C:\Program Files\Ansoft\HFSS14.0\Win64\hfss.exe
Batch Script: F:/Dropbox/ANTLR/HFSS_API/examples/T65_XFM_ANTLR/run_em1.vbs
Starting Batch Run: 10:40:17 上午  十一月 28, 2012
Running as user: michael-PC\michael2
Temp directory: C:\Users\michael\AppData\Local\Temp
Project directory: C:\Users\michael2\Documents\Ansoft
Stopping Batch Run: 10:40:22 上午  十一月 28, 2012
 
Ansoft HFSS Version 14.0.0, Build: 2011-10-22 21:03:32
Location: C:\Program Files\Ansoft\HFSS14.0\Win64\hfss.exe
Batch Script: F:/Dropbox/ANTLR/HFSS_API/examples/T65_XFM_ANTLR/run_em1.vbs
Starting Batch Run: 10:40:22 上午  十一月 28, 2012
Running as user: michael-PC\michael2
Temp directory: C:\Users\michael\AppData\Local\Temp
Project directory: C:\Users\michael2\Documents\Ansoft
Stopping Batch Run: 10:40:27 上午  十一月 28, 2012
 
Ansoft HFSS Version 14.0.0, Build: 2011-10-22 21:03:32
Location: C:\Program Files\Ansoft\HFSS14.0\Win64\hfss.exe
Batch Script: F:/Dropbox/ANTLR/HFSS_API/examples/T65_XFM_ANTLR/run_em1.vbs
Starting Batch Run: 10:40:28 上午  十一月 28, 2012
Running as user: michael-PC\michael2
Temp directory: C:\Users\michael\AppData\Local\Temp
Project directory: C:\Users\michael2\Documents\Ansoft
