 
Ansoft HFSS Version 14.0.0, Build: 2011-10-22 21:03:32
Location: C:\Program Files\Ansoft\HFSS14.0\Win64\hfss.exe
Batch Solve/Save: No Project??
Starting Batch Run: 5:51:54 下午  十月 20, 2012
Running as user: michael-PC\michael2
The -batchsolve/batchsave option requires a filename which must be specified as the last parameter.
 
Ansoft HFSS Version 14.0.0, Build: 2011-10-22 21:03:32
Location: C:\Program Files\Ansoft\HFSS14.0\Win64\hfss.exe
Batch Solve/Save: No Project??
Starting Batch Run: 5:51:54 下午  十月 20, 2012
Running as user: michael-PC\michael2
The -batchsolve/batchsave option requires a filename which must be specified as the last parameter.
 
Ansoft HFSS Version 14.0.0, Build: 2011-10-22 21:03:32
Location: C:\Program Files\Ansoft\HFSS14.0\Win64\hfss.exe
Batch Solve/Save: No Project??
Starting Batch Run: 5:51:54 下午  十月 20, 2012
Running as user: michael-PC\michael2
The -batchsolve/batchsave option requires a filename which must be specified as the last parameter.
 
Ansoft HFSS Version 14.0.0, Build: 2011-10-22 21:03:32
Location: C:\Program Files\Ansoft\HFSS14.0\Win64\hfss.exe
Batch Solve/Save: No Project??
Starting Batch Run: 5:51:54 下午  十月 20, 2012
Running as user: michael-PC\michael2
The -batchsolve/batchsave option requires a filename which must be specified as the last parameter.
 
Ansoft HFSS Version 14.0.0, Build: 2011-10-22 21:03:32
Location: C:\Program Files\Ansoft\HFSS14.0\Win64\hfss.exe
Batch Solve/Save: No Project??
Starting Batch Run: 5:51:55 下午  十月 20, 2012
Running as user: michael-PC\michael2
The -batchsolve/batchsave option requires a filename which must be specified as the last parameter.
 
Ansoft HFSS Version 14.0.0, Build: 2011-10-22 21:03:32
Location: C:\Program Files\Ansoft\HFSS14.0\Win64\hfss.exe
Batch Solve/Save: No Project??
Starting Batch Run: 5:51:55 下午  十月 20, 2012
Running as user: michael-PC\michael2
The -batchsolve/batchsave option requires a filename which must be specified as the last parameter.
 
Ansoft HFSS Version 14.0.0, Build: 2011-10-22 21:03:32
Location: C:\Program Files\Ansoft\HFSS14.0\Win64\hfss.exe
Batch Solve/Save: No Project??
Starting Batch Run: 5:51:55 下午  十月 20, 2012
Running as user: michael-PC\michael2
The -batchsolve/batchsave option requires a filename which must be specified as the last parameter.
 
Ansoft HFSS Version 14.0.0, Build: 2011-10-22 21:03:32
Location: C:\Program Files\Ansoft\HFSS14.0\Win64\hfss.exe
Batch Solve/Save: No Project??
Starting Batch Run: 5:51:55 下午  十月 20, 2012
Running as user: michael-PC\michael2
The -batchsolve/batchsave option requires a filename which must be specified as the last parameter.
 
Ansoft HFSS Version 14.0.0, Build: 2011-10-22 21:03:32
Location: C:\Program Files\Ansoft\HFSS14.0\Win64\hfss.exe
Batch Solve/Save: No Project??
Starting Batch Run: 5:51:55 下午  十月 20, 2012
Running as user: michael-PC\michael2
The -batchsolve/batchsave option requires a filename which must be specified as the last parameter.
 
Ansoft HFSS Version 14.0.0, Build: 2011-10-22 21:03:32
Location: C:\Program Files\Ansoft\HFSS14.0\Win64\hfss.exe
Batch Solve/Save: No Project??
Starting Batch Run: 5:51:55 下午  十月 20, 2012
Running as user: michael-PC\michael2
The -batchsolve/batchsave option requires a filename which must be specified as the last parameter.
 
Ansoft HFSS Version 14.0.0, Build: 2011-10-22 21:03:32
Location: C:\Program Files\Ansoft\HFSS14.0\Win64\hfss.exe
Batch Solve/Save: No Project??
Starting Batch Run: 5:51:55 下午  十月 20, 2012
Running as user: michael-PC\michael2
The -batchsolve/batchsave option requires a filename which must be specified as the last parameter.
 
Ansoft HFSS Version 14.0.0, Build: 2011-10-22 21:03:32
Location: C:\Program Files\Ansoft\HFSS14.0\Win64\hfss.exe
Batch Solve/Save: No Project??
Starting Batch Run: 5:51:55 下午  十月 20, 2012
Running as user: michael-PC\michael2
The -batchsolve/batchsave option requires a filename which must be specified as the last parameter.
 
Ansoft HFSS Version 14.0.0, Build: 2011-10-22 21:03:32
Location: C:\Program Files\Ansoft\HFSS14.0\Win64\hfss.exe
Batch Solve/Save: No Project??
Starting Batch Run: 5:51:55 下午  十月 20, 2012
Running as user: michael-PC\michael2
The -batchsolve/batchsave option requires a filename which must be specified as the last parameter.
 
Ansoft HFSS Version 14.0.0, Build: 2011-10-22 21:03:32
Location: C:\Program Files\Ansoft\HFSS14.0\Win64\hfss.exe
Batch Solve/Save: No Project??
Starting Batch Run: 5:51:56 下午  十月 20, 2012
Running as user: michael-PC\michael2
The -batchsolve/batchsave option requires a filename which must be specified as the last parameter.
 
Ansoft HFSS Version 14.0.0, Build: 2011-10-22 21:03:32
Location: C:\Program Files\Ansoft\HFSS14.0\Win64\hfss.exe
Batch Solve/Save: No Project??
Starting Batch Run: 5:51:56 下午  十月 20, 2012
Running as user: michael-PC\michael2
The -batchsolve/batchsave option requires a filename which must be specified as the last parameter.
 
Ansoft HFSS Version 14.0.0, Build: 2011-10-22 21:03:32
Location: C:\Program Files\Ansoft\HFSS14.0\Win64\hfss.exe
Batch Solve/Save: No Project??
Starting Batch Run: 5:51:56 下午  十月 20, 2012
Running as user: michael-PC\michael2
The -batchsolve/batchsave option requires a filename which must be specified as the last parameter.
 
Ansoft HFSS Version 14.0.0, Build: 2011-10-22 21:03:32
Location: C:\Program Files\Ansoft\HFSS14.0\Win64\hfss.exe
Batch Solve/Save: No Project??
Starting Batch Run: 5:51:56 下午  十月 20, 2012
Running as user: michael-PC\michael2
The -batchsolve/batchsave option requires a filename which must be specified as the last parameter.
 
Ansoft HFSS Version 14.0.0, Build: 2011-10-22 21:03:32
Location: C:\Program Files\Ansoft\HFSS14.0\Win64\hfss.exe
Batch Solve/Save: No Project??
Starting Batch Run: 5:51:56 下午  十月 20, 2012
Running as user: michael-PC\michael2
The -batchsolve/batchsave option requires a filename which must be specified as the last parameter.
 
Ansoft HFSS Version 14.0.0, Build: 2011-10-22 21:03:32
Location: C:\Program Files\Ansoft\HFSS14.0\Win64\hfss.exe
Batch Solve/Save: No Project??
Starting Batch Run: 5:51:56 下午  十月 20, 2012
Running as user: michael-PC\michael2
The -batchsolve/batchsave option requires a filename which must be specified as the last parameter.
 
Ansoft HFSS Version 14.0.0, Build: 2011-10-22 21:03:32
Location: C:\Program Files\Ansoft\HFSS14.0\Win64\hfss.exe
Batch Solve/Save: No Project??
Starting Batch Run: 5:51:56 下午  十月 20, 2012
Running as user: michael-PC\michael2
The -batchsolve/batchsave option requires a filename which must be specified as the last parameter.
 
Ansoft HFSS Version 14.0.0, Build: 2011-10-22 21:03:32
Location: C:\Program Files\Ansoft\HFSS14.0\Win64\hfss.exe
Batch Solve/Save: No Project??
Starting Batch Run: 5:51:56 下午  十月 20, 2012
Running as user: michael-PC\michael2
The -batchsolve/batchsave option requires a filename which must be specified as the last parameter.
 
Ansoft HFSS Version 14.0.0, Build: 2011-10-22 21:03:32
Location: C:\Program Files\Ansoft\HFSS14.0\Win64\hfss.exe
Batch Solve/Save: No Project??
Starting Batch Run: 5:51:57 下午  十月 20, 2012
Running as user: michael-PC\michael2
The -batchsolve/batchsave option requires a filename which must be specified as the last parameter.
 
Ansoft HFSS Version 14.0.0, Build: 2011-10-22 21:03:32
Location: C:\Program Files\Ansoft\HFSS14.0\Win64\hfss.exe
Batch Solve/Save: No Project??
Starting Batch Run: 5:51:57 下午  十月 20, 2012
Running as user: michael-PC\michael2
The -batchsolve/batchsave option requires a filename which must be specified as the last parameter.
 
Ansoft HFSS Version 14.0.0, Build: 2011-10-22 21:03:32
Location: C:\Program Files\Ansoft\HFSS14.0\Win64\hfss.exe
Batch Solve/Save: No Project??
Starting Batch Run: 5:51:57 下午  十月 20, 2012
Running as user: michael-PC\michael2
The -batchsolve/batchsave option requires a filename which must be specified as the last parameter.
 
Ansoft HFSS Version 14.0.0, Build: 2011-10-22 21:03:32
Location: C:\Program Files\Ansoft\HFSS14.0\Win64\hfss.exe
Batch Solve/Save: No Project??
Starting Batch Run: 5:51:57 下午  十月 20, 2012
Running as user: michael-PC\michael2
The -batchsolve/batchsave option requires a filename which must be specified as the last parameter.
 
Ansoft HFSS Version 14.0.0, Build: 2011-10-22 21:03:32
Location: C:\Program Files\Ansoft\HFSS14.0\Win64\hfss.exe
Batch Solve/Save: No Project??
Starting Batch Run: 5:51:57 下午  十月 20, 2012
Running as user: michael-PC\michael2
The -batchsolve/batchsave option requires a filename which must be specified as the last parameter.
 
Ansoft HFSS Version 14.0.0, Build: 2011-10-22 21:03:32
Location: C:\Program Files\Ansoft\HFSS14.0\Win64\hfss.exe
Batch Solve/Save: No Project??
Starting Batch Run: 5:51:57 下午  十月 20, 2012
Running as user: michael-PC\michael2
The -batchsolve/batchsave option requires a filename which must be specified as the last parameter.
 
Ansoft HFSS Version 14.0.0, Build: 2011-10-22 21:03:32
Location: C:\Program Files\Ansoft\HFSS14.0\Win64\hfss.exe
Batch Solve/Save: No Project??
Starting Batch Run: 5:52:17 下午  十月 20, 2012
Running as user: michael-PC\michael2
The -batchsolve/batchsave option requires a filename which must be specified as the last parameter.
 
Ansoft HFSS Version 14.0.0, Build: 2011-10-22 21:03:32
Location: C:\Program Files\Ansoft\HFSS14.0\Win64\hfss.exe
Batch Solve/Save: No Project??
Starting Batch Run: 5:52:17 下午  十月 20, 2012
Running as user: michael-PC\michael2
The -batchsolve/batchsave option requires a filename which must be specified as the last parameter.
 
Ansoft HFSS Version 14.0.0, Build: 2011-10-22 21:03:32
Location: C:\Program Files\Ansoft\HFSS14.0\Win64\hfss.exe
Batch Solve/Save: No Project??
Starting Batch Run: 5:52:17 下午  十月 20, 2012
Running as user: michael-PC\michael2
The -batchsolve/batchsave option requires a filename which must be specified as the last parameter.
 
Ansoft HFSS Version 14.0.0, Build: 2011-10-22 21:03:32
Location: C:\Program Files\Ansoft\HFSS14.0\Win64\hfss.exe
Batch Solve/Save: No Project??
Starting Batch Run: 5:52:17 下午  十月 20, 2012
Running as user: michael-PC\michael2
The -batchsolve/batchsave option requires a filename which must be specified as the last parameter.
 
Ansoft HFSS Version 14.0.0, Build: 2011-10-22 21:03:32
Location: C:\Program Files\Ansoft\HFSS14.0\Win64\hfss.exe
Batch Solve/Save: No Project??
Starting Batch Run: 5:52:17 下午  十月 20, 2012
Running as user: michael-PC\michael2
The -batchsolve/batchsave option requires a filename which must be specified as the last parameter.
 
Ansoft HFSS Version 14.0.0, Build: 2011-10-22 21:03:32
Location: C:\Program Files\Ansoft\HFSS14.0\Win64\hfss.exe
Batch Solve/Save: No Project??
Starting Batch Run: 5:52:17 下午  十月 20, 2012
Running as user: michael-PC\michael2
The -batchsolve/batchsave option requires a filename which must be specified as the last parameter.
 
Ansoft HFSS Version 14.0.0, Build: 2011-10-22 21:03:32
Location: C:\Program Files\Ansoft\HFSS14.0\Win64\hfss.exe
Batch Solve/Save: No Project??
Starting Batch Run: 5:52:17 下午  十月 20, 2012
Running as user: michael-PC\michael2
The -batchsolve/batchsave option requires a filename which must be specified as the last parameter.
 
Ansoft HFSS Version 14.0.0, Build: 2011-10-22 21:03:32
Location: C:\Program Files\Ansoft\HFSS14.0\Win64\hfss.exe
Batch Solve/Save: No Project??
Starting Batch Run: 5:52:17 下午  十月 20, 2012
Running as user: michael-PC\michael2
The -batchsolve/batchsave option requires a filename which must be specified as the last parameter.
 
Ansoft HFSS Version 14.0.0, Build: 2011-10-22 21:03:32
Location: C:\Program Files\Ansoft\HFSS14.0\Win64\hfss.exe
Batch Solve/Save: No Project??
Starting Batch Run: 5:52:17 下午  十月 20, 2012
Running as user: michael-PC\michael2
The -batchsolve/batchsave option requires a filename which must be specified as the last parameter.
 
Ansoft HFSS Version 14.0.0, Build: 2011-10-22 21:03:32
Location: C:\Program Files\Ansoft\HFSS14.0\Win64\hfss.exe
Batch Solve/Save: No Project??
Starting Batch Run: 5:52:17 下午  十月 20, 2012
Running as user: michael-PC\michael2
The -batchsolve/batchsave option requires a filename which must be specified as the last parameter.
 
Ansoft HFSS Version 14.0.0, Build: 2011-10-22 21:03:32
Location: C:\Program Files\Ansoft\HFSS14.0\Win64\hfss.exe
Batch Solve/Save: No Project??
Starting Batch Run: 5:52:18 下午  十月 20, 2012
Running as user: michael-PC\michael2
The -batchsolve/batchsave option requires a filename which must be specified as the last parameter.
 
Ansoft HFSS Version 14.0.0, Build: 2011-10-22 21:03:32
Location: C:\Program Files\Ansoft\HFSS14.0\Win64\hfss.exe
Batch Solve/Save: No Project??
Starting Batch Run: 5:52:18 下午  十月 20, 2012
Running as user: michael-PC\michael2
The -batchsolve/batchsave option requires a filename which must be specified as the last parameter.
 
Ansoft HFSS Version 14.0.0, Build: 2011-10-22 21:03:32
Location: C:\Program Files\Ansoft\HFSS14.0\Win64\hfss.exe
Batch Solve/Save: No Project??
Starting Batch Run: 5:52:18 下午  十月 20, 2012
Running as user: michael-PC\michael2
The -batchsolve/batchsave option requires a filename which must be specified as the last parameter.
 
Ansoft HFSS Version 14.0.0, Build: 2011-10-22 21:03:32
Location: C:\Program Files\Ansoft\HFSS14.0\Win64\hfss.exe
Batch Solve/Save: No Project??
Starting Batch Run: 5:52:18 下午  十月 20, 2012
Running as user: michael-PC\michael2
The -batchsolve/batchsave option requires a filename which must be specified as the last parameter.
 
Ansoft HFSS Version 14.0.0, Build: 2011-10-22 21:03:32
Location: C:\Program Files\Ansoft\HFSS14.0\Win64\hfss.exe
Batch Solve/Save: No Project??
Starting Batch Run: 5:52:18 下午  十月 20, 2012
Running as user: michael-PC\michael2
The -batchsolve/batchsave option requires a filename which must be specified as the last parameter.
 
Ansoft HFSS Version 14.0.0, Build: 2011-10-22 21:03:32
Location: C:\Program Files\Ansoft\HFSS14.0\Win64\hfss.exe
Batch Solve/Save: No Project??
Starting Batch Run: 5:52:18 下午  十月 20, 2012
Running as user: michael-PC\michael2
The -batchsolve/batchsave option requires a filename which must be specified as the last parameter.
 
Ansoft HFSS Version 14.0.0, Build: 2011-10-22 21:03:32
Location: C:\Program Files\Ansoft\HFSS14.0\Win64\hfss.exe
Batch Solve/Save: No Project??
Starting Batch Run: 5:52:18 下午  十月 20, 2012
Running as user: michael-PC\michael2
The -batchsolve/batchsave option requires a filename which must be specified as the last parameter.
 
Ansoft HFSS Version 14.0.0, Build: 2011-10-22 21:03:32
Location: C:\Program Files\Ansoft\HFSS14.0\Win64\hfss.exe
Batch Solve/Save: No Project??
Starting Batch Run: 5:52:18 下午  十月 20, 2012
Running as user: michael-PC\michael2
The -batchsolve/batchsave option requires a filename which must be specified as the last parameter.
 
Ansoft HFSS Version 14.0.0, Build: 2011-10-22 21:03:32
Location: C:\Program Files\Ansoft\HFSS14.0\Win64\hfss.exe
Batch Solve/Save: No Project??
Starting Batch Run: 5:53:20 下午  十月 20, 2012
Running as user: michael-PC\michael2
The -batchsolve/batchsave option requires a filename which must be specified as the last parameter.
 
Ansoft HFSS Version 14.0.0, Build: 2011-10-22 21:03:32
Location: C:\Program Files\Ansoft\HFSS14.0\Win64\hfss.exe
Batch Solve/Save: No Project??
Starting Batch Run: 5:53:20 下午  十月 20, 2012
Running as user: michael-PC\michael2
The -batchsolve/batchsave option requires a filename which must be specified as the last parameter.
 
Ansoft HFSS Version 14.0.0, Build: 2011-10-22 21:03:32
Location: C:\Program Files\Ansoft\HFSS14.0\Win64\hfss.exe
Batch Solve/Save: No Project??
Starting Batch Run: 5:53:20 下午  十月 20, 2012
Running as user: michael-PC\michael2
The -batchsolve/batchsave option requires a filename which must be specified as the last parameter.
 
Ansoft HFSS Version 14.0.0, Build: 2011-10-22 21:03:32
Location: C:\Program Files\Ansoft\HFSS14.0\Win64\hfss.exe
Batch Solve/Save: No Project??
Starting Batch Run: 5:53:20 下午  十月 20, 2012
Running as user: michael-PC\michael2
The -batchsolve/batchsave option requires a filename which must be specified as the last parameter.
 
Ansoft HFSS Version 14.0.0, Build: 2011-10-22 21:03:32
Location: C:\Program Files\Ansoft\HFSS14.0\Win64\hfss.exe
Batch Solve/Save: No Project??
Starting Batch Run: 5:53:20 下午  十月 20, 2012
Running as user: michael-PC\michael2
The -batchsolve/batchsave option requires a filename which must be specified as the last parameter.
 
Ansoft HFSS Version 14.0.0, Build: 2011-10-22 21:03:32
Location: C:\Program Files\Ansoft\HFSS14.0\Win64\hfss.exe
Batch Solve/Save: No Project??
Starting Batch Run: 5:53:20 下午  十月 20, 2012
Running as user: michael-PC\michael2
The -batchsolve/batchsave option requires a filename which must be specified as the last parameter.
 
Ansoft HFSS Version 14.0.0, Build: 2011-10-22 21:03:32
Location: C:\Program Files\Ansoft\HFSS14.0\Win64\hfss.exe
Batch Solve/Save: No Project??
Starting Batch Run: 5:53:20 下午  十月 20, 2012
Running as user: michael-PC\michael2
The -batchsolve/batchsave option requires a filename which must be specified as the last parameter.
 
Ansoft HFSS Version 14.0.0, Build: 2011-10-22 21:03:32
Location: C:\Program Files\Ansoft\HFSS14.0\Win64\hfss.exe
Batch Solve/Save: No Project??
Starting Batch Run: 5:53:21 下午  十月 20, 2012
Running as user: michael-PC\michael2
The -batchsolve/batchsave option requires a filename which must be specified as the last parameter.
 
Ansoft HFSS Version 14.0.0, Build: 2011-10-22 21:03:32
Location: C:\Program Files\Ansoft\HFSS14.0\Win64\hfss.exe
Batch Solve/Save: No Project??
Starting Batch Run: 5:53:21 下午  十月 20, 2012
Running as user: michael-PC\michael2
The -batchsolve/batchsave option requires a filename which must be specified as the last parameter.
 
Ansoft HFSS Version 14.0.0, Build: 2011-10-22 21:03:32
Location: C:\Program Files\Ansoft\HFSS14.0\Win64\hfss.exe
Batch Solve/Save: No Project??
Starting Batch Run: 5:53:21 下午  十月 20, 2012
Running as user: michael-PC\michael2
The -batchsolve/batchsave option requires a filename which must be specified as the last parameter.
 
Ansoft HFSS Version 14.0.0, Build: 2011-10-22 21:03:32
Location: C:\Program Files\Ansoft\HFSS14.0\Win64\hfss.exe
Batch Solve/Save: No Project??
Starting Batch Run: 5:53:21 下午  十月 20, 2012
Running as user: michael-PC\michael2
The -batchsolve/batchsave option requires a filename which must be specified as the last parameter.
 
Ansoft HFSS Version 14.0.0, Build: 2011-10-22 21:03:32
Location: C:\Program Files\Ansoft\HFSS14.0\Win64\hfss.exe
Batch Solve/Save: No Project??
Starting Batch Run: 5:53:21 下午  十月 20, 2012
Running as user: michael-PC\michael2
The -batchsolve/batchsave option requires a filename which must be specified as the last parameter.
 
Ansoft HFSS Version 14.0.0, Build: 2011-10-22 21:03:32
Location: C:\Program Files\Ansoft\HFSS14.0\Win64\hfss.exe
Batch Solve/Save: No Project??
Starting Batch Run: 5:53:21 下午  十月 20, 2012
Running as user: michael-PC\michael2
The -batchsolve/batchsave option requires a filename which must be specified as the last parameter.
 
Ansoft HFSS Version 14.0.0, Build: 2011-10-22 21:03:32
Location: C:\Program Files\Ansoft\HFSS14.0\Win64\hfss.exe
Batch Solve/Save: No Project??
Starting Batch Run: 5:53:21 下午  十月 20, 2012
Running as user: michael-PC\michael2
The -batchsolve/batchsave option requires a filename which must be specified as the last parameter.
 
Ansoft HFSS Version 14.0.0, Build: 2011-10-22 21:03:32
Location: C:\Program Files\Ansoft\HFSS14.0\Win64\hfss.exe
Batch Solve/Save: No Project??
Starting Batch Run: 5:53:21 下午  十月 20, 2012
Running as user: michael-PC\michael2
The -batchsolve/batchsave option requires a filename which must be specified as the last parameter.
 
Ansoft HFSS Version 14.0.0, Build: 2011-10-22 21:03:32
Location: C:\Program Files\Ansoft\HFSS14.0\Win64\hfss.exe
Batch Solve/Save: No Project??
Starting Batch Run: 5:53:21 下午  十月 20, 2012
Running as user: michael-PC\michael2
The -batchsolve/batchsave option requires a filename which must be specified as the last parameter.
 
Ansoft HFSS Version 14.0.0, Build: 2011-10-22 21:03:32
Location: C:\Program Files\Ansoft\HFSS14.0\Win64\hfss.exe
Batch Solve/Save: No Project??
Starting Batch Run: 5:53:21 下午  十月 20, 2012
Running as user: michael-PC\michael2
The -batchsolve/batchsave option requires a filename which must be specified as the last parameter.
 
Ansoft HFSS Version 14.0.0, Build: 2011-10-22 21:03:32
Location: C:\Program Files\Ansoft\HFSS14.0\Win64\hfss.exe
Batch Solve/Save: No Project??
Starting Batch Run: 5:53:21 下午  十月 20, 2012
Running as user: michael-PC\michael2
The -batchsolve/batchsave option requires a filename which must be specified as the last parameter.
 
Ansoft HFSS Version 14.0.0, Build: 2011-10-22 21:03:32
Location: C:\Program Files\Ansoft\HFSS14.0\Win64\hfss.exe
Batch Solve/Save: No Project??
Starting Batch Run: 5:53:21 下午  十月 20, 2012
Running as user: michael-PC\michael2
The -batchsolve/batchsave option requires a filename which must be specified as the last parameter.
 
Ansoft HFSS Version 14.0.0, Build: 2011-10-22 21:03:32
Location: C:\Program Files\Ansoft\HFSS14.0\Win64\hfss.exe
Batch Solve/Save: No Project??
Starting Batch Run: 5:53:38 下午  十月 20, 2012
Running as user: michael-PC\michael2
The -batchsolve/batchsave option requires a filename which must be specified as the last parameter.
 
Ansoft HFSS Version 14.0.0, Build: 2011-10-22 21:03:32
Location: C:\Program Files\Ansoft\HFSS14.0\Win64\hfss.exe
Batch Solve/Save: No Project??
Starting Batch Run: 5:53:38 下午  十月 20, 2012
Running as user: michael-PC\michael2
The -batchsolve/batchsave option requires a filename which must be specified as the last parameter.
 
Ansoft HFSS Version 14.0.0, Build: 2011-10-22 21:03:32
Location: C:\Program Files\Ansoft\HFSS14.0\Win64\hfss.exe
Batch Solve/Save: No Project??
Starting Batch Run: 5:53:38 下午  十月 20, 2012
Running as user: michael-PC\michael2
The -batchsolve/batchsave option requires a filename which must be specified as the last parameter.
 
Ansoft HFSS Version 14.0.0, Build: 2011-10-22 21:03:32
Location: C:\Program Files\Ansoft\HFSS14.0\Win64\hfss.exe
Batch Solve/Save: No Project??
Starting Batch Run: 5:53:38 下午  十月 20, 2012
Running as user: michael-PC\michael2
The -batchsolve/batchsave option requires a filename which must be specified as the last parameter.
 
Ansoft HFSS Version 14.0.0, Build: 2011-10-22 21:03:32
Location: C:\Program Files\Ansoft\HFSS14.0\Win64\hfss.exe
Batch Solve/Save: No Project??
Starting Batch Run: 5:53:38 下午  十月 20, 2012
Running as user: michael-PC\michael2
The -batchsolve/batchsave option requires a filename which must be specified as the last parameter.
 
Ansoft HFSS Version 14.0.0, Build: 2011-10-22 21:03:32
Location: C:\Program Files\Ansoft\HFSS14.0\Win64\hfss.exe
Batch Solve/Save: No Project??
Starting Batch Run: 5:53:38 下午  十月 20, 2012
Running as user: michael-PC\michael2
The -batchsolve/batchsave option requires a filename which must be specified as the last parameter.
 
Ansoft HFSS Version 14.0.0, Build: 2011-10-22 21:03:32
Location: C:\Program Files\Ansoft\HFSS14.0\Win64\hfss.exe
Batch Solve/Save: No Project??
Starting Batch Run: 5:53:38 下午  十月 20, 2012
Running as user: michael-PC\michael2
The -batchsolve/batchsave option requires a filename which must be specified as the last parameter.
 
Ansoft HFSS Version 14.0.0, Build: 2011-10-22 21:03:32
Location: C:\Program Files\Ansoft\HFSS14.0\Win64\hfss.exe
Batch Solve/Save: No Project??
Starting Batch Run: 5:53:39 下午  十月 20, 2012
Running as user: michael-PC\michael2
The -batchsolve/batchsave option requires a filename which must be specified as the last parameter.
 
Ansoft HFSS Version 14.0.0, Build: 2011-10-22 21:03:32
Location: C:\Program Files\Ansoft\HFSS14.0\Win64\hfss.exe
Batch Solve/Save: No Project??
Starting Batch Run: 5:53:39 下午  十月 20, 2012
Running as user: michael-PC\michael2
The -batchsolve/batchsave option requires a filename which must be specified as the last parameter.
 
Ansoft HFSS Version 14.0.0, Build: 2011-10-22 21:03:32
Location: C:\Program Files\Ansoft\HFSS14.0\Win64\hfss.exe
Batch Solve/Save: No Project??
Starting Batch Run: 5:53:39 下午  十月 20, 2012
Running as user: michael-PC\michael2
The -batchsolve/batchsave option requires a filename which must be specified as the last parameter.
 
Ansoft HFSS Version 14.0.0, Build: 2011-10-22 21:03:32
Location: C:\Program Files\Ansoft\HFSS14.0\Win64\hfss.exe
Batch Solve/Save: No Project??
Starting Batch Run: 5:53:39 下午  十月 20, 2012
Running as user: michael-PC\michael2
The -batchsolve/batchsave option requires a filename which must be specified as the last parameter.
 
Ansoft HFSS Version 14.0.0, Build: 2011-10-22 21:03:32
Location: C:\Program Files\Ansoft\HFSS14.0\Win64\hfss.exe
Batch Solve/Save: No Project??
Starting Batch Run: 5:53:39 下午  十月 20, 2012
Running as user: michael-PC\michael2
The -batchsolve/batchsave option requires a filename which must be specified as the last parameter.
 
Ansoft HFSS Version 14.0.0, Build: 2011-10-22 21:03:32
Location: C:\Program Files\Ansoft\HFSS14.0\Win64\hfss.exe
Batch Solve/Save: No Project??
Starting Batch Run: 5:53:39 下午  十月 20, 2012
Running as user: michael-PC\michael2
The -batchsolve/batchsave option requires a filename which must be specified as the last parameter.
 
Ansoft HFSS Version 14.0.0, Build: 2011-10-22 21:03:32
Location: C:\Program Files\Ansoft\HFSS14.0\Win64\hfss.exe
Batch Solve/Save: No Project??
Starting Batch Run: 5:53:39 下午  十月 20, 2012
Running as user: michael-PC\michael2
The -batchsolve/batchsave option requires a filename which must be specified as the last parameter.
 
Ansoft HFSS Version 14.0.0, Build: 2011-10-22 21:03:32
Location: C:\Program Files\Ansoft\HFSS14.0\Win64\hfss.exe
Batch Solve/Save: No Project??
Starting Batch Run: 5:53:39 下午  十月 20, 2012
Running as user: michael-PC\michael2
The -batchsolve/batchsave option requires a filename which must be specified as the last parameter.
 
Ansoft HFSS Version 14.0.0, Build: 2011-10-22 21:03:32
Location: C:\Program Files\Ansoft\HFSS14.0\Win64\hfss.exe
Batch Solve/Save: No Project??
Starting Batch Run: 5:53:39 下午  十月 20, 2012
Running as user: michael-PC\michael2
The -batchsolve/batchsave option requires a filename which must be specified as the last parameter.
