 
Ansoft HFSS Version 14.0.0, Build: 2011-10-22 21:03:32
Location: C:\Program Files\Ansoft\HFSS14.0\Win64\hfss.exe
Batch Script: F:/Dropbox/ANTLR/HFSS_API/examples/T65_SYM_CT_ANTLR/run_em1.vbs
Starting Batch Run: 12:31:08 上午  十一月 20, 2012
Running as user: michael-PC\michael2
Temp directory: C:\Users\michael\AppData\Local\Temp
Project directory: C:\Users\michael2\Documents\Ansoft
[warning] Script Error (Code 80070212) in file:  F:/Dropbox/ANTLR/HFSS_API/examples/T65_SYM_CT_ANTLR/run_em1.vbs
Description: Loading project failed: G:/HFSS_SIMULATIONS/T65_SYM_CT_ANTLR/EM1/SYM_CT-D120W5S2.hfss.
Line(15):  "oDesktop.OpenProject "G:\HFSS_SIMULATIONS\T65_SYM_CT_ANTLR\EM1\SYM_CT-D120W5S2.hfss""

[warning] HFSS cannot be closed right now because it is being used by another application or a script.

 
Ansoft HFSS Version 14.0.0, Build: 2011-10-22 21:03:32
Location: C:\Program Files\Ansoft\HFSS14.0\Win64\hfss.exe
Batch Script: F:/Dropbox/ANTLR/HFSS_API/examples/T65_SYM_CT_ANTLR/run_em1.vbs
Starting Batch Run: 12:37:45 上午  十一月 20, 2012
Running as user: michael-PC\michael2
Temp directory: C:\Users\michael\AppData\Local\Temp
Project directory: C:\Users\michael2\Documents\Ansoft
[warning] Script Error (Code 80070212) in file:  F:/Dropbox/ANTLR/HFSS_API/examples/T65_SYM_CT_ANTLR/run_em1.vbs
Description: Loading project failed: G:/HFSS_SIMULATIONS/T65_SYM_CT_ANTLR/EM1/SYM_CT-D120W5S2.hfss.
Line(15):  "oDesktop.OpenProject "G:\HFSS_SIMULATIONS\T65_SYM_CT_ANTLR\EM1\SYM_CT-D120W5S2.hfss""

[warning] HFSS cannot be closed right now because it is being used by another application or a script.

 
Ansoft HFSS Version 14.0.0, Build: 2011-10-22 21:03:32
Location: C:\Program Files\Ansoft\HFSS14.0\Win64\hfss.exe
Batch Script: F:/Dropbox/ANTLR/HFSS_API/examples/T65_SYM_CT_ANTLR/run_em1.vbs
Starting Batch Run: 12:42:02 上午  十一月 20, 2012
Running as user: michael-PC\michael2
Temp directory: C:\Users\michael\AppData\Local\Temp
Project directory: C:\Users\michael2\Documents\Ansoft
Stopping Batch Run: 12:42:04 上午  十一月 20, 2012
 
Ansoft HFSS Version 14.0.0, Build: 2011-10-22 21:03:32
Location: C:\Program Files\Ansoft\HFSS14.0\Win64\hfss.exe
Batch Script: F:/Dropbox/ANTLR/HFSS_API/examples/T65_SYM_CT_ANTLR/run_em1.vbs
Starting Batch Run: 12:45:28 上午  十一月 20, 2012
Running as user: michael-PC\michael2
Temp directory: C:\Users\michael\AppData\Local\Temp
Project directory: C:\Users\michael2\Documents\Ansoft
Stopping Batch Run: 12:45:30 上午  十一月 20, 2012
 
Ansoft HFSS Version 14.0.0, Build: 2011-10-22 21:03:32
Location: C:\Program Files\Ansoft\HFSS14.0\Win64\hfss.exe
Batch Script: F:/Dropbox/ANTLR/HFSS_API/examples/T65_SYM_CT_ANTLR/run_em1.vbs
Starting Batch Run: 12:47:31 上午  十一月 20, 2012
Running as user: michael-PC\michael2
Temp directory: C:\Users\michael\AppData\Local\Temp
Project directory: C:\Users\michael2\Documents\Ansoft
Stopping Batch Run: 12:47:33 上午  十一月 20, 2012
 
Ansoft HFSS Version 14.0.0, Build: 2011-10-22 21:03:32
Location: C:\Program Files\Ansoft\HFSS14.0\Win64\hfss.exe
Batch Script: F:/Dropbox/ANTLR/HFSS_API/examples/T65_SYM_CT_ANTLR/run_em1.vbs
Starting Batch Run: 12:51:08 上午  十一月 20, 2012
Running as user: michael-PC\michael2
Temp directory: C:\Users\michael\AppData\Local\Temp
Project directory: C:\Users\michael2\Documents\Ansoft
Stopping Batch Run: 12:51:11 上午  十一月 20, 2012
 
Ansoft HFSS Version 14.0.0, Build: 2011-10-22 21:03:32
Location: C:\Program Files\Ansoft\HFSS14.0\Win64\hfss.exe
Batch Script: F:/Dropbox/ANTLR/HFSS_API/examples/T65_SYM_CT_ANTLR/run_em1.vbs
Starting Batch Run: 12:52:47 上午  十一月 20, 2012
Running as user: michael-PC\michael2
Temp directory: C:\Users\michael\AppData\Local\Temp
Project directory: C:\Users\michael2\Documents\Ansoft
Stopping Batch Run: 12:52:49 上午  十一月 20, 2012
 
Ansoft HFSS Version 14.0.0, Build: 2011-10-22 21:03:32
Location: C:\Program Files\Ansoft\HFSS14.0\Win64\hfss.exe
Batch Script: F:/Dropbox/ANTLR/HFSS_API/examples/T65_SYM_CT_ANTLR/run_em1.vbs
Starting Batch Run: 12:54:59 上午  十一月 20, 2012
Running as user: michael-PC\michael2
Temp directory: C:\Users\michael\AppData\Local\Temp
Project directory: C:\Users\michael2\Documents\Ansoft
Stopping Batch Run: 12:55:02 上午  十一月 20, 2012
 
Ansoft HFSS Version 14.0.0, Build: 2011-10-22 21:03:32
Location: C:\Program Files\Ansoft\HFSS14.0\Win64\hfss.exe
Batch Script: F:/Dropbox/ANTLR/HFSS_API/examples/T65_SYM_CT_ANTLR/run_em1.vbs
Starting Batch Run: 12:58:12 上午  十一月 20, 2012
Running as user: michael-PC\michael2
Temp directory: C:\Users\michael\AppData\Local\Temp
Project directory: C:\Users\michael2\Documents\Ansoft
Stopping Batch Run: 12:58:14 上午  十一月 20, 2012
 
Ansoft HFSS Version 14.0.0, Build: 2011-10-22 21:03:32
Location: C:\Program Files\Ansoft\HFSS14.0\Win64\hfss.exe
Batch Script: F:/Dropbox/ANTLR/HFSS_API/examples/T65_SYM_CT_ANTLR/run_em1.vbs
Starting Batch Run: 1:02:27 上午  十一月 20, 2012
Running as user: michael-PC\michael2
Temp directory: C:\Users\michael\AppData\Local\Temp
Project directory: C:\Users\michael2\Documents\Ansoft
 
Ansoft HFSS Version 14.0.0, Build: 2011-10-22 21:03:32
Location: C:\Program Files\Ansoft\HFSS14.0\Win64\hfss.exe
Batch Script: F:/Dropbox/ANTLR/HFSS_API/examples/T65_SYM_CT_ANTLR/run_em1.vbs
Starting Batch Run: 1:04:36 上午  十一月 20, 2012
Running as user: michael-PC\michael2
Temp directory: C:\Users\michael\AppData\Local\Temp
Project directory: C:\Users\michael2\Documents\Ansoft
Stopping Batch Run: 1:04:38 上午  十一月 20, 2012
 
Ansoft HFSS Version 14.0.0, Build: 2011-10-22 21:03:32
Location: C:\Program Files\Ansoft\HFSS14.0\Win64\hfss.exe
Batch Script: F:/Dropbox/ANTLR/HFSS_API/examples/T65_SYM_CT_ANTLR/run_em1.vbs
Starting Batch Run: 1:06:28 上午  十一月 20, 2012
Running as user: michael-PC\michael2
Temp directory: C:\Users\michael\AppData\Local\Temp
Project directory: C:\Users\michael2\Documents\Ansoft
Stopping Batch Run: 1:06:30 上午  十一月 20, 2012
 
Ansoft HFSS Version 14.0.0, Build: 2011-10-22 21:03:32
Location: C:\Program Files\Ansoft\HFSS14.0\Win64\hfss.exe
Batch Script: F:/Dropbox/ANTLR/HFSS_API/examples/T65_SYM_CT_ANTLR/run_em1.vbs
Starting Batch Run: 1:10:23 上午  十一月 20, 2012
Running as user: michael-PC\michael2
Temp directory: C:\Users\michael\AppData\Local\Temp
Project directory: C:\Users\michael2\Documents\Ansoft
Stopping Batch Run: 1:10:25 上午  十一月 20, 2012
 
Ansoft HFSS Version 14.0.0, Build: 2011-10-22 21:03:32
Location: C:\Program Files\Ansoft\HFSS14.0\Win64\hfss.exe
Batch Script: F:/Dropbox/ANTLR/HFSS_API/examples/T65_SYM_CT_ANTLR/run_em1.vbs
Starting Batch Run: 1:13:01 上午  十一月 20, 2012
Running as user: michael-PC\michael2
Temp directory: C:\Users\michael\AppData\Local\Temp
Project directory: C:\Users\michael2\Documents\Ansoft
Stopping Batch Run: 1:13:03 上午  十一月 20, 2012
 
Ansoft HFSS Version 14.0.0, Build: 2011-10-22 21:03:32
Location: C:\Program Files\Ansoft\HFSS14.0\Win64\hfss.exe
Batch Script: F:/Dropbox/ANTLR/HFSS_API/examples/T65_SYM_CT_ANTLR/run_em1.vbs
Starting Batch Run: 1:17:20 上午  十一月 20, 2012
Running as user: michael-PC\michael2
Temp directory: C:\Users\michael\AppData\Local\Temp
Project directory: C:\Users\michael2\Documents\Ansoft
 
Ansoft HFSS Version 14.0.0, Build: 2011-10-22 21:03:32
Location: C:\Program Files\Ansoft\HFSS14.0\Win64\hfss.exe
Batch Script: F:/Dropbox/ANTLR/HFSS_API/examples/T65_SYM_CT_ANTLR/run_em1.vbs
Starting Batch Run: 1:21:20 上午  十一月 20, 2012
Running as user: michael-PC\michael2
Temp directory: C:\Users\michael\AppData\Local\Temp
Project directory: C:\Users\michael2\Documents\Ansoft
Stopping Batch Run: 1:21:23 上午  十一月 20, 2012
 
Ansoft HFSS Version 14.0.0, Build: 2011-10-22 21:03:32
Location: C:\Program Files\Ansoft\HFSS14.0\Win64\hfss.exe
Batch Script: F:/Dropbox/ANTLR/HFSS_API/examples/T65_SYM_CT_ANTLR/run_em1.vbs
Starting Batch Run: 1:23:55 上午  十一月 20, 2012
Running as user: michael-PC\michael2
Temp directory: C:\Users\michael\AppData\Local\Temp
Project directory: C:\Users\michael2\Documents\Ansoft
Stopping Batch Run: 1:23:57 上午  十一月 20, 2012
 
Ansoft HFSS Version 14.0.0, Build: 2011-10-22 21:03:32
Location: C:\Program Files\Ansoft\HFSS14.0\Win64\hfss.exe
Batch Script: F:/Dropbox/ANTLR/HFSS_API/examples/T65_SYM_CT_ANTLR/run_em1.vbs
Starting Batch Run: 1:30:57 上午  十一月 20, 2012
Running as user: michael-PC\michael2
Temp directory: C:\Users\michael\AppData\Local\Temp
Project directory: C:\Users\michael2\Documents\Ansoft
Stopping Batch Run: 1:30:59 上午  十一月 20, 2012
 
Ansoft HFSS Version 14.0.0, Build: 2011-10-22 21:03:32
Location: C:\Program Files\Ansoft\HFSS14.0\Win64\hfss.exe
Batch Script: F:/Dropbox/ANTLR/HFSS_API/examples/T65_SYM_CT_ANTLR/run_em1.vbs
Starting Batch Run: 1:37:11 上午  十一月 20, 2012
Running as user: michael-PC\michael2
Temp directory: C:\Users\michael\AppData\Local\Temp
Project directory: C:\Users\michael2\Documents\Ansoft
 
Ansoft HFSS Version 14.0.0, Build: 2011-10-22 21:03:32
Location: C:\Program Files\Ansoft\HFSS14.0\Win64\hfss.exe
Batch Script: F:/Dropbox/ANTLR/HFSS_API/examples/T65_SYM_CT_ANTLR/run_em1.vbs
Starting Batch Run: 1:40:13 上午  十一月 20, 2012
Running as user: michael-PC\michael2
Temp directory: C:\Users\michael\AppData\Local\Temp
Project directory: C:\Users\michael2\Documents\Ansoft
Stopping Batch Run: 1:40:16 上午  十一月 20, 2012
 
Ansoft HFSS Version 14.0.0, Build: 2011-10-22 21:03:32
Location: C:\Program Files\Ansoft\HFSS14.0\Win64\hfss.exe
Batch Script: F:/Dropbox/ANTLR/HFSS_API/examples/T65_SYM_CT_ANTLR/run_em1.vbs
Starting Batch Run: 1:43:24 上午  十一月 20, 2012
Running as user: michael-PC\michael2
Temp directory: C:\Users\michael\AppData\Local\Temp
Project directory: C:\Users\michael2\Documents\Ansoft
Stopping Batch Run: 1:43:26 上午  十一月 20, 2012
 
Ansoft HFSS Version 14.0.0, Build: 2011-10-22 21:03:32
Location: C:\Program Files\Ansoft\HFSS14.0\Win64\hfss.exe
Batch Script: F:/Dropbox/ANTLR/HFSS_API/examples/T65_SYM_CT_ANTLR/run_em1.vbs
Starting Batch Run: 1:49:23 上午  十一月 20, 2012
Running as user: michael-PC\michael2
Temp directory: C:\Users\michael\AppData\Local\Temp
Project directory: C:\Users\michael2\Documents\Ansoft
Stopping Batch Run: 1:49:25 上午  十一月 20, 2012
 
Ansoft HFSS Version 14.0.0, Build: 2011-10-22 21:03:32
Location: C:\Program Files\Ansoft\HFSS14.0\Win64\hfss.exe
Batch Script: F:/Dropbox/ANTLR/HFSS_API/examples/T65_SYM_CT_ANTLR/run_em1.vbs
Starting Batch Run: 1:57:20 上午  十一月 20, 2012
Running as user: michael-PC\michael2
Temp directory: C:\Users\michael\AppData\Local\Temp
Project directory: C:\Users\michael2\Documents\Ansoft
 
Ansoft HFSS Version 14.0.0, Build: 2011-10-22 21:03:32
Location: C:\Program Files\Ansoft\HFSS14.0\Win64\hfss.exe
Batch Script: F:/Dropbox/ANTLR/HFSS_API/examples/T65_SYM_CT_ANTLR/run_em1.vbs
Starting Batch Run: 2:04:50 上午  十一月 20, 2012
Running as user: michael-PC\michael2
Temp directory: C:\Users\michael\AppData\Local\Temp
Project directory: C:\Users\michael2\Documents\Ansoft
 
Ansoft HFSS Version 14.0.0, Build: 2011-10-22 21:03:32
Location: C:\Program Files\Ansoft\HFSS14.0\Win64\hfss.exe
Batch Script: F:/Dropbox/ANTLR/HFSS_API/examples/T65_SYM_CT_ANTLR/run_em1.vbs
Starting Batch Run: 2:14:57 上午  十一月 20, 2012
Running as user: michael-PC\michael2
Temp directory: C:\Users\michael\AppData\Local\Temp
Project directory: C:\Users\michael2\Documents\Ansoft
 
Ansoft HFSS Version 14.0.0, Build: 2011-10-22 21:03:32
Location: C:\Program Files\Ansoft\HFSS14.0\Win64\hfss.exe
Batch Script: F:/Dropbox/ANTLR/HFSS_API/examples/T65_SYM_CT_ANTLR/run_em1.vbs
Starting Batch Run: 2:20:17 上午  十一月 20, 2012
Running as user: michael-PC\michael2
Temp directory: C:\Users\michael\AppData\Local\Temp
Project directory: C:\Users\michael2\Documents\Ansoft
 
Ansoft HFSS Version 14.0.0, Build: 2011-10-22 21:03:32
Location: C:\Program Files\Ansoft\HFSS14.0\Win64\hfss.exe
Batch Script: F:/Dropbox/ANTLR/HFSS_API/examples/T65_SYM_CT_ANTLR/run_em1.vbs
Starting Batch Run: 2:26:46 上午  十一月 20, 2012
Running as user: michael-PC\michael2
Temp directory: C:\Users\michael\AppData\Local\Temp
Project directory: C:\Users\michael2\Documents\Ansoft
Stopping Batch Run: 2:26:48 上午  十一月 20, 2012
 
Ansoft HFSS Version 14.0.0, Build: 2011-10-22 21:03:32
Location: C:\Program Files\Ansoft\HFSS14.0\Win64\hfss.exe
Batch Script: F:/Dropbox/ANTLR/HFSS_API/examples/T65_SYM_CT_ANTLR/run_em1.vbs
Starting Batch Run: 2:32:21 上午  十一月 20, 2012
Running as user: michael-PC\michael2
Temp directory: C:\Users\michael\AppData\Local\Temp
Project directory: C:\Users\michael2\Documents\Ansoft
Stopping Batch Run: 2:32:23 上午  十一月 20, 2012
 
Ansoft HFSS Version 14.0.0, Build: 2011-10-22 21:03:32
Location: C:\Program Files\Ansoft\HFSS14.0\Win64\hfss.exe
Batch Script: F:/Dropbox/ANTLR/HFSS_API/examples/T65_SYM_CT_ANTLR/run_em1.vbs
Starting Batch Run: 2:40:15 上午  十一月 20, 2012
Running as user: michael-PC\michael2
Temp directory: C:\Users\michael\AppData\Local\Temp
Project directory: C:\Users\michael2\Documents\Ansoft
Stopping Batch Run: 2:40:17 上午  十一月 20, 2012
 
Ansoft HFSS Version 14.0.0, Build: 2011-10-22 21:03:32
Location: C:\Program Files\Ansoft\HFSS14.0\Win64\hfss.exe
Batch Script: F:/Dropbox/ANTLR/HFSS_API/examples/T65_SYM_CT_ANTLR/run_em1.vbs
Starting Batch Run: 2:45:32 上午  十一月 20, 2012
Running as user: michael-PC\michael2
Temp directory: C:\Users\michael\AppData\Local\Temp
Project directory: C:\Users\michael2\Documents\Ansoft
Stopping Batch Run: 2:45:34 上午  十一月 20, 2012
 
Ansoft HFSS Version 14.0.0, Build: 2011-10-22 21:03:32
Location: C:\Program Files\Ansoft\HFSS14.0\Win64\hfss.exe
Batch Script: F:/Dropbox/ANTLR/HFSS_API/examples/T65_SYM_CT_ANTLR/run_em1.vbs
Starting Batch Run: 2:53:23 上午  十一月 20, 2012
Running as user: michael-PC\michael2
Temp directory: C:\Users\michael\AppData\Local\Temp
Project directory: C:\Users\michael2\Documents\Ansoft
Stopping Batch Run: 2:53:25 上午  十一月 20, 2012
 
Ansoft HFSS Version 14.0.0, Build: 2011-10-22 21:03:32
Location: C:\Program Files\Ansoft\HFSS14.0\Win64\hfss.exe
Batch Script: F:/Dropbox/ANTLR/HFSS_API/examples/T65_SYM_CT_ANTLR/run_em1.vbs
Starting Batch Run: 3:00:11 上午  十一月 20, 2012
Running as user: michael-PC\michael2
Temp directory: C:\Users\michael\AppData\Local\Temp
Project directory: C:\Users\michael2\Documents\Ansoft
 
Ansoft HFSS Version 14.0.0, Build: 2011-10-22 21:03:32
Location: C:\Program Files\Ansoft\HFSS14.0\Win64\hfss.exe
Batch Script: F:/Dropbox/ANTLR/HFSS_API/examples/T65_SYM_CT_ANTLR/run_em1.vbs
Starting Batch Run: 3:03:53 上午  十一月 20, 2012
Running as user: michael-PC\michael2
Temp directory: C:\Users\michael\AppData\Local\Temp
Project directory: C:\Users\michael2\Documents\Ansoft
Stopping Batch Run: 3:03:55 上午  十一月 20, 2012
 
Ansoft HFSS Version 14.0.0, Build: 2011-10-22 21:03:32
Location: C:\Program Files\Ansoft\HFSS14.0\Win64\hfss.exe
Batch Script: F:/Dropbox/ANTLR/HFSS_API/examples/T65_SYM_CT_ANTLR/run_em1.vbs
Starting Batch Run: 3:10:55 上午  十一月 20, 2012
Running as user: michael-PC\michael2
Temp directory: C:\Users\michael\AppData\Local\Temp
Project directory: C:\Users\michael2\Documents\Ansoft
 
Ansoft HFSS Version 14.0.0, Build: 2011-10-22 21:03:32
Location: C:\Program Files\Ansoft\HFSS14.0\Win64\hfss.exe
Batch Script: F:/Dropbox/ANTLR/HFSS_API/examples/T65_SYM_CT_ANTLR/run_em1.vbs
Starting Batch Run: 3:14:55 上午  十一月 20, 2012
Running as user: michael-PC\michael2
Temp directory: C:\Users\michael\AppData\Local\Temp
Project directory: C:\Users\michael2\Documents\Ansoft
Stopping Batch Run: 3:14:57 上午  十一月 20, 2012
 
Ansoft HFSS Version 14.0.0, Build: 2011-10-22 21:03:32
Location: C:\Program Files\Ansoft\HFSS14.0\Win64\hfss.exe
Batch Script: F:/Dropbox/ANTLR/HFSS_API/examples/T65_SYM_CT_ANTLR/run_em1.vbs
Starting Batch Run: 3:22:46 上午  十一月 20, 2012
Running as user: michael-PC\michael2
Temp directory: C:\Users\michael\AppData\Local\Temp
Project directory: C:\Users\michael2\Documents\Ansoft
Stopping Batch Run: 3:22:49 上午  十一月 20, 2012
 
Ansoft HFSS Version 14.0.0, Build: 2011-10-22 21:03:32
Location: C:\Program Files\Ansoft\HFSS14.0\Win64\hfss.exe
Batch Script: F:/Dropbox/ANTLR/HFSS_API/examples/T65_SYM_CT_ANTLR/run_em1.vbs
Starting Batch Run: 3:31:48 上午  十一月 20, 2012
Running as user: michael-PC\michael2
Temp directory: C:\Users\michael\AppData\Local\Temp
Project directory: C:\Users\michael2\Documents\Ansoft
Stopping Batch Run: 3:31:50 上午  十一月 20, 2012
 
Ansoft HFSS Version 14.0.0, Build: 2011-10-22 21:03:32
Location: C:\Program Files\Ansoft\HFSS14.0\Win64\hfss.exe
Batch Script: F:/Dropbox/ANTLR/HFSS_API/examples/T65_SYM_CT_ANTLR/run_em1.vbs
Starting Batch Run: 3:44:15 上午  十一月 20, 2012
Running as user: michael-PC\michael2
Temp directory: C:\Users\michael\AppData\Local\Temp
Project directory: C:\Users\michael2\Documents\Ansoft
Stopping Batch Run: 3:44:17 上午  十一月 20, 2012
 
Ansoft HFSS Version 14.0.0, Build: 2011-10-22 21:03:32
Location: C:\Program Files\Ansoft\HFSS14.0\Win64\hfss.exe
Batch Script: F:/Dropbox/ANTLR/HFSS_API/examples/T65_SYM_CT_ANTLR/run_em1.vbs
Starting Batch Run: 3:51:14 上午  十一月 20, 2012
Running as user: michael-PC\michael2
Temp directory: C:\Users\michael\AppData\Local\Temp
Project directory: C:\Users\michael2\Documents\Ansoft
Stopping Batch Run: 3:51:17 上午  十一月 20, 2012
 
Ansoft HFSS Version 14.0.0, Build: 2011-10-22 21:03:32
Location: C:\Program Files\Ansoft\HFSS14.0\Win64\hfss.exe
Batch Script: F:/Dropbox/ANTLR/HFSS_API/examples/T65_SYM_CT_ANTLR/run_em1.vbs
Starting Batch Run: 3:53:19 上午  十一月 20, 2012
Running as user: michael-PC\michael2
Temp directory: C:\Users\michael\AppData\Local\Temp
Project directory: C:\Users\michael2\Documents\Ansoft
Stopping Batch Run: 3:53:21 上午  十一月 20, 2012
 
Ansoft HFSS Version 14.0.0, Build: 2011-10-22 21:03:32
Location: C:\Program Files\Ansoft\HFSS14.0\Win64\hfss.exe
Batch Script: F:/Dropbox/ANTLR/HFSS_API/examples/T65_SYM_CT_ANTLR/run_em1.vbs
Starting Batch Run: 4:04:40 上午  十一月 20, 2012
Running as user: michael-PC\michael2
Temp directory: C:\Users\michael\AppData\Local\Temp
Project directory: C:\Users\michael2\Documents\Ansoft
 
Ansoft HFSS Version 14.0.0, Build: 2011-10-22 21:03:32
Location: C:\Program Files\Ansoft\HFSS14.0\Win64\hfss.exe
Batch Script: F:/Dropbox/ANTLR/HFSS_API/examples/T65_SYM_CT_ANTLR/run_em1.vbs
Starting Batch Run: 4:13:56 上午  十一月 20, 2012
Running as user: michael-PC\michael2
Temp directory: C:\Users\michael\AppData\Local\Temp
Project directory: C:\Users\michael2\Documents\Ansoft
Stopping Batch Run: 4:13:58 上午  十一月 20, 2012
 
Ansoft HFSS Version 14.0.0, Build: 2011-10-22 21:03:32
Location: C:\Program Files\Ansoft\HFSS14.0\Win64\hfss.exe
Batch Script: F:/Dropbox/ANTLR/HFSS_API/examples/T65_SYM_CT_ANTLR/run_em1.vbs
Starting Batch Run: 4:21:45 上午  十一月 20, 2012
Running as user: michael-PC\michael2
Temp directory: C:\Users\michael\AppData\Local\Temp
Project directory: C:\Users\michael2\Documents\Ansoft
Stopping Batch Run: 4:21:47 上午  十一月 20, 2012
 
Ansoft HFSS Version 14.0.0, Build: 2011-10-22 21:03:32
Location: C:\Program Files\Ansoft\HFSS14.0\Win64\hfss.exe
Batch Script: F:/Dropbox/ANTLR/HFSS_API/examples/T65_SYM_CT_ANTLR/run_em1.vbs
Starting Batch Run: 4:23:44 上午  十一月 20, 2012
Running as user: michael-PC\michael2
Temp directory: C:\Users\michael\AppData\Local\Temp
Project directory: C:\Users\michael2\Documents\Ansoft
 
Ansoft HFSS Version 14.0.0, Build: 2011-10-22 21:03:32
Location: C:\Program Files\Ansoft\HFSS14.0\Win64\hfss.exe
Batch Script: F:/Dropbox/ANTLR/HFSS_API/examples/T65_SYM_CT_ANTLR/run_em1.vbs
Starting Batch Run: 4:33:31 上午  十一月 20, 2012
Running as user: michael-PC\michael2
Temp directory: C:\Users\michael\AppData\Local\Temp
Project directory: C:\Users\michael2\Documents\Ansoft
Stopping Batch Run: 4:33:33 上午  十一月 20, 2012
 
Ansoft HFSS Version 14.0.0, Build: 2011-10-22 21:03:32
Location: C:\Program Files\Ansoft\HFSS14.0\Win64\hfss.exe
Batch Script: F:/Dropbox/ANTLR/HFSS_API/examples/T65_SYM_CT_ANTLR/run_em1.vbs
Starting Batch Run: 4:37:11 上午  十一月 20, 2012
Running as user: michael-PC\michael2
Temp directory: C:\Users\michael\AppData\Local\Temp
Project directory: C:\Users\michael2\Documents\Ansoft
Stopping Batch Run: 4:37:13 上午  十一月 20, 2012
 
Ansoft HFSS Version 14.0.0, Build: 2011-10-22 21:03:32
Location: C:\Program Files\Ansoft\HFSS14.0\Win64\hfss.exe
Batch Script: F:/Dropbox/ANTLR/HFSS_API/examples/T65_SYM_CT_ANTLR/run_em1.vbs
Starting Batch Run: 10:30:25 下午  十一月 21, 2012
Running as user: michael-PC\michael2
Temp directory: C:\Users\michael\AppData\Local\Temp
Project directory: C:\Users\michael2\Documents\Ansoft
Stopping Batch Run: 10:30:28 下午  十一月 21, 2012
 
Ansoft HFSS Version 14.0.0, Build: 2011-10-22 21:03:32
Location: C:\Program Files\Ansoft\HFSS14.0\Win64\hfss.exe
Batch Script: F:/Dropbox/ANTLR/HFSS_API/examples/T65_SYM_CT_ANTLR/run_em1.vbs
Starting Batch Run: 10:30:28 下午  十一月 21, 2012
Running as user: michael-PC\michael2
Temp directory: C:\Users\michael\AppData\Local\Temp
Project directory: C:\Users\michael2\Documents\Ansoft
Stopping Batch Run: 10:30:31 下午  十一月 21, 2012
 
Ansoft HFSS Version 14.0.0, Build: 2011-10-22 21:03:32
Location: C:\Program Files\Ansoft\HFSS14.0\Win64\hfss.exe
Batch Script: F:/Dropbox/ANTLR/HFSS_API/examples/T65_SYM_CT_ANTLR/run_em1.vbs
Starting Batch Run: 10:30:31 下午  十一月 21, 2012
Running as user: michael-PC\michael2
Temp directory: C:\Users\michael\AppData\Local\Temp
Project directory: C:\Users\michael2\Documents\Ansoft
Stopping Batch Run: 10:30:33 下午  十一月 21, 2012
 
Ansoft HFSS Version 14.0.0, Build: 2011-10-22 21:03:32
Location: C:\Program Files\Ansoft\HFSS14.0\Win64\hfss.exe
Batch Script: F:/Dropbox/ANTLR/HFSS_API/examples/T65_SYM_CT_ANTLR/run_em1.vbs
Starting Batch Run: 10:30:34 下午  十一月 21, 2012
Running as user: michael-PC\michael2
Temp directory: C:\Users\michael\AppData\Local\Temp
Project directory: C:\Users\michael2\Documents\Ansoft
Stopping Batch Run: 10:30:36 下午  十一月 21, 2012
 
Ansoft HFSS Version 14.0.0, Build: 2011-10-22 21:03:32
Location: C:\Program Files\Ansoft\HFSS14.0\Win64\hfss.exe
Batch Script: F:/Dropbox/ANTLR/HFSS_API/examples/T65_SYM_CT_ANTLR/run_em1.vbs
Starting Batch Run: 10:30:37 下午  十一月 21, 2012
Running as user: michael-PC\michael2
Temp directory: C:\Users\michael\AppData\Local\Temp
Project directory: C:\Users\michael2\Documents\Ansoft
Stopping Batch Run: 10:30:39 下午  十一月 21, 2012
 
Ansoft HFSS Version 14.0.0, Build: 2011-10-22 21:03:32
Location: C:\Program Files\Ansoft\HFSS14.0\Win64\hfss.exe
Batch Script: F:/Dropbox/ANTLR/HFSS_API/examples/T65_SYM_CT_ANTLR/run_em1.vbs
Starting Batch Run: 10:30:40 下午  十一月 21, 2012
Running as user: michael-PC\michael2
Temp directory: C:\Users\michael\AppData\Local\Temp
Project directory: C:\Users\michael2\Documents\Ansoft
Stopping Batch Run: 10:30:42 下午  十一月 21, 2012
 
Ansoft HFSS Version 14.0.0, Build: 2011-10-22 21:03:32
Location: C:\Program Files\Ansoft\HFSS14.0\Win64\hfss.exe
Batch Script: F:/Dropbox/ANTLR/HFSS_API/examples/T65_SYM_CT_ANTLR/run_em1.vbs
Starting Batch Run: 10:30:42 下午  十一月 21, 2012
Running as user: michael-PC\michael2
Temp directory: C:\Users\michael\AppData\Local\Temp
Project directory: C:\Users\michael2\Documents\Ansoft
Stopping Batch Run: 10:30:45 下午  十一月 21, 2012
 
Ansoft HFSS Version 14.0.0, Build: 2011-10-22 21:03:32
Location: C:\Program Files\Ansoft\HFSS14.0\Win64\hfss.exe
Batch Script: F:/Dropbox/ANTLR/HFSS_API/examples/T65_SYM_CT_ANTLR/run_em1.vbs
Starting Batch Run: 10:30:45 下午  十一月 21, 2012
Running as user: michael-PC\michael2
Temp directory: C:\Users\michael\AppData\Local\Temp
Project directory: C:\Users\michael2\Documents\Ansoft
Stopping Batch Run: 10:30:48 下午  十一月 21, 2012
 
Ansoft HFSS Version 14.0.0, Build: 2011-10-22 21:03:32
Location: C:\Program Files\Ansoft\HFSS14.0\Win64\hfss.exe
Batch Script: F:/Dropbox/ANTLR/HFSS_API/examples/T65_SYM_CT_ANTLR/run_em1.vbs
Starting Batch Run: 10:30:48 下午  十一月 21, 2012
Running as user: michael-PC\michael2
Temp directory: C:\Users\michael\AppData\Local\Temp
Project directory: C:\Users\michael2\Documents\Ansoft
Stopping Batch Run: 10:30:50 下午  十一月 21, 2012
 
Ansoft HFSS Version 14.0.0, Build: 2011-10-22 21:03:32
Location: C:\Program Files\Ansoft\HFSS14.0\Win64\hfss.exe
Batch Script: F:/Dropbox/ANTLR/HFSS_API/examples/T65_SYM_CT_ANTLR/run_em1.vbs
Starting Batch Run: 10:30:51 下午  十一月 21, 2012
Running as user: michael-PC\michael2
Temp directory: C:\Users\michael\AppData\Local\Temp
Project directory: C:\Users\michael2\Documents\Ansoft
Stopping Batch Run: 10:30:53 下午  十一月 21, 2012
 
Ansoft HFSS Version 14.0.0, Build: 2011-10-22 21:03:32
Location: C:\Program Files\Ansoft\HFSS14.0\Win64\hfss.exe
Batch Script: F:/Dropbox/ANTLR/HFSS_API/examples/T65_SYM_CT_ANTLR/run_em1.vbs
Starting Batch Run: 10:30:54 下午  十一月 21, 2012
Running as user: michael-PC\michael2
Temp directory: C:\Users\michael\AppData\Local\Temp
Project directory: C:\Users\michael2\Documents\Ansoft
Stopping Batch Run: 10:30:56 下午  十一月 21, 2012
 
Ansoft HFSS Version 14.0.0, Build: 2011-10-22 21:03:32
Location: C:\Program Files\Ansoft\HFSS14.0\Win64\hfss.exe
Batch Script: F:/Dropbox/ANTLR/HFSS_API/examples/T65_SYM_CT_ANTLR/run_em1.vbs
Starting Batch Run: 10:30:56 下午  十一月 21, 2012
Running as user: michael-PC\michael2
Temp directory: C:\Users\michael\AppData\Local\Temp
Project directory: C:\Users\michael2\Documents\Ansoft
Stopping Batch Run: 10:30:59 下午  十一月 21, 2012
 
Ansoft HFSS Version 14.0.0, Build: 2011-10-22 21:03:32
Location: C:\Program Files\Ansoft\HFSS14.0\Win64\hfss.exe
Batch Script: F:/Dropbox/ANTLR/HFSS_API/examples/T65_SYM_CT_ANTLR/run_em1.vbs
Starting Batch Run: 10:30:59 下午  十一月 21, 2012
Running as user: michael-PC\michael2
Temp directory: C:\Users\michael\AppData\Local\Temp
Project directory: C:\Users\michael2\Documents\Ansoft
Stopping Batch Run: 10:31:02 下午  十一月 21, 2012
 
Ansoft HFSS Version 14.0.0, Build: 2011-10-22 21:03:32
Location: C:\Program Files\Ansoft\HFSS14.0\Win64\hfss.exe
Batch Script: F:/Dropbox/ANTLR/HFSS_API/examples/T65_SYM_CT_ANTLR/run_em1.vbs
Starting Batch Run: 10:31:02 下午  十一月 21, 2012
Running as user: michael-PC\michael2
Temp directory: C:\Users\michael\AppData\Local\Temp
Project directory: C:\Users\michael2\Documents\Ansoft
 
Ansoft HFSS Version 14.0.0, Build: 2011-10-22 21:03:32
Location: C:\Program Files\Ansoft\HFSS14.0\Win64\hfss.exe
Batch Script: F:/Dropbox/ANTLR/HFSS_API/examples/T65_SYM_CT_ANTLR/run_em1.vbs
Starting Batch Run: 10:31:28 下午  十一月 21, 2012
Running as user: michael-PC\michael2
Temp directory: C:\Users\michael\AppData\Local\Temp
Project directory: C:\Users\michael2\Documents\Ansoft
Stopping Batch Run: 10:31:30 下午  十一月 21, 2012
 
Ansoft HFSS Version 14.0.0, Build: 2011-10-22 21:03:32
Location: C:\Program Files\Ansoft\HFSS14.0\Win64\hfss.exe
Batch Script: F:/Dropbox/ANTLR/HFSS_API/examples/T65_SYM_CT_ANTLR/run_em1.vbs
Starting Batch Run: 2:01:43 上午  十一月 22, 2012
Running as user: michael-PC\michael2
Temp directory: C:\Users\michael\AppData\Local\Temp
Project directory: C:\Users\michael2\Documents\Ansoft
Stopping Batch Run: 2:01:45 上午  十一月 22, 2012
 
Ansoft HFSS Version 14.0.0, Build: 2011-10-22 21:03:32
Location: C:\Program Files\Ansoft\HFSS14.0\Win64\hfss.exe
Batch Script: F:/Dropbox/ANTLR/HFSS_API/examples/T65_SYM_CT_ANTLR/run_em1.vbs
Starting Batch Run: 2:04:49 上午  十一月 22, 2012
Running as user: michael-PC\michael2
Temp directory: C:\Users\michael\AppData\Local\Temp
Project directory: C:\Users\michael2\Documents\Ansoft
Stopping Batch Run: 2:04:51 上午  十一月 22, 2012
 
Ansoft HFSS Version 14.0.0, Build: 2011-10-22 21:03:32
Location: C:\Program Files\Ansoft\HFSS14.0\Win64\hfss.exe
Batch Script: F:/Dropbox/ANTLR/HFSS_API/examples/T65_SYM_CT_ANTLR/run_em1.vbs
Starting Batch Run: 2:10:11 上午  十一月 22, 2012
Running as user: michael-PC\michael2
Temp directory: C:\Users\michael\AppData\Local\Temp
Project directory: C:\Users\michael2\Documents\Ansoft
Stopping Batch Run: 2:10:13 上午  十一月 22, 2012
 
Ansoft HFSS Version 14.0.0, Build: 2011-10-22 21:03:32
Location: C:\Program Files\Ansoft\HFSS14.0\Win64\hfss.exe
Batch Script: F:/Dropbox/ANTLR/HFSS_API/examples/T65_SYM_CT_ANTLR/run_em1.vbs
Starting Batch Run: 2:12:08 上午  十一月 22, 2012
Running as user: michael-PC\michael2
Temp directory: C:\Users\michael\AppData\Local\Temp
Project directory: C:\Users\michael2\Documents\Ansoft
Stopping Batch Run: 2:12:11 上午  十一月 22, 2012
 
Ansoft HFSS Version 14.0.0, Build: 2011-10-22 21:03:32
Location: C:\Program Files\Ansoft\HFSS14.0\Win64\hfss.exe
Batch Script: F:/Dropbox/ANTLR/HFSS_API/examples/T65_SYM_CT_ANTLR/run_em1.vbs
Starting Batch Run: 2:16:44 上午  十一月 22, 2012
Running as user: michael-PC\michael2
Temp directory: C:\Users\michael\AppData\Local\Temp
Project directory: C:\Users\michael2\Documents\Ansoft
Stopping Batch Run: 2:16:46 上午  十一月 22, 2012
 
Ansoft HFSS Version 14.0.0, Build: 2011-10-22 21:03:32
Location: C:\Program Files\Ansoft\HFSS14.0\Win64\hfss.exe
Batch Script: F:/Dropbox/ANTLR/HFSS_API/examples/T65_SYM_CT_ANTLR/run_em1.vbs
Starting Batch Run: 2:18:40 上午  十一月 22, 2012
Running as user: michael-PC\michael2
Temp directory: C:\Users\michael\AppData\Local\Temp
Project directory: C:\Users\michael2\Documents\Ansoft
Stopping Batch Run: 2:18:42 上午  十一月 22, 2012
 
Ansoft HFSS Version 14.0.0, Build: 2011-10-22 21:03:32
Location: C:\Program Files\Ansoft\HFSS14.0\Win64\hfss.exe
Batch Script: F:/Dropbox/ANTLR/HFSS_API/examples/T65_SYM_CT_ANTLR/run_em1.vbs
Starting Batch Run: 2:22:31 上午  十一月 22, 2012
Running as user: michael-PC\michael2
Temp directory: C:\Users\michael\AppData\Local\Temp
Project directory: C:\Users\michael2\Documents\Ansoft
Stopping Batch Run: 2:22:33 上午  十一月 22, 2012
 
Ansoft HFSS Version 14.0.0, Build: 2011-10-22 21:03:32
Location: C:\Program Files\Ansoft\HFSS14.0\Win64\hfss.exe
Batch Script: F:/Dropbox/ANTLR/HFSS_API/examples/T65_SYM_CT_ANTLR/run_em1.vbs
Starting Batch Run: 2:27:30 上午  十一月 22, 2012
Running as user: michael-PC\michael2
Temp directory: C:\Users\michael\AppData\Local\Temp
Project directory: C:\Users\michael2\Documents\Ansoft
 
Ansoft HFSS Version 14.0.0, Build: 2011-10-22 21:03:32
Location: C:\Program Files\Ansoft\HFSS14.0\Win64\hfss.exe
Batch Script: F:/Dropbox/ANTLR/HFSS_API/examples/T65_SYM_CT_ANTLR/run_em1.vbs
Starting Batch Run: 2:33:42 上午  十一月 22, 2012
Running as user: michael-PC\michael2
Temp directory: C:\Users\michael\AppData\Local\Temp
Project directory: C:\Users\michael2\Documents\Ansoft
Stopping Batch Run: 2:33:44 上午  十一月 22, 2012
 
Ansoft HFSS Version 14.0.0, Build: 2011-10-22 21:03:32
Location: C:\Program Files\Ansoft\HFSS14.0\Win64\hfss.exe
Batch Script: F:/Dropbox/ANTLR/HFSS_API/examples/T65_SYM_CT_ANTLR/run_em1.vbs
Starting Batch Run: 2:39:20 上午  十一月 22, 2012
Running as user: michael-PC\michael2
Temp directory: C:\Users\michael\AppData\Local\Temp
Project directory: C:\Users\michael2\Documents\Ansoft
 
Ansoft HFSS Version 14.0.0, Build: 2011-10-22 21:03:32
Location: C:\Program Files\Ansoft\HFSS14.0\Win64\hfss.exe
Batch Script: F:/Dropbox/ANTLR/HFSS_API/examples/T65_SYM_CT_ANTLR/run_em1.vbs
Starting Batch Run: 2:45:20 上午  十一月 22, 2012
Running as user: michael-PC\michael2
Temp directory: C:\Users\michael\AppData\Local\Temp
Project directory: C:\Users\michael2\Documents\Ansoft
 
Ansoft HFSS Version 14.0.0, Build: 2011-10-22 21:03:32
Location: C:\Program Files\Ansoft\HFSS14.0\Win64\hfss.exe
Batch Script: F:/Dropbox/ANTLR/HFSS_API/examples/T65_SYM_CT_ANTLR/run_em1.vbs
Starting Batch Run: 2:49:57 上午  十一月 22, 2012
Running as user: michael-PC\michael2
Temp directory: C:\Users\michael\AppData\Local\Temp
Project directory: C:\Users\michael2\Documents\Ansoft
Stopping Batch Run: 2:49:59 上午  十一月 22, 2012
 
Ansoft HFSS Version 14.0.0, Build: 2011-10-22 21:03:32
Location: C:\Program Files\Ansoft\HFSS14.0\Win64\hfss.exe
Batch Script: F:/Dropbox/ANTLR/HFSS_API/examples/T65_SYM_CT_ANTLR/run_em1.vbs
Starting Batch Run: 2:54:58 上午  十一月 22, 2012
Running as user: michael-PC\michael2
Temp directory: C:\Users\michael\AppData\Local\Temp
Project directory: C:\Users\michael2\Documents\Ansoft
 
Ansoft HFSS Version 14.0.0, Build: 2011-10-22 21:03:32
Location: C:\Program Files\Ansoft\HFSS14.0\Win64\hfss.exe
Batch Script: F:/Dropbox/ANTLR/HFSS_API/examples/T65_SYM_CT_ANTLR/run_em1.vbs
Starting Batch Run: 2:58:22 上午  十一月 22, 2012
Running as user: michael-PC\michael2
Temp directory: C:\Users\michael\AppData\Local\Temp
Project directory: C:\Users\michael2\Documents\Ansoft
Stopping Batch Run: 2:58:24 上午  十一月 22, 2012
 
Ansoft HFSS Version 14.0.0, Build: 2011-10-22 21:03:32
Location: C:\Program Files\Ansoft\HFSS14.0\Win64\hfss.exe
Batch Script: F:/Dropbox/ANTLR/HFSS_API/examples/T65_SYM_CT_ANTLR/run_em1.vbs
Starting Batch Run: 3:03:56 上午  十一月 22, 2012
Running as user: michael-PC\michael2
Temp directory: C:\Users\michael\AppData\Local\Temp
Project directory: C:\Users\michael2\Documents\Ansoft
Stopping Batch Run: 3:03:58 上午  十一月 22, 2012
 
Ansoft HFSS Version 14.0.0, Build: 2011-10-22 21:03:32
Location: C:\Program Files\Ansoft\HFSS14.0\Win64\hfss.exe
Batch Script: F:/Dropbox/ANTLR/HFSS_API/examples/T65_SYM_CT_ANTLR/run_em1.vbs
Starting Batch Run: 3:07:30 上午  十一月 22, 2012
Running as user: michael-PC\michael2
Temp directory: C:\Users\michael\AppData\Local\Temp
Project directory: C:\Users\michael2\Documents\Ansoft
 
Ansoft HFSS Version 14.0.0, Build: 2011-10-22 21:03:32
Location: C:\Program Files\Ansoft\HFSS14.0\Win64\hfss.exe
Batch Script: F:/Dropbox/ANTLR/HFSS_API/examples/T65_SYM_CT_ANTLR/run_em1.vbs
Starting Batch Run: 3:12:44 上午  十一月 22, 2012
Running as user: michael-PC\michael2
Temp directory: C:\Users\michael\AppData\Local\Temp
Project directory: C:\Users\michael2\Documents\Ansoft
Stopping Batch Run: 3:12:46 上午  十一月 22, 2012
 
Ansoft HFSS Version 14.0.0, Build: 2011-10-22 21:03:32
Location: C:\Program Files\Ansoft\HFSS14.0\Win64\hfss.exe
Batch Script: F:/Dropbox/ANTLR/HFSS_API/examples/T65_SYM_CT_ANTLR/run_em1.vbs
Starting Batch Run: 3:15:26 上午  十一月 22, 2012
Running as user: michael-PC\michael2
Temp directory: C:\Users\michael\AppData\Local\Temp
Project directory: C:\Users\michael2\Documents\Ansoft
Stopping Batch Run: 3:15:28 上午  十一月 22, 2012
 
Ansoft HFSS Version 14.0.0, Build: 2011-10-22 21:03:32
Location: C:\Program Files\Ansoft\HFSS14.0\Win64\hfss.exe
Batch Script: F:/Dropbox/ANTLR/HFSS_API/examples/T65_SYM_CT_ANTLR/run_em1.vbs
Starting Batch Run: 3:22:26 上午  十一月 22, 2012
Running as user: michael-PC\michael2
Temp directory: C:\Users\michael\AppData\Local\Temp
Project directory: C:\Users\michael2\Documents\Ansoft
Stopping Batch Run: 3:22:28 上午  十一月 22, 2012
 
Ansoft HFSS Version 14.0.0, Build: 2011-10-22 21:03:32
Location: C:\Program Files\Ansoft\HFSS14.0\Win64\hfss.exe
Batch Script: F:/Dropbox/ANTLR/HFSS_API/examples/T65_SYM_CT_ANTLR/run_em1.vbs
Starting Batch Run: 3:25:09 上午  十一月 22, 2012
Running as user: michael-PC\michael2
Temp directory: C:\Users\michael\AppData\Local\Temp
Project directory: C:\Users\michael2\Documents\Ansoft
Stopping Batch Run: 3:25:11 上午  十一月 22, 2012
 
Ansoft HFSS Version 14.0.0, Build: 2011-10-22 21:03:32
Location: C:\Program Files\Ansoft\HFSS14.0\Win64\hfss.exe
Batch Script: F:/Dropbox/ANTLR/HFSS_API/examples/T65_SYM_CT_ANTLR/run_em1.vbs
Starting Batch Run: 3:32:10 上午  十一月 22, 2012
Running as user: michael-PC\michael2
Temp directory: C:\Users\michael\AppData\Local\Temp
Project directory: C:\Users\michael2\Documents\Ansoft
Stopping Batch Run: 3:32:11 上午  十一月 22, 2012
 
Ansoft HFSS Version 14.0.0, Build: 2011-10-22 21:03:32
Location: C:\Program Files\Ansoft\HFSS14.0\Win64\hfss.exe
Batch Script: F:/Dropbox/ANTLR/HFSS_API/examples/T65_SYM_CT_ANTLR/run_em1.vbs
Starting Batch Run: 3:34:46 上午  十一月 22, 2012
Running as user: michael-PC\michael2
Temp directory: C:\Users\michael\AppData\Local\Temp
Project directory: C:\Users\michael2\Documents\Ansoft
 
Ansoft HFSS Version 14.0.0, Build: 2011-10-22 21:03:32
Location: C:\Program Files\Ansoft\HFSS14.0\Win64\hfss.exe
Batch Script: F:/Dropbox/ANTLR/HFSS_API/examples/T65_SYM_CT_ANTLR/run_em1.vbs
Starting Batch Run: 3:41:24 上午  十一月 22, 2012
Running as user: michael-PC\michael2
Temp directory: C:\Users\michael\AppData\Local\Temp
Project directory: C:\Users\michael2\Documents\Ansoft
 
Ansoft HFSS Version 14.0.0, Build: 2011-10-22 21:03:32
Location: C:\Program Files\Ansoft\HFSS14.0\Win64\hfss.exe
Batch Script: F:/Dropbox/ANTLR/HFSS_API/examples/T65_SYM_CT_ANTLR/run_em1.vbs
Starting Batch Run: 3:43:36 上午  十一月 22, 2012
Running as user: michael-PC\michael2
Temp directory: C:\Users\michael\AppData\Local\Temp
Project directory: C:\Users\michael2\Documents\Ansoft
 
Ansoft HFSS Version 14.0.0, Build: 2011-10-22 21:03:32
Location: C:\Program Files\Ansoft\HFSS14.0\Win64\hfss.exe
Batch Script: F:/Dropbox/ANTLR/HFSS_API/examples/T65_SYM_CT_ANTLR/run_em1.vbs
Starting Batch Run: 3:51:01 上午  十一月 22, 2012
Running as user: michael-PC\michael2
Temp directory: C:\Users\michael\AppData\Local\Temp
Project directory: C:\Users\michael2\Documents\Ansoft
Stopping Batch Run: 3:51:04 上午  十一月 22, 2012
 
Ansoft HFSS Version 14.0.0, Build: 2011-10-22 21:03:32
Location: C:\Program Files\Ansoft\HFSS14.0\Win64\hfss.exe
Batch Script: F:/Dropbox/ANTLR/HFSS_API/examples/T65_SYM_CT_ANTLR/run_em1.vbs
Starting Batch Run: 3:57:00 上午  十一月 22, 2012
Running as user: michael-PC\michael2
Temp directory: C:\Users\michael\AppData\Local\Temp
Project directory: C:\Users\michael2\Documents\Ansoft
 
Ansoft HFSS Version 14.0.0, Build: 2011-10-22 21:03:32
Location: C:\Program Files\Ansoft\HFSS14.0\Win64\hfss.exe
Batch Script: F:/Dropbox/ANTLR/HFSS_API/examples/T65_SYM_CT_ANTLR/run_em1.vbs
Starting Batch Run: 4:02:45 上午  十一月 22, 2012
Running as user: michael-PC\michael2
Temp directory: C:\Users\michael\AppData\Local\Temp
Project directory: C:\Users\michael2\Documents\Ansoft
 
Ansoft HFSS Version 14.0.0, Build: 2011-10-22 21:03:32
Location: C:\Program Files\Ansoft\HFSS14.0\Win64\hfss.exe
Batch Script: F:/Dropbox/ANTLR/HFSS_API/examples/T65_SYM_CT_ANTLR/run_em1.vbs
Starting Batch Run: 4:08:35 上午  十一月 22, 2012
Running as user: michael-PC\michael2
Temp directory: C:\Users\michael\AppData\Local\Temp
Project directory: C:\Users\michael2\Documents\Ansoft
Stopping Batch Run: 4:08:37 上午  十一月 22, 2012
 
Ansoft HFSS Version 14.0.0, Build: 2011-10-22 21:03:32
Location: C:\Program Files\Ansoft\HFSS14.0\Win64\hfss.exe
Batch Script: F:/Dropbox/ANTLR/HFSS_API/examples/T65_SYM_CT_ANTLR/run_em1.vbs
Starting Batch Run: 4:14:08 上午  十一月 22, 2012
Running as user: michael-PC\michael2
Temp directory: C:\Users\michael\AppData\Local\Temp
Project directory: C:\Users\michael2\Documents\Ansoft
 
Ansoft HFSS Version 14.0.0, Build: 2011-10-22 21:03:32
Location: C:\Program Files\Ansoft\HFSS14.0\Win64\hfss.exe
Batch Script: F:/Dropbox/ANTLR/HFSS_API/examples/T65_SYM_CT_ANTLR/run_em1.vbs
Starting Batch Run: 4:16:43 上午  十一月 22, 2012
Running as user: michael-PC\michael2
Temp directory: C:\Users\michael\AppData\Local\Temp
Project directory: C:\Users\michael2\Documents\Ansoft
 
Ansoft HFSS Version 14.0.0, Build: 2011-10-22 21:03:32
Location: C:\Program Files\Ansoft\HFSS14.0\Win64\hfss.exe
Batch Script: F:/Dropbox/ANTLR/HFSS_API/examples/T65_SYM_CT_ANTLR/run_em1.vbs
Starting Batch Run: 4:19:50 上午  十一月 22, 2012
Running as user: michael-PC\michael2
Temp directory: C:\Users\michael\AppData\Local\Temp
Project directory: C:\Users\michael2\Documents\Ansoft
 
Ansoft HFSS Version 14.0.0, Build: 2011-10-22 21:03:32
Location: C:\Program Files\Ansoft\HFSS14.0\Win64\hfss.exe
Batch Script: F:/Dropbox/ANTLR/HFSS_API/examples/T65_SYM_CT_ANTLR/run_em1.vbs
Starting Batch Run: 4:25:46 上午  十一月 22, 2012
Running as user: michael-PC\michael2
Temp directory: C:\Users\michael\AppData\Local\Temp
Project directory: C:\Users\michael2\Documents\Ansoft
Stopping Batch Run: 4:25:48 上午  十一月 22, 2012
 
Ansoft HFSS Version 14.0.0, Build: 2011-10-22 21:03:32
Location: C:\Program Files\Ansoft\HFSS14.0\Win64\hfss.exe
Batch Script: F:/Dropbox/ANTLR/HFSS_API/examples/T65_SYM_CT_ANTLR/run_em1.vbs
Starting Batch Run: 4:32:58 上午  十一月 22, 2012
Running as user: michael-PC\michael2
Temp directory: C:\Users\michael\AppData\Local\Temp
Project directory: C:\Users\michael2\Documents\Ansoft
Stopping Batch Run: 4:33:00 上午  十一月 22, 2012
 
Ansoft HFSS Version 14.0.0, Build: 2011-10-22 21:03:32
Location: C:\Program Files\Ansoft\HFSS14.0\Win64\hfss.exe
Batch Script: F:/Dropbox/ANTLR/HFSS_API/examples/T65_SYM_CT_ANTLR/run_em1.vbs
Starting Batch Run: 4:41:38 上午  十一月 22, 2012
Running as user: michael-PC\michael2
Temp directory: C:\Users\michael\AppData\Local\Temp
Project directory: C:\Users\michael2\Documents\Ansoft
 
Ansoft HFSS Version 14.0.0, Build: 2011-10-22 21:03:32
Location: C:\Program Files\Ansoft\HFSS14.0\Win64\hfss.exe
Batch Script: F:/Dropbox/ANTLR/HFSS_API/examples/T65_SYM_CT_ANTLR/run_em1.vbs
Starting Batch Run: 4:51:09 上午  十一月 22, 2012
Running as user: michael-PC\michael2
Temp directory: C:\Users\michael\AppData\Local\Temp
Project directory: C:\Users\michael2\Documents\Ansoft
Stopping Batch Run: 4:51:11 上午  十一月 22, 2012
 
Ansoft HFSS Version 14.0.0, Build: 2011-10-22 21:03:32
Location: C:\Program Files\Ansoft\HFSS14.0\Win64\hfss.exe
Batch Script: F:/Dropbox/ANTLR/HFSS_API/examples/T65_SYM_CT_ANTLR/run_em1.vbs
Starting Batch Run: 4:56:28 上午  十一月 22, 2012
Running as user: michael-PC\michael2
Temp directory: C:\Users\michael\AppData\Local\Temp
Project directory: C:\Users\michael2\Documents\Ansoft
Stopping Batch Run: 4:56:30 上午  十一月 22, 2012
 
Ansoft HFSS Version 14.0.0, Build: 2011-10-22 21:03:32
Location: C:\Program Files\Ansoft\HFSS14.0\Win64\hfss.exe
Batch Script: F:/Dropbox/ANTLR/HFSS_API/examples/T65_SYM_CT_ANTLR/run_em1.vbs
Starting Batch Run: 5:04:09 上午  十一月 22, 2012
Running as user: michael-PC\michael2
Temp directory: C:\Users\michael\AppData\Local\Temp
Project directory: C:\Users\michael2\Documents\Ansoft
Stopping Batch Run: 5:04:11 上午  十一月 22, 2012
 
Ansoft HFSS Version 14.0.0, Build: 2011-10-22 21:03:32
Location: C:\Program Files\Ansoft\HFSS14.0\Win64\hfss.exe
Batch Script: F:/Dropbox/ANTLR/HFSS_API/examples/T65_SYM_CT_ANTLR/run_em1.vbs
Starting Batch Run: 5:09:21 上午  十一月 22, 2012
Running as user: michael-PC\michael2
Temp directory: C:\Users\michael\AppData\Local\Temp
Project directory: C:\Users\michael2\Documents\Ansoft
[warning] Script Error (Code 8007020d) in file:  F:/Dropbox/ANTLR/HFSS_API/examples/T65_SYM_CT_ANTLR/run_em1.vbs
Description: Unable to locate Design: BEOL_6X1Z1U
Line(17):  "Set oDesign = oProject.SetActiveDesign("BEOL_6X1Z1U")"

[warning] HFSS cannot be closed right now because it is being used by another application or a script.

 
Ansoft HFSS Version 14.0.0, Build: 2011-10-22 21:03:32
Location: C:\Program Files\Ansoft\HFSS14.0\Win64\hfss.exe
Batch Script: F:/Dropbox/ANTLR/HFSS_API/examples/T65_SYM_CT_ANTLR/run_em1.vbs
Starting Batch Run: 5:16:30 上午  十一月 22, 2012
Running as user: michael-PC\michael2
Temp directory: C:\Users\michael\AppData\Local\Temp
Project directory: C:\Users\michael2\Documents\Ansoft
[warning] Script Error (Code 8007020d) in file:  F:/Dropbox/ANTLR/HFSS_API/examples/T65_SYM_CT_ANTLR/run_em1.vbs
Description: Unable to locate Design: BEOL_6X1Z1U
Line(17):  "Set oDesign = oProject.SetActiveDesign("BEOL_6X1Z1U")"

[warning] HFSS cannot be closed right now because it is being used by another application or a script.

 
Ansoft HFSS Version 14.0.0, Build: 2011-10-22 21:03:32
Location: C:\Program Files\Ansoft\HFSS14.0\Win64\hfss.exe
Batch Script: F:/Dropbox/ANTLR/HFSS_API/examples/T65_SYM_CT_ANTLR/run_em1.vbs
Starting Batch Run: 5:24:15 上午  十一月 22, 2012
Running as user: michael-PC\michael2
Temp directory: C:\Users\michael\AppData\Local\Temp
Project directory: C:\Users\michael2\Documents\Ansoft
Stopping Batch Run: 5:24:18 上午  十一月 22, 2012
 
Ansoft HFSS Version 14.0.0, Build: 2011-10-22 21:03:32
Location: C:\Program Files\Ansoft\HFSS14.0\Win64\hfss.exe
Batch Script: F:/Dropbox/ANTLR/HFSS_API/examples/T65_SYM_CT_ANTLR/run_em1.vbs
Starting Batch Run: 5:28:24 上午  十一月 22, 2012
Running as user: michael-PC\michael2
Temp directory: C:\Users\michael\AppData\Local\Temp
Project directory: C:\Users\michael2\Documents\Ansoft
Stopping Batch Run: 5:28:27 上午  十一月 22, 2012
 
Ansoft HFSS Version 14.0.0, Build: 2011-10-22 21:03:32
Location: C:\Program Files\Ansoft\HFSS14.0\Win64\hfss.exe
Batch Script: F:/Dropbox/ANTLR/HFSS_API/examples/T65_SYM_CT_ANTLR/run_em1.vbs
Starting Batch Run: 5:36:18 上午  十一月 22, 2012
Running as user: michael-PC\michael2
Temp directory: C:\Users\michael\AppData\Local\Temp
Project directory: C:\Users\michael2\Documents\Ansoft
Stopping Batch Run: 5:36:21 上午  十一月 22, 2012
 
Ansoft HFSS Version 14.0.0, Build: 2011-10-22 21:03:32
Location: C:\Program Files\Ansoft\HFSS14.0\Win64\hfss.exe
Batch Script: F:/Dropbox/ANTLR/HFSS_API/examples/T65_SYM_CT_ANTLR/run_em1.vbs
Starting Batch Run: 5:36:25 上午  十一月 22, 2012
Running as user: michael-PC\michael2
Temp directory: C:\Users\michael\AppData\Local\Temp
Project directory: C:\Users\michael2\Documents\Ansoft
Stopping Batch Run: 5:36:28 上午  十一月 22, 2012
 
Ansoft HFSS Version 14.0.0, Build: 2011-10-22 21:03:32
Location: C:\Program Files\Ansoft\HFSS14.0\Win64\hfss.exe
Batch Script: F:/Dropbox/ANTLR/HFSS_API/examples/T65_SYM_CT_ANTLR/run_em1.vbs
Starting Batch Run: 5:36:32 上午  十一月 22, 2012
Running as user: michael-PC\michael2
Temp directory: C:\Users\michael\AppData\Local\Temp
Project directory: C:\Users\michael2\Documents\Ansoft
Stopping Batch Run: 5:36:35 上午  十一月 22, 2012
 
Ansoft HFSS Version 14.0.0, Build: 2011-10-22 21:03:32
Location: C:\Program Files\Ansoft\HFSS14.0\Win64\hfss.exe
Batch Script: F:/Dropbox/ANTLR/HFSS_API/examples/T65_SYM_CT_ANTLR/run_em1.vbs
Starting Batch Run: 5:36:38 上午  十一月 22, 2012
Running as user: michael-PC\michael2
Temp directory: C:\Users\michael\AppData\Local\Temp
Project directory: C:\Users\michael2\Documents\Ansoft
Stopping Batch Run: 5:36:41 上午  十一月 22, 2012
 
Ansoft HFSS Version 14.0.0, Build: 2011-10-22 21:03:32
Location: C:\Program Files\Ansoft\HFSS14.0\Win64\hfss.exe
Batch Script: F:/Dropbox/ANTLR/HFSS_API/examples/T65_SYM_CT_ANTLR/run_em1.vbs
Starting Batch Run: 5:37:30 上午  十一月 22, 2012
Running as user: michael-PC\michael2
Temp directory: C:\Users\michael\AppData\Local\Temp
Project directory: C:\Users\michael2\Documents\Ansoft
Stopping Batch Run: 5:37:33 上午  十一月 22, 2012
 
Ansoft HFSS Version 14.0.0, Build: 2011-10-22 21:03:32
Location: C:\Program Files\Ansoft\HFSS14.0\Win64\hfss.exe
Batch Script: F:/Dropbox/ANTLR/HFSS_API/examples/T65_SYM_CT_ANTLR/run_em1.vbs
Starting Batch Run: 5:37:37 上午  十一月 22, 2012
Running as user: michael-PC\michael2
Temp directory: C:\Users\michael\AppData\Local\Temp
Project directory: C:\Users\michael2\Documents\Ansoft
Stopping Batch Run: 5:37:40 上午  十一月 22, 2012
 
Ansoft HFSS Version 14.0.0, Build: 2011-10-22 21:03:32
Location: C:\Program Files\Ansoft\HFSS14.0\Win64\hfss.exe
Batch Script: F:/Dropbox/ANTLR/HFSS_API/examples/T65_SYM_CT_ANTLR/run_em1.vbs
Starting Batch Run: 5:37:44 上午  十一月 22, 2012
Running as user: michael-PC\michael2
Temp directory: C:\Users\michael\AppData\Local\Temp
Project directory: C:\Users\michael2\Documents\Ansoft
Stopping Batch Run: 5:37:47 上午  十一月 22, 2012
 
Ansoft HFSS Version 14.0.0, Build: 2011-10-22 21:03:32
Location: C:\Program Files\Ansoft\HFSS14.0\Win64\hfss.exe
Batch Script: F:/Dropbox/ANTLR/HFSS_API/examples/T65_SYM_CT_ANTLR/run_em1.vbs
Starting Batch Run: 5:37:51 上午  十一月 22, 2012
Running as user: michael-PC\michael2
Temp directory: C:\Users\michael\AppData\Local\Temp
Project directory: C:\Users\michael2\Documents\Ansoft
Stopping Batch Run: 5:37:54 上午  十一月 22, 2012
 
Ansoft HFSS Version 14.0.0, Build: 2011-10-22 21:03:32
Location: C:\Program Files\Ansoft\HFSS14.0\Win64\hfss.exe
Batch Script: F:/Dropbox/ANTLR/HFSS_API/examples/T65_SYM_CT_ANTLR/run_em1.vbs
Starting Batch Run: 5:37:58 上午  十一月 22, 2012
Running as user: michael-PC\michael2
Temp directory: C:\Users\michael\AppData\Local\Temp
Project directory: C:\Users\michael2\Documents\Ansoft
Stopping Batch Run: 5:38:00 上午  十一月 22, 2012
 
Ansoft HFSS Version 14.0.0, Build: 2011-10-22 21:03:32
Location: C:\Program Files\Ansoft\HFSS14.0\Win64\hfss.exe
Batch Script: F:/Dropbox/ANTLR/HFSS_API/examples/T65_SYM_CT_ANTLR/run_em1.vbs
Starting Batch Run: 5:38:04 上午  十一月 22, 2012
Running as user: michael-PC\michael2
Temp directory: C:\Users\michael\AppData\Local\Temp
Project directory: C:\Users\michael2\Documents\Ansoft
Stopping Batch Run: 5:38:07 上午  十一月 22, 2012
 
Ansoft HFSS Version 14.0.0, Build: 2011-10-22 21:03:32
Location: C:\Program Files\Ansoft\HFSS14.0\Win64\hfss.exe
Batch Script: F:/Dropbox/ANTLR/HFSS_API/examples/T65_SYM_CT_ANTLR/run_em1.vbs
Starting Batch Run: 5:38:11 上午  十一月 22, 2012
Running as user: michael-PC\michael2
Temp directory: C:\Users\michael\AppData\Local\Temp
Project directory: C:\Users\michael2\Documents\Ansoft
Stopping Batch Run: 5:38:14 上午  十一月 22, 2012
 
Ansoft HFSS Version 14.0.0, Build: 2011-10-22 21:03:32
Location: C:\Program Files\Ansoft\HFSS14.0\Win64\hfss.exe
Batch Script: F:/Dropbox/ANTLR/HFSS_API/examples/T65_SYM_CT_ANTLR/run_em1.vbs
Starting Batch Run: 5:38:18 上午  十一月 22, 2012
Running as user: michael-PC\michael2
Temp directory: C:\Users\michael\AppData\Local\Temp
Project directory: C:\Users\michael2\Documents\Ansoft
Stopping Batch Run: 5:38:21 上午  十一月 22, 2012
 
Ansoft HFSS Version 14.0.0, Build: 2011-10-22 21:03:32
Location: C:\Program Files\Ansoft\HFSS14.0\Win64\hfss.exe
Batch Script: F:/Dropbox/ANTLR/HFSS_API/examples/T65_SYM_CT_ANTLR/run_em1.vbs
Starting Batch Run: 5:38:25 上午  十一月 22, 2012
Running as user: michael-PC\michael2
Temp directory: C:\Users\michael\AppData\Local\Temp
Project directory: C:\Users\michael2\Documents\Ansoft
Stopping Batch Run: 5:38:28 上午  十一月 22, 2012
 
Ansoft HFSS Version 14.0.0, Build: 2011-10-22 21:03:32
Location: C:\Program Files\Ansoft\HFSS14.0\Win64\hfss.exe
Batch Script: F:/Dropbox/ANTLR/HFSS_API/examples/T65_SYM_CT_ANTLR/run_em1.vbs
Starting Batch Run: 5:38:32 上午  十一月 22, 2012
Running as user: michael-PC\michael2
Temp directory: C:\Users\michael\AppData\Local\Temp
Project directory: C:\Users\michael2\Documents\Ansoft
Stopping Batch Run: 5:38:35 上午  十一月 22, 2012
 
Ansoft HFSS Version 14.0.0, Build: 2011-10-22 21:03:32
Location: C:\Program Files\Ansoft\HFSS14.0\Win64\hfss.exe
Batch Script: F:/Dropbox/ANTLR/HFSS_API/examples/T65_SYM_CT_ANTLR/run_em1.vbs
Starting Batch Run: 5:38:39 上午  十一月 22, 2012
Running as user: michael-PC\michael2
Temp directory: C:\Users\michael\AppData\Local\Temp
Project directory: C:\Users\michael2\Documents\Ansoft
Stopping Batch Run: 5:38:41 上午  十一月 22, 2012
 
Ansoft HFSS Version 14.0.0, Build: 2011-10-22 21:03:32
Location: C:\Program Files\Ansoft\HFSS14.0\Win64\hfss.exe
Batch Script: F:/Dropbox/ANTLR/HFSS_API/examples/T65_SYM_CT_ANTLR/run_em1.vbs
Starting Batch Run: 5:38:45 上午  十一月 22, 2012
Running as user: michael-PC\michael2
Temp directory: C:\Users\michael\AppData\Local\Temp
Project directory: C:\Users\michael2\Documents\Ansoft
Stopping Batch Run: 5:38:47 上午  十一月 22, 2012
 
Ansoft HFSS Version 14.0.0, Build: 2011-10-22 21:03:32
Location: C:\Program Files\Ansoft\HFSS14.0\Win64\hfss.exe
Batch Script: F:/Dropbox/ANTLR/HFSS_API/examples/T65_SYM_CT_ANTLR/run_em1.vbs
Starting Batch Run: 5:38:51 上午  十一月 22, 2012
Running as user: michael-PC\michael2
Temp directory: C:\Users\michael\AppData\Local\Temp
Project directory: C:\Users\michael2\Documents\Ansoft
Stopping Batch Run: 5:38:53 上午  十一月 22, 2012
 
Ansoft HFSS Version 14.0.0, Build: 2011-10-22 21:03:32
Location: C:\Program Files\Ansoft\HFSS14.0\Win64\hfss.exe
Batch Script: F:/Dropbox/ANTLR/HFSS_API/examples/T65_SYM_CT_ANTLR/run_em1.vbs
Starting Batch Run: 5:38:57 上午  十一月 22, 2012
Running as user: michael-PC\michael2
Temp directory: C:\Users\michael\AppData\Local\Temp
Project directory: C:\Users\michael2\Documents\Ansoft
Stopping Batch Run: 5:38:59 上午  十一月 22, 2012
 
Ansoft HFSS Version 14.0.0, Build: 2011-10-22 21:03:32
Location: C:\Program Files\Ansoft\HFSS14.0\Win64\hfss.exe
Batch Script: F:/Dropbox/ANTLR/HFSS_API/examples/T65_SYM_CT_ANTLR/run_em1.vbs
Starting Batch Run: 5:39:03 上午  十一月 22, 2012
Running as user: michael-PC\michael2
Temp directory: C:\Users\michael\AppData\Local\Temp
Project directory: C:\Users\michael2\Documents\Ansoft
Stopping Batch Run: 5:39:05 上午  十一月 22, 2012
 
Ansoft HFSS Version 14.0.0, Build: 2011-10-22 21:03:32
Location: C:\Program Files\Ansoft\HFSS14.0\Win64\hfss.exe
Batch Script: F:/Dropbox/ANTLR/HFSS_API/examples/T65_SYM_CT_ANTLR/run_em1.vbs
Starting Batch Run: 5:39:09 上午  十一月 22, 2012
Running as user: michael-PC\michael2
Temp directory: C:\Users\michael\AppData\Local\Temp
Project directory: C:\Users\michael2\Documents\Ansoft
Stopping Batch Run: 5:39:11 上午  十一月 22, 2012
 
Ansoft HFSS Version 14.0.0, Build: 2011-10-22 21:03:32
Location: C:\Program Files\Ansoft\HFSS14.0\Win64\hfss.exe
Batch Script: F:/Dropbox/ANTLR/HFSS_API/examples/T65_SYM_CT_ANTLR/run_em1.vbs
Starting Batch Run: 5:52:53 上午  十一月 22, 2012
Running as user: michael-PC\michael2
Temp directory: C:\Users\michael\AppData\Local\Temp
Project directory: C:\Users\michael2\Documents\Ansoft
Stopping Batch Run: 5:52:57 上午  十一月 22, 2012
 
Ansoft HFSS Version 14.0.0, Build: 2011-10-22 21:03:32
Location: C:\Program Files\Ansoft\HFSS14.0\Win64\hfss.exe
Batch Script: F:/Dropbox/ANTLR/HFSS_API/examples/T65_SYM_CT_ANTLR/run_em1.vbs
Starting Batch Run: 6:02:00 上午  十一月 22, 2012
Running as user: michael-PC\michael2
Temp directory: C:\Users\michael\AppData\Local\Temp
Project directory: C:\Users\michael2\Documents\Ansoft
 
Ansoft HFSS Version 14.0.0, Build: 2011-10-22 21:03:32
Location: C:\Program Files\Ansoft\HFSS14.0\Win64\hfss.exe
Batch Script: F:/Dropbox/ANTLR/HFSS_API/examples/T65_SYM_CT_ANTLR/run_em1.vbs
Starting Batch Run: 6:12:33 上午  十一月 22, 2012
Running as user: michael-PC\michael2
Temp directory: C:\Users\michael\AppData\Local\Temp
Project directory: C:\Users\michael2\Documents\Ansoft
Stopping Batch Run: 6:12:35 上午  十一月 22, 2012
 
Ansoft HFSS Version 14.0.0, Build: 2011-10-22 21:03:32
Location: C:\Program Files\Ansoft\HFSS14.0\Win64\hfss.exe
Batch Script: F:/Dropbox/ANTLR/HFSS_API/examples/T65_SYM_CT_ANTLR/run_em1.vbs
Starting Batch Run: 6:20:21 上午  十一月 22, 2012
Running as user: michael-PC\michael2
Temp directory: C:\Users\michael\AppData\Local\Temp
Project directory: C:\Users\michael2\Documents\Ansoft
Stopping Batch Run: 6:20:24 上午  十一月 22, 2012
 
Ansoft HFSS Version 14.0.0, Build: 2011-10-22 21:03:32
Location: C:\Program Files\Ansoft\HFSS14.0\Win64\hfss.exe
Batch Script: F:/Dropbox/ANTLR/HFSS_API/examples/T65_SYM_CT_ANTLR/run_em1.vbs
Starting Batch Run: 6:28:56 上午  十一月 22, 2012
Running as user: michael-PC\michael2
Temp directory: C:\Users\michael\AppData\Local\Temp
Project directory: C:\Users\michael2\Documents\Ansoft
Stopping Batch Run: 6:28:59 上午  十一月 22, 2012
 
Ansoft HFSS Version 14.0.0, Build: 2011-10-22 21:03:32
Location: C:\Program Files\Ansoft\HFSS14.0\Win64\hfss.exe
Batch Script: F:/Dropbox/ANTLR/HFSS_API/examples/T65_SYM_CT_ANTLR/run_em1.vbs
Starting Batch Run: 6:36:32 上午  十一月 22, 2012
Running as user: michael-PC\michael2
Temp directory: C:\Users\michael\AppData\Local\Temp
Project directory: C:\Users\michael2\Documents\Ansoft
Stopping Batch Run: 6:36:37 上午  十一月 22, 2012
 
Ansoft HFSS Version 14.0.0, Build: 2011-10-22 21:03:32
Location: C:\Program Files\Ansoft\HFSS14.0\Win64\hfss.exe
Batch Script: F:/Dropbox/ANTLR/HFSS_API/examples/T65_SYM_CT_ANTLR/run_em1.vbs
Starting Batch Run: 6:44:23 上午  十一月 22, 2012
Running as user: michael-PC\michael2
Temp directory: C:\Users\michael\AppData\Local\Temp
Project directory: C:\Users\michael2\Documents\Ansoft
Stopping Batch Run: 6:44:28 上午  十一月 22, 2012
 
Ansoft HFSS Version 14.0.0, Build: 2011-10-22 21:03:32
Location: C:\Program Files\Ansoft\HFSS14.0\Win64\hfss.exe
Batch Script: F:/Dropbox/ANTLR/HFSS_API/examples/T65_SYM_CT_ANTLR/run_em1.vbs
Starting Batch Run: 12:55:59 上午  十一月 27, 2012
Running as user: michael-PC\michael2
Temp directory: C:\Users\michael\AppData\Local\Temp
Project directory: C:\Users\michael2\Documents\Ansoft
[warning] Script Error (Code 80070212) in file:  F:/Dropbox/ANTLR/HFSS_API/examples/T65_SYM_CT_ANTLR/run_em1.vbs
Description: Loading project failed: G:/HFSS_SIMULATIONS/T65_SYM_CT/EM0/SYM-D100W2S2.3.hfss.
Line(15):  "oDesktop.OpenProject "G:\HFSS_SIMULATIONS\T65_SYM_CT\EM0\SYM-D100W2S2.3.hfss""

[warning] HFSS cannot be closed right now because it is being used by another application or a script.

 
Ansoft HFSS Version 14.0.0, Build: 2011-10-22 21:03:32
Location: C:\Program Files\Ansoft\HFSS14.0\Win64\hfss.exe
Batch Script: F:/Dropbox/ANTLR/HFSS_API/examples/T65_SYM_CT_ANTLR/run_em1.vbs
Starting Batch Run: 12:56:02 上午  十一月 27, 2012
Running as user: michael-PC\michael2
Temp directory: C:\Users\michael\AppData\Local\Temp
Project directory: C:\Users\michael2\Documents\Ansoft
[warning] Script Error (Code 80070212) in file:  F:/Dropbox/ANTLR/HFSS_API/examples/T65_SYM_CT_ANTLR/run_em1.vbs
Description: Loading project failed: G:/HFSS_SIMULATIONS/T65_SYM_CT/EM0/SYM-D101W2S2.3.hfss.
Line(15):  "oDesktop.OpenProject "G:\HFSS_SIMULATIONS\T65_SYM_CT\EM0\SYM-D101W2S2.3.hfss""

[warning] HFSS cannot be closed right now because it is being used by another application or a script.

 
Ansoft HFSS Version 14.0.0, Build: 2011-10-22 21:03:32
Location: C:\Program Files\Ansoft\HFSS14.0\Win64\hfss.exe
Batch Script: F:/Dropbox/ANTLR/HFSS_API/examples/T65_SYM_CT_ANTLR/run_em1.vbs
Starting Batch Run: 1:00:04 上午  十一月 27, 2012
Running as user: michael-PC\michael2
Temp directory: C:\Users\michael\AppData\Local\Temp
Project directory: C:\Users\michael2\Documents\Ansoft
[warning] Script Error (Code 80070212) in file:  F:/Dropbox/ANTLR/HFSS_API/examples/T65_SYM_CT_ANTLR/run_em1.vbs
Description: Loading project failed: G:/HFSS_SIMULATIONS/T65_SYM_CT/EM0/SYM-D100W2S2.3.hfss.
Line(15):  "oDesktop.OpenProject "G:\HFSS_SIMULATIONS\T65_SYM_CT\EM0\SYM-D100W2S2.3.hfss""

[warning] HFSS cannot be closed right now because it is being used by another application or a script.

 
Ansoft HFSS Version 14.0.0, Build: 2011-10-22 21:03:32
Location: C:\Program Files\Ansoft\HFSS14.0\Win64\hfss.exe
Batch Script: F:/Dropbox/ANTLR/HFSS_API/examples/T65_SYM_CT_ANTLR/run_em1.vbs
Starting Batch Run: 1:00:08 上午  十一月 27, 2012
Running as user: michael-PC\michael2
Temp directory: C:\Users\michael\AppData\Local\Temp
Project directory: C:\Users\michael2\Documents\Ansoft
[warning] Script Error (Code 80070212) in file:  F:/Dropbox/ANTLR/HFSS_API/examples/T65_SYM_CT_ANTLR/run_em1.vbs
Description: Loading project failed: G:/HFSS_SIMULATIONS/T65_SYM_CT/EM0/SYM-D101W2S2.3.hfss.
Line(15):  "oDesktop.OpenProject "G:\HFSS_SIMULATIONS\T65_SYM_CT\EM0\SYM-D101W2S2.3.hfss""

[warning] HFSS cannot be closed right now because it is being used by another application or a script.

 
Ansoft HFSS Version 14.0.0, Build: 2011-10-22 21:03:32
Location: C:\Program Files\Ansoft\HFSS14.0\Win64\hfss.exe
Batch Script: F:/Dropbox/ANTLR/HFSS_API/examples/T65_SYM_CT_ANTLR/run_em1.vbs
Starting Batch Run: 1:00:12 上午  十一月 27, 2012
Running as user: michael-PC\michael2
Temp directory: C:\Users\michael\AppData\Local\Temp
Project directory: C:\Users\michael2\Documents\Ansoft
 
Ansoft HFSS Version 14.0.0, Build: 2011-10-22 21:03:32
Location: C:\Program Files\Ansoft\HFSS14.0\Win64\hfss.exe
Batch Script: F:/Dropbox/ANTLR/HFSS_API/examples/T65_SYM_CT_ANTLR/run_em1.vbs
Starting Batch Run: 1:00:24 上午  十一月 27, 2012
Running as user: michael-PC\michael2
Temp directory: C:\Users\michael\AppData\Local\Temp
Project directory: C:\Users\michael2\Documents\Ansoft
[warning] Script Error (Code 80070212) in file:  F:/Dropbox/ANTLR/HFSS_API/examples/T65_SYM_CT_ANTLR/run_em1.vbs
Description: Loading project failed: G:/HFSS_SIMULATIONS/T65_SYM_CT/EM0/SYM-D100W2S2.3.hfss.
Line(15):  "oDesktop.OpenProject "G:\HFSS_SIMULATIONS\T65_SYM_CT\EM0\SYM-D100W2S2.3.hfss""

[warning] HFSS cannot be closed right now because it is being used by another application or a script.

 
Ansoft HFSS Version 14.0.0, Build: 2011-10-22 21:03:32
Location: C:\Program Files\Ansoft\HFSS14.0\Win64\hfss.exe
Batch Script: F:/Dropbox/ANTLR/HFSS_API/examples/T65_SYM_CT_ANTLR/run_em1.vbs
Starting Batch Run: 1:00:27 上午  十一月 27, 2012
Running as user: michael-PC\michael2
Temp directory: C:\Users\michael\AppData\Local\Temp
Project directory: C:\Users\michael2\Documents\Ansoft
[warning] Script Error (Code 80070212) in file:  F:/Dropbox/ANTLR/HFSS_API/examples/T65_SYM_CT_ANTLR/run_em1.vbs
Description: Loading project failed: G:/HFSS_SIMULATIONS/T65_SYM_CT/EM0/SYM-D101W2S2.3.hfss.
Line(15):  "oDesktop.OpenProject "G:\HFSS_SIMULATIONS\T65_SYM_CT\EM0\SYM-D101W2S2.3.hfss""

[warning] HFSS cannot be closed right now because it is being used by another application or a script.

 
Ansoft HFSS Version 14.0.0, Build: 2011-10-22 21:03:32
Location: C:\Program Files\Ansoft\HFSS14.0\Win64\hfss.exe
Batch Script: F:/Dropbox/ANTLR/HFSS_API/examples/T65_SYM_CT_ANTLR/run_em1.vbs
Starting Batch Run: 1:00:31 上午  十一月 27, 2012
Running as user: michael-PC\michael2
Temp directory: C:\Users\michael\AppData\Local\Temp
Project directory: C:\Users\michael2\Documents\Ansoft
 
Ansoft HFSS Version 14.0.0, Build: 2011-10-22 21:03:32
Location: C:\Program Files\Ansoft\HFSS14.0\Win64\hfss.exe
Batch Script: F:/Dropbox/ANTLR/HFSS_API/examples/T65_SYM_CT_ANTLR/run_em1.vbs
Starting Batch Run: 1:00:56 上午  十一月 27, 2012
Running as user: michael-PC\michael2
Temp directory: C:\Users\michael\AppData\Local\Temp
Project directory: C:\Users\michael2\Documents\Ansoft
[warning] Script Error (Code 80070212) in file:  F:/Dropbox/ANTLR/HFSS_API/examples/T65_SYM_CT_ANTLR/run_em1.vbs
Description: Loading project failed: G:/HFSS_SIMULATIONS/T65_SYM_CT/EM0/SYM-D100W2S2.3.hfss.
Line(15):  "oDesktop.OpenProject "G:\HFSS_SIMULATIONS\T65_SYM_CT\EM0\SYM-D100W2S2.3.hfss""

[warning] HFSS cannot be closed right now because it is being used by another application or a script.

 
Ansoft HFSS Version 14.0.0, Build: 2011-10-22 21:03:32
Location: C:\Program Files\Ansoft\HFSS14.0\Win64\hfss.exe
Batch Script: F:/Dropbox/ANTLR/HFSS_API/examples/T65_SYM_CT_ANTLR/run_em1.vbs
Starting Batch Run: 1:01:00 上午  十一月 27, 2012
Running as user: michael-PC\michael2
Temp directory: C:\Users\michael\AppData\Local\Temp
Project directory: C:\Users\michael2\Documents\Ansoft
[warning] Script Error (Code 80070212) in file:  F:/Dropbox/ANTLR/HFSS_API/examples/T65_SYM_CT_ANTLR/run_em1.vbs
Description: Loading project failed: G:/HFSS_SIMULATIONS/T65_SYM_CT/EM0/SYM-D101W2S2.3.hfss.
Line(15):  "oDesktop.OpenProject "G:\HFSS_SIMULATIONS\T65_SYM_CT\EM0\SYM-D101W2S2.3.hfss""

[warning] HFSS cannot be closed right now because it is being used by another application or a script.

 
Ansoft HFSS Version 14.0.0, Build: 2011-10-22 21:03:32
Location: C:\Program Files\Ansoft\HFSS14.0\Win64\hfss.exe
Batch Script: F:/Dropbox/ANTLR/HFSS_API/examples/T65_SYM_CT_ANTLR/run_em1.vbs
Starting Batch Run: 1:01:04 上午  十一月 27, 2012
Running as user: michael-PC\michael2
Temp directory: C:\Users\michael\AppData\Local\Temp
Project directory: C:\Users\michael2\Documents\Ansoft
 
Ansoft HFSS Version 14.0.0, Build: 2011-10-22 21:03:32
Location: C:\Program Files\Ansoft\HFSS14.0\Win64\hfss.exe
Batch Script: F:/Dropbox/ANTLR/HFSS_API/examples/T65_SYM_CT_ANTLR/run_em1.vbs
Starting Batch Run: 1:14:41 上午  十一月 27, 2012
Running as user: michael-PC\michael2
Temp directory: C:\Users\michael\AppData\Local\Temp
Project directory: C:\Users\michael2\Documents\Ansoft
[warning] Script Error (Code 80070212) in file:  F:/Dropbox/ANTLR/HFSS_API/examples/T65_SYM_CT_ANTLR/run_em1.vbs
Description: Loading project failed: G:/HFSS_SIMULATIONS/T65_SYM_CT/EM0/SYM-D100W2S2.3.hfss.
Line(15):  "oDesktop.OpenProject "G:\HFSS_SIMULATIONS\T65_SYM_CT\EM0\SYM-D100W2S2.3.hfss""

[warning] HFSS cannot be closed right now because it is being used by another application or a script.

 
Ansoft HFSS Version 14.0.0, Build: 2011-10-22 21:03:32
Location: C:\Program Files\Ansoft\HFSS14.0\Win64\hfss.exe
Batch Script: F:/Dropbox/ANTLR/HFSS_API/examples/T65_SYM_CT_ANTLR/run_em1.vbs
Starting Batch Run: 1:14:45 上午  十一月 27, 2012
Running as user: michael-PC\michael2
Temp directory: C:\Users\michael\AppData\Local\Temp
Project directory: C:\Users\michael2\Documents\Ansoft
[warning] Script Error (Code 80070212) in file:  F:/Dropbox/ANTLR/HFSS_API/examples/T65_SYM_CT_ANTLR/run_em1.vbs
Description: Loading project failed: G:/HFSS_SIMULATIONS/T65_SYM_CT/EM0/SYM-D101W2S2.3.hfss.
Line(15):  "oDesktop.OpenProject "G:\HFSS_SIMULATIONS\T65_SYM_CT\EM0\SYM-D101W2S2.3.hfss""

[warning] HFSS cannot be closed right now because it is being used by another application or a script.

 
Ansoft HFSS Version 14.0.0, Build: 2011-10-22 21:03:32
Location: C:\Program Files\Ansoft\HFSS14.0\Win64\hfss.exe
Batch Script: F:/Dropbox/ANTLR/HFSS_API/examples/T65_SYM_CT_ANTLR/run_em1.vbs
Starting Batch Run: 1:14:50 上午  十一月 27, 2012
Running as user: michael-PC\michael2
Temp directory: C:\Users\michael\AppData\Local\Temp
Project directory: C:\Users\michael2\Documents\Ansoft
[warning] Script Error (Code 80070212) in file:  F:/Dropbox/ANTLR/HFSS_API/examples/T65_SYM_CT_ANTLR/run_em1.vbs
Description: Loading project failed: G:/HFSS_SIMULATIONS/T65_SYM_CT/EM0/SYM-D100W2S2.3.hfss.
Line(15):  "oDesktop.OpenProject "G:\HFSS_SIMULATIONS\T65_SYM_CT\EM0\SYM-D100W2S2.3.hfss""

[warning] HFSS cannot be closed right now because it is being used by another application or a script.

 
Ansoft HFSS Version 14.0.0, Build: 2011-10-22 21:03:32
Location: C:\Program Files\Ansoft\HFSS14.0\Win64\hfss.exe
Batch Script: F:/Dropbox/ANTLR/HFSS_API/examples/T65_SYM_CT_ANTLR/run_em1.vbs
Starting Batch Run: 1:14:54 上午  十一月 27, 2012
Running as user: michael-PC\michael2
Temp directory: C:\Users\michael\AppData\Local\Temp
Project directory: C:\Users\michael2\Documents\Ansoft
[warning] Script Error (Code 80070212) in file:  F:/Dropbox/ANTLR/HFSS_API/examples/T65_SYM_CT_ANTLR/run_em1.vbs
Description: Loading project failed: G:/HFSS_SIMULATIONS/T65_SYM_CT/EM0/SYM-D101W2S2.3.hfss.
Line(15):  "oDesktop.OpenProject "G:\HFSS_SIMULATIONS\T65_SYM_CT\EM0\SYM-D101W2S2.3.hfss""

[warning] HFSS cannot be closed right now because it is being used by another application or a script.

 
Ansoft HFSS Version 14.0.0, Build: 2011-10-22 21:03:32
Location: C:\Program Files\Ansoft\HFSS14.0\Win64\hfss.exe
Batch Script: F:/Dropbox/ANTLR/HFSS_API/examples/T65_SYM_CT_ANTLR/run_em1.vbs
Starting Batch Run: 1:14:58 上午  十一月 27, 2012
Running as user: michael-PC\michael2
Temp directory: C:\Users\michael\AppData\Local\Temp
Project directory: C:\Users\michael2\Documents\Ansoft
 
Ansoft HFSS Version 14.0.0, Build: 2011-10-22 21:03:32
Location: C:\Program Files\Ansoft\HFSS14.0\Win64\hfss.exe
Batch Script: F:/Dropbox/ANTLR/HFSS_API/examples/T65_SYM_CT_ANTLR/run_em1.vbs
Starting Batch Run: 1:16:17 上午  十一月 27, 2012
Running as user: michael-PC\michael2
Temp directory: C:\Users\michael\AppData\Local\Temp
Project directory: C:\Users\michael2\Documents\Ansoft
[warning] Script Error (Code 80070212) in file:  F:/Dropbox/ANTLR/HFSS_API/examples/T65_SYM_CT_ANTLR/run_em1.vbs
Description: Loading project failed: G:/HFSS_SIMULATIONS/T65_SYM_CT/EM0/SYM-D100W2S2.3.hfss.
Line(15):  "oDesktop.OpenProject "G:\HFSS_SIMULATIONS\T65_SYM_CT\EM0\SYM-D100W2S2.3.hfss""

[warning] HFSS cannot be closed right now because it is being used by another application or a script.

 
Ansoft HFSS Version 14.0.0, Build: 2011-10-22 21:03:32
Location: C:\Program Files\Ansoft\HFSS14.0\Win64\hfss.exe
Batch Script: F:/Dropbox/ANTLR/HFSS_API/examples/T65_SYM_CT_ANTLR/run_em1.vbs
Starting Batch Run: 1:16:20 上午  十一月 27, 2012
Running as user: michael-PC\michael2
Temp directory: C:\Users\michael\AppData\Local\Temp
Project directory: C:\Users\michael2\Documents\Ansoft
 
Ansoft HFSS Version 14.0.0, Build: 2011-10-22 21:03:32
Location: C:\Program Files\Ansoft\HFSS14.0\Win64\hfss.exe
Batch Script: F:/Dropbox/ANTLR/HFSS_API/examples/T65_SYM_CT_ANTLR/run_em1.vbs
Starting Batch Run: 1:16:47 上午  十一月 27, 2012
Running as user: michael-PC\michael2
Temp directory: C:\Users\michael\AppData\Local\Temp
Project directory: C:\Users\michael2\Documents\Ansoft
[warning] Script Error (Code 80070212) in file:  F:/Dropbox/ANTLR/HFSS_API/examples/T65_SYM_CT_ANTLR/run_em1.vbs
Description: Loading project failed: G:/HFSS_SIMULATIONS/T65_SYM_CT/EM0/SYM-D100W2S2.3.hfss.
Line(15):  "oDesktop.OpenProject "G:\HFSS_SIMULATIONS\T65_SYM_CT\EM0\SYM-D100W2S2.3.hfss""

[warning] HFSS cannot be closed right now because it is being used by another application or a script.

 
Ansoft HFSS Version 14.0.0, Build: 2011-10-22 21:03:32
Location: C:\Program Files\Ansoft\HFSS14.0\Win64\hfss.exe
Batch Script: F:/Dropbox/ANTLR/HFSS_API/examples/T65_SYM_CT_ANTLR/run_em1.vbs
Starting Batch Run: 1:16:50 上午  十一月 27, 2012
Running as user: michael-PC\michael2
Temp directory: C:\Users\michael\AppData\Local\Temp
Project directory: C:\Users\michael2\Documents\Ansoft
[warning] Script Error (Code 80070212) in file:  F:/Dropbox/ANTLR/HFSS_API/examples/T65_SYM_CT_ANTLR/run_em1.vbs
Description: Loading project failed: G:/HFSS_SIMULATIONS/T65_SYM_CT/EM0/SYM-D101W2S2.3.hfss.
Line(15):  "oDesktop.OpenProject "G:\HFSS_SIMULATIONS\T65_SYM_CT\EM0\SYM-D101W2S2.3.hfss""

[warning] HFSS cannot be closed right now because it is being used by another application or a script.

 
Ansoft HFSS Version 14.0.0, Build: 2011-10-22 21:03:32
Location: C:\Program Files\Ansoft\HFSS14.0\Win64\hfss.exe
Batch Script: F:/Dropbox/ANTLR/HFSS_API/examples/T65_SYM_CT_ANTLR/run_em1.vbs
Starting Batch Run: 1:16:54 上午  十一月 27, 2012
Running as user: michael-PC\michael2
Temp directory: C:\Users\michael\AppData\Local\Temp
Project directory: C:\Users\michael2\Documents\Ansoft
 
Ansoft HFSS Version 14.0.0, Build: 2011-10-22 21:03:32
Location: C:\Program Files\Ansoft\HFSS14.0\Win64\hfss.exe
Batch Script: F:/Dropbox/ANTLR/HFSS_API/examples/T65_SYM_CT_ANTLR/run_em1.vbs
Starting Batch Run: 1:20:15 上午  十一月 27, 2012
Running as user: michael-PC\michael2
Temp directory: C:\Users\michael\AppData\Local\Temp
Project directory: C:\Users\michael2\Documents\Ansoft
[warning] Script Error (Code 80070212) in file:  F:/Dropbox/ANTLR/HFSS_API/examples/T65_SYM_CT_ANTLR/run_em1.vbs
Description: Loading project failed: G:/HFSS_SIMULATIONS/T65_SYM_CT/EM0/SYM-D100W2S2.3.hfss.
Line(15):  "oDesktop.OpenProject "G:\HFSS_SIMULATIONS\T65_SYM_CT\EM0\SYM-D100W2S2.3.hfss""

[warning] HFSS cannot be closed right now because it is being used by another application or a script.

 
Ansoft HFSS Version 14.0.0, Build: 2011-10-22 21:03:32
Location: C:\Program Files\Ansoft\HFSS14.0\Win64\hfss.exe
Batch Script: F:/Dropbox/ANTLR/HFSS_API/examples/T65_SYM_CT_ANTLR/run_em1.vbs
Starting Batch Run: 1:20:19 上午  十一月 27, 2012
Running as user: michael-PC\michael2
Temp directory: C:\Users\michael\AppData\Local\Temp
Project directory: C:\Users\michael2\Documents\Ansoft
[warning] Script Error (Code 80070212) in file:  F:/Dropbox/ANTLR/HFSS_API/examples/T65_SYM_CT_ANTLR/run_em1.vbs
Description: Loading project failed: G:/HFSS_SIMULATIONS/T65_SYM_CT/EM0/SYM-D101W2S2.3.hfss.
Line(15):  "oDesktop.OpenProject "G:\HFSS_SIMULATIONS\T65_SYM_CT\EM0\SYM-D101W2S2.3.hfss""

[warning] HFSS cannot be closed right now because it is being used by another application or a script.

 
Ansoft HFSS Version 14.0.0, Build: 2011-10-22 21:03:32
Location: C:\Program Files\Ansoft\HFSS14.0\Win64\hfss.exe
Batch Script: F:/Dropbox/ANTLR/HFSS_API/examples/T65_SYM_CT_ANTLR/run_em1.vbs
Starting Batch Run: 1:20:23 上午  十一月 27, 2012
Running as user: michael-PC\michael2
Temp directory: C:\Users\michael\AppData\Local\Temp
Project directory: C:\Users\michael2\Documents\Ansoft
[warning] Script Error (Code 80070212) in file:  F:/Dropbox/ANTLR/HFSS_API/examples/T65_SYM_CT_ANTLR/run_em1.vbs
Description: Loading project failed: G:/HFSS_SIMULATIONS/T65_SYM_CT/EM0/SYM-D102W2S2.3.hfss.
Line(15):  "oDesktop.OpenProject "G:\HFSS_SIMULATIONS\T65_SYM_CT\EM0\SYM-D102W2S2.3.hfss""

[warning] HFSS cannot be closed right now because it is being used by another application or a script.

 
Ansoft HFSS Version 14.0.0, Build: 2011-10-22 21:03:32
Location: C:\Program Files\Ansoft\HFSS14.0\Win64\hfss.exe
Batch Script: F:/Dropbox/ANTLR/HFSS_API/examples/T65_SYM_CT_ANTLR/run_em1.vbs
Starting Batch Run: 1:20:28 上午  十一月 27, 2012
Running as user: michael-PC\michael2
Temp directory: C:\Users\michael\AppData\Local\Temp
Project directory: C:\Users\michael2\Documents\Ansoft
[warning] Script Error (Code 80070212) in file:  F:/Dropbox/ANTLR/HFSS_API/examples/T65_SYM_CT_ANTLR/run_em1.vbs
Description: Loading project failed: G:/HFSS_SIMULATIONS/T65_SYM_CT/EM0/SYM-D103W2S2.3.hfss.
Line(15):  "oDesktop.OpenProject "G:\HFSS_SIMULATIONS\T65_SYM_CT\EM0\SYM-D103W2S2.3.hfss""

[warning] HFSS cannot be closed right now because it is being used by another application or a script.

 
Ansoft HFSS Version 14.0.0, Build: 2011-10-22 21:03:32
Location: C:\Program Files\Ansoft\HFSS14.0\Win64\hfss.exe
Batch Script: F:/Dropbox/ANTLR/HFSS_API/examples/T65_SYM_CT_ANTLR/run_em1.vbs
Starting Batch Run: 1:20:32 上午  十一月 27, 2012
Running as user: michael-PC\michael2
Temp directory: C:\Users\michael\AppData\Local\Temp
Project directory: C:\Users\michael2\Documents\Ansoft
[warning] Script Error (Code 80070212) in file:  F:/Dropbox/ANTLR/HFSS_API/examples/T65_SYM_CT_ANTLR/run_em1.vbs
Description: Loading project failed: G:/HFSS_SIMULATIONS/T65_SYM_CT/EM0/SYM-D104W2S2.3.hfss.
Line(15):  "oDesktop.OpenProject "G:\HFSS_SIMULATIONS\T65_SYM_CT\EM0\SYM-D104W2S2.3.hfss""

[warning] HFSS cannot be closed right now because it is being used by another application or a script.

