 
Ansoft HFSS Version 14.0.0, Build: 2011-10-22 21:03:32
Location: C:\Program Files\Ansoft\HFSS14.0\Win64\hfss.exe
Batch Script: F:/Dropbox/ANTLR/HFSS_API/examples/T65_SYM_4T/SYM_ct/SYM-D105W2S2.3.vbs
Starting Batch Run: 1:22:13 上午  十一月 29, 2012
Running as user: michael-PC\michael2
Temp directory: C:\Users\michael\AppData\Local\Temp
Project directory: C:\Users\michael2\Documents\Ansoft
-- Message Window --
      SYM-D105W2S2.3 (G:/HFSS_SIMULATIONS/T65_SYM_4T/)
        BEOL_6X1Z1U (DrivenTerminal)
          [warning] 'Solve inside' for object 'Metal9' is unset, due to material assignment change. (1:22:15 上午  十一月 29, 2012)
          [warning] Part Attributes: Name "Metal9" is already used, use name "Metal9_1". (1:22:15 上午  十一月 29, 2012)
          [warning] 'Solve inside' for object 'Metal9_1' is unset, due to material assignment change. (1:22:15 上午  十一月 29, 2012)
          [warning] 'Solve inside' for object 'Metal8' is unset, due to material assignment change. (1:22:15 上午  十一月 29, 2012)
          [warning] Part Attributes: Name "Metal8" is already used, use name "Metal8_1". (1:22:15 上午  十一月 29, 2012)
          [warning] Part Attributes: Name "Metal9" is already used, use name "Metal9_2". (1:22:15 上午  十一月 29, 2012)
          [warning] Part Attributes: Name "Metal8" is already used, use name "Metal8_2". (1:22:15 上午  十一月 29, 2012)
          [warning] Part Attributes: Name "Metal8" is already used, use name "Metal8_3". (1:22:15 上午  十一月 29, 2012)
          [warning] Part Attributes: Name "Metal9" is already used, use name "Metal9_3". (1:22:15 上午  十一月 29, 2012)
          [warning] Part Attributes: Name "Metal8" is already used, use name "Metal8_4". (1:22:15 上午  十一月 29, 2012)
          [warning] Part Attributes: Name "Via8" is already used, use name "Via8_1". (1:22:15 上午  十一月 29, 2012)
          [warning] Part Attributes: Name "Metal9" is already used, use name "Metal9_4". (1:22:15 上午  十一月 29, 2012)
          [warning] 'Solve inside' for object 'Metal9_4' is unset, due to material assignment change. (1:22:16 上午  十一月 29, 2012)
          [warning] Part Attributes: Name "Metal9" is already used, use name "Metal9_5". (1:22:16 上午  十一月 29, 2012)
          [warning] Part Attributes: Name "Metal9" is already used, use name "Metal9_6". (1:22:16 上午  十一月 29, 2012)
          [warning] Part Attributes: Name "Metal9" is already used, use name "Metal9_7". (1:22:16 上午  十一月 29, 2012)
          [warning] Part Attributes: Name "Metal9" is already used, use name "Metal9_8". (1:22:16 上午  十一月 29, 2012)
          [warning] Part Attributes: Name "Metal9" is already used, use name "Metal9_9". (1:22:16 上午  十一月 29, 2012)
          [warning] 'Solve inside' for object 'Metal9_9' is unset, due to material assignment change. (1:22:16 上午  十一月 29, 2012)
          [warning] Part Attributes: Name "Metal9" is already used, use name "Metal9_10". (1:22:16 上午  十一月 29, 2012)
          [warning] 'Solve inside' for object 'Metal9_10' is unset, due to material assignment change. (1:22:16 上午  十一月 29, 2012)
          [warning] Part Attributes: Name "Metal8" is already used, use name "Metal8_5". (1:22:16 上午  十一月 29, 2012)
          [warning] 'Solve inside' for object 'Metal8_5' is unset, due to material assignment change. (1:22:16 上午  十一月 29, 2012)
          [warning] Part Attributes: Name "Metal8" is already used, use name "Metal8_6". (1:22:16 上午  十一月 29, 2012)
          [warning] Part Attributes: Name "Metal9" is already used, use name "Metal9_11". (1:22:17 上午  十一月 29, 2012)
          [warning] Part Attributes: Name "Metal8" is already used, use name "Metal8_7". (1:22:17 上午  十一月 29, 2012)
          [warning] Part Attributes: Name "Via8" is already used, use name "Via8_2". (1:22:17 上午  十一月 29, 2012)
          [warning] Part Attributes: Name "Metal8" is already used, use name "Metal8_8". (1:22:17 上午  十一月 29, 2012)
          [warning] Part Attributes: Name "Metal9" is already used, use name "Metal9_12". (1:22:17 上午  十一月 29, 2012)
          [warning] Part Attributes: Name "Metal8" is already used, use name "Metal8_9". (1:22:17 上午  十一月 29, 2012)
          [warning] Part Attributes: Name "Via8" is already used, use name "Via8_3". (1:22:17 上午  十一月 29, 2012)
          [warning] Part Attributes: Name "Metal9" is already used, use name "Metal9_13". (1:22:17 上午  十一月 29, 2012)
          [warning] 'Solve inside' for object 'Metal9_13' is unset, due to material assignment change. (1:22:17 上午  十一月 29, 2012)
          [warning] Part Attributes: Name "Metal9" is already used, use name "Metal9_14". (1:22:17 上午  十一月 29, 2012)
          [warning] Part Attributes: Name "Metal9" is already used, use name "Metal9_15". (1:22:17 上午  十一月 29, 2012)
          [warning] Part Attributes: Name "Metal9" is already used, use name "Metal9_16". (1:22:17 上午  十一月 29, 2012)
          [warning] Part Attributes: Name "Metal9" is already used, use name "Metal9_17". (1:22:18 上午  十一月 29, 2012)
          [warning] Part Attributes: Name "Metal9" is already used, use name "Metal9_18". (1:22:18 上午  十一月 29, 2012)
          [warning] 'Solve inside' for object 'Metal9_18' is unset, due to material assignment change. (1:22:18 上午  十一月 29, 2012)
          [warning] Part Attributes: Name "Metal9" is already used, use name "Metal9_19". (1:22:18 上午  十一月 29, 2012)
          [warning] 'Solve inside' for object 'Metal9_19' is unset, due to material assignment change. (1:22:18 上午  十一月 29, 2012)
          [warning] Part Attributes: Name "Metal8" is already used, use name "Metal8_10". (1:22:18 上午  十一月 29, 2012)
          [warning] 'Solve inside' for object 'Metal8_10' is unset, due to material assignment change. (1:22:18 上午  十一月 29, 2012)
          [warning] Part Attributes: Name "Metal8" is already used, use name "Metal8_11". (1:22:18 上午  十一月 29, 2012)
          [warning] Part Attributes: Name "Metal9" is already used, use name "Metal9_20". (1:22:18 上午  十一月 29, 2012)
          [warning] Part Attributes: Name "Metal8" is already used, use name "Metal8_12". (1:22:18 上午  十一月 29, 2012)
          [warning] Part Attributes: Name "Via8" is already used, use name "Via8_4". (1:22:19 上午  十一月 29, 2012)
          [warning] Part Attributes: Name "Metal8" is already used, use name "Metal8_13". (1:22:19 上午  十一月 29, 2012)
          [warning] Part Attributes: Name "Metal9" is already used, use name "Metal9_21". (1:22:19 上午  十一月 29, 2012)
          [warning] Part Attributes: Name "Metal8" is already used, use name "Metal8_14". (1:22:19 上午  十一月 29, 2012)
          [warning] Part Attributes: Name "Via8" is already used, use name "Via8_5". (1:22:19 上午  十一月 29, 2012)
          [warning] Part Attributes: Name "Metal9" is already used, use name "Metal9_22". (1:22:19 上午  十一月 29, 2012)
          [warning] 'Solve inside' for object 'Metal9_22' is unset, due to material assignment change. (1:22:19 上午  十一月 29, 2012)
          [warning] Part Attributes: Name "Metal9" is already used, use name "Metal9_23". (1:22:19 上午  十一月 29, 2012)
          [warning] Part Attributes: Name "Metal9" is already used, use name "Metal9_24". (1:22:19 上午  十一月 29, 2012)
          [warning] Part Attributes: Name "Metal9" is already used, use name "Metal9_25". (1:22:19 上午  十一月 29, 2012)
          [warning] Part Attributes: Name "Metal9" is already used, use name "Metal9_26". (1:22:19 上午  十一月 29, 2012)
          [warning] Part Attributes: Name "Metal9" is already used, use name "Metal9_27". (1:22:19 上午  十一月 29, 2012)
          [warning] 'Solve inside' for object 'Metal9_27' is unset, due to material assignment change. (1:22:20 上午  十一月 29, 2012)
          [warning] Part Attributes: Name "Metal9" is already used, use name "Metal9_28". (1:22:20 上午  十一月 29, 2012)
          [warning] 'Solve inside' for object 'Metal9_28' is unset, due to material assignment change. (1:22:20 上午  十一月 29, 2012)
          [warning] Part Attributes: Name "Metal9" is already used, use name "Metal9_29". (1:22:20 上午  十一月 29, 2012)
          [warning] Part Attributes: Name "Metal9" is already used, use name "Metal9_30". (1:22:20 上午  十一月 29, 2012)
          [warning] Part Attributes: Name "Metal9" is already used, use name "Metal9_31". (1:22:20 上午  十一月 29, 2012)
          [warning] Part Attributes: Name "Metal9" is already used, use name "Metal9_32". (1:22:20 上午  十一月 29, 2012)
-- Message Window --
Stopping Batch Run: 1:22:23 上午  十一月 29, 2012
