 
Ansoft HFSS Version 14.0.0, Build: 2011-10-22 21:03:32
Location: C:\Program Files\Ansoft\HFSS14.0\Win64\hfss.exe
Batch Script: F:/Dropbox/ANTLR/HFSS_API/examples/T65_SYM_CT_ANTLR/run_em2.vbs
Starting Batch Run: 12:31:48 上午  十一月 20, 2012
Running as user: michael-PC\michael2
Temp directory: C:\Users\michael\AppData\Local\Temp
Project directory: C:\Users\michael2\Documents\Ansoft
[warning] Script Error (Code 80070212) in file:  F:/Dropbox/ANTLR/HFSS_API/examples/T65_SYM_CT_ANTLR/run_em2.vbs
Description: Loading project failed: G:/HFSS_SIMULATIONS/T65_SYM_CT_ANTLR/EM2/SYM_CT-D120W2S2.hfss.
Line(15):  "oDesktop.OpenProject "G:\HFSS_SIMULATIONS\T65_SYM_CT_ANTLR\EM2\SYM_CT-D120W2S2.hfss""

[warning] HFSS cannot be closed right now because it is being used by another application or a script.

 
Ansoft HFSS Version 14.0.0, Build: 2011-10-22 21:03:32
Location: C:\Program Files\Ansoft\HFSS14.0\Win64\hfss.exe
Batch Script: F:/Dropbox/ANTLR/HFSS_API/examples/T65_SYM_CT_ANTLR/run_em2.vbs
Starting Batch Run: 12:33:00 上午  十一月 20, 2012
Running as user: michael-PC\michael2
Temp directory: C:\Users\michael\AppData\Local\Temp
Project directory: C:\Users\michael2\Documents\Ansoft
[warning] Script Error (Code 80070212) in file:  F:/Dropbox/ANTLR/HFSS_API/examples/T65_SYM_CT_ANTLR/run_em2.vbs
Description: Loading project failed: G:/HFSS_SIMULATIONS/T65_SYM_CT_ANTLR/EM2/SYM_CT-D120W2S2.hfss.
Line(15):  "oDesktop.OpenProject "G:\HFSS_SIMULATIONS\T65_SYM_CT_ANTLR\EM2\SYM_CT-D120W2S2.hfss""

[warning] HFSS cannot be closed right now because it is being used by another application or a script.

 
Ansoft HFSS Version 14.0.0, Build: 2011-10-22 21:03:32
Location: C:\Program Files\Ansoft\HFSS14.0\Win64\hfss.exe
Batch Script: F:/Dropbox/ANTLR/HFSS_API/examples/T65_SYM_CT_ANTLR/run_em2.vbs
Starting Batch Run: 12:33:02 上午  十一月 20, 2012
Running as user: michael-PC\michael2
Temp directory: C:\Users\michael\AppData\Local\Temp
Project directory: C:\Users\michael2\Documents\Ansoft
 
Ansoft HFSS Version 14.0.0, Build: 2011-10-22 21:03:32
Location: C:\Program Files\Ansoft\HFSS14.0\Win64\hfss.exe
Batch Script: F:/Dropbox/ANTLR/HFSS_API/examples/T65_SYM_CT_ANTLR/run_em2.vbs
Starting Batch Run: 12:39:00 上午  十一月 20, 2012
Running as user: michael-PC\michael2
Temp directory: C:\Users\michael\AppData\Local\Temp
Project directory: C:\Users\michael2\Documents\Ansoft
 
Ansoft HFSS Version 14.0.0, Build: 2011-10-22 21:03:32
Location: C:\Program Files\Ansoft\HFSS14.0\Win64\hfss.exe
Batch Script: F:/Dropbox/ANTLR/HFSS_API/examples/T65_SYM_CT_ANTLR/run_em2.vbs
Starting Batch Run: 12:41:43 上午  十一月 20, 2012
Running as user: michael-PC\michael2
Temp directory: C:\Users\michael\AppData\Local\Temp
Project directory: C:\Users\michael2\Documents\Ansoft
Stopping Batch Run: 12:41:46 上午  十一月 20, 2012
 
Ansoft HFSS Version 14.0.0, Build: 2011-10-22 21:03:32
Location: C:\Program Files\Ansoft\HFSS14.0\Win64\hfss.exe
Batch Script: F:/Dropbox/ANTLR/HFSS_API/examples/T65_SYM_CT_ANTLR/run_em2.vbs
Starting Batch Run: 12:44:23 上午  十一月 20, 2012
Running as user: michael-PC\michael2
Temp directory: C:\Users\michael\AppData\Local\Temp
Project directory: C:\Users\michael2\Documents\Ansoft
Stopping Batch Run: 12:44:25 上午  十一月 20, 2012
 
Ansoft HFSS Version 14.0.0, Build: 2011-10-22 21:03:32
Location: C:\Program Files\Ansoft\HFSS14.0\Win64\hfss.exe
Batch Script: F:/Dropbox/ANTLR/HFSS_API/examples/T65_SYM_CT_ANTLR/run_em2.vbs
Starting Batch Run: 12:45:24 上午  十一月 20, 2012
Running as user: michael-PC\michael2
Temp directory: C:\Users\michael\AppData\Local\Temp
Project directory: C:\Users\michael2\Documents\Ansoft
Stopping Batch Run: 12:45:26 上午  十一月 20, 2012
 
Ansoft HFSS Version 14.0.0, Build: 2011-10-22 21:03:32
Location: C:\Program Files\Ansoft\HFSS14.0\Win64\hfss.exe
Batch Script: F:/Dropbox/ANTLR/HFSS_API/examples/T65_SYM_CT_ANTLR/run_em2.vbs
Starting Batch Run: 12:46:52 上午  十一月 20, 2012
Running as user: michael-PC\michael2
Temp directory: C:\Users\michael\AppData\Local\Temp
Project directory: C:\Users\michael2\Documents\Ansoft
Stopping Batch Run: 12:46:55 上午  十一月 20, 2012
 
Ansoft HFSS Version 14.0.0, Build: 2011-10-22 21:03:32
Location: C:\Program Files\Ansoft\HFSS14.0\Win64\hfss.exe
Batch Script: F:/Dropbox/ANTLR/HFSS_API/examples/T65_SYM_CT_ANTLR/run_em2.vbs
Starting Batch Run: 12:48:02 上午  十一月 20, 2012
Running as user: michael-PC\michael2
Temp directory: C:\Users\michael\AppData\Local\Temp
Project directory: C:\Users\michael2\Documents\Ansoft
 
Ansoft HFSS Version 14.0.0, Build: 2011-10-22 21:03:32
Location: C:\Program Files\Ansoft\HFSS14.0\Win64\hfss.exe
Batch Script: F:/Dropbox/ANTLR/HFSS_API/examples/T65_SYM_CT_ANTLR/run_em2.vbs
Starting Batch Run: 12:51:06 上午  十一月 20, 2012
Running as user: michael-PC\michael2
Temp directory: C:\Users\michael\AppData\Local\Temp
Project directory: C:\Users\michael2\Documents\Ansoft
Stopping Batch Run: 12:51:08 上午  十一月 20, 2012
 
Ansoft HFSS Version 14.0.0, Build: 2011-10-22 21:03:32
Location: C:\Program Files\Ansoft\HFSS14.0\Win64\hfss.exe
Batch Script: F:/Dropbox/ANTLR/HFSS_API/examples/T65_SYM_CT_ANTLR/run_em2.vbs
Starting Batch Run: 12:52:35 上午  十一月 20, 2012
Running as user: michael-PC\michael2
Temp directory: C:\Users\michael\AppData\Local\Temp
Project directory: C:\Users\michael2\Documents\Ansoft
Stopping Batch Run: 12:52:38 上午  十一月 20, 2012
 
Ansoft HFSS Version 14.0.0, Build: 2011-10-22 21:03:32
Location: C:\Program Files\Ansoft\HFSS14.0\Win64\hfss.exe
Batch Script: F:/Dropbox/ANTLR/HFSS_API/examples/T65_SYM_CT_ANTLR/run_em2.vbs
Starting Batch Run: 12:53:44 上午  十一月 20, 2012
Running as user: michael-PC\michael2
Temp directory: C:\Users\michael\AppData\Local\Temp
Project directory: C:\Users\michael2\Documents\Ansoft
Stopping Batch Run: 12:53:46 上午  十一月 20, 2012
 
Ansoft HFSS Version 14.0.0, Build: 2011-10-22 21:03:32
Location: C:\Program Files\Ansoft\HFSS14.0\Win64\hfss.exe
Batch Script: F:/Dropbox/ANTLR/HFSS_API/examples/T65_SYM_CT_ANTLR/run_em2.vbs
Starting Batch Run: 12:56:35 上午  十一月 20, 2012
Running as user: michael-PC\michael2
Temp directory: C:\Users\michael\AppData\Local\Temp
Project directory: C:\Users\michael2\Documents\Ansoft
Stopping Batch Run: 12:56:38 上午  十一月 20, 2012
 
Ansoft HFSS Version 14.0.0, Build: 2011-10-22 21:03:32
Location: C:\Program Files\Ansoft\HFSS14.0\Win64\hfss.exe
Batch Script: F:/Dropbox/ANTLR/HFSS_API/examples/T65_SYM_CT_ANTLR/run_em2.vbs
Starting Batch Run: 12:59:23 上午  十一月 20, 2012
Running as user: michael-PC\michael2
Temp directory: C:\Users\michael\AppData\Local\Temp
Project directory: C:\Users\michael2\Documents\Ansoft
Stopping Batch Run: 12:59:25 上午  十一月 20, 2012
 
Ansoft HFSS Version 14.0.0, Build: 2011-10-22 21:03:32
Location: C:\Program Files\Ansoft\HFSS14.0\Win64\hfss.exe
Batch Script: F:/Dropbox/ANTLR/HFSS_API/examples/T65_SYM_CT_ANTLR/run_em2.vbs
Starting Batch Run: 1:00:45 上午  十一月 20, 2012
Running as user: michael-PC\michael2
Temp directory: C:\Users\michael\AppData\Local\Temp
Project directory: C:\Users\michael2\Documents\Ansoft
Stopping Batch Run: 1:00:48 上午  十一月 20, 2012
 
Ansoft HFSS Version 14.0.0, Build: 2011-10-22 21:03:32
Location: C:\Program Files\Ansoft\HFSS14.0\Win64\hfss.exe
Batch Script: F:/Dropbox/ANTLR/HFSS_API/examples/T65_SYM_CT_ANTLR/run_em2.vbs
Starting Batch Run: 1:01:59 上午  十一月 20, 2012
Running as user: michael-PC\michael2
Temp directory: C:\Users\michael\AppData\Local\Temp
Project directory: C:\Users\michael2\Documents\Ansoft
Stopping Batch Run: 1:02:01 上午  十一月 20, 2012
 
Ansoft HFSS Version 14.0.0, Build: 2011-10-22 21:03:32
Location: C:\Program Files\Ansoft\HFSS14.0\Win64\hfss.exe
Batch Script: F:/Dropbox/ANTLR/HFSS_API/examples/T65_SYM_CT_ANTLR/run_em2.vbs
Starting Batch Run: 1:03:28 上午  十一月 20, 2012
Running as user: michael-PC\michael2
Temp directory: C:\Users\michael\AppData\Local\Temp
Project directory: C:\Users\michael2\Documents\Ansoft
Stopping Batch Run: 1:03:31 上午  十一月 20, 2012
 
Ansoft HFSS Version 14.0.0, Build: 2011-10-22 21:03:32
Location: C:\Program Files\Ansoft\HFSS14.0\Win64\hfss.exe
Batch Script: F:/Dropbox/ANTLR/HFSS_API/examples/T65_SYM_CT_ANTLR/run_em2.vbs
Starting Batch Run: 1:04:45 上午  十一月 20, 2012
Running as user: michael-PC\michael2
Temp directory: C:\Users\michael\AppData\Local\Temp
Project directory: C:\Users\michael2\Documents\Ansoft
Stopping Batch Run: 1:04:47 上午  十一月 20, 2012
 
Ansoft HFSS Version 14.0.0, Build: 2011-10-22 21:03:32
Location: C:\Program Files\Ansoft\HFSS14.0\Win64\hfss.exe
Batch Script: F:/Dropbox/ANTLR/HFSS_API/examples/T65_SYM_CT_ANTLR/run_em2.vbs
Starting Batch Run: 1:06:56 上午  十一月 20, 2012
Running as user: michael-PC\michael2
Temp directory: C:\Users\michael\AppData\Local\Temp
Project directory: C:\Users\michael2\Documents\Ansoft
Stopping Batch Run: 1:06:59 上午  十一月 20, 2012
 
Ansoft HFSS Version 14.0.0, Build: 2011-10-22 21:03:32
Location: C:\Program Files\Ansoft\HFSS14.0\Win64\hfss.exe
Batch Script: F:/Dropbox/ANTLR/HFSS_API/examples/T65_SYM_CT_ANTLR/run_em2.vbs
Starting Batch Run: 1:11:49 上午  十一月 20, 2012
Running as user: michael-PC\michael2
Temp directory: C:\Users\michael\AppData\Local\Temp
Project directory: C:\Users\michael2\Documents\Ansoft
 
Ansoft HFSS Version 14.0.0, Build: 2011-10-22 21:03:32
Location: C:\Program Files\Ansoft\HFSS14.0\Win64\hfss.exe
Batch Script: F:/Dropbox/ANTLR/HFSS_API/examples/T65_SYM_CT_ANTLR/run_em2.vbs
Starting Batch Run: 1:15:02 上午  十一月 20, 2012
Running as user: michael-PC\michael2
Temp directory: C:\Users\michael\AppData\Local\Temp
Project directory: C:\Users\michael2\Documents\Ansoft
Stopping Batch Run: 1:15:04 上午  十一月 20, 2012
 
Ansoft HFSS Version 14.0.0, Build: 2011-10-22 21:03:32
Location: C:\Program Files\Ansoft\HFSS14.0\Win64\hfss.exe
Batch Script: F:/Dropbox/ANTLR/HFSS_API/examples/T65_SYM_CT_ANTLR/run_em2.vbs
Starting Batch Run: 1:18:13 上午  十一月 20, 2012
Running as user: michael-PC\michael2
Temp directory: C:\Users\michael\AppData\Local\Temp
Project directory: C:\Users\michael2\Documents\Ansoft
Stopping Batch Run: 1:18:15 上午  十一月 20, 2012
 
Ansoft HFSS Version 14.0.0, Build: 2011-10-22 21:03:32
Location: C:\Program Files\Ansoft\HFSS14.0\Win64\hfss.exe
Batch Script: F:/Dropbox/ANTLR/HFSS_API/examples/T65_SYM_CT_ANTLR/run_em2.vbs
Starting Batch Run: 1:19:31 上午  十一月 20, 2012
Running as user: michael-PC\michael2
Temp directory: C:\Users\michael\AppData\Local\Temp
Project directory: C:\Users\michael2\Documents\Ansoft
Stopping Batch Run: 1:19:34 上午  十一月 20, 2012
 
Ansoft HFSS Version 14.0.0, Build: 2011-10-22 21:03:32
Location: C:\Program Files\Ansoft\HFSS14.0\Win64\hfss.exe
Batch Script: F:/Dropbox/ANTLR/HFSS_API/examples/T65_SYM_CT_ANTLR/run_em2.vbs
Starting Batch Run: 1:22:34 上午  十一月 20, 2012
Running as user: michael-PC\michael2
Temp directory: C:\Users\michael\AppData\Local\Temp
Project directory: C:\Users\michael2\Documents\Ansoft
Stopping Batch Run: 1:22:36 上午  十一月 20, 2012
 
Ansoft HFSS Version 14.0.0, Build: 2011-10-22 21:03:32
Location: C:\Program Files\Ansoft\HFSS14.0\Win64\hfss.exe
Batch Script: F:/Dropbox/ANTLR/HFSS_API/examples/T65_SYM_CT_ANTLR/run_em2.vbs
Starting Batch Run: 1:25:13 上午  十一月 20, 2012
Running as user: michael-PC\michael2
Temp directory: C:\Users\michael\AppData\Local\Temp
Project directory: C:\Users\michael2\Documents\Ansoft
Stopping Batch Run: 1:25:15 上午  十一月 20, 2012
 
Ansoft HFSS Version 14.0.0, Build: 2011-10-22 21:03:32
Location: C:\Program Files\Ansoft\HFSS14.0\Win64\hfss.exe
Batch Script: F:/Dropbox/ANTLR/HFSS_API/examples/T65_SYM_CT_ANTLR/run_em2.vbs
Starting Batch Run: 1:28:43 上午  十一月 20, 2012
Running as user: michael-PC\michael2
Temp directory: C:\Users\michael\AppData\Local\Temp
Project directory: C:\Users\michael2\Documents\Ansoft
Stopping Batch Run: 1:28:45 上午  十一月 20, 2012
 
Ansoft HFSS Version 14.0.0, Build: 2011-10-22 21:03:32
Location: C:\Program Files\Ansoft\HFSS14.0\Win64\hfss.exe
Batch Script: F:/Dropbox/ANTLR/HFSS_API/examples/T65_SYM_CT_ANTLR/run_em2.vbs
Starting Batch Run: 1:32:14 上午  十一月 20, 2012
Running as user: michael-PC\michael2
Temp directory: C:\Users\michael\AppData\Local\Temp
Project directory: C:\Users\michael2\Documents\Ansoft
 
Ansoft HFSS Version 14.0.0, Build: 2011-10-22 21:03:32
Location: C:\Program Files\Ansoft\HFSS14.0\Win64\hfss.exe
Batch Script: F:/Dropbox/ANTLR/HFSS_API/examples/T65_SYM_CT_ANTLR/run_em2.vbs
Starting Batch Run: 1:36:46 上午  十一月 20, 2012
Running as user: michael-PC\michael2
Temp directory: C:\Users\michael\AppData\Local\Temp
Project directory: C:\Users\michael2\Documents\Ansoft
Stopping Batch Run: 1:36:48 上午  十一月 20, 2012
 
Ansoft HFSS Version 14.0.0, Build: 2011-10-22 21:03:32
Location: C:\Program Files\Ansoft\HFSS14.0\Win64\hfss.exe
Batch Script: F:/Dropbox/ANTLR/HFSS_API/examples/T65_SYM_CT_ANTLR/run_em2.vbs
Starting Batch Run: 1:39:41 上午  十一月 20, 2012
Running as user: michael-PC\michael2
Temp directory: C:\Users\michael\AppData\Local\Temp
Project directory: C:\Users\michael2\Documents\Ansoft
 
Ansoft HFSS Version 14.0.0, Build: 2011-10-22 21:03:32
Location: C:\Program Files\Ansoft\HFSS14.0\Win64\hfss.exe
Batch Script: F:/Dropbox/ANTLR/HFSS_API/examples/T65_SYM_CT_ANTLR/run_em2.vbs
Starting Batch Run: 1:43:40 上午  十一月 20, 2012
Running as user: michael-PC\michael2
Temp directory: C:\Users\michael\AppData\Local\Temp
Project directory: C:\Users\michael2\Documents\Ansoft
Stopping Batch Run: 1:43:42 上午  十一月 20, 2012
 
Ansoft HFSS Version 14.0.0, Build: 2011-10-22 21:03:32
Location: C:\Program Files\Ansoft\HFSS14.0\Win64\hfss.exe
Batch Script: F:/Dropbox/ANTLR/HFSS_API/examples/T65_SYM_CT_ANTLR/run_em2.vbs
Starting Batch Run: 1:45:26 上午  十一月 20, 2012
Running as user: michael-PC\michael2
Temp directory: C:\Users\michael\AppData\Local\Temp
Project directory: C:\Users\michael2\Documents\Ansoft
Stopping Batch Run: 1:45:28 上午  十一月 20, 2012
 
Ansoft HFSS Version 14.0.0, Build: 2011-10-22 21:03:32
Location: C:\Program Files\Ansoft\HFSS14.0\Win64\hfss.exe
Batch Script: F:/Dropbox/ANTLR/HFSS_API/examples/T65_SYM_CT_ANTLR/run_em2.vbs
Starting Batch Run: 1:47:20 上午  十一月 20, 2012
Running as user: michael-PC\michael2
Temp directory: C:\Users\michael\AppData\Local\Temp
Project directory: C:\Users\michael2\Documents\Ansoft
Stopping Batch Run: 1:47:23 上午  十一月 20, 2012
 
Ansoft HFSS Version 14.0.0, Build: 2011-10-22 21:03:32
Location: C:\Program Files\Ansoft\HFSS14.0\Win64\hfss.exe
Batch Script: F:/Dropbox/ANTLR/HFSS_API/examples/T65_SYM_CT_ANTLR/run_em2.vbs
Starting Batch Run: 1:52:10 上午  十一月 20, 2012
Running as user: michael-PC\michael2
Temp directory: C:\Users\michael\AppData\Local\Temp
Project directory: C:\Users\michael2\Documents\Ansoft
Stopping Batch Run: 1:52:12 上午  十一月 20, 2012
 
Ansoft HFSS Version 14.0.0, Build: 2011-10-22 21:03:32
Location: C:\Program Files\Ansoft\HFSS14.0\Win64\hfss.exe
Batch Script: F:/Dropbox/ANTLR/HFSS_API/examples/T65_SYM_CT_ANTLR/run_em2.vbs
Starting Batch Run: 1:56:20 上午  十一月 20, 2012
Running as user: michael-PC\michael2
Temp directory: C:\Users\michael\AppData\Local\Temp
Project directory: C:\Users\michael2\Documents\Ansoft
Stopping Batch Run: 1:56:23 上午  十一月 20, 2012
 
Ansoft HFSS Version 14.0.0, Build: 2011-10-22 21:03:32
Location: C:\Program Files\Ansoft\HFSS14.0\Win64\hfss.exe
Batch Script: F:/Dropbox/ANTLR/HFSS_API/examples/T65_SYM_CT_ANTLR/run_em2.vbs
Starting Batch Run: 1:59:24 上午  十一月 20, 2012
Running as user: michael-PC\michael2
Temp directory: C:\Users\michael\AppData\Local\Temp
Project directory: C:\Users\michael2\Documents\Ansoft
Stopping Batch Run: 1:59:26 上午  十一月 20, 2012
 
Ansoft HFSS Version 14.0.0, Build: 2011-10-22 21:03:32
Location: C:\Program Files\Ansoft\HFSS14.0\Win64\hfss.exe
Batch Script: F:/Dropbox/ANTLR/HFSS_API/examples/T65_SYM_CT_ANTLR/run_em2.vbs
Starting Batch Run: 2:04:29 上午  十一月 20, 2012
Running as user: michael-PC\michael2
Temp directory: C:\Users\michael\AppData\Local\Temp
Project directory: C:\Users\michael2\Documents\Ansoft
 
Ansoft HFSS Version 14.0.0, Build: 2011-10-22 21:03:32
Location: C:\Program Files\Ansoft\HFSS14.0\Win64\hfss.exe
Batch Script: F:/Dropbox/ANTLR/HFSS_API/examples/T65_SYM_CT_ANTLR/run_em2.vbs
Starting Batch Run: 2:08:01 上午  十一月 20, 2012
Running as user: michael-PC\michael2
Temp directory: C:\Users\michael\AppData\Local\Temp
Project directory: C:\Users\michael2\Documents\Ansoft
Stopping Batch Run: 2:08:03 上午  十一月 20, 2012
 
Ansoft HFSS Version 14.0.0, Build: 2011-10-22 21:03:32
Location: C:\Program Files\Ansoft\HFSS14.0\Win64\hfss.exe
Batch Script: F:/Dropbox/ANTLR/HFSS_API/examples/T65_SYM_CT_ANTLR/run_em2.vbs
Starting Batch Run: 2:09:56 上午  十一月 20, 2012
Running as user: michael-PC\michael2
Temp directory: C:\Users\michael\AppData\Local\Temp
Project directory: C:\Users\michael2\Documents\Ansoft
Stopping Batch Run: 2:09:58 上午  十一月 20, 2012
 
Ansoft HFSS Version 14.0.0, Build: 2011-10-22 21:03:32
Location: C:\Program Files\Ansoft\HFSS14.0\Win64\hfss.exe
Batch Script: F:/Dropbox/ANTLR/HFSS_API/examples/T65_SYM_CT_ANTLR/run_em2.vbs
Starting Batch Run: 2:18:30 上午  十一月 20, 2012
Running as user: michael-PC\michael2
Temp directory: C:\Users\michael\AppData\Local\Temp
Project directory: C:\Users\michael2\Documents\Ansoft
 
Ansoft HFSS Version 14.0.0, Build: 2011-10-22 21:03:32
Location: C:\Program Files\Ansoft\HFSS14.0\Win64\hfss.exe
Batch Script: F:/Dropbox/ANTLR/HFSS_API/examples/T65_SYM_CT_ANTLR/run_em2.vbs
Starting Batch Run: 2:20:51 上午  十一月 20, 2012
Running as user: michael-PC\michael2
Temp directory: C:\Users\michael\AppData\Local\Temp
Project directory: C:\Users\michael2\Documents\Ansoft
 
Ansoft HFSS Version 14.0.0, Build: 2011-10-22 21:03:32
Location: C:\Program Files\Ansoft\HFSS14.0\Win64\hfss.exe
Batch Script: F:/Dropbox/ANTLR/HFSS_API/examples/T65_SYM_CT_ANTLR/run_em2.vbs
Starting Batch Run: 2:28:42 上午  十一月 20, 2012
Running as user: michael-PC\michael2
Temp directory: C:\Users\michael\AppData\Local\Temp
Project directory: C:\Users\michael2\Documents\Ansoft
Stopping Batch Run: 2:28:47 上午  十一月 20, 2012
 
Ansoft HFSS Version 14.0.0, Build: 2011-10-22 21:03:32
Location: C:\Program Files\Ansoft\HFSS14.0\Win64\hfss.exe
Batch Script: F:/Dropbox/ANTLR/HFSS_API/examples/T65_SYM_CT_ANTLR/run_em2.vbs
Starting Batch Run: 2:33:27 上午  十一月 20, 2012
Running as user: michael-PC\michael2
Temp directory: C:\Users\michael\AppData\Local\Temp
Project directory: C:\Users\michael2\Documents\Ansoft
 
Ansoft HFSS Version 14.0.0, Build: 2011-10-22 21:03:32
Location: C:\Program Files\Ansoft\HFSS14.0\Win64\hfss.exe
Batch Script: F:/Dropbox/ANTLR/HFSS_API/examples/T65_SYM_CT_ANTLR/run_em2.vbs
Starting Batch Run: 2:39:04 上午  十一月 20, 2012
Running as user: michael-PC\michael2
Temp directory: C:\Users\michael\AppData\Local\Temp
Project directory: C:\Users\michael2\Documents\Ansoft
Stopping Batch Run: 2:39:07 上午  十一月 20, 2012
 
Ansoft HFSS Version 14.0.0, Build: 2011-10-22 21:03:32
Location: C:\Program Files\Ansoft\HFSS14.0\Win64\hfss.exe
Batch Script: F:/Dropbox/ANTLR/HFSS_API/examples/T65_SYM_CT_ANTLR/run_em2.vbs
Starting Batch Run: 2:47:02 上午  十一月 20, 2012
Running as user: michael-PC\michael2
Temp directory: C:\Users\michael\AppData\Local\Temp
Project directory: C:\Users\michael2\Documents\Ansoft
Stopping Batch Run: 2:47:04 上午  十一月 20, 2012
 
Ansoft HFSS Version 14.0.0, Build: 2011-10-22 21:03:32
Location: C:\Program Files\Ansoft\HFSS14.0\Win64\hfss.exe
Batch Script: F:/Dropbox/ANTLR/HFSS_API/examples/T65_SYM_CT_ANTLR/run_em2.vbs
Starting Batch Run: 2:53:19 上午  十一月 20, 2012
Running as user: michael-PC\michael2
Temp directory: C:\Users\michael\AppData\Local\Temp
Project directory: C:\Users\michael2\Documents\Ansoft
Stopping Batch Run: 2:53:21 上午  十一月 20, 2012
 
Ansoft HFSS Version 14.0.0, Build: 2011-10-22 21:03:32
Location: C:\Program Files\Ansoft\HFSS14.0\Win64\hfss.exe
Batch Script: F:/Dropbox/ANTLR/HFSS_API/examples/T65_SYM_CT_ANTLR/run_em2.vbs
Starting Batch Run: 2:56:54 上午  十一月 20, 2012
Running as user: michael-PC\michael2
Temp directory: C:\Users\michael\AppData\Local\Temp
Project directory: C:\Users\michael2\Documents\Ansoft
Stopping Batch Run: 2:56:56 上午  十一月 20, 2012
 
Ansoft HFSS Version 14.0.0, Build: 2011-10-22 21:03:32
Location: C:\Program Files\Ansoft\HFSS14.0\Win64\hfss.exe
Batch Script: F:/Dropbox/ANTLR/HFSS_API/examples/T65_SYM_CT_ANTLR/run_em2.vbs
Starting Batch Run: 3:04:16 上午  十一月 20, 2012
Running as user: michael-PC\michael2
Temp directory: C:\Users\michael\AppData\Local\Temp
Project directory: C:\Users\michael2\Documents\Ansoft
 
Ansoft HFSS Version 14.0.0, Build: 2011-10-22 21:03:32
Location: C:\Program Files\Ansoft\HFSS14.0\Win64\hfss.exe
Batch Script: F:/Dropbox/ANTLR/HFSS_API/examples/T65_SYM_CT_ANTLR/run_em2.vbs
Starting Batch Run: 3:09:56 上午  十一月 20, 2012
Running as user: michael-PC\michael2
Temp directory: C:\Users\michael\AppData\Local\Temp
Project directory: C:\Users\michael2\Documents\Ansoft
Stopping Batch Run: 3:09:58 上午  十一月 20, 2012
 
Ansoft HFSS Version 14.0.0, Build: 2011-10-22 21:03:32
Location: C:\Program Files\Ansoft\HFSS14.0\Win64\hfss.exe
Batch Script: F:/Dropbox/ANTLR/HFSS_API/examples/T65_SYM_CT_ANTLR/run_em2.vbs
Starting Batch Run: 3:15:12 上午  十一月 20, 2012
Running as user: michael-PC\michael2
Temp directory: C:\Users\michael\AppData\Local\Temp
Project directory: C:\Users\michael2\Documents\Ansoft
Stopping Batch Run: 3:15:14 上午  十一月 20, 2012
 
Ansoft HFSS Version 14.0.0, Build: 2011-10-22 21:03:32
Location: C:\Program Files\Ansoft\HFSS14.0\Win64\hfss.exe
Batch Script: F:/Dropbox/ANTLR/HFSS_API/examples/T65_SYM_CT_ANTLR/run_em2.vbs
Starting Batch Run: 1:59:56 上午  十一月 22, 2012
Running as user: michael-PC\michael2
Temp directory: C:\Users\michael\AppData\Local\Temp
Project directory: C:\Users\michael2\Documents\Ansoft
Stopping Batch Run: 1:59:58 上午  十一月 22, 2012
 
Ansoft HFSS Version 14.0.0, Build: 2011-10-22 21:03:32
Location: C:\Program Files\Ansoft\HFSS14.0\Win64\hfss.exe
Batch Script: F:/Dropbox/ANTLR/HFSS_API/examples/T65_SYM_CT_ANTLR/run_em2.vbs
Starting Batch Run: 2:04:10 上午  十一月 22, 2012
Running as user: michael-PC\michael2
Temp directory: C:\Users\michael\AppData\Local\Temp
Project directory: C:\Users\michael2\Documents\Ansoft
Stopping Batch Run: 2:04:12 上午  十一月 22, 2012
 
Ansoft HFSS Version 14.0.0, Build: 2011-10-22 21:03:32
Location: C:\Program Files\Ansoft\HFSS14.0\Win64\hfss.exe
Batch Script: F:/Dropbox/ANTLR/HFSS_API/examples/T65_SYM_CT_ANTLR/run_em2.vbs
Starting Batch Run: 2:08:15 上午  十一月 22, 2012
Running as user: michael-PC\michael2
Temp directory: C:\Users\michael\AppData\Local\Temp
Project directory: C:\Users\michael2\Documents\Ansoft
Stopping Batch Run: 2:08:17 上午  十一月 22, 2012
 
Ansoft HFSS Version 14.0.0, Build: 2011-10-22 21:03:32
Location: C:\Program Files\Ansoft\HFSS14.0\Win64\hfss.exe
Batch Script: F:/Dropbox/ANTLR/HFSS_API/examples/T65_SYM_CT_ANTLR/run_em2.vbs
Starting Batch Run: 2:15:01 上午  十一月 22, 2012
Running as user: michael-PC\michael2
Temp directory: C:\Users\michael\AppData\Local\Temp
Project directory: C:\Users\michael2\Documents\Ansoft
Stopping Batch Run: 2:15:03 上午  十一月 22, 2012
 
Ansoft HFSS Version 14.0.0, Build: 2011-10-22 21:03:32
Location: C:\Program Files\Ansoft\HFSS14.0\Win64\hfss.exe
Batch Script: F:/Dropbox/ANTLR/HFSS_API/examples/T65_SYM_CT_ANTLR/run_em2.vbs
Starting Batch Run: 2:22:10 上午  十一月 22, 2012
Running as user: michael-PC\michael2
Temp directory: C:\Users\michael\AppData\Local\Temp
Project directory: C:\Users\michael2\Documents\Ansoft
 
Ansoft HFSS Version 14.0.0, Build: 2011-10-22 21:03:32
Location: C:\Program Files\Ansoft\HFSS14.0\Win64\hfss.exe
Batch Script: F:/Dropbox/ANTLR/HFSS_API/examples/T65_SYM_CT_ANTLR/run_em2.vbs
Starting Batch Run: 2:27:24 上午  十一月 22, 2012
Running as user: michael-PC\michael2
Temp directory: C:\Users\michael\AppData\Local\Temp
Project directory: C:\Users\michael2\Documents\Ansoft
Stopping Batch Run: 2:27:26 上午  十一月 22, 2012
 
Ansoft HFSS Version 14.0.0, Build: 2011-10-22 21:03:32
Location: C:\Program Files\Ansoft\HFSS14.0\Win64\hfss.exe
Batch Script: F:/Dropbox/ANTLR/HFSS_API/examples/T65_SYM_CT_ANTLR/run_em2.vbs
Starting Batch Run: 2:32:11 上午  十一月 22, 2012
Running as user: michael-PC\michael2
Temp directory: C:\Users\michael\AppData\Local\Temp
Project directory: C:\Users\michael2\Documents\Ansoft
Stopping Batch Run: 2:32:13 上午  十一月 22, 2012
 
Ansoft HFSS Version 14.0.0, Build: 2011-10-22 21:03:32
Location: C:\Program Files\Ansoft\HFSS14.0\Win64\hfss.exe
Batch Script: F:/Dropbox/ANTLR/HFSS_API/examples/T65_SYM_CT_ANTLR/run_em2.vbs
Starting Batch Run: 2:37:13 上午  十一月 22, 2012
Running as user: michael-PC\michael2
Temp directory: C:\Users\michael\AppData\Local\Temp
Project directory: C:\Users\michael2\Documents\Ansoft
 
Ansoft HFSS Version 14.0.0, Build: 2011-10-22 21:03:32
Location: C:\Program Files\Ansoft\HFSS14.0\Win64\hfss.exe
Batch Script: F:/Dropbox/ANTLR/HFSS_API/examples/T65_SYM_CT_ANTLR/run_em2.vbs
Starting Batch Run: 2:39:24 上午  十一月 22, 2012
Running as user: michael-PC\michael2
Temp directory: C:\Users\michael\AppData\Local\Temp
Project directory: C:\Users\michael2\Documents\Ansoft
Stopping Batch Run: 2:39:26 上午  十一月 22, 2012
 
Ansoft HFSS Version 14.0.0, Build: 2011-10-22 21:03:32
Location: C:\Program Files\Ansoft\HFSS14.0\Win64\hfss.exe
Batch Script: F:/Dropbox/ANTLR/HFSS_API/examples/T65_SYM_CT_ANTLR/run_em2.vbs
Starting Batch Run: 2:45:04 上午  十一月 22, 2012
Running as user: michael-PC\michael2
Temp directory: C:\Users\michael\AppData\Local\Temp
Project directory: C:\Users\michael2\Documents\Ansoft
 
Ansoft HFSS Version 14.0.0, Build: 2011-10-22 21:03:32
Location: C:\Program Files\Ansoft\HFSS14.0\Win64\hfss.exe
Batch Script: F:/Dropbox/ANTLR/HFSS_API/examples/T65_SYM_CT_ANTLR/run_em2.vbs
Starting Batch Run: 2:48:22 上午  十一月 22, 2012
Running as user: michael-PC\michael2
Temp directory: C:\Users\michael\AppData\Local\Temp
Project directory: C:\Users\michael2\Documents\Ansoft
Stopping Batch Run: 2:48:24 上午  十一月 22, 2012
 
Ansoft HFSS Version 14.0.0, Build: 2011-10-22 21:03:32
Location: C:\Program Files\Ansoft\HFSS14.0\Win64\hfss.exe
Batch Script: F:/Dropbox/ANTLR/HFSS_API/examples/T65_SYM_CT_ANTLR/run_em2.vbs
Starting Batch Run: 2:53:47 上午  十一月 22, 2012
Running as user: michael-PC\michael2
Temp directory: C:\Users\michael\AppData\Local\Temp
Project directory: C:\Users\michael2\Documents\Ansoft
Stopping Batch Run: 2:53:49 上午  十一月 22, 2012
 
Ansoft HFSS Version 14.0.0, Build: 2011-10-22 21:03:32
Location: C:\Program Files\Ansoft\HFSS14.0\Win64\hfss.exe
Batch Script: F:/Dropbox/ANTLR/HFSS_API/examples/T65_SYM_CT_ANTLR/run_em2.vbs
Starting Batch Run: 2:59:44 上午  十一月 22, 2012
Running as user: michael-PC\michael2
Temp directory: C:\Users\michael\AppData\Local\Temp
Project directory: C:\Users\michael2\Documents\Ansoft
Stopping Batch Run: 2:59:46 上午  十一月 22, 2012
 
Ansoft HFSS Version 14.0.0, Build: 2011-10-22 21:03:32
Location: C:\Program Files\Ansoft\HFSS14.0\Win64\hfss.exe
Batch Script: F:/Dropbox/ANTLR/HFSS_API/examples/T65_SYM_CT_ANTLR/run_em2.vbs
Starting Batch Run: 3:06:18 上午  十一月 22, 2012
Running as user: michael-PC\michael2
Temp directory: C:\Users\michael\AppData\Local\Temp
Project directory: C:\Users\michael2\Documents\Ansoft
 
Ansoft HFSS Version 14.0.0, Build: 2011-10-22 21:03:32
Location: C:\Program Files\Ansoft\HFSS14.0\Win64\hfss.exe
Batch Script: F:/Dropbox/ANTLR/HFSS_API/examples/T65_SYM_CT_ANTLR/run_em2.vbs
Starting Batch Run: 3:11:52 上午  十一月 22, 2012
Running as user: michael-PC\michael2
Temp directory: C:\Users\michael\AppData\Local\Temp
Project directory: C:\Users\michael2\Documents\Ansoft
Stopping Batch Run: 3:11:54 上午  十一月 22, 2012
 
Ansoft HFSS Version 14.0.0, Build: 2011-10-22 21:03:32
Location: C:\Program Files\Ansoft\HFSS14.0\Win64\hfss.exe
Batch Script: F:/Dropbox/ANTLR/HFSS_API/examples/T65_SYM_CT_ANTLR/run_em2.vbs
Starting Batch Run: 3:18:11 上午  十一月 22, 2012
Running as user: michael-PC\michael2
Temp directory: C:\Users\michael\AppData\Local\Temp
Project directory: C:\Users\michael2\Documents\Ansoft
Stopping Batch Run: 3:18:13 上午  十一月 22, 2012
 
Ansoft HFSS Version 14.0.0, Build: 2011-10-22 21:03:32
Location: C:\Program Files\Ansoft\HFSS14.0\Win64\hfss.exe
Batch Script: F:/Dropbox/ANTLR/HFSS_API/examples/T65_SYM_CT_ANTLR/run_em2.vbs
Starting Batch Run: 3:22:34 上午  十一月 22, 2012
Running as user: michael-PC\michael2
Temp directory: C:\Users\michael\AppData\Local\Temp
Project directory: C:\Users\michael2\Documents\Ansoft
 
Ansoft HFSS Version 14.0.0, Build: 2011-10-22 21:03:32
Location: C:\Program Files\Ansoft\HFSS14.0\Win64\hfss.exe
Batch Script: F:/Dropbox/ANTLR/HFSS_API/examples/T65_SYM_CT_ANTLR/run_em2.vbs
Starting Batch Run: 3:27:22 上午  十一月 22, 2012
Running as user: michael-PC\michael2
Temp directory: C:\Users\michael\AppData\Local\Temp
Project directory: C:\Users\michael2\Documents\Ansoft
Stopping Batch Run: 3:27:24 上午  十一月 22, 2012
 
Ansoft HFSS Version 14.0.0, Build: 2011-10-22 21:03:32
Location: C:\Program Files\Ansoft\HFSS14.0\Win64\hfss.exe
Batch Script: F:/Dropbox/ANTLR/HFSS_API/examples/T65_SYM_CT_ANTLR/run_em2.vbs
Starting Batch Run: 3:32:18 上午  十一月 22, 2012
Running as user: michael-PC\michael2
Temp directory: C:\Users\michael\AppData\Local\Temp
Project directory: C:\Users\michael2\Documents\Ansoft
Stopping Batch Run: 3:32:19 上午  十一月 22, 2012
 
Ansoft HFSS Version 14.0.0, Build: 2011-10-22 21:03:32
Location: C:\Program Files\Ansoft\HFSS14.0\Win64\hfss.exe
Batch Script: F:/Dropbox/ANTLR/HFSS_API/examples/T65_SYM_CT_ANTLR/run_em2.vbs
Starting Batch Run: 3:39:05 上午  十一月 22, 2012
Running as user: michael-PC\michael2
Temp directory: C:\Users\michael\AppData\Local\Temp
Project directory: C:\Users\michael2\Documents\Ansoft
Stopping Batch Run: 3:39:13 上午  十一月 22, 2012
 
Ansoft HFSS Version 14.0.0, Build: 2011-10-22 21:03:32
Location: C:\Program Files\Ansoft\HFSS14.0\Win64\hfss.exe
Batch Script: F:/Dropbox/ANTLR/HFSS_API/examples/T65_SYM_CT_ANTLR/run_em2.vbs
Starting Batch Run: 3:46:32 上午  十一月 22, 2012
Running as user: michael-PC\michael2
Temp directory: C:\Users\michael\AppData\Local\Temp
Project directory: C:\Users\michael2\Documents\Ansoft
Stopping Batch Run: 3:46:35 上午  十一月 22, 2012
 
Ansoft HFSS Version 14.0.0, Build: 2011-10-22 21:03:32
Location: C:\Program Files\Ansoft\HFSS14.0\Win64\hfss.exe
Batch Script: F:/Dropbox/ANTLR/HFSS_API/examples/T65_SYM_CT_ANTLR/run_em2.vbs
Starting Batch Run: 3:55:55 上午  十一月 22, 2012
Running as user: michael-PC\michael2
Temp directory: C:\Users\michael\AppData\Local\Temp
Project directory: C:\Users\michael2\Documents\Ansoft
Stopping Batch Run: 3:55:57 上午  十一月 22, 2012
 
Ansoft HFSS Version 14.0.0, Build: 2011-10-22 21:03:32
Location: C:\Program Files\Ansoft\HFSS14.0\Win64\hfss.exe
Batch Script: F:/Dropbox/ANTLR/HFSS_API/examples/T65_SYM_CT_ANTLR/run_em2.vbs
Starting Batch Run: 4:02:17 上午  十一月 22, 2012
Running as user: michael-PC\michael2
Temp directory: C:\Users\michael\AppData\Local\Temp
Project directory: C:\Users\michael2\Documents\Ansoft
Stopping Batch Run: 4:02:19 上午  十一月 22, 2012
 
Ansoft HFSS Version 14.0.0, Build: 2011-10-22 21:03:32
Location: C:\Program Files\Ansoft\HFSS14.0\Win64\hfss.exe
Batch Script: F:/Dropbox/ANTLR/HFSS_API/examples/T65_SYM_CT_ANTLR/run_em2.vbs
Starting Batch Run: 4:09:30 上午  十一月 22, 2012
Running as user: michael-PC\michael2
Temp directory: C:\Users\michael\AppData\Local\Temp
Project directory: C:\Users\michael2\Documents\Ansoft
Stopping Batch Run: 4:09:32 上午  十一月 22, 2012
 
Ansoft HFSS Version 14.0.0, Build: 2011-10-22 21:03:32
Location: C:\Program Files\Ansoft\HFSS14.0\Win64\hfss.exe
Batch Script: F:/Dropbox/ANTLR/HFSS_API/examples/T65_SYM_CT_ANTLR/run_em2.vbs
Starting Batch Run: 4:14:45 上午  十一月 22, 2012
Running as user: michael-PC\michael2
Temp directory: C:\Users\michael\AppData\Local\Temp
Project directory: C:\Users\michael2\Documents\Ansoft
Stopping Batch Run: 4:14:47 上午  十一月 22, 2012
 
Ansoft HFSS Version 14.0.0, Build: 2011-10-22 21:03:32
Location: C:\Program Files\Ansoft\HFSS14.0\Win64\hfss.exe
Batch Script: F:/Dropbox/ANTLR/HFSS_API/examples/T65_SYM_CT_ANTLR/run_em2.vbs
Starting Batch Run: 4:21:24 上午  十一月 22, 2012
Running as user: michael-PC\michael2
Temp directory: C:\Users\michael\AppData\Local\Temp
Project directory: C:\Users\michael2\Documents\Ansoft
 
Ansoft HFSS Version 14.0.0, Build: 2011-10-22 21:03:32
Location: C:\Program Files\Ansoft\HFSS14.0\Win64\hfss.exe
Batch Script: F:/Dropbox/ANTLR/HFSS_API/examples/T65_SYM_CT_ANTLR/run_em2.vbs
Starting Batch Run: 4:26:20 上午  十一月 22, 2012
Running as user: michael-PC\michael2
Temp directory: C:\Users\michael\AppData\Local\Temp
Project directory: C:\Users\michael2\Documents\Ansoft
 
Ansoft HFSS Version 14.0.0, Build: 2011-10-22 21:03:32
Location: C:\Program Files\Ansoft\HFSS14.0\Win64\hfss.exe
Batch Script: F:/Dropbox/ANTLR/HFSS_API/examples/T65_SYM_CT_ANTLR/run_em2.vbs
Starting Batch Run: 4:34:26 上午  十一月 22, 2012
Running as user: michael-PC\michael2
Temp directory: C:\Users\michael\AppData\Local\Temp
Project directory: C:\Users\michael2\Documents\Ansoft
 
Ansoft HFSS Version 14.0.0, Build: 2011-10-22 21:03:32
Location: C:\Program Files\Ansoft\HFSS14.0\Win64\hfss.exe
Batch Script: F:/Dropbox/ANTLR/HFSS_API/examples/T65_SYM_CT_ANTLR/run_em2.vbs
Starting Batch Run: 4:40:29 上午  十一月 22, 2012
Running as user: michael-PC\michael2
Temp directory: C:\Users\michael\AppData\Local\Temp
Project directory: C:\Users\michael2\Documents\Ansoft
Stopping Batch Run: 4:40:31 上午  十一月 22, 2012
 
Ansoft HFSS Version 14.0.0, Build: 2011-10-22 21:03:32
Location: C:\Program Files\Ansoft\HFSS14.0\Win64\hfss.exe
Batch Script: F:/Dropbox/ANTLR/HFSS_API/examples/T65_SYM_CT_ANTLR/run_em2.vbs
Starting Batch Run: 4:47:21 上午  十一月 22, 2012
Running as user: michael-PC\michael2
Temp directory: C:\Users\michael\AppData\Local\Temp
Project directory: C:\Users\michael2\Documents\Ansoft
Stopping Batch Run: 4:47:23 上午  十一月 22, 2012
 
Ansoft HFSS Version 14.0.0, Build: 2011-10-22 21:03:32
Location: C:\Program Files\Ansoft\HFSS14.0\Win64\hfss.exe
Batch Script: F:/Dropbox/ANTLR/HFSS_API/examples/T65_SYM_CT_ANTLR/run_em2.vbs
Starting Batch Run: 4:52:02 上午  十一月 22, 2012
Running as user: michael-PC\michael2
Temp directory: C:\Users\michael\AppData\Local\Temp
Project directory: C:\Users\michael2\Documents\Ansoft
 
Ansoft HFSS Version 14.0.0, Build: 2011-10-22 21:03:32
Location: C:\Program Files\Ansoft\HFSS14.0\Win64\hfss.exe
Batch Script: F:/Dropbox/ANTLR/HFSS_API/examples/T65_SYM_CT_ANTLR/run_em2.vbs
Starting Batch Run: 4:59:16 上午  十一月 22, 2012
Running as user: michael-PC\michael2
Temp directory: C:\Users\michael\AppData\Local\Temp
Project directory: C:\Users\michael2\Documents\Ansoft
Stopping Batch Run: 4:59:18 上午  十一月 22, 2012
 
Ansoft HFSS Version 14.0.0, Build: 2011-10-22 21:03:32
Location: C:\Program Files\Ansoft\HFSS14.0\Win64\hfss.exe
Batch Script: F:/Dropbox/ANTLR/HFSS_API/examples/T65_SYM_CT_ANTLR/run_em2.vbs
Starting Batch Run: 5:05:09 上午  十一月 22, 2012
Running as user: michael-PC\michael2
Temp directory: C:\Users\michael\AppData\Local\Temp
Project directory: C:\Users\michael2\Documents\Ansoft
 
Ansoft HFSS Version 14.0.0, Build: 2011-10-22 21:03:32
Location: C:\Program Files\Ansoft\HFSS14.0\Win64\hfss.exe
Batch Script: F:/Dropbox/ANTLR/HFSS_API/examples/T65_SYM_CT_ANTLR/run_em2.vbs
Starting Batch Run: 5:10:09 上午  十一月 22, 2012
Running as user: michael-PC\michael2
Temp directory: C:\Users\michael\AppData\Local\Temp
Project directory: C:\Users\michael2\Documents\Ansoft
 
Ansoft HFSS Version 14.0.0, Build: 2011-10-22 21:03:32
Location: C:\Program Files\Ansoft\HFSS14.0\Win64\hfss.exe
Batch Script: F:/Dropbox/ANTLR/HFSS_API/examples/T65_SYM_CT_ANTLR/run_em2.vbs
Starting Batch Run: 5:16:15 上午  十一月 22, 2012
Running as user: michael-PC\michael2
Temp directory: C:\Users\michael\AppData\Local\Temp
Project directory: C:\Users\michael2\Documents\Ansoft
[warning] Script Error (Code 8007020d) in file:  F:/Dropbox/ANTLR/HFSS_API/examples/T65_SYM_CT_ANTLR/run_em2.vbs
Description: Unable to locate Design: BEOL_6X1Z1U
Line(17):  "Set oDesign = oProject.SetActiveDesign("BEOL_6X1Z1U")"

[warning] HFSS cannot be closed right now because it is being used by another application or a script.

 
Ansoft HFSS Version 14.0.0, Build: 2011-10-22 21:03:32
Location: C:\Program Files\Ansoft\HFSS14.0\Win64\hfss.exe
Batch Script: F:/Dropbox/ANTLR/HFSS_API/examples/T65_SYM_CT_ANTLR/run_em2.vbs
Starting Batch Run: 5:26:23 上午  十一月 22, 2012
Running as user: michael-PC\michael2
Temp directory: C:\Users\michael\AppData\Local\Temp
Project directory: C:\Users\michael2\Documents\Ansoft
Stopping Batch Run: 5:26:26 上午  十一月 22, 2012
 
Ansoft HFSS Version 14.0.0, Build: 2011-10-22 21:03:32
Location: C:\Program Files\Ansoft\HFSS14.0\Win64\hfss.exe
Batch Script: F:/Dropbox/ANTLR/HFSS_API/examples/T65_SYM_CT_ANTLR/run_em2.vbs
Starting Batch Run: 5:32:44 上午  十一月 22, 2012
Running as user: michael-PC\michael2
Temp directory: C:\Users\michael\AppData\Local\Temp
Project directory: C:\Users\michael2\Documents\Ansoft
Stopping Batch Run: 5:32:46 上午  十一月 22, 2012
 
Ansoft HFSS Version 14.0.0, Build: 2011-10-22 21:03:32
Location: C:\Program Files\Ansoft\HFSS14.0\Win64\hfss.exe
Batch Script: F:/Dropbox/ANTLR/HFSS_API/examples/T65_SYM_CT_ANTLR/run_em2.vbs
Starting Batch Run: 5:40:54 上午  十一月 22, 2012
Running as user: michael-PC\michael2
Temp directory: C:\Users\michael\AppData\Local\Temp
Project directory: C:\Users\michael2\Documents\Ansoft
 
Ansoft HFSS Version 14.0.0, Build: 2011-10-22 21:03:32
Location: C:\Program Files\Ansoft\HFSS14.0\Win64\hfss.exe
Batch Script: F:/Dropbox/ANTLR/HFSS_API/examples/T65_SYM_CT_ANTLR/run_em2.vbs
Starting Batch Run: 5:40:57 上午  十一月 22, 2012
Running as user: michael-PC\michael2
Temp directory: C:\Users\michael\AppData\Local\Temp
Project directory: C:\Users\michael2\Documents\Ansoft
 
Ansoft HFSS Version 14.0.0, Build: 2011-10-22 21:03:32
Location: C:\Program Files\Ansoft\HFSS14.0\Win64\hfss.exe
Batch Script: F:/Dropbox/ANTLR/HFSS_API/examples/T65_SYM_CT_ANTLR/run_em2.vbs
Starting Batch Run: 5:41:00 上午  十一月 22, 2012
Running as user: michael-PC\michael2
Temp directory: C:\Users\michael\AppData\Local\Temp
Project directory: C:\Users\michael2\Documents\Ansoft
[warning] Script Error (Code 80070212) in file:  F:/Dropbox/ANTLR/HFSS_API/examples/T65_SYM_CT_ANTLR/run_em2.vbs
Description: Loading project failed: G:/HFSS_SIMULATIONS/T65_SYM_CT/EM2/SYM_CT-D170W4S2.hfss.
Line(15):  "oDesktop.OpenProject "G:\HFSS_SIMULATIONS\T65_SYM_CT\EM2\SYM_CT-D170W4S2.hfss""

[warning] HFSS cannot be closed right now because it is being used by another application or a script.

 
Ansoft HFSS Version 14.0.0, Build: 2011-10-22 21:03:32
Location: C:\Program Files\Ansoft\HFSS14.0\Win64\hfss.exe
Batch Script: F:/Dropbox/ANTLR/HFSS_API/examples/T65_SYM_CT_ANTLR/run_em2.vbs
Starting Batch Run: 5:41:03 上午  十一月 22, 2012
Running as user: michael-PC\michael2
Temp directory: C:\Users\michael\AppData\Local\Temp
Project directory: C:\Users\michael2\Documents\Ansoft
Stopping Batch Run: 5:41:05 上午  十一月 22, 2012
 
Ansoft HFSS Version 14.0.0, Build: 2011-10-22 21:03:32
Location: C:\Program Files\Ansoft\HFSS14.0\Win64\hfss.exe
Batch Script: F:/Dropbox/ANTLR/HFSS_API/examples/T65_SYM_CT_ANTLR/run_em2.vbs
Starting Batch Run: 5:41:07 上午  十一月 22, 2012
Running as user: michael-PC\michael2
Temp directory: C:\Users\michael\AppData\Local\Temp
Project directory: C:\Users\michael2\Documents\Ansoft
[warning] Script Error (Code 80070212) in file:  F:/Dropbox/ANTLR/HFSS_API/examples/T65_SYM_CT_ANTLR/run_em2.vbs
Description: Loading project failed: G:/HFSS_SIMULATIONS/T65_SYM_CT/EM2/SYM_CT-D170W5S2.hfss.
Line(15):  "oDesktop.OpenProject "G:\HFSS_SIMULATIONS\T65_SYM_CT\EM2\SYM_CT-D170W5S2.hfss""

[warning] HFSS cannot be closed right now because it is being used by another application or a script.

 
Ansoft HFSS Version 14.0.0, Build: 2011-10-22 21:03:32
Location: C:\Program Files\Ansoft\HFSS14.0\Win64\hfss.exe
Batch Script: F:/Dropbox/ANTLR/HFSS_API/examples/T65_SYM_CT_ANTLR/run_em2.vbs
Starting Batch Run: 5:41:10 上午  十一月 22, 2012
Running as user: michael-PC\michael2
Temp directory: C:\Users\michael\AppData\Local\Temp
Project directory: C:\Users\michael2\Documents\Ansoft
[warning] Script Error (Code 80070212) in file:  F:/Dropbox/ANTLR/HFSS_API/examples/T65_SYM_CT_ANTLR/run_em2.vbs
Description: Loading project failed: G:/HFSS_SIMULATIONS/T65_SYM_CT/EM2/SYM_CT-D170W5S3.hfss.
Line(15):  "oDesktop.OpenProject "G:\HFSS_SIMULATIONS\T65_SYM_CT\EM2\SYM_CT-D170W5S3.hfss""

[warning] HFSS cannot be closed right now because it is being used by another application or a script.

 
Ansoft HFSS Version 14.0.0, Build: 2011-10-22 21:03:32
Location: C:\Program Files\Ansoft\HFSS14.0\Win64\hfss.exe
Batch Script: F:/Dropbox/ANTLR/HFSS_API/examples/T65_SYM_CT_ANTLR/run_em2.vbs
Starting Batch Run: 5:41:12 上午  十一月 22, 2012
Running as user: michael-PC\michael2
Temp directory: C:\Users\michael\AppData\Local\Temp
Project directory: C:\Users\michael2\Documents\Ansoft
[warning] Script Error (Code 80070212) in file:  F:/Dropbox/ANTLR/HFSS_API/examples/T65_SYM_CT_ANTLR/run_em2.vbs
Description: Loading project failed: G:/HFSS_SIMULATIONS/T65_SYM_CT/EM2/SYM_CT-D175W2S2.hfss.
Line(15):  "oDesktop.OpenProject "G:\HFSS_SIMULATIONS\T65_SYM_CT\EM2\SYM_CT-D175W2S2.hfss""

[warning] HFSS cannot be closed right now because it is being used by another application or a script.

 
Ansoft HFSS Version 14.0.0, Build: 2011-10-22 21:03:32
Location: C:\Program Files\Ansoft\HFSS14.0\Win64\hfss.exe
Batch Script: F:/Dropbox/ANTLR/HFSS_API/examples/T65_SYM_CT_ANTLR/run_em2.vbs
Starting Batch Run: 5:41:15 上午  十一月 22, 2012
Running as user: michael-PC\michael2
Temp directory: C:\Users\michael\AppData\Local\Temp
Project directory: C:\Users\michael2\Documents\Ansoft
[warning] Script Error (Code 80070212) in file:  F:/Dropbox/ANTLR/HFSS_API/examples/T65_SYM_CT_ANTLR/run_em2.vbs
Description: Loading project failed: G:/HFSS_SIMULATIONS/T65_SYM_CT/EM2/SYM_CT-D175W2S3.hfss.
Line(15):  "oDesktop.OpenProject "G:\HFSS_SIMULATIONS\T65_SYM_CT\EM2\SYM_CT-D175W2S3.hfss""

[warning] HFSS cannot be closed right now because it is being used by another application or a script.

 
Ansoft HFSS Version 14.0.0, Build: 2011-10-22 21:03:32
Location: C:\Program Files\Ansoft\HFSS14.0\Win64\hfss.exe
Batch Script: F:/Dropbox/ANTLR/HFSS_API/examples/T65_SYM_CT_ANTLR/run_em2.vbs
Starting Batch Run: 5:41:19 上午  十一月 22, 2012
Running as user: michael-PC\michael2
Temp directory: C:\Users\michael\AppData\Local\Temp
Project directory: C:\Users\michael2\Documents\Ansoft
[warning] Script Error (Code 80070212) in file:  F:/Dropbox/ANTLR/HFSS_API/examples/T65_SYM_CT_ANTLR/run_em2.vbs
Description: Loading project failed: G:/HFSS_SIMULATIONS/T65_SYM_CT/EM2/SYM_CT-D175W3S2.hfss.
Line(15):  "oDesktop.OpenProject "G:\HFSS_SIMULATIONS\T65_SYM_CT\EM2\SYM_CT-D175W3S2.hfss""

[warning] HFSS cannot be closed right now because it is being used by another application or a script.

 
Ansoft HFSS Version 14.0.0, Build: 2011-10-22 21:03:32
Location: C:\Program Files\Ansoft\HFSS14.0\Win64\hfss.exe
Batch Script: F:/Dropbox/ANTLR/HFSS_API/examples/T65_SYM_CT_ANTLR/run_em2.vbs
Starting Batch Run: 5:41:21 上午  十一月 22, 2012
Running as user: michael-PC\michael2
Temp directory: C:\Users\michael\AppData\Local\Temp
Project directory: C:\Users\michael2\Documents\Ansoft
[warning] Script Error (Code 80070212) in file:  F:/Dropbox/ANTLR/HFSS_API/examples/T65_SYM_CT_ANTLR/run_em2.vbs
Description: Loading project failed: G:/HFSS_SIMULATIONS/T65_SYM_CT/EM2/SYM_CT-D175W3S3.hfss.
Line(15):  "oDesktop.OpenProject "G:\HFSS_SIMULATIONS\T65_SYM_CT\EM2\SYM_CT-D175W3S3.hfss""

[warning] HFSS cannot be closed right now because it is being used by another application or a script.

 
Ansoft HFSS Version 14.0.0, Build: 2011-10-22 21:03:32
Location: C:\Program Files\Ansoft\HFSS14.0\Win64\hfss.exe
Batch Script: F:/Dropbox/ANTLR/HFSS_API/examples/T65_SYM_CT_ANTLR/run_em2.vbs
Starting Batch Run: 5:41:24 上午  十一月 22, 2012
Running as user: michael-PC\michael2
Temp directory: C:\Users\michael\AppData\Local\Temp
Project directory: C:\Users\michael2\Documents\Ansoft
[warning] Script Error (Code 80070212) in file:  F:/Dropbox/ANTLR/HFSS_API/examples/T65_SYM_CT_ANTLR/run_em2.vbs
Description: Loading project failed: G:/HFSS_SIMULATIONS/T65_SYM_CT/EM2/SYM_CT-D175W4S2.hfss.
Line(15):  "oDesktop.OpenProject "G:\HFSS_SIMULATIONS\T65_SYM_CT\EM2\SYM_CT-D175W4S2.hfss""

[warning] HFSS cannot be closed right now because it is being used by another application or a script.

 
Ansoft HFSS Version 14.0.0, Build: 2011-10-22 21:03:32
Location: C:\Program Files\Ansoft\HFSS14.0\Win64\hfss.exe
Batch Script: F:/Dropbox/ANTLR/HFSS_API/examples/T65_SYM_CT_ANTLR/run_em2.vbs
Starting Batch Run: 5:41:27 上午  十一月 22, 2012
Running as user: michael-PC\michael2
Temp directory: C:\Users\michael\AppData\Local\Temp
Project directory: C:\Users\michael2\Documents\Ansoft
Stopping Batch Run: 5:41:28 上午  十一月 22, 2012
 
Ansoft HFSS Version 14.0.0, Build: 2011-10-22 21:03:32
Location: C:\Program Files\Ansoft\HFSS14.0\Win64\hfss.exe
Batch Script: F:/Dropbox/ANTLR/HFSS_API/examples/T65_SYM_CT_ANTLR/run_em2.vbs
Starting Batch Run: 5:41:30 上午  十一月 22, 2012
Running as user: michael-PC\michael2
Temp directory: C:\Users\michael\AppData\Local\Temp
Project directory: C:\Users\michael2\Documents\Ansoft
 
Ansoft HFSS Version 14.0.0, Build: 2011-10-22 21:03:32
Location: C:\Program Files\Ansoft\HFSS14.0\Win64\hfss.exe
Batch Script: F:/Dropbox/ANTLR/HFSS_API/examples/T65_SYM_CT_ANTLR/run_em2.vbs
Starting Batch Run: 5:41:34 上午  十一月 22, 2012
Running as user: michael-PC\michael2
Temp directory: C:\Users\michael\AppData\Local\Temp
Project directory: C:\Users\michael2\Documents\Ansoft
[warning] Script Error (Code 80070212) in file:  F:/Dropbox/ANTLR/HFSS_API/examples/T65_SYM_CT_ANTLR/run_em2.vbs
Description: Loading project failed: G:/HFSS_SIMULATIONS/T65_SYM_CT/EM2/SYM_CT-D175W5S3.hfss.
Line(15):  "oDesktop.OpenProject "G:\HFSS_SIMULATIONS\T65_SYM_CT\EM2\SYM_CT-D175W5S3.hfss""

[warning] HFSS cannot be closed right now because it is being used by another application or a script.

 
Ansoft HFSS Version 14.0.0, Build: 2011-10-22 21:03:32
Location: C:\Program Files\Ansoft\HFSS14.0\Win64\hfss.exe
Batch Script: F:/Dropbox/ANTLR/HFSS_API/examples/T65_SYM_CT_ANTLR/run_em2.vbs
Starting Batch Run: 5:41:37 上午  十一月 22, 2012
Running as user: michael-PC\michael2
Temp directory: C:\Users\michael\AppData\Local\Temp
Project directory: C:\Users\michael2\Documents\Ansoft
[warning] Script Error (Code 80070212) in file:  F:/Dropbox/ANTLR/HFSS_API/examples/T65_SYM_CT_ANTLR/run_em2.vbs
Description: Loading project failed: G:/HFSS_SIMULATIONS/T65_SYM_CT/EM2/SYM_CT-D180W2S2.hfss.
Line(15):  "oDesktop.OpenProject "G:\HFSS_SIMULATIONS\T65_SYM_CT\EM2\SYM_CT-D180W2S2.hfss""

[warning] HFSS cannot be closed right now because it is being used by another application or a script.

 
Ansoft HFSS Version 14.0.0, Build: 2011-10-22 21:03:32
Location: C:\Program Files\Ansoft\HFSS14.0\Win64\hfss.exe
Batch Script: F:/Dropbox/ANTLR/HFSS_API/examples/T65_SYM_CT_ANTLR/run_em2.vbs
Starting Batch Run: 5:41:40 上午  十一月 22, 2012
Running as user: michael-PC\michael2
Temp directory: C:\Users\michael\AppData\Local\Temp
Project directory: C:\Users\michael2\Documents\Ansoft
[warning] Script Error (Code 80070212) in file:  F:/Dropbox/ANTLR/HFSS_API/examples/T65_SYM_CT_ANTLR/run_em2.vbs
Description: Loading project failed: G:/HFSS_SIMULATIONS/T65_SYM_CT/EM2/SYM_CT-D180W2S3.hfss.
Line(15):  "oDesktop.OpenProject "G:\HFSS_SIMULATIONS\T65_SYM_CT\EM2\SYM_CT-D180W2S3.hfss""

[warning] HFSS cannot be closed right now because it is being used by another application or a script.

 
Ansoft HFSS Version 14.0.0, Build: 2011-10-22 21:03:32
Location: C:\Program Files\Ansoft\HFSS14.0\Win64\hfss.exe
Batch Script: F:/Dropbox/ANTLR/HFSS_API/examples/T65_SYM_CT_ANTLR/run_em2.vbs
Starting Batch Run: 5:41:43 上午  十一月 22, 2012
Running as user: michael-PC\michael2
Temp directory: C:\Users\michael\AppData\Local\Temp
Project directory: C:\Users\michael2\Documents\Ansoft
[warning] Script Error (Code 80070212) in file:  F:/Dropbox/ANTLR/HFSS_API/examples/T65_SYM_CT_ANTLR/run_em2.vbs
Description: Loading project failed: G:/HFSS_SIMULATIONS/T65_SYM_CT/EM2/SYM_CT-D180W3S2.hfss.
Line(15):  "oDesktop.OpenProject "G:\HFSS_SIMULATIONS\T65_SYM_CT\EM2\SYM_CT-D180W3S2.hfss""

[warning] HFSS cannot be closed right now because it is being used by another application or a script.

 
Ansoft HFSS Version 14.0.0, Build: 2011-10-22 21:03:32
Location: C:\Program Files\Ansoft\HFSS14.0\Win64\hfss.exe
Batch Script: F:/Dropbox/ANTLR/HFSS_API/examples/T65_SYM_CT_ANTLR/run_em2.vbs
Starting Batch Run: 5:41:46 上午  十一月 22, 2012
Running as user: michael-PC\michael2
Temp directory: C:\Users\michael\AppData\Local\Temp
Project directory: C:\Users\michael2\Documents\Ansoft
[warning] Script Error (Code 80070212) in file:  F:/Dropbox/ANTLR/HFSS_API/examples/T65_SYM_CT_ANTLR/run_em2.vbs
Description: Loading project failed: G:/HFSS_SIMULATIONS/T65_SYM_CT/EM2/SYM_CT-D180W3S3.hfss.
Line(15):  "oDesktop.OpenProject "G:\HFSS_SIMULATIONS\T65_SYM_CT\EM2\SYM_CT-D180W3S3.hfss""

[warning] HFSS cannot be closed right now because it is being used by another application or a script.

 
Ansoft HFSS Version 14.0.0, Build: 2011-10-22 21:03:32
Location: C:\Program Files\Ansoft\HFSS14.0\Win64\hfss.exe
Batch Script: F:/Dropbox/ANTLR/HFSS_API/examples/T65_SYM_CT_ANTLR/run_em2.vbs
Starting Batch Run: 5:41:49 上午  十一月 22, 2012
Running as user: michael-PC\michael2
Temp directory: C:\Users\michael\AppData\Local\Temp
Project directory: C:\Users\michael2\Documents\Ansoft
[warning] Script Error (Code 80070212) in file:  F:/Dropbox/ANTLR/HFSS_API/examples/T65_SYM_CT_ANTLR/run_em2.vbs
Description: Loading project failed: G:/HFSS_SIMULATIONS/T65_SYM_CT/EM2/SYM_CT-D180W4S2.hfss.
Line(15):  "oDesktop.OpenProject "G:\HFSS_SIMULATIONS\T65_SYM_CT\EM2\SYM_CT-D180W4S2.hfss""

[warning] HFSS cannot be closed right now because it is being used by another application or a script.

 
Ansoft HFSS Version 14.0.0, Build: 2011-10-22 21:03:32
Location: C:\Program Files\Ansoft\HFSS14.0\Win64\hfss.exe
Batch Script: F:/Dropbox/ANTLR/HFSS_API/examples/T65_SYM_CT_ANTLR/run_em2.vbs
Starting Batch Run: 5:41:52 上午  十一月 22, 2012
Running as user: michael-PC\michael2
Temp directory: C:\Users\michael\AppData\Local\Temp
Project directory: C:\Users\michael2\Documents\Ansoft
[warning] Script Error (Code 80070212) in file:  F:/Dropbox/ANTLR/HFSS_API/examples/T65_SYM_CT_ANTLR/run_em2.vbs
Description: Loading project failed: G:/HFSS_SIMULATIONS/T65_SYM_CT/EM2/SYM_CT-D180W4S3.hfss.
Line(15):  "oDesktop.OpenProject "G:\HFSS_SIMULATIONS\T65_SYM_CT\EM2\SYM_CT-D180W4S3.hfss""

[warning] HFSS cannot be closed right now because it is being used by another application or a script.

 
Ansoft HFSS Version 14.0.0, Build: 2011-10-22 21:03:32
Location: C:\Program Files\Ansoft\HFSS14.0\Win64\hfss.exe
Batch Script: F:/Dropbox/ANTLR/HFSS_API/examples/T65_SYM_CT_ANTLR/run_em2.vbs
Starting Batch Run: 5:41:56 上午  十一月 22, 2012
Running as user: michael-PC\michael2
Temp directory: C:\Users\michael\AppData\Local\Temp
Project directory: C:\Users\michael2\Documents\Ansoft
[warning] Script Error (Code 80070212) in file:  F:/Dropbox/ANTLR/HFSS_API/examples/T65_SYM_CT_ANTLR/run_em2.vbs
Description: Loading project failed: G:/HFSS_SIMULATIONS/T65_SYM_CT/EM2/SYM_CT-D180W5S2.hfss.
Line(15):  "oDesktop.OpenProject "G:\HFSS_SIMULATIONS\T65_SYM_CT\EM2\SYM_CT-D180W5S2.hfss""

[warning] HFSS cannot be closed right now because it is being used by another application or a script.

 
Ansoft HFSS Version 14.0.0, Build: 2011-10-22 21:03:32
Location: C:\Program Files\Ansoft\HFSS14.0\Win64\hfss.exe
Batch Script: F:/Dropbox/ANTLR/HFSS_API/examples/T65_SYM_CT_ANTLR/run_em2.vbs
Starting Batch Run: 5:41:59 上午  十一月 22, 2012
Running as user: michael-PC\michael2
Temp directory: C:\Users\michael\AppData\Local\Temp
Project directory: C:\Users\michael2\Documents\Ansoft
Stopping Batch Run: 5:42:00 上午  十一月 22, 2012
 
Ansoft HFSS Version 14.0.0, Build: 2011-10-22 21:03:32
Location: C:\Program Files\Ansoft\HFSS14.0\Win64\hfss.exe
Batch Script: F:/Dropbox/ANTLR/HFSS_API/examples/T65_SYM_CT_ANTLR/run_em2.vbs
Starting Batch Run: 5:42:02 上午  十一月 22, 2012
Running as user: michael-PC\michael2
Temp directory: C:\Users\michael\AppData\Local\Temp
Project directory: C:\Users\michael2\Documents\Ansoft
[warning] Script Error (Code 80070212) in file:  F:/Dropbox/ANTLR/HFSS_API/examples/T65_SYM_CT_ANTLR/run_em2.vbs
Description: Loading project failed: G:/HFSS_SIMULATIONS/T65_SYM_CT/EM2/SYM_CT-D185W2S2.hfss.
Line(15):  "oDesktop.OpenProject "G:\HFSS_SIMULATIONS\T65_SYM_CT\EM2\SYM_CT-D185W2S2.hfss""

[warning] HFSS cannot be closed right now because it is being used by another application or a script.

 
Ansoft HFSS Version 14.0.0, Build: 2011-10-22 21:03:32
Location: C:\Program Files\Ansoft\HFSS14.0\Win64\hfss.exe
Batch Script: F:/Dropbox/ANTLR/HFSS_API/examples/T65_SYM_CT_ANTLR/run_em2.vbs
Starting Batch Run: 5:42:05 上午  十一月 22, 2012
Running as user: michael-PC\michael2
Temp directory: C:\Users\michael\AppData\Local\Temp
Project directory: C:\Users\michael2\Documents\Ansoft
[warning] Script Error (Code 80070212) in file:  F:/Dropbox/ANTLR/HFSS_API/examples/T65_SYM_CT_ANTLR/run_em2.vbs
Description: Loading project failed: G:/HFSS_SIMULATIONS/T65_SYM_CT/EM2/SYM_CT-D185W2S3.hfss.
Line(15):  "oDesktop.OpenProject "G:\HFSS_SIMULATIONS\T65_SYM_CT\EM2\SYM_CT-D185W2S3.hfss""

[warning] HFSS cannot be closed right now because it is being used by another application or a script.

 
Ansoft HFSS Version 14.0.0, Build: 2011-10-22 21:03:32
Location: C:\Program Files\Ansoft\HFSS14.0\Win64\hfss.exe
Batch Script: F:/Dropbox/ANTLR/HFSS_API/examples/T65_SYM_CT_ANTLR/run_em2.vbs
Starting Batch Run: 5:42:08 上午  十一月 22, 2012
Running as user: michael-PC\michael2
Temp directory: C:\Users\michael\AppData\Local\Temp
Project directory: C:\Users\michael2\Documents\Ansoft
[warning] Script Error (Code 80070212) in file:  F:/Dropbox/ANTLR/HFSS_API/examples/T65_SYM_CT_ANTLR/run_em2.vbs
Description: Loading project failed: G:/HFSS_SIMULATIONS/T65_SYM_CT/EM2/SYM_CT-D185W3S2.hfss.
Line(15):  "oDesktop.OpenProject "G:\HFSS_SIMULATIONS\T65_SYM_CT\EM2\SYM_CT-D185W3S2.hfss""

[warning] HFSS cannot be closed right now because it is being used by another application or a script.

 
Ansoft HFSS Version 14.0.0, Build: 2011-10-22 21:03:32
Location: C:\Program Files\Ansoft\HFSS14.0\Win64\hfss.exe
Batch Script: F:/Dropbox/ANTLR/HFSS_API/examples/T65_SYM_CT_ANTLR/run_em2.vbs
Starting Batch Run: 5:42:11 上午  十一月 22, 2012
Running as user: michael-PC\michael2
Temp directory: C:\Users\michael\AppData\Local\Temp
Project directory: C:\Users\michael2\Documents\Ansoft
[warning] Script Error (Code 80070212) in file:  F:/Dropbox/ANTLR/HFSS_API/examples/T65_SYM_CT_ANTLR/run_em2.vbs
Description: Loading project failed: G:/HFSS_SIMULATIONS/T65_SYM_CT/EM2/SYM_CT-D185W3S3.hfss.
Line(15):  "oDesktop.OpenProject "G:\HFSS_SIMULATIONS\T65_SYM_CT\EM2\SYM_CT-D185W3S3.hfss""

[warning] HFSS cannot be closed right now because it is being used by another application or a script.

 
Ansoft HFSS Version 14.0.0, Build: 2011-10-22 21:03:32
Location: C:\Program Files\Ansoft\HFSS14.0\Win64\hfss.exe
Batch Script: F:/Dropbox/ANTLR/HFSS_API/examples/T65_SYM_CT_ANTLR/run_em2.vbs
Starting Batch Run: 5:42:14 上午  十一月 22, 2012
Running as user: michael-PC\michael2
Temp directory: C:\Users\michael\AppData\Local\Temp
Project directory: C:\Users\michael2\Documents\Ansoft
[warning] Script Error (Code 80070212) in file:  F:/Dropbox/ANTLR/HFSS_API/examples/T65_SYM_CT_ANTLR/run_em2.vbs
Description: Loading project failed: G:/HFSS_SIMULATIONS/T65_SYM_CT/EM2/SYM_CT-D185W4S2.hfss.
Line(15):  "oDesktop.OpenProject "G:\HFSS_SIMULATIONS\T65_SYM_CT\EM2\SYM_CT-D185W4S2.hfss""

[warning] HFSS cannot be closed right now because it is being used by another application or a script.

 
Ansoft HFSS Version 14.0.0, Build: 2011-10-22 21:03:32
Location: C:\Program Files\Ansoft\HFSS14.0\Win64\hfss.exe
Batch Script: F:/Dropbox/ANTLR/HFSS_API/examples/T65_SYM_CT_ANTLR/run_em2.vbs
Starting Batch Run: 5:42:18 上午  十一月 22, 2012
Running as user: michael-PC\michael2
Temp directory: C:\Users\michael\AppData\Local\Temp
Project directory: C:\Users\michael2\Documents\Ansoft
[warning] Script Error (Code 80070212) in file:  F:/Dropbox/ANTLR/HFSS_API/examples/T65_SYM_CT_ANTLR/run_em2.vbs
Description: Loading project failed: G:/HFSS_SIMULATIONS/T65_SYM_CT/EM2/SYM_CT-D185W4S3.hfss.
Line(15):  "oDesktop.OpenProject "G:\HFSS_SIMULATIONS\T65_SYM_CT\EM2\SYM_CT-D185W4S3.hfss""

[warning] HFSS cannot be closed right now because it is being used by another application or a script.

 
Ansoft HFSS Version 14.0.0, Build: 2011-10-22 21:03:32
Location: C:\Program Files\Ansoft\HFSS14.0\Win64\hfss.exe
Batch Script: F:/Dropbox/ANTLR/HFSS_API/examples/T65_SYM_CT_ANTLR/run_em2.vbs
Starting Batch Run: 5:42:23 上午  十一月 22, 2012
Running as user: michael-PC\michael2
Temp directory: C:\Users\michael\AppData\Local\Temp
Project directory: C:\Users\michael2\Documents\Ansoft
[warning] Script Error (Code 80070212) in file:  F:/Dropbox/ANTLR/HFSS_API/examples/T65_SYM_CT_ANTLR/run_em2.vbs
Description: Loading project failed: G:/HFSS_SIMULATIONS/T65_SYM_CT/EM2/SYM_CT-D185W5S2.hfss.
Line(15):  "oDesktop.OpenProject "G:\HFSS_SIMULATIONS\T65_SYM_CT\EM2\SYM_CT-D185W5S2.hfss""

[warning] HFSS cannot be closed right now because it is being used by another application or a script.

 
Ansoft HFSS Version 14.0.0, Build: 2011-10-22 21:03:32
Location: C:\Program Files\Ansoft\HFSS14.0\Win64\hfss.exe
Batch Script: F:/Dropbox/ANTLR/HFSS_API/examples/T65_SYM_CT_ANTLR/run_em2.vbs
Starting Batch Run: 5:42:28 上午  十一月 22, 2012
Running as user: michael-PC\michael2
Temp directory: C:\Users\michael\AppData\Local\Temp
Project directory: C:\Users\michael2\Documents\Ansoft
[warning] Script Error (Code 80070212) in file:  F:/Dropbox/ANTLR/HFSS_API/examples/T65_SYM_CT_ANTLR/run_em2.vbs
Description: Loading project failed: G:/HFSS_SIMULATIONS/T65_SYM_CT/EM2/SYM_CT-D185W5S3.hfss.
Line(15):  "oDesktop.OpenProject "G:\HFSS_SIMULATIONS\T65_SYM_CT\EM2\SYM_CT-D185W5S3.hfss""

[warning] HFSS cannot be closed right now because it is being used by another application or a script.

 
Ansoft HFSS Version 14.0.0, Build: 2011-10-22 21:03:32
Location: C:\Program Files\Ansoft\HFSS14.0\Win64\hfss.exe
Batch Script: F:/Dropbox/ANTLR/HFSS_API/examples/T65_SYM_CT_ANTLR/run_em2.vbs
Starting Batch Run: 5:42:31 上午  十一月 22, 2012
Running as user: michael-PC\michael2
Temp directory: C:\Users\michael\AppData\Local\Temp
Project directory: C:\Users\michael2\Documents\Ansoft
 
Ansoft HFSS Version 14.0.0, Build: 2011-10-22 21:03:32
Location: C:\Program Files\Ansoft\HFSS14.0\Win64\hfss.exe
Batch Script: F:/Dropbox/ANTLR/HFSS_API/examples/T65_SYM_CT_ANTLR/run_em2.vbs
Starting Batch Run: 5:42:35 上午  十一月 22, 2012
Running as user: michael-PC\michael2
Temp directory: C:\Users\michael\AppData\Local\Temp
Project directory: C:\Users\michael2\Documents\Ansoft
[warning] Script Error (Code 80070212) in file:  F:/Dropbox/ANTLR/HFSS_API/examples/T65_SYM_CT_ANTLR/run_em2.vbs
Description: Loading project failed: G:/HFSS_SIMULATIONS/T65_SYM_CT/EM2/SYM_CT-D190W2S3.hfss.
Line(15):  "oDesktop.OpenProject "G:\HFSS_SIMULATIONS\T65_SYM_CT\EM2\SYM_CT-D190W2S3.hfss""

[warning] HFSS cannot be closed right now because it is being used by another application or a script.

 
Ansoft HFSS Version 14.0.0, Build: 2011-10-22 21:03:32
Location: C:\Program Files\Ansoft\HFSS14.0\Win64\hfss.exe
Batch Script: F:/Dropbox/ANTLR/HFSS_API/examples/T65_SYM_CT_ANTLR/run_em2.vbs
Starting Batch Run: 5:51:43 上午  十一月 22, 2012
Running as user: michael-PC\michael2
Temp directory: C:\Users\michael\AppData\Local\Temp
Project directory: C:\Users\michael2\Documents\Ansoft
Stopping Batch Run: 5:51:46 上午  十一月 22, 2012
 
Ansoft HFSS Version 14.0.0, Build: 2011-10-22 21:03:32
Location: C:\Program Files\Ansoft\HFSS14.0\Win64\hfss.exe
Batch Script: F:/Dropbox/ANTLR/HFSS_API/examples/T65_SYM_CT_ANTLR/run_em2.vbs
Starting Batch Run: 5:56:23 上午  十一月 22, 2012
Running as user: michael-PC\michael2
Temp directory: C:\Users\michael\AppData\Local\Temp
Project directory: C:\Users\michael2\Documents\Ansoft
Stopping Batch Run: 5:56:25 上午  十一月 22, 2012
 
Ansoft HFSS Version 14.0.0, Build: 2011-10-22 21:03:32
Location: C:\Program Files\Ansoft\HFSS14.0\Win64\hfss.exe
Batch Script: F:/Dropbox/ANTLR/HFSS_API/examples/T65_SYM_CT_ANTLR/run_em2.vbs
Starting Batch Run: 6:01:34 上午  十一月 22, 2012
Running as user: michael-PC\michael2
Temp directory: C:\Users\michael\AppData\Local\Temp
Project directory: C:\Users\michael2\Documents\Ansoft
Stopping Batch Run: 6:01:36 上午  十一月 22, 2012
 
Ansoft HFSS Version 14.0.0, Build: 2011-10-22 21:03:32
Location: C:\Program Files\Ansoft\HFSS14.0\Win64\hfss.exe
Batch Script: F:/Dropbox/ANTLR/HFSS_API/examples/T65_SYM_CT_ANTLR/run_em2.vbs
Starting Batch Run: 6:06:13 上午  十一月 22, 2012
Running as user: michael-PC\michael2
Temp directory: C:\Users\michael\AppData\Local\Temp
Project directory: C:\Users\michael2\Documents\Ansoft
Stopping Batch Run: 6:06:15 上午  十一月 22, 2012
 
Ansoft HFSS Version 14.0.0, Build: 2011-10-22 21:03:32
Location: C:\Program Files\Ansoft\HFSS14.0\Win64\hfss.exe
Batch Script: F:/Dropbox/ANTLR/HFSS_API/examples/T65_SYM_CT_ANTLR/run_em2.vbs
Starting Batch Run: 6:10:51 上午  十一月 22, 2012
Running as user: michael-PC\michael2
Temp directory: C:\Users\michael\AppData\Local\Temp
Project directory: C:\Users\michael2\Documents\Ansoft
 
Ansoft HFSS Version 14.0.0, Build: 2011-10-22 21:03:32
Location: C:\Program Files\Ansoft\HFSS14.0\Win64\hfss.exe
Batch Script: F:/Dropbox/ANTLR/HFSS_API/examples/T65_SYM_CT_ANTLR/run_em2.vbs
Starting Batch Run: 6:14:36 上午  十一月 22, 2012
Running as user: michael-PC\michael2
Temp directory: C:\Users\michael\AppData\Local\Temp
Project directory: C:\Users\michael2\Documents\Ansoft
 
Ansoft HFSS Version 14.0.0, Build: 2011-10-22 21:03:32
Location: C:\Program Files\Ansoft\HFSS14.0\Win64\hfss.exe
Batch Script: F:/Dropbox/ANTLR/HFSS_API/examples/T65_SYM_CT_ANTLR/run_em2.vbs
Starting Batch Run: 6:20:49 上午  十一月 22, 2012
Running as user: michael-PC\michael2
Temp directory: C:\Users\michael\AppData\Local\Temp
Project directory: C:\Users\michael2\Documents\Ansoft
 
Ansoft HFSS Version 14.0.0, Build: 2011-10-22 21:03:32
Location: C:\Program Files\Ansoft\HFSS14.0\Win64\hfss.exe
Batch Script: F:/Dropbox/ANTLR/HFSS_API/examples/T65_SYM_CT_ANTLR/run_em2.vbs
Starting Batch Run: 6:25:19 上午  十一月 22, 2012
Running as user: michael-PC\michael2
Temp directory: C:\Users\michael\AppData\Local\Temp
Project directory: C:\Users\michael2\Documents\Ansoft
Stopping Batch Run: 6:25:21 上午  十一月 22, 2012
 
Ansoft HFSS Version 14.0.0, Build: 2011-10-22 21:03:32
Location: C:\Program Files\Ansoft\HFSS14.0\Win64\hfss.exe
Batch Script: F:/Dropbox/ANTLR/HFSS_API/examples/T65_SYM_CT_ANTLR/run_em2.vbs
Starting Batch Run: 6:29:47 上午  十一月 22, 2012
Running as user: michael-PC\michael2
Temp directory: C:\Users\michael\AppData\Local\Temp
Project directory: C:\Users\michael2\Documents\Ansoft
Stopping Batch Run: 6:29:55 上午  十一月 22, 2012
 
Ansoft HFSS Version 14.0.0, Build: 2011-10-22 21:03:32
Location: C:\Program Files\Ansoft\HFSS14.0\Win64\hfss.exe
Batch Script: F:/Dropbox/ANTLR/HFSS_API/examples/T65_SYM_CT_ANTLR/run_em2.vbs
Starting Batch Run: 6:35:49 上午  十一月 22, 2012
Running as user: michael-PC\michael2
Temp directory: C:\Users\michael\AppData\Local\Temp
Project directory: C:\Users\michael2\Documents\Ansoft
Stopping Batch Run: 6:35:52 上午  十一月 22, 2012
 
Ansoft HFSS Version 14.0.0, Build: 2011-10-22 21:03:32
Location: C:\Program Files\Ansoft\HFSS14.0\Win64\hfss.exe
Batch Script: F:/Dropbox/ANTLR/HFSS_API/examples/T65_SYM_CT_ANTLR/run_em2.vbs
Starting Batch Run: 6:35:55 上午  十一月 22, 2012
Running as user: michael-PC\michael2
Temp directory: C:\Users\michael\AppData\Local\Temp
Project directory: C:\Users\michael2\Documents\Ansoft
[warning] Script Error (Code 80070212) in file:  F:/Dropbox/ANTLR/HFSS_API/examples/T65_SYM_CT_ANTLR/run_em2.vbs
Description: Loading project failed: G:/HFSS_SIMULATIONS/T65_SYM_CT/EM2/SYM_CT-D195W4S2.hfss.
Line(15):  "oDesktop.OpenProject "G:\HFSS_SIMULATIONS\T65_SYM_CT\EM2\SYM_CT-D195W4S2.hfss""

[warning] HFSS cannot be closed right now because it is being used by another application or a script.

 
Ansoft HFSS Version 14.0.0, Build: 2011-10-22 21:03:32
Location: C:\Program Files\Ansoft\HFSS14.0\Win64\hfss.exe
Batch Script: F:/Dropbox/ANTLR/HFSS_API/examples/T65_SYM_CT_ANTLR/run_em2.vbs
Starting Batch Run: 6:35:59 上午  十一月 22, 2012
Running as user: michael-PC\michael2
Temp directory: C:\Users\michael\AppData\Local\Temp
Project directory: C:\Users\michael2\Documents\Ansoft
[warning] Script Error (Code 80070212) in file:  F:/Dropbox/ANTLR/HFSS_API/examples/T65_SYM_CT_ANTLR/run_em2.vbs
Description: Loading project failed: G:/HFSS_SIMULATIONS/T65_SYM_CT/EM2/SYM_CT-D195W4S3.hfss.
Line(15):  "oDesktop.OpenProject "G:\HFSS_SIMULATIONS\T65_SYM_CT\EM2\SYM_CT-D195W4S3.hfss""

[warning] HFSS cannot be closed right now because it is being used by another application or a script.

 
Ansoft HFSS Version 14.0.0, Build: 2011-10-22 21:03:32
Location: C:\Program Files\Ansoft\HFSS14.0\Win64\hfss.exe
Batch Script: F:/Dropbox/ANTLR/HFSS_API/examples/T65_SYM_CT_ANTLR/run_em2.vbs
Starting Batch Run: 6:36:03 上午  十一月 22, 2012
Running as user: michael-PC\michael2
Temp directory: C:\Users\michael\AppData\Local\Temp
Project directory: C:\Users\michael2\Documents\Ansoft
[warning] Script Error (Code 80070212) in file:  F:/Dropbox/ANTLR/HFSS_API/examples/T65_SYM_CT_ANTLR/run_em2.vbs
Description: Loading project failed: G:/HFSS_SIMULATIONS/T65_SYM_CT/EM2/SYM_CT-D195W5S2.hfss.
Line(15):  "oDesktop.OpenProject "G:\HFSS_SIMULATIONS\T65_SYM_CT\EM2\SYM_CT-D195W5S2.hfss""

[warning] HFSS cannot be closed right now because it is being used by another application or a script.

 
Ansoft HFSS Version 14.0.0, Build: 2011-10-22 21:03:32
Location: C:\Program Files\Ansoft\HFSS14.0\Win64\hfss.exe
Batch Script: F:/Dropbox/ANTLR/HFSS_API/examples/T65_SYM_CT_ANTLR/run_em2.vbs
Starting Batch Run: 6:36:11 上午  十一月 22, 2012
Running as user: michael-PC\michael2
Temp directory: C:\Users\michael\AppData\Local\Temp
Project directory: C:\Users\michael2\Documents\Ansoft
 
Ansoft HFSS Version 14.0.0, Build: 2011-10-22 21:03:32
Location: C:\Program Files\Ansoft\HFSS14.0\Win64\hfss.exe
Batch Script: F:/Dropbox/ANTLR/HFSS_API/examples/T65_SYM_CT_ANTLR/run_em2.vbs
Starting Batch Run: 6:36:17 上午  十一月 22, 2012
Running as user: michael-PC\michael2
Temp directory: C:\Users\michael\AppData\Local\Temp
Project directory: C:\Users\michael2\Documents\Ansoft
[warning] Script Error (Code 80070212) in file:  F:/Dropbox/ANTLR/HFSS_API/examples/T65_SYM_CT_ANTLR/run_em2.vbs
Description: Loading project failed: G:/HFSS_SIMULATIONS/T65_SYM_CT/EM2/SYM_CT-D200W2S2.hfss.
Line(15):  "oDesktop.OpenProject "G:\HFSS_SIMULATIONS\T65_SYM_CT\EM2\SYM_CT-D200W2S2.hfss""

[warning] HFSS cannot be closed right now because it is being used by another application or a script.

 
Ansoft HFSS Version 14.0.0, Build: 2011-10-22 21:03:32
Location: C:\Program Files\Ansoft\HFSS14.0\Win64\hfss.exe
Batch Script: F:/Dropbox/ANTLR/HFSS_API/examples/T65_SYM_CT_ANTLR/run_em2.vbs
Starting Batch Run: 6:36:21 上午  十一月 22, 2012
Running as user: michael-PC\michael2
Temp directory: C:\Users\michael\AppData\Local\Temp
Project directory: C:\Users\michael2\Documents\Ansoft
Stopping Batch Run: 6:36:23 上午  十一月 22, 2012
 
Ansoft HFSS Version 14.0.0, Build: 2011-10-22 21:03:32
Location: C:\Program Files\Ansoft\HFSS14.0\Win64\hfss.exe
Batch Script: F:/Dropbox/ANTLR/HFSS_API/examples/T65_SYM_CT_ANTLR/run_em2.vbs
Starting Batch Run: 6:36:29 上午  十一月 22, 2012
Running as user: michael-PC\michael2
Temp directory: C:\Users\michael\AppData\Local\Temp
Project directory: C:\Users\michael2\Documents\Ansoft
[warning] Script Error (Code 80070212) in file:  F:/Dropbox/ANTLR/HFSS_API/examples/T65_SYM_CT_ANTLR/run_em2.vbs
Description: Loading project failed: G:/HFSS_SIMULATIONS/T65_SYM_CT/EM2/SYM_CT-D200W3S2.hfss.
Line(15):  "oDesktop.OpenProject "G:\HFSS_SIMULATIONS\T65_SYM_CT\EM2\SYM_CT-D200W3S2.hfss""

[warning] HFSS cannot be closed right now because it is being used by another application or a script.

 
Ansoft HFSS Version 14.0.0, Build: 2011-10-22 21:03:32
Location: C:\Program Files\Ansoft\HFSS14.0\Win64\hfss.exe
Batch Script: F:/Dropbox/ANTLR/HFSS_API/examples/T65_SYM_CT_ANTLR/run_em2.vbs
Starting Batch Run: 6:36:34 上午  十一月 22, 2012
Running as user: michael-PC\michael2
Temp directory: C:\Users\michael\AppData\Local\Temp
Project directory: C:\Users\michael2\Documents\Ansoft
[warning] Script Error (Code 80070212) in file:  F:/Dropbox/ANTLR/HFSS_API/examples/T65_SYM_CT_ANTLR/run_em2.vbs
Description: Loading project failed: G:/HFSS_SIMULATIONS/T65_SYM_CT/EM2/SYM_CT-D200W3S3.hfss.
Line(15):  "oDesktop.OpenProject "G:\HFSS_SIMULATIONS\T65_SYM_CT\EM2\SYM_CT-D200W3S3.hfss""

[warning] HFSS cannot be closed right now because it is being used by another application or a script.

 
Ansoft HFSS Version 14.0.0, Build: 2011-10-22 21:03:32
Location: C:\Program Files\Ansoft\HFSS14.0\Win64\hfss.exe
Batch Script: F:/Dropbox/ANTLR/HFSS_API/examples/T65_SYM_CT_ANTLR/run_em2.vbs
Starting Batch Run: 6:36:40 上午  十一月 22, 2012
Running as user: michael-PC\michael2
Temp directory: C:\Users\michael\AppData\Local\Temp
Project directory: C:\Users\michael2\Documents\Ansoft
[warning] Script Error (Code 80070212) in file:  F:/Dropbox/ANTLR/HFSS_API/examples/T65_SYM_CT_ANTLR/run_em2.vbs
Description: Loading project failed: G:/HFSS_SIMULATIONS/T65_SYM_CT/EM2/SYM_CT-D200W4S2.hfss.
Line(15):  "oDesktop.OpenProject "G:\HFSS_SIMULATIONS\T65_SYM_CT\EM2\SYM_CT-D200W4S2.hfss""

[warning] HFSS cannot be closed right now because it is being used by another application or a script.

 
Ansoft HFSS Version 14.0.0, Build: 2011-10-22 21:03:32
Location: C:\Program Files\Ansoft\HFSS14.0\Win64\hfss.exe
Batch Script: F:/Dropbox/ANTLR/HFSS_API/examples/T65_SYM_CT_ANTLR/run_em2.vbs
Starting Batch Run: 6:36:45 上午  十一月 22, 2012
Running as user: michael-PC\michael2
Temp directory: C:\Users\michael\AppData\Local\Temp
Project directory: C:\Users\michael2\Documents\Ansoft
[warning] Script Error (Code 80070212) in file:  F:/Dropbox/ANTLR/HFSS_API/examples/T65_SYM_CT_ANTLR/run_em2.vbs
Description: Loading project failed: G:/HFSS_SIMULATIONS/T65_SYM_CT/EM2/SYM_CT-D200W4S3.hfss.
Line(15):  "oDesktop.OpenProject "G:\HFSS_SIMULATIONS\T65_SYM_CT\EM2\SYM_CT-D200W4S3.hfss""

[warning] HFSS cannot be closed right now because it is being used by another application or a script.

 
Ansoft HFSS Version 14.0.0, Build: 2011-10-22 21:03:32
Location: C:\Program Files\Ansoft\HFSS14.0\Win64\hfss.exe
Batch Script: F:/Dropbox/ANTLR/HFSS_API/examples/T65_SYM_CT_ANTLR/run_em2.vbs
Starting Batch Run: 6:36:55 上午  十一月 22, 2012
Running as user: michael-PC\michael2
Temp directory: C:\Users\michael\AppData\Local\Temp
Project directory: C:\Users\michael2\Documents\Ansoft
[warning] Script Error (Code 80070212) in file:  F:/Dropbox/ANTLR/HFSS_API/examples/T65_SYM_CT_ANTLR/run_em2.vbs
Description: Loading project failed: G:/HFSS_SIMULATIONS/T65_SYM_CT/EM2/SYM_CT-D200W5S2.hfss.
Line(15):  "oDesktop.OpenProject "G:\HFSS_SIMULATIONS\T65_SYM_CT\EM2\SYM_CT-D200W5S2.hfss""

[warning] HFSS cannot be closed right now because it is being used by another application or a script.

 
Ansoft HFSS Version 14.0.0, Build: 2011-10-22 21:03:32
Location: C:\Program Files\Ansoft\HFSS14.0\Win64\hfss.exe
Batch Script: F:/Dropbox/ANTLR/HFSS_API/examples/T65_SYM_CT_ANTLR/run_em2.vbs
Starting Batch Run: 6:37:04 上午  十一月 22, 2012
Running as user: michael-PC\michael2
Temp directory: C:\Users\michael\AppData\Local\Temp
Project directory: C:\Users\michael2\Documents\Ansoft
[warning] Script Error (Code 80070212) in file:  F:/Dropbox/ANTLR/HFSS_API/examples/T65_SYM_CT_ANTLR/run_em2.vbs
Description: Loading project failed: G:/HFSS_SIMULATIONS/T65_SYM_CT/EM2/SYM_CT-D200W5S3.hfss.
Line(15):  "oDesktop.OpenProject "G:\HFSS_SIMULATIONS\T65_SYM_CT\EM2\SYM_CT-D200W5S3.hfss""

[warning] HFSS cannot be closed right now because it is being used by another application or a script.

